,number,value,datetime_start,datetime_complete,duration,params_mut_0,params_mut_13,params_mut_17,params_mut_20,params_mut_21,params_mut_28,params_mut_32,params_mut_34,params_mut_35,params_mut_42,params_mut_55,params_mut_58,params_mut_8,params_mut_9,user_attrs_pdb_file,user_attrs_raw_result,user_attrs_variant_seq,system_attrs_nsga2:generation,state
290,290,,2023-08-17 22:26:54.718904,2023-08-17 22:27:00.967039,0 days 00:00:06.248135,True,False,False,False,False,True,True,True,False,False,False,True,False,True,,,,3,PRUNED
291,291,,2023-08-17 22:27:01.020241,2023-08-17 22:27:02.065195,0 days 00:00:01.044954,True,False,False,True,False,True,False,True,False,False,True,True,False,True,,,,3,PRUNED
292,292,,2023-08-17 22:27:02.114374,2023-08-17 22:27:08.085581,0 days 00:00:05.971207,True,False,False,True,False,True,True,True,False,False,False,True,False,False,,,,3,PRUNED
293,293,,2023-08-17 22:27:08.138684,2023-08-17 22:27:09.152980,0 days 00:00:01.014296,True,False,False,True,False,True,True,True,False,False,False,True,False,True,,,,3,PRUNED
294,294,,2023-08-17 22:27:09.208864,2023-08-17 22:27:11.091949,0 days 00:00:01.883085,True,False,False,True,False,False,True,True,False,False,False,False,False,True,,,,3,PRUNED
295,295,,2023-08-17 22:27:11.144480,2023-08-17 22:27:20.502957,0 days 00:00:09.358477,True,False,False,False,False,True,True,True,True,False,False,True,False,True,,,,3,PRUNED
296,296,,2023-08-17 22:27:20.556978,2023-08-17 22:27:28.706092,0 days 00:00:08.149114,False,False,False,False,False,True,True,True,False,False,False,True,False,True,,,,3,PRUNED
297,297,,2023-08-17 22:27:28.756793,2023-08-17 22:27:38.586846,0 days 00:00:09.830053,True,False,False,False,False,True,True,True,False,False,False,True,False,True,,,,3,PRUNED
298,298,,2023-08-17 22:27:38.641120,2023-08-17 22:27:41.295646,0 days 00:00:02.654526,True,False,False,True,False,True,True,True,False,False,True,True,False,True,,,,3,PRUNED
299,299,-146.78448366196142,2023-08-17 22:27:41.348463,2023-08-17 23:51:36.927649,0 days 01:23:55.579186,True,False,False,True,False,True,True,True,False,True,True,True,False,False,/mmfs1/gscratch/cheme/usr/evankomp/repos/nomelt/data/enh/optimize_enh1/enh_vs_translate/7828878533852967529,"[-146.78448366196142, 2.9702157959035045]",GKRPRTAFSSEQLARLKREFQENRYLTEQRRQELASELGLNESQIKIWFQNKRAKLKKAAG,3,COMPLETE
300,300,,2023-08-17 22:30:44.299931,2023-08-17 22:30:48.205157,0 days 00:00:03.905226,True,False,False,True,False,False,True,True,False,False,True,True,False,True,,,,3,PRUNED
301,301,,2023-08-17 22:30:48.816046,2023-08-17 22:30:55.335804,0 days 00:00:06.519758,False,False,False,True,False,True,False,True,False,False,True,True,False,True,,,,3,PRUNED
302,302,,2023-08-17 22:30:55.393418,2023-08-17 22:31:01.298980,0 days 00:00:05.905562,True,False,False,False,False,True,True,True,False,False,True,True,False,True,,,,3,PRUNED
303,303,,2023-08-17 22:31:01.358426,2023-08-17 22:31:10.220584,0 days 00:00:08.862158,True,False,False,True,False,True,True,True,False,False,True,True,False,True,,,,3,PRUNED
304,304,,2023-08-17 22:31:10.277702,2023-08-17 22:31:12.619486,0 days 00:00:02.341784,True,False,False,True,False,True,True,True,False,False,False,True,False,True,,,,3,PRUNED
305,305,,2023-08-17 22:31:12.679256,2023-08-17 22:31:15.843050,0 days 00:00:03.163794,True,False,False,False,False,True,True,True,False,False,True,True,False,True,,,,3,PRUNED
306,306,,2023-08-17 22:31:15.898424,2023-08-17 22:31:24.071595,0 days 00:00:08.173171,True,False,False,True,False,True,True,True,False,False,True,True,False,False,,,,3,PRUNED
307,307,,2023-08-17 22:31:24.126161,2023-08-17 22:31:25.686408,0 days 00:00:01.560247,True,False,False,False,False,True,True,True,False,False,False,True,False,True,,,,3,PRUNED
308,308,,2023-08-17 22:31:25.738496,2023-08-17 22:31:33.280274,0 days 00:00:07.541778,True,True,False,True,False,True,True,True,False,False,False,False,True,True,,,,3,PRUNED
309,309,,2023-08-17 22:31:33.337316,2023-08-17 22:31:42.797774,0 days 00:00:09.460458,True,True,False,False,False,True,True,True,False,False,False,True,False,True,,,,3,PRUNED
310,310,,2023-08-17 22:31:42.856981,2023-08-17 22:31:48.080058,0 days 00:00:05.223077,True,False,False,True,False,True,True,True,False,False,False,True,False,True,,,,3,PRUNED
311,311,,2023-08-17 22:31:48.141746,2023-08-17 22:31:50.481065,0 days 00:00:02.339319,True,False,True,False,False,True,True,True,False,False,False,False,True,True,,,,3,PRUNED
312,312,,2023-08-17 22:31:50.542785,2023-08-17 22:31:54.295865,0 days 00:00:03.753080,True,False,False,False,False,True,True,True,False,False,True,True,False,True,,,,3,PRUNED
313,313,,2023-08-17 22:31:54.352468,2023-08-17 22:32:02.878532,0 days 00:00:08.526064,True,False,False,True,False,True,True,True,False,False,False,True,False,True,,,,3,PRUNED
314,314,,2023-08-17 22:32:02.937575,2023-08-17 22:32:11.399117,0 days 00:00:08.461542,True,False,False,True,False,True,True,True,False,True,False,True,False,True,,,,3,PRUNED
315,315,,2023-08-17 22:32:11.455185,2023-08-17 22:32:19.562938,0 days 00:00:08.107753,True,False,True,True,False,True,True,True,False,False,False,True,True,True,,,,3,PRUNED
316,316,,2023-08-17 22:32:19.622130,2023-08-17 22:32:28.513582,0 days 00:00:08.891452,True,False,False,False,False,True,True,True,False,False,True,True,False,True,,,,3,PRUNED
317,317,,2023-08-17 22:32:28.575983,2023-08-17 22:32:33.788205,0 days 00:00:05.212222,True,False,False,True,False,True,True,True,False,False,True,True,False,True,,,,3,PRUNED
318,318,,2023-08-17 22:32:33.844224,2023-08-17 22:32:35.131236,0 days 00:00:01.287012,False,False,False,False,False,True,True,True,False,False,False,True,False,True,,,,3,PRUNED
319,319,,2023-08-17 22:32:35.194191,2023-08-17 22:32:40.169875,0 days 00:00:04.975684,True,False,False,True,False,True,False,True,False,False,True,True,False,False,,,,3,PRUNED
320,320,,2023-08-17 22:32:40.235022,2023-08-17 22:32:42.788699,0 days 00:00:02.553677,True,False,False,False,False,True,True,True,False,False,False,True,False,True,,,,3,PRUNED
321,321,,2023-08-17 22:32:42.850894,2023-08-17 22:32:47.818890,0 days 00:00:04.967996,True,False,False,True,False,True,False,True,False,False,True,True,False,True,,,,3,PRUNED
322,322,,2023-08-17 22:32:47.879485,2023-08-17 22:32:52.312447,0 days 00:00:04.432962,True,False,False,True,False,True,True,True,False,False,False,True,False,False,,,,3,PRUNED
323,323,,2023-08-17 22:32:52.373581,2023-08-17 22:32:59.077606,0 days 00:00:06.704025,True,False,False,True,False,True,True,True,False,False,False,True,False,True,,,,3,PRUNED
324,324,,2023-08-17 22:32:59.138709,2023-08-17 22:33:01.153779,0 days 00:00:02.015070,True,False,False,True,False,False,True,True,False,False,False,False,False,True,,,,3,PRUNED
325,325,,2023-08-17 22:33:01.215063,2023-08-17 22:33:04.744727,0 days 00:00:03.529664,True,False,False,False,False,True,True,True,True,False,False,True,False,True,,,,3,PRUNED
326,326,,2023-08-17 22:33:04.810601,2023-08-17 22:33:13.225545,0 days 00:00:08.414944,False,False,False,False,False,True,True,True,False,False,False,True,False,True,,,,3,PRUNED
327,327,,2023-08-17 22:33:13.283922,2023-08-17 22:33:13.405826,0 days 00:00:00.121904,True,False,False,False,False,True,True,True,False,False,False,True,False,True,,,,3,PRUNED
328,328,,2023-08-17 22:33:13.463988,2023-08-17 22:33:15.962040,0 days 00:00:02.498052,True,False,False,True,False,True,True,True,False,False,True,True,False,True,,,,3,PRUNED
329,329,,2023-08-17 22:33:16.023040,2023-08-17 22:33:16.259836,0 days 00:00:00.236796,True,False,False,True,False,True,True,True,False,True,True,True,False,False,,,,3,PRUNED
330,330,,2023-08-17 22:33:16.326234,2023-08-17 22:33:20.869804,0 days 00:00:04.543570,True,False,False,False,False,True,True,True,True,False,False,True,False,True,,,,3,PRUNED
331,331,,2023-08-17 22:33:20.931113,2023-08-17 22:33:21.968239,0 days 00:00:01.037126,True,False,False,True,False,True,True,True,False,False,False,True,False,False,,,,3,PRUNED
332,332,,2023-08-17 22:33:22.029549,2023-08-17 22:33:28.448879,0 days 00:00:06.419330,True,False,False,False,False,True,True,True,False,False,True,True,False,True,,,,4,PRUNED
333,333,,2023-08-17 22:33:24.961298,2023-08-17 22:33:33.786811,0 days 00:00:08.825513,True,False,True,True,False,True,True,True,False,False,False,True,True,True,,,,4,PRUNED
334,334,,2023-08-17 22:33:28.511147,2023-08-17 22:33:34.142126,0 days 00:00:05.630979,True,False,False,False,False,True,False,True,False,False,False,True,False,True,,,,4,PRUNED
335,335,,2023-08-17 22:33:33.848817,2023-08-17 22:33:41.722732,0 days 00:00:07.873915,True,False,False,False,False,True,True,True,False,False,True,True,False,True,,,,4,PRUNED
336,336,,2023-08-17 22:33:34.203319,2023-08-17 22:33:35.238076,0 days 00:00:01.034757,True,False,False,False,False,True,True,True,False,False,False,True,False,True,,,,4,PRUNED
337,337,-150.01361261219526,2023-08-17 22:33:35.302796,2023-08-17 23:57:02.644115,0 days 01:23:27.341319,True,False,False,True,False,True,True,False,False,False,True,True,True,True,/mmfs1/gscratch/cheme/usr/evankomp/repos/nomelt/data/enh/optimize_enh1/enh_vs_translate/-5179709917157230975,"[-150.01361261219526, 2.152848869207547]",GKRPRTAFTAEQLARLKREFQENRYLTEQRRQELSSELGLNEAQIKIWFQNKRAKLKKAAG,4,COMPLETE
338,338,,2023-08-17 22:33:41.788537,2023-08-17 22:33:51.583787,0 days 00:00:09.795250,True,False,False,True,False,True,True,True,False,False,True,True,False,True,,,,4,PRUNED
339,339,-147.15817623143488,2023-08-17 22:33:51.647035,2023-08-17 23:56:52.877866,0 days 01:23:01.230831,True,False,False,False,False,False,True,True,False,False,False,True,False,True,/mmfs1/gscratch/cheme/usr/evankomp/repos/nomelt/data/enh/optimize_enh1/enh_vs_translate/1141928870612179481,"[-147.15817623143488, 4.439339875418062]",GKRPRTAFSAEQLARLKREFNENRYLTERRRQELASELGLNEAQIKIWFQNKRAKIKKAAG,4,COMPLETE
340,340,,2023-08-17 23:28:31.770794,2023-08-17 23:28:32.074158,0 days 00:00:00.303364,True,False,False,True,False,True,True,True,False,False,True,True,False,True,,,,4,PRUNED
341,341,,2023-08-17 23:28:32.127832,2023-08-17 23:28:39.470752,0 days 00:00:07.342920,True,False,False,True,False,True,True,True,False,False,False,True,False,True,,,,4,PRUNED
342,342,,2023-08-17 23:28:39.535696,2023-08-17 23:28:46.728914,0 days 00:00:07.193218,True,False,False,False,False,True,True,True,False,False,False,True,False,True,,,,4,PRUNED
343,343,-147.31697623316836,2023-08-17 23:28:47.302589,2023-08-18 00:51:20.041648,0 days 01:22:32.739059,True,False,False,True,False,True,False,True,False,False,False,True,False,True,/mmfs1/gscratch/cheme/usr/evankomp/repos/nomelt/data/enh/optimize_enh1/enh_vs_translate/-7704562950596284561,"[-147.31697623316836, 2.764271278905701]",GKRPRTAFSAEQLARLKREFQENRYLTEQRRQQLASELGLNEAQIKIWFQNKRAKIKKAAG,4,COMPLETE
344,344,,2023-08-17 23:29:32.084936,2023-08-17 23:29:40.866554,0 days 00:00:08.781618,True,False,False,False,False,True,True,True,False,False,False,True,False,True,,,,4,PRUNED
345,345,,2023-08-17 23:29:40.923831,2023-08-17 23:29:50.092032,0 days 00:00:09.168201,True,False,False,True,False,True,False,True,False,False,False,True,False,True,,,,4,PRUNED
346,346,-151.29350394757085,2023-08-17 23:29:50.145623,2023-08-18 00:52:12.535657,0 days 01:22:22.390034,True,False,True,True,False,True,True,True,False,False,False,True,False,False,/mmfs1/gscratch/cheme/usr/evankomp/repos/nomelt/data/enh/optimize_enh1/enh_vs_translate/-2086477321043547267,"[-151.29350394757085, 2.9316188594404338]",GKRPRTAFSSEQLARLKAEFQENRYLTEQRRQELASELGLNEAQIKIWFQNKRAKIKKAAG,4,COMPLETE
347,347,,2023-08-17 23:34:14.436026,2023-08-17 23:34:17.574176,0 days 00:00:03.138150,True,False,False,False,False,True,True,True,True,False,False,True,False,True,,,,4,PRUNED
348,348,,2023-08-17 23:34:17.638851,2023-08-17 23:34:23.552067,0 days 00:00:05.913216,True,False,False,False,False,True,True,True,False,False,True,True,False,True,,,,4,PRUNED
349,349,-147.74128195902296,2023-08-17 23:34:23.615067,2023-08-18 00:57:13.575158,0 days 01:22:49.960091,True,False,False,False,False,True,True,True,False,False,False,True,True,True,/mmfs1/gscratch/cheme/usr/evankomp/repos/nomelt/data/enh/optimize_enh1/enh_vs_translate/-150737148761307184,"[-147.74128195902296, 2.493795806769694]",GKRPRTAFTAEQLARLKREFNENRYLTEQRRQELASELGLNEAQIKIWFQNKRAKIKKAAG,4,COMPLETE
350,350,,2023-08-17 23:46:29.855585,2023-08-17 23:46:36.830919,0 days 00:00:06.975334,True,False,False,False,False,True,True,True,False,False,True,True,False,True,,,,4,PRUNED
351,351,,2023-08-17 23:46:36.885782,2023-08-17 23:46:46.249037,0 days 00:00:09.363255,True,False,False,False,False,True,True,True,False,False,False,True,True,True,,,,4,PRUNED
352,352,-149.0798607188229,2023-08-17 23:46:46.304311,2023-08-18 01:11:19.373119,0 days 01:24:33.068808,True,False,True,True,False,True,True,True,False,False,True,True,False,True,/mmfs1/gscratch/cheme/usr/evankomp/repos/nomelt/data/enh/optimize_enh1/enh_vs_translate/-8441096784041533695,"[-149.0798607188229, 3.3031166532132783]",GKRPRTAFSAEQLARLKAEFQENRYLTEQRRQELASELGLNEAQIKIWFQNKRAKLKKAAG,4,COMPLETE
353,353,-151.39024292770952,2023-08-17 23:51:36.989899,2023-08-18 01:16:15.919367,0 days 01:24:38.929468,True,False,True,False,False,True,True,True,True,False,False,True,False,True,/mmfs1/gscratch/cheme/usr/evankomp/repos/nomelt/data/enh/optimize_enh1/enh_vs_translate/7294787850583820731,"[-151.39024292770952, 2.828055409028902]",GKRPRTAFSAEQLARLKAEFNENRYLTEQRRQELARELGLNEAQIKIWFQNKRAKIKKAAG,4,COMPLETE
354,354,,2023-08-17 23:56:53.908508,2023-08-17 23:56:55.444461,0 days 00:00:01.535953,True,False,False,False,False,True,False,True,False,False,False,True,False,True,,,,4,PRUNED
355,355,,2023-08-17 23:56:55.513290,2023-08-17 23:56:59.880915,0 days 00:00:04.367625,True,False,False,False,False,True,True,True,False,False,False,True,False,True,,,,4,PRUNED
356,356,,2023-08-17 23:56:59.950679,2023-08-17 23:57:09.527812,0 days 00:00:09.577133,True,False,False,True,False,True,False,True,False,False,False,True,False,True,,,,4,PRUNED
357,357,,2023-08-17 23:57:03.292763,2023-08-17 23:57:05.053359,0 days 00:00:01.760596,True,False,True,True,False,True,True,True,False,False,False,True,True,True,,,,4,PRUNED
358,358,-144.70549100796595,2023-08-17 23:57:05.119118,2023-08-18 01:21:25.060854,0 days 01:24:19.941736,True,False,False,True,False,True,False,True,False,True,False,True,True,True,/mmfs1/gscratch/cheme/usr/evankomp/repos/nomelt/data/enh/optimize_enh1/enh_vs_translate/5869794196193223827,"[-144.70549100796595, 3.0300911173816507]",GKRPRTAFTAEQLARLKREFQENRYLTEQRRQQLASELGLNESQIKIWFQNKRAKIKKAAG,4,COMPLETE
359,359,,2023-08-17 23:57:09.595745,2023-08-17 23:57:14.642576,0 days 00:00:05.046831,True,False,True,True,False,True,True,True,False,False,False,True,False,False,,,,4,PRUNED
360,360,,2023-08-17 23:57:14.707036,2023-08-17 23:57:14.875644,0 days 00:00:00.168608,True,False,False,False,False,True,True,True,True,False,False,True,False,True,,,,4,PRUNED
361,361,-140.1593636051032,2023-08-17 23:57:14.939881,2023-08-18 01:26:34.235418,0 days 01:29:19.295537,True,False,False,True,False,False,True,True,False,False,True,False,False,True,/mmfs1/gscratch/cheme/usr/evankomp/repos/nomelt/data/enh/optimize_enh1/enh_vs_translate/-7910658030243996300,"[-140.1593636051032, 3.5195751342742447]",GKRPRTAFSAEQLARLKREFQENRYLTERRRQELASELGLNEAQIKIWFQNKRAKLKK,4,COMPLETE
362,362,,2023-08-18 00:51:20.097621,2023-08-18 00:51:21.302604,0 days 00:00:01.204983,True,False,False,False,False,True,True,True,False,False,False,True,False,True,,,,4,PRUNED
363,363,,2023-08-18 00:51:21.361028,2023-08-18 00:51:27.340067,0 days 00:00:05.979039,True,False,False,True,False,True,False,True,False,False,False,True,False,True,,,,4,PRUNED
364,364,,2023-08-18 00:51:27.396602,2023-08-18 00:51:29.378284,0 days 00:00:01.981682,True,False,True,True,False,True,True,True,False,False,False,True,False,False,,,,4,PRUNED
365,365,,2023-08-18 00:51:29.979562,2023-08-18 00:51:30.324079,0 days 00:00:00.344517,True,False,False,False,False,True,True,True,True,False,False,True,False,True,,,,4,PRUNED
366,366,,2023-08-18 00:51:30.381780,2023-08-18 00:51:37.399457,0 days 00:00:07.017677,True,False,False,True,False,False,True,True,False,False,True,False,False,True,,,,4,PRUNED
367,367,,2023-08-18 00:51:37.457357,2023-08-18 00:51:39.807440,0 days 00:00:02.350083,True,False,False,False,False,True,True,True,True,False,False,True,False,True,,,,4,PRUNED
368,368,,2023-08-18 00:51:39.861912,2023-08-18 00:51:49.896962,0 days 00:00:10.035050,True,False,False,False,False,True,True,True,False,False,True,True,False,True,,,,4,PRUNED
369,369,,2023-08-18 00:51:49.955005,2023-08-18 00:51:51.120363,0 days 00:00:01.165358,True,False,False,False,False,True,True,True,False,False,False,True,True,True,,,,4,PRUNED
370,370,,2023-08-18 00:51:51.173489,2023-08-18 00:52:00.589816,0 days 00:00:09.416327,True,False,True,True,False,True,True,True,False,False,True,True,False,True,,,,4,PRUNED
371,371,-148.072660056316,2023-08-18 00:52:00.649242,2023-08-18 02:14:51.812658,0 days 01:22:51.163416,True,False,False,False,False,True,True,True,False,True,False,True,False,True,/mmfs1/gscratch/cheme/usr/evankomp/repos/nomelt/data/enh/optimize_enh1/enh_vs_translate/-3387465161051024792,"[-148.072660056316, 3.2468556010446634]",GKRPRTAFSAEQLARLKREFNENRYLTEQRRQELASELGLNESQIKIWFQNKRAKIKKAAG,4,COMPLETE
372,372,,2023-08-18 00:52:12.755130,2023-08-18 00:52:21.077484,0 days 00:00:08.322354,True,False,False,False,False,True,True,True,True,False,False,True,False,True,,,,4,PRUNED
373,373,,2023-08-18 00:52:21.768066,2023-08-18 00:52:26.571349,0 days 00:00:04.803283,True,False,False,True,False,False,True,True,False,False,True,False,False,True,,,,4,PRUNED
374,374,,2023-08-18 00:52:26.635123,2023-08-18 00:52:27.432575,0 days 00:00:00.797452,True,False,False,False,False,True,True,True,True,False,False,True,False,True,,,,4,PRUNED
375,375,,2023-08-18 00:52:27.493907,2023-08-18 00:52:35.878152,0 days 00:00:08.384245,True,False,False,False,False,True,True,True,False,False,True,True,False,True,,,,4,PRUNED
376,376,,2023-08-18 00:52:35.940198,2023-08-18 00:52:43.551027,0 days 00:00:07.610829,True,False,False,False,False,True,True,True,False,False,False,True,True,True,,,,4,PRUNED
377,377,,2023-08-18 00:52:43.614780,2023-08-18 00:52:52.228760,0 days 00:00:08.613980,True,False,True,True,False,True,True,True,False,False,True,True,False,True,,,,4,PRUNED
378,378,,2023-08-18 00:52:52.296395,2023-08-18 00:52:54.357244,0 days 00:00:02.060849,True,False,False,False,False,True,True,True,False,True,False,True,False,True,,,,4,PRUNED
379,379,,2023-08-18 00:52:54.415647,2023-08-18 00:52:59.588351,0 days 00:00:05.172704,True,False,True,False,False,True,True,True,True,False,False,True,False,True,,,,4,PRUNED
380,380,,2023-08-18 00:52:59.654427,2023-08-18 00:53:03.533831,0 days 00:00:03.879404,True,False,True,True,False,True,True,True,False,False,False,True,True,True,,,,4,PRUNED
381,381,,2023-08-18 00:53:03.598030,2023-08-18 00:53:08.226253,0 days 00:00:04.628223,True,False,False,True,False,True,True,True,False,False,True,True,False,True,,,,4,PRUNED
382,382,,2023-08-18 00:53:08.290164,2023-08-18 00:53:12.695984,0 days 00:00:04.405820,True,False,False,False,False,True,False,True,False,False,False,True,False,True,,,,4,PRUNED
383,383,,2023-08-18 00:53:12.761545,2023-08-18 00:53:18.595229,0 days 00:00:05.833684,True,False,False,True,False,True,True,True,False,False,False,True,False,True,,,,4,PRUNED
384,384,,2023-08-18 00:53:18.661113,2023-08-18 00:53:28.382403,0 days 00:00:09.721290,True,False,False,True,False,True,True,True,False,False,False,True,False,True,,,,4,PRUNED
385,385,,2023-08-18 00:53:28.447394,2023-08-18 00:53:34.054654,0 days 00:00:05.607260,True,False,True,True,False,True,True,True,False,False,False,True,True,True,,,,4,PRUNED
386,386,,2023-08-18 00:53:34.115490,2023-08-18 00:53:42.661544,0 days 00:00:08.546054,True,False,False,True,False,True,False,True,False,True,False,True,True,True,,,,4,PRUNED
387,387,,2023-08-18 00:53:42.724809,2023-08-18 00:53:52.589102,0 days 00:00:09.864293,True,False,False,False,False,True,True,True,True,False,False,True,False,True,,,,4,PRUNED
388,388,,2023-08-18 00:53:52.659586,2023-08-18 00:54:02.312969,0 days 00:00:09.653383,True,False,False,False,False,True,True,True,False,False,True,True,False,True,,,,4,PRUNED
389,389,,2023-08-18 00:54:02.381872,2023-08-18 00:54:03.702757,0 days 00:00:01.320885,True,False,False,True,False,True,True,True,False,False,True,True,False,True,,,,4,PRUNED
390,390,,2023-08-18 00:54:03.769910,2023-08-18 00:54:06.395359,0 days 00:00:02.625449,True,False,False,False,False,True,True,True,False,False,True,True,False,True,,,,4,PRUNED
391,391,,2023-08-18 00:54:06.462385,2023-08-18 00:54:10.524509,0 days 00:00:04.062124,True,False,False,False,False,True,True,True,False,False,True,True,False,True,,,,4,PRUNED
392,392,,2023-08-18 00:54:10.592082,2023-08-18 00:54:11.607217,0 days 00:00:01.015135,True,False,False,False,False,True,True,True,True,False,False,True,False,True,,,,4,PRUNED
393,393,-147.22524293577047,2023-08-18 00:54:11.672987,2023-08-18 02:17:03.006956,0 days 01:22:51.333969,True,False,False,True,True,True,True,True,False,False,True,True,True,True,/mmfs1/gscratch/cheme/usr/evankomp/repos/nomelt/data/enh/optimize_enh1/enh_vs_translate/-4876594433656823128,"[-147.22524293577047, 2.1968266944645887]",GKRPRTAFTAEQLARLKREFQANRYLTEQRRQELASELGLNEAQIKIWFQNKRAKLKKAAG,4,COMPLETE
394,394,,2023-08-18 00:57:13.708154,2023-08-18 00:57:17.629605,0 days 00:00:03.921451,True,False,True,True,False,True,True,True,False,False,True,True,False,True,,,,4,PRUNED
395,395,,2023-08-18 00:57:18.298103,2023-08-18 00:57:23.817376,0 days 00:00:05.519273,True,False,False,False,False,True,True,True,False,True,False,True,False,True,,,,4,PRUNED
396,396,,2023-08-18 00:57:23.889602,2023-08-18 00:57:33.648011,0 days 00:00:09.758409,True,False,True,False,False,True,True,True,True,False,False,True,False,True,,,,4,PRUNED
