,number,value,datetime_start,datetime_complete,duration,params_mut_0,params_mut_13,params_mut_17,params_mut_20,params_mut_21,params_mut_28,params_mut_32,params_mut_34,params_mut_35,params_mut_42,params_mut_55,params_mut_58,params_mut_8,params_mut_9,user_attrs_pdb_file,user_attrs_raw_result,user_attrs_variant_seq,system_attrs_nsga2:generation,state
618,618,,2023-08-18 05:05:50.919605,2023-08-18 05:05:52.930308,0 days 00:00:02.010703,True,False,True,True,False,True,True,True,False,False,True,False,False,False,,,,5,PRUNED
619,619,,2023-08-18 05:05:53.032261,2023-08-18 05:05:53.977445,0 days 00:00:00.945184,True,False,True,True,True,False,True,True,False,False,False,True,False,True,,,,5,PRUNED
620,620,-144.90176820783347,2023-08-18 05:05:54.080302,2023-08-18 06:29:13.790536,0 days 01:23:19.710234,True,False,False,False,False,True,False,False,False,False,True,True,True,True,/mmfs1/gscratch/cheme/usr/evankomp/repos/nomelt/data/enh/optimize_enh1/enh_vs_translate/2913128045300652979,"[-144.90176820783347, 3.2635493068330623]",GKRPRTAFTAEQLARLKREFNENRYLTEQRRQQLSSELGLNEAQIKIWFQNKRAKLKKAAG,5,COMPLETE
621,621,-149.0404475378227,2023-08-18 05:10:06.601632,2023-08-18 06:32:51.440816,0 days 01:22:44.839184,True,False,True,True,False,True,True,True,False,False,False,True,True,False,/mmfs1/gscratch/cheme/usr/evankomp/repos/nomelt/data/enh/optimize_enh1/enh_vs_translate/5952223339512244342,"[-149.0404475378227, 3.021146647931197]",GKRPRTAFTSEQLARLKAEFQENRYLTEQRRQELASELGLNEAQIKIWFQNKRAKIKKAAG,6,COMPLETE
622,622,,2023-08-18 05:29:55.225925,2023-08-18 05:29:58.835310,0 days 00:00:03.609385,True,False,True,False,False,True,True,True,False,False,False,True,False,True,,,,6,PRUNED
623,623,-146.76441021114334,2023-08-18 05:29:58.924425,2023-08-18 06:55:11.723682,0 days 01:25:12.799257,True,False,False,False,False,False,True,True,False,False,True,True,False,True,/mmfs1/gscratch/cheme/usr/evankomp/repos/nomelt/data/enh/optimize_enh1/enh_vs_translate/2206968009215840514,"[-146.76441021114334, 2.674751509911607]",GKRPRTAFSAEQLARLKREFNENRYLTERRRQELASELGLNEAQIKIWFQNKRAKLKKAAG,6,COMPLETE
624,624,-140.75963887502934,2023-08-18 05:34:53.853921,2023-08-18 07:00:11.977928,0 days 01:25:18.124007,True,False,False,True,False,True,True,True,False,False,True,False,False,False,/mmfs1/gscratch/cheme/usr/evankomp/repos/nomelt/data/enh/optimize_enh1/enh_vs_translate/-2173960159808797970,"[-140.75963887502934, 2.57871199370507]",GKRPRTAFSSEQLARLKREFQENRYLTEQRRQELASELGLNEAQIKIWFQNKRAKLKK,6,COMPLETE
625,625,,2023-08-18 05:36:39.141105,2023-08-18 05:36:41.760695,0 days 00:00:02.619590,True,False,True,True,True,False,True,True,False,False,False,True,False,True,,,,6,PRUNED
626,626,-147.12893642356178,2023-08-18 05:36:41.867588,2023-08-18 07:02:42.059998,0 days 01:26:00.192410,True,False,True,True,False,True,False,True,True,False,False,True,False,False,/mmfs1/gscratch/cheme/usr/evankomp/repos/nomelt/data/enh/optimize_enh1/enh_vs_translate/-7087010848354595033,"[-147.12893642356178, 4.614669819735541]",GKRPRTAFSSEQLARLKAEFQENRYLTEQRRQQLARELGLNEAQIKIWFQNKRAKIKKAAG,6,COMPLETE
627,627,,2023-08-18 05:44:33.091975,2023-08-18 05:44:39.233307,0 days 00:00:06.141332,True,False,True,True,False,True,False,True,True,False,False,True,False,False,,,,6,PRUNED
628,628,,2023-08-18 05:44:39.344420,2023-08-18 05:44:45.447957,0 days 00:00:06.103537,True,False,False,True,False,True,True,True,False,False,True,True,False,True,,,,6,PRUNED
629,629,,2023-08-18 05:44:45.554768,2023-08-18 05:44:50.037537,0 days 00:00:04.482769,True,False,True,True,False,True,True,True,True,False,False,True,False,True,,,,6,PRUNED
630,630,,2023-08-18 05:44:50.150327,2023-08-18 05:44:56.940087,0 days 00:00:06.789760,True,False,True,True,False,True,True,True,False,False,False,True,False,False,,,,6,PRUNED
631,631,-150.17828804944176,2023-08-18 05:44:57.049433,2023-08-18 07:10:52.736218,0 days 01:25:55.686785,True,False,False,False,False,True,True,False,False,False,False,True,False,False,/mmfs1/gscratch/cheme/usr/evankomp/repos/nomelt/data/enh/optimize_enh1/enh_vs_translate/3138434466881255677,"[-150.17828804944176, 2.2599817787805505]",GKRPRTAFSSEQLARLKREFNENRYLTEQRRQELSSELGLNEAQIKIWFQNKRAKIKKAAG,6,COMPLETE
632,632,,2023-08-18 06:24:31.837839,2023-08-18 06:24:35.648077,0 days 00:00:03.810238,True,False,False,False,False,True,True,True,False,False,False,True,False,True,,,,6,PRUNED
633,633,,2023-08-18 06:24:36.281246,2023-08-18 06:24:44.658446,0 days 00:00:08.377200,True,False,True,True,False,True,True,True,True,False,False,True,False,False,,,,6,PRUNED
634,634,-149.64097299482185,2023-08-18 06:24:44.749909,2023-08-18 07:48:35.923362,0 days 01:23:51.173453,True,False,True,False,False,True,True,True,False,False,False,True,True,False,/mmfs1/gscratch/cheme/usr/evankomp/repos/nomelt/data/enh/optimize_enh1/enh_vs_translate/-3861755325285339135,"[-149.64097299482185, 3.2601828220645217]",GKRPRTAFTSEQLARLKAEFNENRYLTEQRRQELASELGLNEAQIKIWFQNKRAKIKKAAG,6,COMPLETE
635,635,,2023-08-18 06:29:13.980073,2023-08-18 06:29:15.279513,0 days 00:00:01.299440,True,False,False,True,False,True,True,True,False,False,True,True,False,True,,,,6,PRUNED
636,636,,2023-08-18 06:29:15.382667,2023-08-18 06:29:22.411926,0 days 00:00:07.029259,True,False,True,True,False,True,True,True,True,False,False,True,False,True,,,,6,PRUNED
637,637,,2023-08-18 06:29:22.516665,2023-08-18 06:29:25.388797,0 days 00:00:02.872132,True,False,True,True,False,True,True,True,False,False,False,True,False,False,,,,6,PRUNED
638,638,,2023-08-18 06:29:25.494873,2023-08-18 06:29:35.462895,0 days 00:00:09.968022,True,False,False,False,False,True,True,False,False,False,False,True,False,False,,,,6,PRUNED
639,639,-147.25277551413626,2023-08-18 06:29:35.668722,2023-08-18 07:53:11.488029,0 days 01:23:35.819307,True,False,False,False,False,True,True,False,True,False,False,True,True,True,/mmfs1/gscratch/cheme/usr/evankomp/repos/nomelt/data/enh/optimize_enh1/enh_vs_translate/-4837857729810219643,"[-147.25277551413626, 3.3568158246965836]",GKRPRTAFTAEQLARLKREFNENRYLTEQRRQELSRELGLNEAQIKIWFQNKRAKIKKAAG,6,COMPLETE
640,640,,2023-08-18 06:32:51.778905,2023-08-18 06:32:56.838801,0 days 00:00:05.059896,True,False,False,True,False,True,True,False,False,False,True,True,True,True,,,,6,PRUNED
641,641,-151.53021020651966,2023-08-18 06:32:57.509956,2023-08-18 07:55:47.469073,0 days 01:22:49.959117,True,False,True,True,False,True,True,False,True,False,True,True,True,True,/mmfs1/gscratch/cheme/usr/evankomp/repos/nomelt/data/enh/optimize_enh1/enh_vs_translate/-2974116719432574330,"[-151.53021020651966, 1.49769893607678]",GKRPRTAFTAEQLARLKAEFQENRYLTEQRRQELSRELGLNEAQIKIWFQNKRAKLKKAAG,6,COMPLETE
642,642,,2023-08-18 06:55:12.563945,2023-08-18 06:55:22.332313,0 days 00:00:09.768368,True,False,False,True,False,True,True,True,False,False,True,False,False,False,,,,6,PRUNED
643,643,,2023-08-18 06:55:22.421776,2023-08-18 06:55:24.383906,0 days 00:00:01.962130,True,False,True,True,True,False,True,True,False,False,False,True,False,True,,,,6,PRUNED
644,644,,2023-08-18 06:55:24.479447,2023-08-18 06:55:31.948786,0 days 00:00:07.469339,True,False,True,True,False,True,False,True,True,False,False,True,False,False,,,,6,PRUNED
645,645,,2023-08-18 06:55:32.042003,2023-08-18 06:55:36.274808,0 days 00:00:04.232805,True,False,False,True,False,True,True,True,False,False,True,True,False,True,,,,6,PRUNED
646,646,,2023-08-18 06:55:36.368831,2023-08-18 06:55:44.871394,0 days 00:00:08.502563,True,False,True,True,False,True,True,True,True,False,False,True,False,True,,,,6,PRUNED
647,647,,2023-08-18 06:55:44.965221,2023-08-18 06:55:48.936474,0 days 00:00:03.971253,True,False,True,True,False,True,True,True,False,False,False,True,False,False,,,,6,PRUNED
648,648,,2023-08-18 06:55:49.036233,2023-08-18 06:55:51.695836,0 days 00:00:02.659603,True,False,False,False,False,True,True,False,False,False,False,True,False,False,,,,6,PRUNED
649,649,,2023-08-18 06:55:51.790051,2023-08-18 06:55:55.296473,0 days 00:00:03.506422,True,False,False,False,False,True,True,False,True,False,False,True,True,True,,,,6,PRUNED
650,650,-148.6444617404639,2023-08-18 06:55:55.392365,2023-08-18 08:21:31.104334,0 days 01:25:35.711969,True,False,False,False,False,False,True,False,False,False,False,True,False,True,/mmfs1/gscratch/cheme/usr/evankomp/repos/nomelt/data/enh/optimize_enh1/enh_vs_translate/-8647743268839170747,"[-148.6444617404639, 3.111209999430438]",GKRPRTAFSAEQLARLKREFNENRYLTERRRQELSSELGLNEAQIKIWFQNKRAKIKKAAG,6,COMPLETE
651,651,,2023-08-18 07:00:12.087245,2023-08-18 07:00:19.994536,0 days 00:00:07.907291,True,False,True,True,True,False,True,True,False,False,False,True,False,True,,,,6,PRUNED
652,652,,2023-08-18 07:00:20.666190,2023-08-18 07:00:28.403957,0 days 00:00:07.737767,True,False,True,True,False,True,False,True,True,False,False,True,False,False,,,,6,PRUNED
653,653,,2023-08-18 07:00:28.514791,2023-08-18 07:00:30.721640,0 days 00:00:02.206849,True,False,False,True,False,True,True,True,False,False,True,True,False,True,,,,6,PRUNED
654,654,,2023-08-18 07:00:30.828735,2023-08-18 07:00:36.497816,0 days 00:00:05.669081,True,False,True,True,False,True,True,True,True,False,False,True,False,True,,,,6,PRUNED
655,655,,2023-08-18 07:00:36.601653,2023-08-18 07:00:43.700492,0 days 00:00:07.098839,True,False,True,True,False,True,True,True,False,False,False,True,False,False,,,,6,PRUNED
656,656,,2023-08-18 07:00:43.808291,2023-08-18 07:00:46.455564,0 days 00:00:02.647273,True,False,False,False,False,True,True,False,False,False,False,True,False,False,,,,6,PRUNED
657,657,,2023-08-18 07:00:46.560641,2023-08-18 07:00:47.973489,0 days 00:00:01.412848,True,False,False,False,False,True,True,False,True,False,False,True,True,True,,,,6,PRUNED
658,658,,2023-08-18 07:00:48.079937,2023-08-18 07:00:48.698430,0 days 00:00:00.618493,True,False,False,False,False,False,True,False,False,False,False,True,False,True,,,,6,PRUNED
659,659,,2023-08-18 07:00:48.812825,2023-08-18 07:00:54.886746,0 days 00:00:06.073921,True,False,True,True,False,True,True,True,False,False,False,True,False,True,,,,6,PRUNED
660,660,-149.05381955554395,2023-08-18 07:00:54.995497,2023-08-18 08:26:12.915193,0 days 01:25:17.919696,False,True,False,True,False,True,True,True,False,False,True,True,False,False,/mmfs1/gscratch/cheme/usr/evankomp/repos/nomelt/data/enh/optimize_enh1/enh_vs_translate/-7240157446565149955,"[-149.05381955554395, 4.32261084118623]",DKRPRTAFSSEQLQRLKREFQENRYLTEQRRQELASELGLNEAQIKIWFQNKRAKLKKAAG,6,COMPLETE
661,661,,2023-08-18 07:02:43.029546,2023-08-18 07:02:51.692920,0 days 00:00:08.663374,True,False,False,True,False,True,True,True,False,False,True,True,False,True,,,,6,PRUNED
662,662,,2023-08-18 07:02:51.806470,2023-08-18 07:02:53.388982,0 days 00:00:01.582512,True,False,True,True,False,True,True,True,True,False,False,True,False,True,,,,6,PRUNED
663,663,,2023-08-18 07:02:53.502443,2023-08-18 07:03:00.692510,0 days 00:00:07.190067,True,False,True,True,False,True,True,True,False,False,False,True,False,False,,,,6,PRUNED
664,664,,2023-08-18 07:03:00.810339,2023-08-18 07:03:06.425238,0 days 00:00:05.614899,True,False,False,False,False,True,True,False,False,False,False,True,False,False,,,,6,PRUNED
665,665,,2023-08-18 07:03:06.543195,2023-08-18 07:03:12.347782,0 days 00:00:05.804587,True,False,False,False,False,True,True,False,True,False,False,True,True,True,,,,6,PRUNED
666,666,,2023-08-18 07:03:12.467452,2023-08-18 07:03:17.773250,0 days 00:00:05.305798,True,False,False,False,False,False,True,False,False,False,False,True,False,True,,,,6,PRUNED
667,667,,2023-08-18 07:03:17.887515,2023-08-18 07:03:18.120034,0 days 00:00:00.232519,True,False,True,True,False,True,True,True,False,False,False,True,False,True,,,,6,PRUNED
668,668,,2023-08-18 07:03:18.233534,2023-08-18 07:03:21.224447,0 days 00:00:02.990913,False,True,False,True,False,True,True,True,False,False,True,True,False,False,,,,6,PRUNED
669,669,,2023-08-18 07:03:21.344603,2023-08-18 07:03:31.380744,0 days 00:00:10.036141,True,False,True,True,False,True,True,True,False,False,False,True,True,False,,,,6,PRUNED
670,670,-150.97890415083873,2023-08-18 07:03:31.499795,2023-08-18 08:28:53.029553,0 days 01:25:21.529758,True,False,False,True,True,True,True,False,False,False,False,True,False,True,/mmfs1/gscratch/cheme/usr/evankomp/repos/nomelt/data/enh/optimize_enh1/enh_vs_translate/5937296588104886438,"[-150.97890415083873, 2.182477729223091]",GKRPRTAFSAEQLARLKREFQANRYLTEQRRQELSSELGLNEAQIKIWFQNKRAKIKKAAG,6,COMPLETE
671,671,,2023-08-18 07:10:52.983175,2023-08-18 07:11:02.535750,0 days 00:00:09.552575,True,False,False,False,False,True,True,False,True,False,False,True,True,True,,,,6,PRUNED
672,672,,2023-08-18 07:11:02.653317,2023-08-18 07:11:12.695737,0 days 00:00:10.042420,True,False,False,False,False,False,True,False,False,False,False,True,False,True,,,,6,PRUNED
673,673,,2023-08-18 07:11:12.816443,2023-08-18 07:11:20.576026,0 days 00:00:07.759583,True,False,True,True,False,True,True,True,False,False,False,True,False,True,,,,6,PRUNED
674,674,,2023-08-18 07:11:20.699899,2023-08-18 07:11:30.542367,0 days 00:00:09.842468,False,True,False,True,False,True,True,True,False,False,True,True,False,False,,,,6,PRUNED
675,675,,2023-08-18 07:11:30.662560,2023-08-18 07:11:36.654381,0 days 00:00:05.991821,True,False,True,True,False,True,True,True,False,False,False,True,True,False,,,,6,PRUNED
676,676,,2023-08-18 07:11:36.774603,2023-08-18 07:11:38.974030,0 days 00:00:02.199427,True,False,False,True,True,True,True,False,False,False,False,True,False,True,,,,6,PRUNED
677,677,,2023-08-18 07:11:39.092288,2023-08-18 07:11:41.410355,0 days 00:00:02.318067,True,False,False,False,False,True,True,True,False,False,False,True,False,True,,,,6,PRUNED
678,678,-150.96180448984916,2023-08-18 07:11:41.531974,2023-08-18 08:36:44.028449,0 days 01:25:02.496475,True,False,True,False,False,True,True,True,False,True,False,True,False,False,/mmfs1/gscratch/cheme/usr/evankomp/repos/nomelt/data/enh/optimize_enh1/enh_vs_translate/1273161662442301952,"[-150.96180448984916, 3.744975621722236]",GKRPRTAFSSEQLARLKAEFNENRYLTEQRRQELASELGLNESQIKIWFQNKRAKIKKAAG,6,COMPLETE
679,679,-146.13589156902756,2023-08-18 07:48:36.566021,2023-08-18 09:11:04.622247,0 days 01:22:28.056226,True,False,True,True,False,True,False,True,True,True,False,True,False,False,/mmfs1/gscratch/cheme/usr/evankomp/repos/nomelt/data/enh/optimize_enh1/enh_vs_translate/4354943897375397769,"[-146.13589156902756, 3.639583147775566]",GKRPRTAFSSEQLARLKAEFQENRYLTEQRRQQLARELGLNESQIKIWFQNKRAKIKKAAG,6,COMPLETE
680,680,,2023-08-18 07:53:12.369831,2023-08-18 07:53:13.684482,0 days 00:00:01.314651,True,False,False,False,False,False,True,False,False,False,False,True,False,True,,,,6,PRUNED
681,681,,2023-08-18 07:53:13.797849,2023-08-18 07:53:14.539978,0 days 00:00:00.742129,True,False,True,True,False,True,True,True,False,False,False,True,False,True,,,,6,PRUNED
682,682,,2023-08-18 07:53:14.652789,2023-08-18 07:53:24.413996,0 days 00:00:09.761207,False,True,False,True,False,True,True,True,False,False,True,True,False,False,,,,6,PRUNED
683,683,,2023-08-18 07:53:24.525853,2023-08-18 07:53:34.557442,0 days 00:00:10.031589,True,False,True,True,False,True,True,True,False,False,False,True,True,False,,,,6,PRUNED
684,684,,2023-08-18 07:53:34.668111,2023-08-18 07:53:35.791732,0 days 00:00:01.123621,True,False,False,True,True,True,True,False,False,False,False,True,False,True,,,,6,PRUNED
685,685,,2023-08-18 07:53:35.905330,2023-08-18 07:53:43.744478,0 days 00:00:07.839148,True,False,False,False,False,True,True,True,False,False,False,True,False,True,,,,6,PRUNED
686,686,,2023-08-18 07:53:43.858025,2023-08-18 07:53:50.418891,0 days 00:00:06.560866,True,False,True,False,False,True,True,True,False,True,False,True,False,False,,,,6,PRUNED
687,687,,2023-08-18 07:53:50.531905,2023-08-18 07:53:52.559582,0 days 00:00:02.027677,True,False,True,True,False,True,True,True,False,False,False,True,False,True,,,,6,PRUNED
688,688,-147.37728322351148,2023-08-18 07:53:52.671447,2023-08-18 09:17:01.852751,0 days 01:23:09.181304,True,False,False,True,False,True,True,True,False,False,False,True,True,False,/mmfs1/gscratch/cheme/usr/evankomp/repos/nomelt/data/enh/optimize_enh1/enh_vs_translate/-2526647592308767202,"[-147.37728322351148, 2.7883998107763253]",GKRPRTAFTSEQLARLKREFQENRYLTEQRRQELASELGLNEAQIKIWFQNKRAKIKKAAG,6,COMPLETE
689,689,,2023-08-18 07:55:47.730127,2023-08-18 07:55:48.729711,0 days 00:00:00.999584,True,False,True,False,False,True,True,True,False,False,False,True,False,True,,,,6,PRUNED
690,690,,2023-08-18 07:55:49.407202,2023-08-18 07:55:56.292067,0 days 00:00:06.884865,True,False,False,False,False,False,True,True,False,False,True,True,False,True,,,,6,PRUNED
691,691,,2023-08-18 07:55:56.411122,2023-08-18 07:56:00.715809,0 days 00:00:04.304687,True,False,False,True,False,True,True,True,False,False,True,False,False,False,,,,6,PRUNED
692,692,,2023-08-18 07:56:00.832638,2023-08-18 07:56:10.926527,0 days 00:00:10.093889,True,False,True,True,True,False,True,True,False,False,False,True,False,True,,,,6,PRUNED
693,693,,2023-08-18 07:56:11.043415,2023-08-18 07:56:16.347170,0 days 00:00:05.303755,True,False,True,True,False,True,False,True,True,False,False,True,False,False,,,,6,PRUNED
694,694,,2023-08-18 07:56:16.471229,2023-08-18 07:56:24.336521,0 days 00:00:07.865292,True,False,False,True,False,True,True,True,False,False,True,True,False,True,,,,6,PRUNED
695,695,,2023-08-18 07:56:24.461114,2023-08-18 07:56:31.828064,0 days 00:00:07.366950,True,False,True,True,False,True,True,True,True,False,False,True,False,True,,,,6,PRUNED
696,696,,2023-08-18 07:56:31.949903,2023-08-18 07:56:37.513783,0 days 00:00:05.563880,True,False,True,True,False,True,True,True,False,False,False,True,False,False,,,,6,PRUNED
697,697,,2023-08-18 07:56:37.635487,2023-08-18 07:56:44.557178,0 days 00:00:06.921691,True,False,False,False,False,True,True,False,False,False,False,True,False,False,,,,6,PRUNED
698,698,,2023-08-18 07:56:44.671745,2023-08-18 07:56:52.020742,0 days 00:00:07.348997,True,False,False,False,False,True,True,False,True,False,False,True,True,True,,,,6,PRUNED
699,699,,2023-08-18 07:56:52.143964,2023-08-18 07:56:56.663139,0 days 00:00:04.519175,True,False,False,False,False,False,True,False,False,False,False,True,False,True,,,,6,PRUNED
700,700,,2023-08-18 07:56:56.785360,2023-08-18 07:57:06.366470,0 days 00:00:09.581110,True,False,True,True,False,True,True,True,False,False,False,True,False,True,,,,6,PRUNED
701,701,,2023-08-18 07:57:06.490087,2023-08-18 07:57:11.453386,0 days 00:00:04.963299,False,True,False,True,False,True,True,True,False,False,True,True,False,False,,,,6,PRUNED
702,702,,2023-08-18 07:57:11.580448,2023-08-18 07:57:21.101718,0 days 00:00:09.521270,True,False,True,True,False,True,True,True,False,False,False,True,True,False,,,,6,PRUNED
703,703,,2023-08-18 07:57:21.225197,2023-08-18 07:57:30.850645,0 days 00:00:09.625448,True,False,False,True,True,True,True,False,False,False,False,True,False,True,,,,6,PRUNED
704,704,,2023-08-18 07:57:30.972314,2023-08-18 07:57:32.937870,0 days 00:00:01.965556,True,False,False,False,False,True,True,True,False,False,False,True,False,True,,,,6,PRUNED
705,705,,2023-08-18 07:57:33.060217,2023-08-18 07:57:39.585572,0 days 00:00:06.525355,True,False,True,False,False,True,True,True,False,True,False,True,False,False,,,,6,PRUNED
706,706,,2023-08-18 07:57:39.708069,2023-08-18 07:57:44.366758,0 days 00:00:04.658689,True,False,True,True,False,True,True,True,False,False,False,True,False,True,,,,6,PRUNED
707,707,,2023-08-18 07:57:44.491458,2023-08-18 07:57:50.983525,0 days 00:00:06.492067,True,False,False,True,False,True,True,True,False,False,False,True,True,False,,,,6,PRUNED
708,708,,2023-08-18 07:57:51.103866,2023-08-18 07:58:01.127967,0 days 00:00:10.024101,True,False,True,False,False,True,True,True,True,False,False,True,False,True,,,,6,PRUNED
709,709,-149.23633894232492,2023-08-18 07:58:01.251514,2023-08-18 09:21:02.629772,0 days 01:23:01.378258,True,False,True,False,False,True,True,True,True,False,False,True,False,False,/mmfs1/gscratch/cheme/usr/evankomp/repos/nomelt/data/enh/optimize_enh1/enh_vs_translate/6991824697715458554,"[-149.23633894232492, 3.4187218325622544]",GKRPRTAFSSEQLARLKAEFNENRYLTEQRRQELARELGLNEAQIKIWFQNKRAKIKKAAG,6,COMPLETE
710,710,,2023-08-18 08:21:31.737519,2023-08-18 08:21:33.145392,0 days 00:00:01.407873,True,False,True,True,False,True,True,True,False,False,False,True,False,True,,,,6,PRUNED
711,711,,2023-08-18 08:21:33.249575,2023-08-18 08:21:35.305008,0 days 00:00:02.055433,False,True,False,True,False,True,True,True,False,False,True,True,False,False,,,,6,PRUNED
712,712,,2023-08-18 08:21:35.409199,2023-08-18 08:21:45.300678,0 days 00:00:09.891479,True,False,True,True,False,True,True,True,False,False,False,True,True,False,,,,6,PRUNED
713,713,,2023-08-18 08:21:45.401971,2023-08-18 08:21:47.424229,0 days 00:00:02.022258,True,False,False,True,True,True,True,False,False,False,False,True,False,True,,,,6,PRUNED
714,714,,2023-08-18 08:21:47.525235,2023-08-18 08:21:48.810995,0 days 00:00:01.285760,True,False,False,False,False,True,True,True,False,False,False,True,False,True,,,,6,PRUNED
715,715,,2023-08-18 08:21:48.914818,2023-08-18 08:21:57.575967,0 days 00:00:08.661149,True,False,True,False,False,True,True,True,False,True,False,True,False,False,,,,6,PRUNED
716,716,,2023-08-18 08:21:57.679617,2023-08-18 08:21:58.475630,0 days 00:00:00.796013,True,False,True,True,False,True,True,True,False,False,False,True,False,True,,,,6,PRUNED
717,717,,2023-08-18 08:21:58.576588,2023-08-18 08:22:03.070320,0 days 00:00:04.493732,True,False,False,True,False,True,True,True,False,False,False,True,True,False,,,,6,PRUNED
718,718,,2023-08-18 08:22:03.177898,2023-08-18 08:22:09.203061,0 days 00:00:06.025163,True,False,True,False,False,True,True,True,True,False,False,True,False,True,,,,6,PRUNED
719,719,,2023-08-18 08:22:09.312769,2023-08-18 08:22:17.974549,0 days 00:00:08.661780,True,False,True,False,False,True,True,True,True,False,False,True,False,False,,,,6,PRUNED
