,number,value,datetime_start,datetime_complete,duration,params_mut_0,params_mut_13,params_mut_17,params_mut_20,params_mut_21,params_mut_28,params_mut_32,params_mut_34,params_mut_35,params_mut_42,params_mut_55,params_mut_58,params_mut_8,params_mut_9,user_attrs_pdb_file,user_attrs_raw_result,user_attrs_variant_seq,system_attrs_nsga2:generation,state
88,88,,2023-08-17 15:23:07.641366,2023-08-17 15:23:13.334046,0 days 00:00:05.692680,True,False,False,False,False,True,True,True,False,False,True,True,False,False,,,,1,PRUNED
89,89,,2023-08-17 15:23:13.360735,2023-08-17 15:23:22.510211,0 days 00:00:09.149476,True,False,False,True,False,True,True,True,False,False,True,True,False,False,,,,1,PRUNED
90,90,-148.33701850191989,2023-08-17 15:23:22.533155,2023-08-17 16:46:16.389753,0 days 01:22:53.856598,False,False,False,False,False,True,True,True,False,False,False,True,False,True,/mmfs1/gscratch/cheme/usr/evankomp/repos/nomelt/data/enh/optimize_enh1/enh_vs_translate/-7411682007585132419,"[-148.33701850191989, 3.045326150132503]",DKRPRTAFSAEQLARLKREFNENRYLTEQRRQELASELGLNEAQIKIWFQNKRAKIKKAAG,1,COMPLETE
91,91,,2023-08-17 15:32:06.258956,2023-08-17 15:32:10.884637,0 days 00:00:04.625681,False,True,False,True,False,True,False,True,True,False,True,True,True,False,,,,1,PRUNED
92,92,,2023-08-17 15:32:10.904348,2023-08-17 15:32:12.277180,0 days 00:00:01.372832,False,False,False,True,True,True,True,True,False,False,True,True,False,False,,,,1,PRUNED
93,93,,2023-08-17 15:32:12.299242,2023-08-17 15:32:16.443284,0 days 00:00:04.144042,True,False,False,False,True,True,True,True,False,False,True,True,False,False,,,,1,PRUNED
94,94,,2023-08-17 15:32:16.463690,2023-08-17 15:32:18.539350,0 days 00:00:02.075660,True,False,False,True,False,True,False,True,True,False,True,True,False,False,,,,1,PRUNED
95,95,,2023-08-17 15:32:18.560932,2023-08-17 15:32:26.630243,0 days 00:00:08.069311,True,False,False,False,True,True,True,True,False,True,False,False,False,True,,,,1,PRUNED
96,96,,2023-08-17 15:32:26.653671,2023-08-17 15:32:35.298792,0 days 00:00:08.645121,True,False,False,False,False,True,True,True,False,False,True,True,False,False,,,,1,PRUNED
97,97,,2023-08-17 15:32:35.324707,2023-08-17 15:32:45.348534,0 days 00:00:10.023827,True,False,False,True,False,True,True,True,False,False,True,True,False,False,,,,1,PRUNED
98,98,,2023-08-17 15:32:45.369856,2023-08-17 15:32:47.019432,0 days 00:00:01.649576,False,False,False,False,False,True,True,True,False,False,False,True,False,True,,,,1,PRUNED
99,99,-146.909857081648,2023-08-17 15:32:47.041954,2023-08-17 16:56:30.682425,0 days 01:23:43.640471,False,False,False,True,False,True,True,True,False,True,True,True,False,False,/mmfs1/gscratch/cheme/usr/evankomp/repos/nomelt/data/enh/optimize_enh1/enh_vs_translate/-4519426552599135032,"[-146.909857081648, 2.9161941853514137]",DKRPRTAFSSEQLARLKREFQENRYLTEQRRQELASELGLNESQIKIWFQNKRAKLKKAAG,1,COMPLETE
100,100,,2023-08-17 16:38:03.675193,2023-08-17 16:38:05.939786,0 days 00:00:02.264593,True,False,False,False,True,True,True,True,False,False,True,True,False,False,,,,1,PRUNED
101,101,,2023-08-17 16:38:05.955930,2023-08-17 16:38:09.461432,0 days 00:00:03.505502,True,False,False,True,False,True,False,True,True,False,True,True,False,False,,,,1,PRUNED
102,102,,2023-08-17 16:38:09.480256,2023-08-17 16:38:12.911333,0 days 00:00:03.431077,True,False,False,False,True,True,True,True,False,True,False,False,False,True,,,,1,PRUNED
103,103,,2023-08-17 16:38:10.735221,2023-08-17 16:38:18.416823,0 days 00:00:07.681602,True,False,False,True,False,True,False,True,True,False,True,True,False,False,,,,1,PRUNED
104,104,,2023-08-17 16:38:12.931453,2023-08-17 16:38:20.841994,0 days 00:00:07.910541,True,False,False,False,False,True,True,True,False,False,True,True,False,False,,,,1,PRUNED
105,105,,2023-08-17 16:38:18.435674,2023-08-17 16:38:21.420689,0 days 00:00:02.985015,True,False,False,False,True,True,True,True,False,True,False,False,False,True,,,,1,PRUNED
106,106,,2023-08-17 16:38:20.864572,2023-08-17 16:38:25.147619,0 days 00:00:04.283047,True,False,False,True,False,True,True,True,False,False,True,True,False,False,,,,1,PRUNED
107,107,,2023-08-17 16:38:21.440671,2023-08-17 16:38:31.161501,0 days 00:00:09.720830,True,False,False,False,False,True,True,True,False,False,True,True,False,False,,,,1,PRUNED
108,108,,2023-08-17 16:38:25.165191,2023-08-17 16:38:34.596975,0 days 00:00:09.431784,False,False,False,False,False,True,True,True,False,False,False,True,False,True,,,,1,PRUNED
109,109,,2023-08-17 16:38:31.185636,2023-08-17 16:38:41.126952,0 days 00:00:09.941316,True,False,False,True,False,True,True,True,False,False,True,True,False,False,,,,1,PRUNED
110,110,,2023-08-17 16:38:34.620251,2023-08-17 16:38:38.092336,0 days 00:00:03.472085,False,False,False,True,False,True,True,True,False,True,True,True,False,False,,,,1,PRUNED
111,111,-146.83617167738257,2023-08-17 16:38:38.112418,2023-08-17 18:00:19.971557,0 days 01:21:41.859139,True,False,False,True,False,True,True,True,False,False,False,True,False,False,/mmfs1/gscratch/cheme/usr/evankomp/repos/nomelt/data/enh/optimize_enh1/enh_vs_translate/-8129490473779054910,"[-146.83617167738257, 4.318640435115404]",GKRPRTAFSSEQLARLKREFQENRYLTEQRRQELASELGLNEAQIKIWFQNKRAKIKKAAG,1,COMPLETE
112,112,,2023-08-17 16:38:41.148284,2023-08-17 16:38:46.953080,0 days 00:00:05.804796,False,False,False,False,False,True,True,True,False,False,False,True,False,True,,,,1,PRUNED
113,113,,2023-08-17 16:38:46.973005,2023-08-17 16:38:50.433460,0 days 00:00:03.460455,False,False,False,True,False,True,True,True,False,True,True,True,False,False,,,,1,PRUNED
114,114,,2023-08-17 16:38:50.457064,2023-08-17 16:38:52.610145,0 days 00:00:02.153081,True,False,False,True,False,True,True,True,False,False,False,True,False,False,,,,1,PRUNED
115,115,-148.70732672822658,2023-08-17 16:38:52.635709,2023-08-17 18:00:15.384950,0 days 01:21:22.749241,True,False,False,True,False,True,True,True,False,False,True,True,False,True,/mmfs1/gscratch/cheme/usr/evankomp/repos/nomelt/data/enh/optimize_enh1/enh_vs_translate/5870731333686056344,"[-148.70732672822658, 2.46950141306186]",GKRPRTAFSAEQLARLKREFQENRYLTEQRRQELASELGLNEAQIKIWFQNKRAKLKKAAG,1,COMPLETE
116,116,-146.31000827487102,2023-08-17 16:41:26.854100,2023-08-17 18:04:51.537222,0 days 01:23:24.683122,False,False,False,False,False,True,True,True,False,True,False,True,False,False,/mmfs1/gscratch/cheme/usr/evankomp/repos/nomelt/data/enh/optimize_enh1/enh_vs_translate/-8295814813629110889,"[-146.31000827487102, 3.202207456363852]",DKRPRTAFSSEQLARLKREFNENRYLTEQRRQELASELGLNESQIKIWFQNKRAKIKKAAG,2,COMPLETE
117,117,-147.08653930537537,2023-08-17 16:43:00.472447,2023-08-17 18:04:59.808108,0 days 01:21:59.335661,True,False,False,True,False,True,True,True,False,False,True,True,True,False,/mmfs1/gscratch/cheme/usr/evankomp/repos/nomelt/data/enh/optimize_enh1/enh_vs_translate/-4656577298263214260,"[-147.08653930537537, 2.1071632553777846]",GKRPRTAFTSEQLARLKREFQENRYLTEQRRQELASELGLNEAQIKIWFQNKRAKLKKAAG,2,COMPLETE
118,118,-144.18008417697837,2023-08-17 16:46:16.412523,2023-08-17 18:09:50.932584,0 days 01:23:34.520061,False,False,False,True,False,True,True,False,False,True,True,True,False,False,/mmfs1/gscratch/cheme/usr/evankomp/repos/nomelt/data/enh/optimize_enh1/enh_vs_translate/1153541789246671136,"[-144.18008417697837, 3.170348973273085]",DKRPRTAFSSEQLARLKREFQENRYLTEQRRQELSSELGLNESQIKIWFQNKRAKLKKAAG,2,COMPLETE
119,119,,2023-08-17 16:46:17.158411,2023-08-17 16:46:25.411561,0 days 00:00:08.253150,True,False,False,True,False,True,True,True,False,False,True,True,True,False,,,,2,PRUNED
120,120,-147.73448304588337,2023-08-17 16:46:25.435044,2023-08-17 18:09:49.268382,0 days 01:23:23.833338,True,False,False,True,False,True,True,True,False,True,False,True,False,False,/mmfs1/gscratch/cheme/usr/evankomp/repos/nomelt/data/enh/optimize_enh1/enh_vs_translate/8029967428564774281,"[-147.73448304588337, 3.2673657323630514]",GKRPRTAFSSEQLARLKREFQENRYLTEQRRQELASELGLNESQIKIWFQNKRAKIKKAAG,2,COMPLETE
121,121,-147.48087914121584,2023-08-17 16:56:30.931420,2023-08-17 18:20:28.197836,0 days 01:23:57.266416,False,False,False,True,False,True,True,False,False,False,False,True,False,True,/mmfs1/gscratch/cheme/usr/evankomp/repos/nomelt/data/enh/optimize_enh1/enh_vs_translate/-432574418797853295,"[-147.48087914121584, 2.284165848783926]",DKRPRTAFSAEQLARLKREFQENRYLTEQRRQELSSELGLNEAQIKIWFQNKRAKIKKAAG,2,COMPLETE
122,122,-144.93868599119355,2023-08-17 18:00:16.195570,2023-08-17 19:22:33.405848,0 days 01:22:17.210278,True,False,False,True,False,True,False,True,False,False,False,True,True,False,/mmfs1/gscratch/cheme/usr/evankomp/repos/nomelt/data/enh/optimize_enh1/enh_vs_translate/59327836386688248,"[-144.93868599119355, 2.844358899722584]",GKRPRTAFTSEQLARLKREFQENRYLTEQRRQQLASELGLNEAQIKIWFQNKRAKIKKAAG,2,COMPLETE
123,123,,2023-08-17 18:00:20.848713,2023-08-17 18:00:32.112874,0 days 00:00:11.264161,True,False,False,True,False,True,True,True,False,False,True,True,False,False,,,,2,PRUNED
124,124,,2023-08-17 18:00:32.269967,2023-08-17 18:00:41.977534,0 days 00:00:09.707567,True,False,False,True,False,True,False,True,False,False,False,True,True,False,,,,2,PRUNED
125,125,,2023-08-17 18:00:42.140981,2023-08-17 18:00:46.057458,0 days 00:00:03.916477,True,False,False,True,False,True,True,True,False,False,True,True,False,False,,,,2,PRUNED
126,126,-148.6733948339558,2023-08-17 18:00:46.207674,2023-08-17 19:23:14.127388,0 days 01:22:27.919714,True,False,False,False,False,True,True,True,False,False,True,True,False,True,/mmfs1/gscratch/cheme/usr/evankomp/repos/nomelt/data/enh/optimize_enh1/enh_vs_translate/8627129289855320223,"[-148.6733948339558, 2.19111240551999]",GKRPRTAFSAEQLARLKREFNENRYLTEQRRQELASELGLNEAQIKIWFQNKRAKLKKAAG,2,COMPLETE
127,127,,2023-08-17 18:04:51.921101,2023-08-17 18:04:53.287898,0 days 00:00:01.366797,False,False,False,True,False,True,True,False,False,False,False,True,False,True,,,,2,PRUNED
128,128,,2023-08-17 18:04:53.310471,2023-08-17 18:05:01.320060,0 days 00:00:08.009589,True,False,False,True,False,True,True,True,False,False,True,True,False,False,,,,2,PRUNED
129,129,,2023-08-17 18:04:59.837028,2023-08-17 18:05:09.371475,0 days 00:00:09.534447,True,False,False,True,False,True,True,True,False,False,True,True,False,False,,,,2,PRUNED
130,130,,2023-08-17 18:05:01.341864,2023-08-17 18:05:04.502643,0 days 00:00:03.160779,True,False,False,True,False,True,True,False,False,False,True,True,True,False,,,,2,PRUNED
131,131,,2023-08-17 18:05:04.526554,2023-08-17 18:05:08.208338,0 days 00:00:03.681784,True,False,False,True,False,True,True,True,False,False,True,True,False,False,,,,2,PRUNED
132,132,-149.0291659703348,2023-08-17 18:05:08.741093,2023-08-17 19:38:26.895081,0 days 01:33:18.153988,True,False,False,True,False,True,True,True,False,False,False,True,False,True,/mmfs1/gscratch/cheme/usr/evankomp/repos/nomelt/data/enh/optimize_enh1/enh_vs_translate/-1316299887345710947,"[-149.0291659703348, 3.173300161950088]",GKRPRTAFSAEQLARLKREFQENRYLTEQRRQELASELGLNEAQIKIWFQNKRAKIKKAAG,2,COMPLETE
133,133,,2023-08-17 18:05:09.400103,2023-08-17 18:05:09.956771,0 days 00:00:00.556668,True,False,False,True,False,True,True,False,False,False,True,True,True,False,,,,2,PRUNED
134,134,,2023-08-17 18:05:09.984080,2023-08-17 18:05:11.202628,0 days 00:00:01.218548,True,False,False,True,False,True,True,True,False,False,True,True,False,False,,,,2,PRUNED
135,135,-148.26447899499112,2023-08-17 18:05:11.228501,2023-08-17 19:27:03.422949,0 days 01:21:52.194448,True,False,False,True,False,True,True,True,False,False,False,True,False,True,/mmfs1/gscratch/cheme/usr/evankomp/repos/nomelt/data/enh/optimize_enh1/enh_vs_translate/9154178423427052122,"[-148.26447899499112, 2.970794662093088]",GKRPRTAFSAEQLARLKREFQENRYLTEQRRQELASELGLNEAQIKIWFQNKRAKIKKAAG,2,COMPLETE
136,136,,2023-08-17 18:09:49.507737,2023-08-17 18:09:52.728935,0 days 00:00:03.221198,True,False,False,True,False,True,True,True,False,False,True,True,False,False,,,,2,PRUNED
137,137,,2023-08-17 18:09:50.989576,2023-08-17 18:09:58.998786,0 days 00:00:08.009210,True,False,False,True,False,True,True,True,False,False,False,True,False,True,,,,2,PRUNED
138,138,,2023-08-17 18:09:52.751714,2023-08-17 18:09:57.019992,0 days 00:00:04.268278,True,False,False,True,False,True,True,True,False,False,False,True,False,True,,,,2,PRUNED
139,139,,2023-08-17 18:09:57.048927,2023-08-17 18:10:06.070430,0 days 00:00:09.021503,True,False,False,True,False,True,True,True,False,False,True,True,False,False,,,,2,PRUNED
140,140,,2023-08-17 18:09:59.028006,2023-08-17 18:10:04.660257,0 days 00:00:05.632251,True,False,False,True,False,True,True,True,False,False,True,True,False,False,,,,2,PRUNED
141,141,,2023-08-17 18:10:05.205856,2023-08-17 18:10:06.564600,0 days 00:00:01.358744,True,False,False,True,False,True,False,True,False,False,False,True,True,False,,,,2,PRUNED
142,142,,2023-08-17 18:10:06.592862,2023-08-17 18:10:13.235680,0 days 00:00:06.642818,True,False,False,True,False,True,True,True,False,False,True,True,False,False,,,,2,PRUNED
143,143,,2023-08-17 18:10:06.626262,2023-08-17 18:10:13.078551,0 days 00:00:06.452289,True,False,False,True,False,True,False,True,False,False,False,True,True,False,,,,2,PRUNED
144,144,,2023-08-17 18:10:13.101031,2023-08-17 18:10:14.908770,0 days 00:00:01.807739,True,False,False,True,False,True,True,True,False,False,True,True,False,False,,,,2,PRUNED
145,145,,2023-08-17 18:10:13.264454,2023-08-17 18:10:22.271259,0 days 00:00:09.006805,True,False,False,False,False,True,True,True,False,False,True,True,False,True,,,,2,PRUNED
146,146,,2023-08-17 18:10:14.939574,2023-08-17 18:10:21.850714,0 days 00:00:06.911140,True,False,False,False,False,True,True,True,False,False,True,True,False,True,,,,2,PRUNED
147,147,-145.49751398576961,2023-08-17 18:10:21.878372,2023-08-17 19:33:47.364162,0 days 01:23:25.485790,True,False,False,False,False,True,False,True,False,False,True,True,False,False,/mmfs1/gscratch/cheme/usr/evankomp/repos/nomelt/data/enh/optimize_enh1/enh_vs_translate/-2126534973798909105,"[-145.49751398576961, 3.3413135247281733]",GKRPRTAFSSEQLARLKREFNENRYLTEQRRQQLASELGLNEAQIKIWFQNKRAKLKKAAG,2,COMPLETE
148,148,-145.82886482528974,2023-08-17 18:10:22.300694,2023-08-17 19:38:28.717661,0 days 01:28:06.416967,True,False,False,False,False,True,False,True,False,False,True,True,False,False,/mmfs1/gscratch/cheme/usr/evankomp/repos/nomelt/data/enh/optimize_enh1/enh_vs_translate/5586576003723250,"[-145.82886482528974, 2.89365791451657]",GKRPRTAFSSEQLARLKREFNENRYLTEQRRQQLASELGLNEAQIKIWFQNKRAKLKKAAG,2,COMPLETE
149,149,,2023-08-17 18:20:28.230305,2023-08-17 18:20:32.299754,0 days 00:00:04.069449,True,False,False,True,False,True,True,True,False,False,True,True,False,False,,,,2,PRUNED
150,150,,2023-08-17 18:20:32.876568,2023-08-17 18:20:41.368491,0 days 00:00:08.491923,True,False,False,True,False,True,False,True,False,False,False,True,True,False,,,,2,PRUNED
151,151,,2023-08-17 18:20:41.401916,2023-08-17 18:20:41.787728,0 days 00:00:00.385812,True,False,False,True,False,True,True,True,False,False,True,True,False,False,,,,2,PRUNED
152,152,,2023-08-17 18:20:41.818863,2023-08-17 18:20:51.239819,0 days 00:00:09.420956,True,False,False,False,False,True,True,True,False,False,True,True,False,True,,,,2,PRUNED
153,153,,2023-08-17 18:20:51.273225,2023-08-17 18:20:56.425684,0 days 00:00:05.152459,True,False,False,False,False,True,False,True,False,False,True,True,False,False,,,,2,PRUNED
154,154,-147.33566035359087,2023-08-17 18:20:56.459112,2023-08-17 19:45:14.571251,0 days 01:24:18.112139,True,False,False,True,False,False,True,True,False,True,True,True,False,False,/mmfs1/gscratch/cheme/usr/evankomp/repos/nomelt/data/enh/optimize_enh1/enh_vs_translate/3345212032264419802,"[-147.33566035359087, 3.9546535746669935]",GKRPRTAFSSEQLARLKREFQENRYLTERRRQELASELGLNESQIKIWFQNKRAKLKKAAG,2,COMPLETE
155,155,,2023-08-17 19:22:33.602087,2023-08-17 19:22:38.459000,0 days 00:00:04.856913,True,False,False,True,False,True,True,True,False,False,True,True,False,False,,,,2,PRUNED
156,156,,2023-08-17 19:22:38.637062,2023-08-17 19:22:50.607156,0 days 00:00:11.970094,True,False,False,False,False,True,True,True,False,False,True,True,False,True,,,,2,PRUNED
157,157,,2023-08-17 19:22:50.792529,2023-08-17 19:22:53.328281,0 days 00:00:02.535752,True,False,False,False,False,True,False,True,False,False,True,True,False,False,,,,2,PRUNED
158,158,,2023-08-17 19:22:53.489798,2023-08-17 19:23:00.997086,0 days 00:00:07.507288,True,False,False,True,False,False,True,True,False,True,True,True,False,False,,,,2,PRUNED
159,159,-144.54043622982547,2023-08-17 19:23:01.173485,2023-08-17 20:44:32.551914,0 days 01:21:31.378429,False,False,False,True,False,True,False,False,False,False,True,True,True,False,/mmfs1/gscratch/cheme/usr/evankomp/repos/nomelt/data/enh/optimize_enh1/enh_vs_translate/-1403697514343311352,"[-144.54043622982547, 2.1748356717830397]",DKRPRTAFTSEQLARLKREFQENRYLTEQRRQQLSSELGLNEAQIKIWFQNKRAKLKKAAG,2,COMPLETE
160,160,,2023-08-17 19:23:14.503828,2023-08-17 19:23:19.521256,0 days 00:00:05.017428,True,False,False,False,False,True,False,True,False,False,True,True,False,False,,,,2,PRUNED
161,161,,2023-08-17 19:23:19.677292,2023-08-17 19:23:23.454372,0 days 00:00:03.777080,True,False,False,True,False,False,True,True,False,True,True,True,False,False,,,,2,PRUNED
162,162,,2023-08-17 19:23:23.629561,2023-08-17 19:23:35.270584,0 days 00:00:11.641023,False,False,False,True,False,True,False,False,False,False,True,True,True,False,,,,2,PRUNED
163,163,,2023-08-17 19:23:35.439784,2023-08-17 19:23:38.502751,0 days 00:00:03.062967,True,False,False,True,False,True,True,True,False,False,True,True,False,True,,,,2,PRUNED
164,164,,2023-08-17 19:23:38.699531,2023-08-17 19:23:49.025750,0 days 00:00:10.326219,True,False,False,True,False,True,True,True,False,False,True,True,True,False,,,,2,PRUNED
165,165,-150.0334066866297,2023-08-17 19:23:49.221483,2023-08-17 20:45:31.310583,0 days 01:21:42.089100,True,False,False,False,False,True,True,True,False,False,False,True,False,True,/mmfs1/gscratch/cheme/usr/evankomp/repos/nomelt/data/enh/optimize_enh1/enh_vs_translate/-6197896817005539186,"[-150.0334066866297, 2.218766648571399]",GKRPRTAFSAEQLARLKREFNENRYLTEQRRQELASELGLNEAQIKIWFQNKRAKIKKAAG,2,COMPLETE
166,166,,2023-08-17 19:27:04.307017,2023-08-17 19:27:07.701688,0 days 00:00:03.394671,True,False,False,True,False,True,True,True,False,False,True,True,False,False,,,,2,PRUNED
167,167,,2023-08-17 19:27:07.875931,2023-08-17 19:27:19.558402,0 days 00:00:11.682471,True,False,False,True,False,True,False,True,False,False,False,True,True,False,,,,2,PRUNED
168,168,,2023-08-17 19:27:19.728210,2023-08-17 19:27:26.652986,0 days 00:00:06.924776,True,False,False,True,False,True,True,True,False,False,True,True,False,False,,,,2,PRUNED
169,169,,2023-08-17 19:27:26.811256,2023-08-17 19:27:35.635631,0 days 00:00:08.824375,True,False,False,False,False,True,True,True,False,False,True,True,False,True,,,,2,PRUNED
170,170,,2023-08-17 19:27:35.794383,2023-08-17 19:27:44.261598,0 days 00:00:08.467215,True,False,False,False,False,True,False,True,False,False,True,True,False,False,,,,2,PRUNED
171,171,,2023-08-17 19:27:44.440150,2023-08-17 19:27:53.989127,0 days 00:00:09.548977,True,False,False,True,False,False,True,True,False,True,True,True,False,False,,,,2,PRUNED
172,172,,2023-08-17 19:27:54.150895,2023-08-17 19:27:57.549759,0 days 00:00:03.398864,False,False,False,True,False,True,False,False,False,False,True,True,True,False,,,,2,PRUNED
173,173,,2023-08-17 19:27:57.724309,2023-08-17 19:28:04.485451,0 days 00:00:06.761142,True,False,False,True,False,True,True,True,False,False,True,True,False,True,,,,2,PRUNED
174,174,,2023-08-17 19:28:04.660049,2023-08-17 19:28:16.390946,0 days 00:00:11.730897,True,False,False,True,False,True,True,True,False,False,True,True,True,False,,,,2,PRUNED
175,175,,2023-08-17 19:28:16.550090,2023-08-17 19:28:18.879111,0 days 00:00:02.329021,True,False,False,False,False,True,True,True,False,False,False,True,False,True,,,,2,PRUNED
176,176,-146.17147983581302,2023-08-17 19:28:19.055312,2023-08-17 20:49:37.178952,0 days 01:21:18.123640,False,False,False,True,False,True,True,False,False,False,True,True,False,True,/mmfs1/gscratch/cheme/usr/evankomp/repos/nomelt/data/enh/optimize_enh1/enh_vs_translate/8528038662812738796,"[-146.17147983581302, 3.056400708082563]",DKRPRTAFSAEQLARLKREFQENRYLTEQRRQELSSELGLNEAQIKIWFQNKRAKLKKAAG,2,COMPLETE
177,177,,2023-08-17 19:33:47.464339,2023-08-17 19:33:53.687362,0 days 00:00:06.223023,True,False,False,True,False,False,True,True,False,True,True,True,False,False,,,,2,PRUNED
178,178,,2023-08-17 19:33:53.718164,2023-08-17 19:33:55.910212,0 days 00:00:02.192048,False,False,False,True,False,True,False,False,False,False,True,True,True,False,,,,2,PRUNED
179,179,,2023-08-17 19:33:55.943956,2023-08-17 19:34:04.223844,0 days 00:00:08.279888,True,False,False,True,False,True,True,True,False,False,True,True,False,True,,,,2,PRUNED
180,180,,2023-08-17 19:34:04.254700,2023-08-17 19:34:14.089148,0 days 00:00:09.834448,True,False,False,True,False,True,True,True,False,False,True,True,True,False,,,,2,PRUNED
181,181,,2023-08-17 19:34:14.123852,2023-08-17 19:34:19.566511,0 days 00:00:05.442659,True,False,False,False,False,True,True,True,False,False,False,True,False,True,,,,2,PRUNED
182,182,,2023-08-17 19:34:19.597690,2023-08-17 19:34:21.287970,0 days 00:00:01.690280,False,False,False,True,False,True,True,False,False,False,True,True,False,True,,,,2,PRUNED
183,183,,2023-08-17 19:34:21.862873,2023-08-17 19:34:23.131405,0 days 00:00:01.268532,True,False,False,True,False,True,True,False,False,False,True,True,True,False,,,,2,PRUNED
184,184,-147.17039428805145,2023-08-17 19:34:23.164979,2023-08-17 20:58:08.432775,0 days 01:23:45.267796,False,False,False,True,False,True,True,True,False,False,True,True,False,True,/mmfs1/gscratch/cheme/usr/evankomp/repos/nomelt/data/enh/optimize_enh1/enh_vs_translate/-7436605054257042667,"[-147.17039428805145, 2.4710926329265264]",DKRPRTAFSAEQLARLKREFQENRYLTEQRRQELASELGLNEAQIKIWFQNKRAKLKKAAG,2,COMPLETE
