,number,value,datetime_start,datetime_complete,duration,params_mut_0,params_mut_13,params_mut_17,params_mut_20,params_mut_21,params_mut_28,params_mut_32,params_mut_34,params_mut_35,params_mut_42,params_mut_55,params_mut_58,params_mut_8,params_mut_9,user_attrs_pdb_file,user_attrs_raw_result,user_attrs_variant_seq,system_attrs_nsga2:generation,state
185,185,,2023-08-17 19:38:27.048940,2023-08-17 19:38:32.102644,0 days 00:00:05.053704,True,False,False,True,False,True,True,True,False,False,False,True,False,False,,,,3,PRUNED
186,186,-148.50978018664674,2023-08-17 19:38:28.851180,2023-08-17 21:02:05.048595,0 days 01:23:36.197415,True,False,False,True,False,False,True,True,False,False,True,True,False,True,/mmfs1/gscratch/cheme/usr/evankomp/repos/nomelt/data/enh/optimize_enh1/enh_vs_translate/-2159288156635811684,"[-148.50978018664674, 2.582687653281709]",GKRPRTAFSAEQLARLKREFQENRYLTERRRQELASELGLNEAQIKIWFQNKRAKLKKAAG,3,COMPLETE
187,187,-145.54085735295286,2023-08-17 19:38:32.138786,2023-08-17 21:07:30.197966,0 days 01:28:58.059180,True,False,False,False,False,True,False,True,False,False,False,True,False,True,/mmfs1/gscratch/cheme/usr/evankomp/repos/nomelt/data/enh/optimize_enh1/enh_vs_translate/6791898225502522293,"[-145.54085735295286, 3.766865984930635]",GKRPRTAFSAEQLARLKREFNENRYLTEQRRQQLASELGLNEAQIKIWFQNKRAKIKKAAG,3,COMPLETE
188,188,-146.79947340438184,2023-08-17 19:45:14.811682,2023-08-17 21:08:29.971702,0 days 01:23:15.160020,False,False,False,True,False,True,False,True,False,False,False,True,False,True,/mmfs1/gscratch/cheme/usr/evankomp/repos/nomelt/data/enh/optimize_enh1/enh_vs_translate/2455484276595090247,"[-146.79947340438184, 1.654434706491328]",DKRPRTAFSAEQLARLKREFQENRYLTEQRRQQLASELGLNEAQIKIWFQNKRAKIKKAAG,3,COMPLETE
189,189,,2023-08-17 20:44:32.758117,2023-08-17 20:44:36.298356,0 days 00:00:03.540239,True,False,False,False,False,True,True,True,False,False,False,True,False,True,,,,3,PRUNED
190,190,,2023-08-17 20:44:36.329451,2023-08-17 20:44:44.250965,0 days 00:00:07.921514,False,False,False,False,False,True,True,True,False,False,False,True,False,True,,,,3,PRUNED
191,191,,2023-08-17 20:44:44.282173,2023-08-17 20:44:49.784966,0 days 00:00:05.502793,True,False,False,True,False,True,True,True,False,False,True,True,False,True,,,,3,PRUNED
192,192,,2023-08-17 20:44:50.369221,2023-08-17 20:44:53.123083,0 days 00:00:02.753862,True,False,False,False,False,True,True,True,False,False,False,True,False,True,,,,3,PRUNED
193,193,,2023-08-17 20:44:53.157583,2023-08-17 20:44:58.892673,0 days 00:00:05.735090,True,False,False,True,False,True,True,True,False,False,True,True,False,False,,,,3,PRUNED
194,194,,2023-08-17 20:44:58.923544,2023-08-17 20:45:02.252544,0 days 00:00:03.329000,True,False,False,True,False,True,True,True,False,False,False,True,False,True,,,,3,PRUNED
195,195,-137.23863188958575,2023-08-17 20:45:02.286743,2023-08-17 22:05:56.508065,0 days 01:20:54.221322,True,True,False,True,False,True,True,True,False,False,True,False,True,False,/mmfs1/gscratch/cheme/usr/evankomp/repos/nomelt/data/enh/optimize_enh1/enh_vs_translate/2706957966010469403,"[-137.23863188958575, 3.7048029832942384]",GKRPRTAFTSEQLQRLKREFQENRYLTEQRRQELASELGLNEAQIKIWFQNKRAKLKK,3,COMPLETE
196,196,,2023-08-17 20:45:31.998767,2023-08-17 20:45:33.506371,0 days 00:00:01.507604,True,False,False,False,False,True,True,True,False,False,True,True,False,True,,,,3,PRUNED
197,197,,2023-08-17 20:45:33.543105,2023-08-17 20:45:38.843209,0 days 00:00:05.300104,True,False,False,True,False,True,True,True,False,False,True,True,False,False,,,,3,PRUNED
198,198,,2023-08-17 20:45:38.877799,2023-08-17 20:45:42.466657,0 days 00:00:03.588858,True,False,False,False,False,True,True,True,False,False,False,True,False,True,,,,3,PRUNED
199,199,-137.7313031953282,2023-08-17 20:45:42.506841,2023-08-17 22:06:48.860262,0 days 01:21:06.353421,True,True,False,True,False,True,True,True,False,False,False,False,True,True,/mmfs1/gscratch/cheme/usr/evankomp/repos/nomelt/data/enh/optimize_enh1/enh_vs_translate/5806821846988229492,"[-137.7313031953282, 3.482041092774698]",GKRPRTAFTAEQLQRLKREFQENRYLTEQRRQELASELGLNEAQIKIWFQNKRAKIKK,3,COMPLETE
200,200,,2023-08-17 20:49:37.219271,2023-08-17 20:49:43.477264,0 days 00:00:06.257993,True,False,False,True,False,True,True,True,False,False,True,True,False,False,,,,3,PRUNED
201,201,,2023-08-17 20:49:43.517894,2023-08-17 20:49:52.381454,0 days 00:00:08.863560,True,False,False,False,False,True,True,True,False,False,False,True,False,True,,,,3,PRUNED
202,202,,2023-08-17 20:49:52.422275,2023-08-17 20:49:54.765551,0 days 00:00:02.343276,True,True,False,True,False,True,True,True,False,False,False,False,True,True,,,,3,PRUNED
203,203,-146.51170082058178,2023-08-17 20:49:54.810451,2023-08-17 22:11:28.420094,0 days 01:21:33.609643,True,True,False,False,False,True,True,True,False,False,False,True,False,True,/mmfs1/gscratch/cheme/usr/evankomp/repos/nomelt/data/enh/optimize_enh1/enh_vs_translate/4962460941503909074,"[-146.51170082058178, 3.3770822336475113]",GKRPRTAFSAEQLQRLKREFNENRYLTEQRRQELASELGLNEAQIKIWFQNKRAKIKKAAG,3,COMPLETE
204,204,,2023-08-17 20:58:08.503990,2023-08-17 20:58:14.098755,0 days 00:00:05.594765,True,True,False,True,False,True,True,True,False,False,False,False,True,True,,,,3,PRUNED
205,205,,2023-08-17 20:58:14.136159,2023-08-17 20:58:23.298131,0 days 00:00:09.161972,True,True,False,False,False,True,True,True,False,False,False,True,False,True,,,,3,PRUNED
206,206,,2023-08-17 20:58:23.334227,2023-08-17 20:58:33.235576,0 days 00:00:09.901349,True,False,False,True,False,True,True,True,False,False,False,True,False,True,,,,3,PRUNED
207,207,-139.98298147751217,2023-08-17 20:58:33.272189,2023-08-17 22:21:08.037130,0 days 01:22:34.764941,True,False,True,False,False,True,True,True,False,False,False,False,True,True,/mmfs1/gscratch/cheme/usr/evankomp/repos/nomelt/data/enh/optimize_enh1/enh_vs_translate/5802882520497938280,"[-139.98298147751217, 3.468538195587237]",GKRPRTAFTAEQLARLKAEFNENRYLTEQRRQELASELGLNEAQIKIWFQNKRAKIKK,3,COMPLETE
208,208,-146.0226181902108,2023-08-17 21:02:05.082901,2023-08-17 22:25:30.283685,0 days 01:23:25.200784,False,False,False,True,False,True,False,True,False,False,True,True,False,True,/mmfs1/gscratch/cheme/usr/evankomp/repos/nomelt/data/enh/optimize_enh1/enh_vs_translate/-2238798975527474586,"[-146.0226181902108, 2.7699110060045093]",DKRPRTAFSAEQLARLKREFQENRYLTEQRRQQLASELGLNEAQIKIWFQNKRAKLKKAAG,3,COMPLETE
209,209,,2023-08-17 21:07:30.425387,2023-08-17 21:07:34.708115,0 days 00:00:04.282728,True,False,False,False,False,True,True,True,False,False,False,True,False,True,,,,3,PRUNED
210,210,,2023-08-17 21:07:34.751278,2023-08-17 21:07:39.598355,0 days 00:00:04.847077,True,False,False,False,False,True,True,True,False,False,False,True,False,True,,,,3,PRUNED
211,211,-145.63865288208999,2023-08-17 21:07:39.637612,2023-08-17 22:30:44.244879,0 days 01:23:04.607267,True,False,False,True,False,True,False,True,False,False,True,True,False,True,/mmfs1/gscratch/cheme/usr/evankomp/repos/nomelt/data/enh/optimize_enh1/enh_vs_translate/-8350648705355709510,"[-145.63865288208999, 3.1490545360142046]",GKRPRTAFSAEQLARLKREFQENRYLTEQRRQQLASELGLNEAQIKIWFQNKRAKLKKAAG,3,COMPLETE
212,212,,2023-08-17 21:08:30.015273,2023-08-17 21:08:31.911943,0 days 00:00:01.896670,True,False,False,False,False,True,True,True,False,False,True,True,False,True,,,,3,PRUNED
213,213,,2023-08-17 21:08:31.955471,2023-08-17 21:08:35.968272,0 days 00:00:04.012801,True,False,False,True,False,True,True,True,False,False,True,True,False,True,,,,3,PRUNED
214,214,,2023-08-17 21:08:36.013586,2023-08-17 21:08:42.298081,0 days 00:00:06.284495,True,False,False,True,False,True,True,True,False,False,False,True,False,True,,,,3,PRUNED
215,215,,2023-08-17 21:08:42.918000,2023-08-17 21:08:50.812188,0 days 00:00:07.894188,True,False,False,False,False,True,True,True,False,False,True,True,False,True,,,,3,PRUNED
216,216,,2023-08-17 21:08:50.860311,2023-08-17 21:09:00.150837,0 days 00:00:09.290526,True,False,False,True,False,True,True,True,False,False,True,True,False,False,,,,3,PRUNED
217,217,,2023-08-17 21:09:00.194665,2023-08-17 21:09:05.921812,0 days 00:00:05.727147,True,False,False,False,False,True,True,True,False,False,False,True,False,True,,,,3,PRUNED
218,218,,2023-08-17 21:09:05.965169,2023-08-17 21:09:10.550669,0 days 00:00:04.585500,True,True,False,True,False,True,True,True,False,False,False,False,True,True,,,,3,PRUNED
219,219,,2023-08-17 21:09:10.595431,2023-08-17 21:09:17.484524,0 days 00:00:06.889093,True,True,False,False,False,True,True,True,False,False,False,True,False,True,,,,3,PRUNED
220,220,,2023-08-17 21:09:17.531736,2023-08-17 21:09:20.128886,0 days 00:00:02.597150,True,False,False,True,False,True,True,True,False,False,False,True,False,True,,,,3,PRUNED
221,221,,2023-08-17 21:09:20.172217,2023-08-17 21:09:25.283307,0 days 00:00:05.111090,True,False,True,False,False,True,True,True,False,False,False,False,True,True,,,,3,PRUNED
222,222,,2023-08-17 21:09:25.330781,2023-08-17 21:09:31.860066,0 days 00:00:06.529285,True,False,False,False,False,True,True,True,False,False,True,True,False,True,,,,3,PRUNED
223,223,,2023-08-17 21:09:31.904469,2023-08-17 21:09:36.657091,0 days 00:00:04.752622,True,False,False,True,False,True,True,True,False,False,False,True,False,True,,,,3,PRUNED
224,224,-146.75491027705607,2023-08-17 21:09:36.700112,2023-08-17 22:33:24.898764,0 days 01:23:48.198652,True,False,False,True,False,True,True,True,False,True,False,True,False,True,/mmfs1/gscratch/cheme/usr/evankomp/repos/nomelt/data/enh/optimize_enh1/enh_vs_translate/-6189433413533158871,"[-146.75491027705607, 3.0668342438179503]",GKRPRTAFSAEQLARLKREFQENRYLTEQRRQELASELGLNESQIKIWFQNKRAKIKKAAG,3,COMPLETE
225,225,,2023-08-17 22:05:56.756648,2023-08-17 22:06:01.792416,0 days 00:00:05.035768,True,True,False,False,False,True,True,True,False,False,False,True,False,True,,,,3,PRUNED
226,226,,2023-08-17 22:06:01.831685,2023-08-17 22:06:10.458239,0 days 00:00:08.626554,True,False,False,True,False,True,True,True,False,False,False,True,False,True,,,,3,PRUNED
227,227,,2023-08-17 22:06:10.497142,2023-08-17 22:06:17.490807,0 days 00:00:06.993665,True,False,True,False,False,True,True,True,False,False,False,False,True,True,,,,3,PRUNED
228,228,,2023-08-17 22:06:17.529962,2023-08-17 22:06:21.418255,0 days 00:00:03.888293,True,False,False,False,False,True,True,True,False,False,True,True,False,True,,,,3,PRUNED
229,229,,2023-08-17 22:06:21.996409,2023-08-17 22:06:25.323572,0 days 00:00:03.327163,True,False,False,True,False,True,True,True,False,False,False,True,False,True,,,,3,PRUNED
230,230,,2023-08-17 22:06:25.362818,2023-08-17 22:06:28.132232,0 days 00:00:02.769414,True,False,False,True,False,True,True,True,False,True,False,True,False,True,,,,3,PRUNED
231,231,-149.20176769455165,2023-08-17 22:06:28.168504,2023-08-17 23:28:31.683778,0 days 01:22:03.515274,True,False,True,True,False,True,True,True,False,False,False,True,True,True,/mmfs1/gscratch/cheme/usr/evankomp/repos/nomelt/data/enh/optimize_enh1/enh_vs_translate/7396325874561753820,"[-149.20176769455165, 2.017445895377633]",GKRPRTAFTAEQLARLKAEFQENRYLTEQRRQELASELGLNEAQIKIWFQNKRAKIKKAAG,3,COMPLETE
232,232,,2023-08-17 22:06:49.109744,2023-08-17 22:06:57.805457,0 days 00:00:08.695713,True,True,False,False,False,True,True,True,False,False,False,True,False,True,,,,3,PRUNED
233,233,,2023-08-17 22:06:57.845351,2023-08-17 22:07:02.639578,0 days 00:00:04.794227,True,False,False,True,False,True,True,True,False,False,False,True,False,True,,,,3,PRUNED
234,234,,2023-08-17 22:07:02.678487,2023-08-17 22:07:03.031054,0 days 00:00:00.352567,True,False,True,False,False,True,True,True,False,False,False,False,True,True,,,,3,PRUNED
235,235,,2023-08-17 22:07:03.070848,2023-08-17 22:07:09.634168,0 days 00:00:06.563320,True,False,False,False,False,True,True,True,False,False,True,True,False,True,,,,3,PRUNED
236,236,,2023-08-17 22:07:10.194553,2023-08-17 22:07:18.388453,0 days 00:00:08.193900,True,False,False,True,False,True,True,True,False,False,False,True,False,True,,,,3,PRUNED
237,237,,2023-08-17 22:07:18.430154,2023-08-17 22:07:27.995352,0 days 00:00:09.565198,True,False,False,True,False,True,True,True,False,True,False,True,False,True,,,,3,PRUNED
238,238,,2023-08-17 22:07:28.036528,2023-08-17 22:07:31.399146,0 days 00:00:03.362618,True,False,True,True,False,True,True,True,False,False,False,True,True,True,,,,3,PRUNED
239,239,,2023-08-17 22:07:31.443018,2023-08-17 22:07:37.976592,0 days 00:00:06.533574,True,False,False,False,False,True,True,True,False,False,True,True,False,True,,,,3,PRUNED
240,240,,2023-08-17 22:07:38.020023,2023-08-17 22:07:46.412474,0 days 00:00:08.392451,True,False,False,True,False,True,True,True,False,False,True,True,False,True,,,,3,PRUNED
241,241,,2023-08-17 22:07:46.456008,2023-08-17 22:07:53.476904,0 days 00:00:07.020896,False,False,False,False,False,True,True,True,False,False,False,True,False,True,,,,3,PRUNED
242,242,-147.50708066321275,2023-08-17 22:07:53.520479,2023-08-17 23:29:32.026555,0 days 01:21:38.506076,True,False,False,True,False,True,False,True,False,False,True,True,False,False,/mmfs1/gscratch/cheme/usr/evankomp/repos/nomelt/data/enh/optimize_enh1/enh_vs_translate/-8029534861335512050,"[-147.50708066321275, 4.147846424170439]",GKRPRTAFSSEQLARLKREFQENRYLTEQRRQQLASELGLNEAQIKIWFQNKRAKLKKAAG,3,COMPLETE
243,243,,2023-08-17 22:11:28.467790,2023-08-17 22:11:35.247593,0 days 00:00:06.779803,True,False,False,True,False,True,True,True,False,False,False,True,False,True,,,,3,PRUNED
244,244,,2023-08-17 22:11:35.295586,2023-08-17 22:11:44.616804,0 days 00:00:09.321218,True,False,True,False,False,True,True,True,False,False,False,False,True,True,,,,3,PRUNED
245,245,,2023-08-17 22:11:44.666492,2023-08-17 22:11:50.841146,0 days 00:00:06.174654,True,False,False,False,False,True,True,True,False,False,True,True,False,True,,,,3,PRUNED
246,246,,2023-08-17 22:11:51.421509,2023-08-17 22:11:56.649920,0 days 00:00:05.228411,True,False,False,True,False,True,True,True,False,False,False,True,False,True,,,,3,PRUNED
247,247,,2023-08-17 22:11:56.698375,2023-08-17 22:12:00.665682,0 days 00:00:03.967307,True,False,False,True,False,True,True,True,False,True,False,True,False,True,,,,3,PRUNED
248,248,,2023-08-17 22:12:00.711864,2023-08-17 22:12:04.169824,0 days 00:00:03.457960,True,False,True,True,False,True,True,True,False,False,False,True,True,True,,,,3,PRUNED
249,249,,2023-08-17 22:12:04.218576,2023-08-17 22:12:11.073735,0 days 00:00:06.855159,True,False,False,False,False,True,True,True,False,False,True,True,False,True,,,,3,PRUNED
250,250,,2023-08-17 22:12:11.124577,2023-08-17 22:12:18.765930,0 days 00:00:07.641353,True,False,False,True,False,True,True,True,False,False,True,True,False,True,,,,3,PRUNED
251,251,,2023-08-17 22:12:18.812912,2023-08-17 22:12:20.342810,0 days 00:00:01.529898,False,False,False,False,False,True,True,True,False,False,False,True,False,True,,,,3,PRUNED
252,252,,2023-08-17 22:12:20.389427,2023-08-17 22:12:26.465868,0 days 00:00:06.076441,True,False,False,True,False,True,False,True,False,False,True,True,False,False,,,,3,PRUNED
253,253,,2023-08-17 22:12:26.513615,2023-08-17 22:12:27.588926,0 days 00:00:01.075311,True,False,False,False,False,True,True,True,False,False,False,True,False,True,,,,3,PRUNED
254,254,,2023-08-17 22:12:27.633189,2023-08-17 22:12:31.580539,0 days 00:00:03.947350,True,False,False,True,False,True,False,True,False,False,True,True,False,True,,,,3,PRUNED
255,255,,2023-08-17 22:12:31.629766,2023-08-17 22:12:35.390400,0 days 00:00:03.760634,True,False,False,True,False,True,True,True,False,False,False,True,False,False,,,,3,PRUNED
256,256,,2023-08-17 22:12:35.440800,2023-08-17 22:12:37.012894,0 days 00:00:01.572094,True,False,False,True,False,True,True,True,False,False,False,True,False,True,,,,3,PRUNED
257,257,-139.47921084192888,2023-08-17 22:12:37.058132,2023-08-17 23:34:14.373452,0 days 01:21:37.315320,True,False,False,True,False,False,True,True,False,False,False,False,False,True,/mmfs1/gscratch/cheme/usr/evankomp/repos/nomelt/data/enh/optimize_enh1/enh_vs_translate/-5658128174544619989,"[-139.47921084192888, 2.5581047280571214]",GKRPRTAFSAEQLARLKREFQENRYLTERRRQELASELGLNEAQIKIWFQNKRAKIKK,3,COMPLETE
258,258,,2023-08-17 22:21:08.271689,2023-08-17 22:21:16.692806,0 days 00:00:08.421117,True,False,False,False,False,True,True,True,False,False,True,True,False,True,,,,3,PRUNED
259,259,,2023-08-17 22:21:17.237660,2023-08-17 22:21:20.921123,0 days 00:00:03.683463,True,False,False,True,False,True,True,True,False,False,False,True,False,True,,,,3,PRUNED
260,260,,2023-08-17 22:21:20.963860,2023-08-17 22:21:27.469988,0 days 00:00:06.506128,True,False,False,True,False,True,True,True,False,True,False,True,False,True,,,,3,PRUNED
261,261,,2023-08-17 22:21:27.518403,2023-08-17 22:21:28.577086,0 days 00:00:01.058683,True,False,True,True,False,True,True,True,False,False,False,True,True,True,,,,3,PRUNED
262,262,,2023-08-17 22:21:28.621478,2023-08-17 22:21:33.649165,0 days 00:00:05.027687,True,False,False,False,False,True,True,True,False,False,True,True,False,True,,,,3,PRUNED
263,263,,2023-08-17 22:21:33.690848,2023-08-17 22:21:41.154817,0 days 00:00:07.463969,True,False,False,True,False,True,True,True,False,False,True,True,False,True,,,,3,PRUNED
264,264,,2023-08-17 22:21:41.198856,2023-08-17 22:21:49.213608,0 days 00:00:08.014752,False,False,False,False,False,True,True,True,False,False,False,True,False,True,,,,3,PRUNED
265,265,,2023-08-17 22:21:49.255526,2023-08-17 22:21:53.166467,0 days 00:00:03.910941,True,False,False,True,False,True,False,True,False,False,True,True,False,False,,,,3,PRUNED
266,266,,2023-08-17 22:21:53.209457,2023-08-17 22:21:53.964629,0 days 00:00:00.755172,True,False,False,False,False,True,True,True,False,False,False,True,False,True,,,,3,PRUNED
267,267,,2023-08-17 22:21:54.012123,2023-08-17 22:21:55.813768,0 days 00:00:01.801645,True,False,False,True,False,True,False,True,False,False,True,True,False,True,,,,3,PRUNED
268,268,,2023-08-17 22:21:55.858441,2023-08-17 22:22:01.494229,0 days 00:00:05.635788,True,False,False,True,False,True,True,True,False,False,False,True,False,False,,,,3,PRUNED
269,269,,2023-08-17 22:22:01.537632,2023-08-17 22:22:09.852197,0 days 00:00:08.314565,True,False,False,True,False,True,True,True,False,False,False,True,False,True,,,,3,PRUNED
270,270,,2023-08-17 22:22:09.896485,2023-08-17 22:22:17.335343,0 days 00:00:07.438858,True,False,False,True,False,False,True,True,False,False,False,False,False,True,,,,3,PRUNED
271,271,-148.36012974614513,2023-08-17 22:22:17.466388,2023-08-17 23:46:29.796457,0 days 01:24:12.330069,True,False,False,False,False,True,True,True,True,False,False,True,False,True,/mmfs1/gscratch/cheme/usr/evankomp/repos/nomelt/data/enh/optimize_enh1/enh_vs_translate/-6534532189425417681,"[-148.36012974614513, 2.6503261961100737]",GKRPRTAFSAEQLARLKREFNENRYLTEQRRQELARELGLNEAQIKIWFQNKRAKIKKAAG,3,COMPLETE
272,272,,2023-08-17 22:25:30.333150,2023-08-17 22:25:31.969791,0 days 00:00:01.636641,True,False,False,False,False,True,True,True,False,False,True,True,False,True,,,,3,PRUNED
273,273,,2023-08-17 22:25:32.574777,2023-08-17 22:25:32.999104,0 days 00:00:00.424327,True,False,False,True,False,True,True,True,False,False,True,True,False,True,,,,3,PRUNED
274,274,,2023-08-17 22:25:33.047395,2023-08-17 22:25:33.349268,0 days 00:00:00.301873,True,False,False,True,False,True,True,True,False,False,False,True,False,True,,,,3,PRUNED
275,275,,2023-08-17 22:25:33.394511,2023-08-17 22:25:39.766384,0 days 00:00:06.371873,True,False,False,False,False,True,True,True,False,False,True,True,False,True,,,,3,PRUNED
276,276,,2023-08-17 22:25:39.815190,2023-08-17 22:25:43.858517,0 days 00:00:04.043327,True,False,False,True,False,True,True,True,False,False,True,True,False,False,,,,3,PRUNED
277,277,,2023-08-17 22:25:43.904463,2023-08-17 22:25:51.407405,0 days 00:00:07.502942,True,False,False,False,False,True,True,True,False,False,False,True,False,True,,,,3,PRUNED
278,278,,2023-08-17 22:25:51.457301,2023-08-17 22:25:57.324710,0 days 00:00:05.867409,True,True,False,True,False,True,True,True,False,False,False,False,True,True,,,,3,PRUNED
279,279,,2023-08-17 22:25:57.376247,2023-08-17 22:26:06.463283,0 days 00:00:09.087036,True,True,False,False,False,True,True,True,False,False,False,True,False,True,,,,3,PRUNED
280,280,,2023-08-17 22:26:06.509637,2023-08-17 22:26:08.298818,0 days 00:00:01.789181,True,False,False,True,False,True,True,True,False,False,False,True,False,True,,,,3,PRUNED
281,281,,2023-08-17 22:26:08.347975,2023-08-17 22:26:16.626119,0 days 00:00:08.278144,True,False,True,False,False,True,True,True,False,False,False,False,True,True,,,,3,PRUNED
282,282,,2023-08-17 22:26:16.679622,2023-08-17 22:26:23.742663,0 days 00:00:07.063041,True,False,False,False,False,True,True,True,False,False,True,True,False,True,,,,3,PRUNED
283,283,,2023-08-17 22:26:23.791127,2023-08-17 22:26:31.250595,0 days 00:00:07.459468,True,False,False,True,False,True,True,True,False,False,False,True,False,True,,,,3,PRUNED
284,284,,2023-08-17 22:26:31.304902,2023-08-17 22:26:36.815216,0 days 00:00:05.510314,True,False,False,True,False,True,True,True,False,True,False,True,False,True,,,,3,PRUNED
285,285,,2023-08-17 22:26:36.865688,2023-08-17 22:26:38.974555,0 days 00:00:02.108867,True,False,True,True,False,True,True,True,False,False,False,True,True,True,,,,3,PRUNED
286,286,,2023-08-17 22:26:39.028997,2023-08-17 22:26:44.298714,0 days 00:00:05.269717,True,False,False,False,False,True,True,True,False,False,True,True,False,True,,,,3,PRUNED
287,287,,2023-08-17 22:26:44.351746,2023-08-17 22:26:48.370885,0 days 00:00:04.019139,True,False,False,True,False,True,True,True,False,False,True,True,False,True,,,,3,PRUNED
288,288,,2023-08-17 22:26:48.421572,2023-08-17 22:26:50.723025,0 days 00:00:02.301453,False,False,False,False,False,True,True,True,False,False,False,True,False,True,,,,3,PRUNED
289,289,,2023-08-17 22:26:50.777395,2023-08-17 22:26:54.668755,0 days 00:00:03.891360,True,False,False,True,False,True,False,True,False,False,True,True,False,False,,,,3,PRUNED
