,number,value,datetime_start,datetime_complete,duration,params_mut_0,params_mut_13,params_mut_17,params_mut_20,params_mut_21,params_mut_28,params_mut_32,params_mut_34,params_mut_35,params_mut_42,params_mut_55,params_mut_58,params_mut_8,params_mut_9,user_attrs_pdb_file,user_attrs_raw_result,user_attrs_variant_seq,system_attrs_nsga2:generation,state
720,720,,2023-08-18 08:22:18.084811,2023-08-18 08:22:21.037207,0 days 00:00:02.952396,True,False,True,False,False,True,True,True,False,False,False,True,False,True,,,,6,PRUNED
721,721,,2023-08-18 08:22:21.149022,2023-08-18 08:22:28.291077,0 days 00:00:07.142055,True,False,True,True,False,True,True,True,False,False,True,True,False,True,,,,6,PRUNED
722,722,,2023-08-18 08:22:28.394831,2023-08-18 08:22:33.098428,0 days 00:00:04.703597,True,False,True,True,False,True,True,True,False,False,False,True,False,False,,,,6,PRUNED
723,723,,2023-08-18 08:22:33.208895,2023-08-18 08:22:34.515912,0 days 00:00:01.307017,True,False,True,False,False,True,True,True,False,False,False,True,False,True,,,,6,PRUNED
724,724,,2023-08-18 08:22:34.620943,2023-08-18 08:22:41.806386,0 days 00:00:07.185443,True,False,True,False,False,True,True,True,False,False,False,True,False,True,,,,6,PRUNED
725,725,,2023-08-18 08:22:41.915177,2023-08-18 08:22:47.649838,0 days 00:00:05.734661,True,False,True,False,False,True,True,True,True,False,False,True,False,True,,,,6,PRUNED
726,726,,2023-08-18 08:22:47.759794,2023-08-18 08:22:50.556787,0 days 00:00:02.796993,True,False,True,False,False,True,True,True,False,False,False,True,False,True,,,,6,PRUNED
727,727,,2023-08-18 08:22:50.659726,2023-08-18 08:23:00.667478,0 days 00:00:10.007752,True,False,True,False,False,True,True,True,True,False,False,True,False,True,,,,6,PRUNED
728,728,,2023-08-18 08:23:00.776891,2023-08-18 08:23:04.409177,0 days 00:00:03.632286,True,False,True,False,False,True,True,True,False,False,False,True,False,False,,,,6,PRUNED
729,729,,2023-08-18 08:23:05.042259,2023-08-18 08:23:09.579676,0 days 00:00:04.537417,True,False,True,True,False,True,True,True,False,False,False,True,False,False,,,,6,PRUNED
730,730,,2023-08-18 08:23:09.790396,2023-08-18 08:23:14.898346,0 days 00:00:05.107950,True,False,True,True,False,True,True,True,True,False,False,True,False,False,,,,6,PRUNED
731,731,-149.205849555051,2023-08-18 08:23:15.000456,2023-08-18 09:47:27.550965,0 days 01:24:12.550509,True,False,False,True,False,True,True,True,True,False,True,True,False,True,/mmfs1/gscratch/cheme/usr/evankomp/repos/nomelt/data/enh/optimize_enh1/enh_vs_translate/5135338411172041514,"[-149.205849555051, 2.6542149339710663]",GKRPRTAFSAEQLARLKREFQENRYLTEQRRQELARELGLNEAQIKIWFQNKRAKLKKAAG,6,COMPLETE
732,732,-149.90618492936423,2023-08-18 08:26:13.588764,2023-08-18 09:50:59.093120,0 days 01:24:45.504356,True,False,True,False,False,True,True,True,True,False,False,True,True,True,/mmfs1/gscratch/cheme/usr/evankomp/repos/nomelt/data/enh/optimize_enh1/enh_vs_translate/6649324357380247595,"[-149.90618492936423, 3.7760869424028125]",GKRPRTAFTAEQLARLKAEFNENRYLTEQRRQELARELGLNEAQIKIWFQNKRAKIKKAAG,7,COMPLETE
733,733,,2023-08-18 08:28:53.156956,2023-08-18 08:28:59.911592,0 days 00:00:06.754636,True,False,True,True,False,True,True,True,False,False,False,True,False,False,,,,7,PRUNED
734,734,-148.09771591785707,2023-08-18 08:29:00.038071,2023-08-18 09:53:03.546488,0 days 01:24:03.508417,True,False,True,True,False,True,True,False,False,True,False,True,False,True,/mmfs1/gscratch/cheme/usr/evankomp/repos/nomelt/data/enh/optimize_enh1/enh_vs_translate/1168016555821823175,"[-148.09771591785707, 2.9238355745733977]",GKRPRTAFSAEQLARLKAEFQENRYLTEQRRQELSSELGLNESQIKIWFQNKRAKIKKAAG,7,COMPLETE
735,735,,2023-08-18 08:36:44.162903,2023-08-18 08:36:46.750204,0 days 00:00:02.587301,True,False,True,True,False,True,True,True,False,False,False,True,True,True,,,,7,PRUNED
736,736,-147.85857742765154,2023-08-18 08:36:46.877623,2023-08-18 09:59:27.208268,0 days 01:22:40.330645,True,False,False,True,False,True,True,True,True,False,False,True,True,True,/mmfs1/gscratch/cheme/usr/evankomp/repos/nomelt/data/enh/optimize_enh1/enh_vs_translate/6772505992870072879,"[-147.85857742765154, 2.4406184977071756]",GKRPRTAFTAEQLARLKREFQENRYLTEQRRQELARELGLNEAQIKIWFQNKRAKIKKAAG,7,COMPLETE
737,737,,2023-08-18 09:11:04.901789,2023-08-18 09:11:11.443024,0 days 00:00:06.541235,True,False,True,True,False,True,True,True,True,False,False,True,False,False,,,,7,PRUNED
738,738,,2023-08-18 09:11:11.550440,2023-08-18 09:11:14.086248,0 days 00:00:02.535808,True,False,True,True,False,True,True,True,True,False,False,True,False,True,,,,7,PRUNED
739,739,,2023-08-18 09:11:14.707559,2023-08-18 09:11:20.206238,0 days 00:00:05.498679,True,False,True,True,False,True,True,True,False,False,False,True,False,True,,,,7,PRUNED
740,740,-151.61656620289233,2023-08-18 09:11:20.312743,2023-08-18 10:31:18.817369,0 days 01:19:58.504626,True,False,True,True,False,True,True,False,False,False,False,True,True,True,/mmfs1/gscratch/cheme/usr/evankomp/repos/nomelt/data/enh/optimize_enh1/enh_vs_translate/1340103993907100642,"[-151.61656620289233, 2.4863155359939078]",GKRPRTAFTAEQLARLKAEFQENRYLTEQRRQELSSELGLNEAQIKIWFQNKRAKIKKAAG,7,COMPLETE
741,741,-149.9875855351817,2023-08-18 09:17:01.983242,2023-08-18 10:36:46.895296,0 days 01:19:44.912054,True,False,True,True,False,True,True,False,True,False,False,True,False,True,/mmfs1/gscratch/cheme/usr/evankomp/repos/nomelt/data/enh/optimize_enh1/enh_vs_translate/-4518052296400997454,"[-149.9875855351817, 3.454675094135441]",GKRPRTAFSAEQLARLKAEFQENRYLTEQRRQELSRELGLNEAQIKIWFQNKRAKIKKAAG,7,COMPLETE
742,742,,2023-08-18 09:21:02.839878,2023-08-18 09:21:03.197813,0 days 00:00:00.357935,True,False,True,False,False,True,True,True,False,False,False,True,False,False,,,,7,PRUNED
743,743,,2023-08-18 09:21:03.328494,2023-08-18 09:21:03.810655,0 days 00:00:00.482161,True,False,False,False,False,True,True,True,False,False,False,True,False,True,,,,7,PRUNED
744,744,,2023-08-18 09:21:03.938355,2023-08-18 09:21:12.708751,0 days 00:00:08.770396,True,False,True,True,False,True,True,True,False,False,False,True,False,True,,,,7,PRUNED
745,745,,2023-08-18 09:21:12.934100,2023-08-18 09:21:22.734609,0 days 00:00:09.800509,True,False,False,True,False,True,True,False,False,False,True,True,True,True,,,,7,PRUNED
746,746,,2023-08-18 09:21:22.863892,2023-08-18 09:21:25.129612,0 days 00:00:02.265720,True,False,True,True,False,True,True,False,False,False,False,True,True,True,,,,7,PRUNED
747,747,-146.74929479260862,2023-08-18 09:21:25.258772,2023-08-18 10:39:51.815353,0 days 01:18:26.556581,True,False,True,True,False,True,True,True,True,True,True,True,False,True,/mmfs1/gscratch/cheme/usr/evankomp/repos/nomelt/data/enh/optimize_enh1/enh_vs_translate/3570397685449832688,"[-146.74929479260862, 2.8782289299204726]",GKRPRTAFSAEQLARLKAEFQENRYLTEQRRQELARELGLNESQIKIWFQNKRAKLKKAAG,7,COMPLETE
