,number,value,datetime_start,datetime_complete,duration,params_mut_0,params_mut_13,params_mut_17,params_mut_20,params_mut_21,params_mut_28,params_mut_32,params_mut_34,params_mut_35,params_mut_42,params_mut_55,params_mut_58,params_mut_8,params_mut_9,user_attrs_pdb_file,user_attrs_raw_result,user_attrs_variant_seq,system_attrs_nsga2:generation,state
0,0,-147.88965143817987,2023-08-17 10:25:58.898196,2023-08-17 11:55:27.623279,0 days 01:29:28.725083,True,False,False,True,False,True,True,True,False,False,True,True,False,False,/mmfs1/gscratch/cheme/usr/evankomp/repos/nomelt/data/enh/optimize_enh1/enh_vs_translate/-8619285800891170370,"[-147.88965143817987, 3.979542408240023]",GKRPRTAFSSEQLARLKREFQENRYLTEQRRQELASELGLNEAQIKIWFQNKRAKLKKAAG,0,COMPLETE
1,1,-148.25393905597002,2023-08-17 10:25:58.914166,2023-08-17 11:47:31.227898,0 days 01:21:32.313732,True,False,False,True,False,True,True,True,False,False,True,True,False,False,/mmfs1/gscratch/cheme/usr/evankomp/repos/nomelt/data/enh/optimize_enh1/enh_vs_translate/4253953359682787677,"[-148.25393905597002, 2.977498132218155]",GKRPRTAFSSEQLARLKREFQENRYLTEQRRQELASELGLNEAQIKIWFQNKRAKLKKAAG,0,COMPLETE
2,2,-148.09741669555996,2023-08-17 10:25:58.918514,2023-08-17 11:46:32.403139,0 days 01:20:33.484625,True,False,False,True,False,True,True,True,False,False,True,True,False,False,/mmfs1/gscratch/cheme/usr/evankomp/repos/nomelt/data/enh/optimize_enh1/enh_vs_translate/-8912872068387178728,"[-148.09741669555996, 2.981533965844882]",GKRPRTAFSSEQLARLKREFQENRYLTEQRRQELASELGLNEAQIKIWFQNKRAKLKKAAG,0,COMPLETE
3,3,-142.19003543187776,2023-08-17 10:26:06.464715,2023-08-17 11:46:27.405965,0 days 01:20:20.941250,True,False,False,False,True,True,True,True,False,False,False,False,False,True,/mmfs1/gscratch/cheme/usr/evankomp/repos/nomelt/data/enh/optimize_enh1/enh_vs_translate/5036545810823930747,"[-142.19003543187776, 3.8442535798566793]",GKRPRTAFSAEQLARLKREFNANRYLTEQRRQELASELGLNEAQIKIWFQNKRAKIKK,0,COMPLETE
4,4,-147.64494358568243,2023-08-17 10:26:23.063278,2023-08-17 11:56:45.961471,0 days 01:30:22.898193,False,False,False,True,False,True,True,True,False,True,False,True,False,True,/mmfs1/gscratch/cheme/usr/evankomp/repos/nomelt/data/enh/optimize_enh1/enh_vs_translate/3078174750463097256,"[-147.64494358568243, 2.2133112410579434]",DKRPRTAFSAEQLARLKREFQENRYLTEQRRQELASELGLNESQIKIWFQNKRAKIKKAAG,0,COMPLETE
5,5,-147.8840037964606,2023-08-17 10:26:25.311459,2023-08-17 12:03:02.074222,0 days 01:36:36.762763,False,False,False,True,False,True,True,True,False,True,False,True,False,True,/mmfs1/gscratch/cheme/usr/evankomp/repos/nomelt/data/enh/optimize_enh1/enh_vs_translate/-8016708308054487954,"[-147.8840037964606, 3.5545153997876198]",DKRPRTAFSAEQLARLKREFQENRYLTEQRRQELASELGLNESQIKIWFQNKRAKIKKAAG,0,COMPLETE
6,6,-147.12300026594187,2023-08-17 10:26:28.166184,2023-08-17 11:50:01.349160,0 days 01:23:33.182976,False,False,False,True,False,True,True,True,False,True,False,True,False,True,/mmfs1/gscratch/cheme/usr/evankomp/repos/nomelt/data/enh/optimize_enh1/enh_vs_translate/2933935674195026246,"[-147.12300026594187, 3.937715222045706]",DKRPRTAFSAEQLARLKREFQENRYLTEQRRQELASELGLNESQIKIWFQNKRAKIKKAAG,0,COMPLETE
7,7,-144.22769845430577,2023-08-17 11:46:32.356319,2023-08-17 13:07:06.019973,0 days 01:20:33.663654,False,True,False,True,False,True,False,True,True,False,True,True,True,False,/mmfs1/gscratch/cheme/usr/evankomp/repos/nomelt/data/enh/optimize_enh1/enh_vs_translate/5889144775015063038,"[-144.22769845430577, 4.256471354009121]",DKRPRTAFTSEQLQRLKREFQENRYLTEQRRQQLARELGLNEAQIKIWFQNKRAKLKKAAG,0,COMPLETE
8,8,-131.12852638920106,2023-08-17 11:46:53.928399,2023-08-17 13:07:18.875735,0 days 01:20:24.947336,False,True,True,True,True,False,False,False,False,False,True,False,True,True,/mmfs1/gscratch/cheme/usr/evankomp/repos/nomelt/data/enh/optimize_enh1/enh_vs_translate/-7876246194451953269,"[-131.12852638920106, 7.518500854128852]",DKRPRTAFTAEQLQRLKAEFQANRYLTERRRQQLSSELGLNEAQIKIWFQNKRAKLKK,0,COMPLETE
9,9,-135.91338543316166,2023-08-17 11:48:01.775369,2023-08-17 13:08:15.754447,0 days 01:20:13.979078,False,False,False,False,False,True,True,False,True,True,True,False,False,True,/mmfs1/gscratch/cheme/usr/evankomp/repos/nomelt/data/enh/optimize_enh1/enh_vs_translate/-2094389044978487115,"[-135.91338543316166, 2.3017795230874567]",DKRPRTAFSAEQLARLKREFNENRYLTEQRRQELSRELGLNESQIKIWFQNKRAKLKK,0,COMPLETE
10,10,-142.43171542495833,2023-08-17 11:50:26.390289,2023-08-17 13:14:34.706822,0 days 01:24:08.316533,True,False,False,True,True,True,False,True,True,False,True,True,True,True,/mmfs1/gscratch/cheme/usr/evankomp/repos/nomelt/data/enh/optimize_enh1/enh_vs_translate/4510004051952195325,"[-142.43171542495833, 1.9783822625933716]",GKRPRTAFTAEQLARLKREFQANRYLTEQRRQQLARELGLNEAQIKIWFQNKRAKLKKAAG,0,COMPLETE
11,11,-136.9297041842863,2023-08-17 11:56:06.359583,2023-08-17 13:18:26.092385,0 days 01:22:19.732802,False,True,True,True,False,False,False,False,True,True,True,False,False,True,/mmfs1/gscratch/cheme/usr/evankomp/repos/nomelt/data/enh/optimize_enh1/enh_vs_translate/8284002313936082596,"[-136.9297041842863, 1.960579161654916]",DKRPRTAFSAEQLQRLKAEFQENRYLTERRRQQLSRELGLNESQIKIWFQNKRAKLKK,0,COMPLETE
12,12,-136.27445504551824,2023-08-17 11:57:18.163223,2023-08-17 13:19:01.702450,0 days 01:21:43.539227,False,True,False,True,False,True,False,False,False,True,True,False,True,False,/mmfs1/gscratch/cheme/usr/evankomp/repos/nomelt/data/enh/optimize_enh1/enh_vs_translate/-8957395348398338990,"[-136.27445504551824, 1.623324934393127]",DKRPRTAFTSEQLQRLKREFQENRYLTEQRRQQLSSELGLNESQIKIWFQNKRAKLKK,0,COMPLETE
13,13,-134.63373370128912,2023-08-17 12:03:54.037245,2023-08-17 13:24:11.929105,0 days 01:20:17.891860,True,False,False,True,True,True,False,False,False,True,True,False,True,False,/mmfs1/gscratch/cheme/usr/evankomp/repos/nomelt/data/enh/optimize_enh1/enh_vs_translate/-1581397283003859796,"[-134.63373370128912, 3.5444834364580844]",GKRPRTAFTSEQLARLKREFQANRYLTEQRRQQLSSELGLNESQIKIWFQNKRAKLKK,0,COMPLETE
14,14,,2023-08-17 13:54:59.284713,2023-08-17 13:55:05.527291,0 days 00:00:06.242578,True,False,False,True,False,True,True,True,False,False,True,True,False,False,,,,1,PRUNED
15,15,,2023-08-17 13:54:59.296614,2023-08-17 13:55:08.511852,0 days 00:00:09.215238,True,False,False,True,False,True,True,True,False,False,True,True,False,False,,,,1,PRUNED
16,16,,2023-08-17 13:54:59.297211,2023-08-17 13:55:01.047399,0 days 00:00:01.750188,True,False,False,True,False,True,True,True,False,False,True,True,False,False,,,,1,PRUNED
17,17,,2023-08-17 13:54:59.299848,2023-08-17 13:55:02.155450,0 days 00:00:02.855602,True,False,False,True,False,True,True,True,False,False,True,True,False,False,,,,1,PRUNED
18,18,,2023-08-17 13:54:59.298606,2023-08-17 13:55:05.215086,0 days 00:00:05.916480,True,False,False,True,False,True,True,True,False,False,True,True,False,False,,,,1,PRUNED
19,19,,2023-08-17 13:54:59.302842,2023-08-17 13:55:05.697476,0 days 00:00:06.394634,True,False,False,True,False,True,True,True,False,False,True,True,False,False,,,,1,PRUNED
20,20,,2023-08-17 13:54:59.303178,2023-08-17 13:55:00.923502,0 days 00:00:01.620324,True,False,False,True,False,True,True,True,False,False,True,True,False,False,,,,1,PRUNED
21,21,-142.33553722819815,2023-08-17 13:55:00.932750,2023-08-17 15:16:01.620623,0 days 01:21:00.687873,True,False,False,True,True,True,True,True,False,False,False,False,False,False,/mmfs1/gscratch/cheme/usr/evankomp/repos/nomelt/data/enh/optimize_enh1/enh_vs_translate/6272422676008858431,"[-142.33553722819815, 4.199031752175476]",GKRPRTAFSSEQLARLKREFQANRYLTEQRRQELASELGLNEAQIKIWFQNKRAKIKK,1,COMPLETE
22,22,-141.84299485772848,2023-08-17 13:55:01.056342,2023-08-17 15:17:37.955054,0 days 01:22:36.898712,True,False,False,True,True,True,True,True,False,False,False,False,False,False,/mmfs1/gscratch/cheme/usr/evankomp/repos/nomelt/data/enh/optimize_enh1/enh_vs_translate/6853472641318448369,"[-141.84299485772848, 4.249356678949144]",GKRPRTAFSSEQLARLKREFQANRYLTEQRRQELASELGLNEAQIKIWFQNKRAKIKK,1,COMPLETE
23,23,,2023-08-17 13:55:02.167527,2023-08-17 13:55:06.852965,0 days 00:00:04.685438,True,False,False,True,True,True,True,True,False,False,False,False,False,False,,,,1,PRUNED
24,24,,2023-08-17 13:55:05.227478,2023-08-17 13:55:07.859900,0 days 00:00:02.632422,True,False,False,True,True,True,True,True,False,False,False,False,False,False,,,,1,PRUNED
25,25,,2023-08-17 13:55:05.536829,2023-08-17 13:55:08.857039,0 days 00:00:03.320210,True,False,False,True,True,True,True,True,False,False,False,False,False,False,,,,1,PRUNED
26,26,,2023-08-17 13:55:05.703842,2023-08-17 13:55:10.346003,0 days 00:00:04.642161,True,False,False,True,True,True,True,True,False,False,False,False,False,False,,,,1,PRUNED
27,27,,2023-08-17 13:55:06.862092,2023-08-17 13:55:09.569616,0 days 00:00:02.707524,True,False,False,True,False,True,True,True,False,False,True,True,False,False,,,,1,PRUNED
28,28,,2023-08-17 13:55:07.869239,2023-08-17 13:55:08.669397,0 days 00:00:00.800158,True,False,False,True,False,True,True,True,False,False,True,True,False,False,,,,1,PRUNED
29,29,,2023-08-17 13:55:08.523546,2023-08-17 13:55:14.607859,0 days 00:00:06.084313,True,False,False,True,True,True,True,True,False,False,False,False,False,False,,,,1,PRUNED
30,30,-148.25090439659564,2023-08-17 13:55:08.685688,2023-08-17 15:16:37.950492,0 days 01:21:29.264804,True,False,False,True,False,True,True,False,False,False,True,True,True,False,/mmfs1/gscratch/cheme/usr/evankomp/repos/nomelt/data/enh/optimize_enh1/enh_vs_translate/6837224958638319465,"[-148.25090439659564, 2.776508106317528]",GKRPRTAFTSEQLARLKREFQENRYLTEQRRQELSSELGLNEAQIKIWFQNKRAKLKKAAG,1,COMPLETE
31,31,,2023-08-17 13:55:08.868936,2023-08-17 13:55:12.272651,0 days 00:00:03.403715,True,False,False,True,False,True,True,True,False,False,True,True,False,False,,,,1,PRUNED
32,32,-147.68509131980835,2023-08-17 13:55:09.582995,2023-08-17 15:22:19.179471,0 days 01:27:09.596476,True,False,False,True,False,True,True,False,False,False,True,True,True,False,/mmfs1/gscratch/cheme/usr/evankomp/repos/nomelt/data/enh/optimize_enh1/enh_vs_translate/-6009961600102029168,"[-147.68509131980835, 3.24405491108819]",GKRPRTAFTSEQLARLKREFQENRYLTEQRRQELSSELGLNEAQIKIWFQNKRAKLKKAAG,1,COMPLETE
33,33,,2023-08-17 13:55:10.358705,2023-08-17 13:55:17.492843,0 days 00:00:07.134138,True,False,False,True,False,True,True,True,False,False,True,True,False,False,,,,1,PRUNED
34,34,,2023-08-17 13:55:12.286194,2023-08-17 13:55:22.421904,0 days 00:00:10.135710,True,False,False,True,False,True,True,False,False,False,True,True,True,False,,,,1,PRUNED
35,35,,2023-08-17 13:55:14.616201,2023-08-17 13:55:19.022687,0 days 00:00:04.406486,True,False,False,True,False,True,True,True,False,False,True,True,False,False,,,,1,PRUNED
36,36,,2023-08-17 13:55:17.504444,2023-08-17 13:55:26.725650,0 days 00:00:09.221206,True,False,False,True,False,True,True,False,False,False,True,True,True,False,,,,1,PRUNED
37,37,,2023-08-17 13:55:19.036314,2023-08-17 13:55:22.636138,0 days 00:00:03.599824,True,False,False,True,False,True,True,False,False,False,True,True,True,False,,,,1,PRUNED
38,38,,2023-08-17 13:55:22.447839,2023-08-17 13:55:28.957359,0 days 00:00:06.509520,False,False,False,True,False,True,True,True,False,True,False,True,False,True,,,,1,PRUNED
39,39,,2023-08-17 13:55:22.646454,2023-08-17 13:55:27.982335,0 days 00:00:05.335881,False,False,False,True,False,True,True,True,False,True,False,True,False,True,,,,1,PRUNED
40,40,,2023-08-17 13:55:26.733321,2023-08-17 13:55:30.656187,0 days 00:00:03.922866,False,False,False,True,False,True,True,True,False,True,False,True,False,True,,,,1,PRUNED
41,41,-146.5351163602191,2023-08-17 13:55:27.998871,2023-08-17 15:22:19.377563,0 days 01:26:51.378692,False,False,False,True,False,True,True,True,True,False,True,True,False,False,/mmfs1/gscratch/cheme/usr/evankomp/repos/nomelt/data/enh/optimize_enh1/enh_vs_translate/4396448266628396584,"[-146.5351163602191, 3.594034633170012]",DKRPRTAFSSEQLARLKREFQENRYLTEQRRQELARELGLNEAQIKIWFQNKRAKLKKAAG,1,COMPLETE
42,42,,2023-08-17 13:55:28.973894,2023-08-17 13:55:37.880714,0 days 00:00:08.906820,False,False,False,True,False,True,True,True,True,False,True,True,False,False,,,,1,PRUNED
43,43,,2023-08-17 13:55:30.668296,2023-08-17 13:55:34.946879,0 days 00:00:04.278583,False,False,False,True,False,True,True,True,True,False,True,True,False,False,,,,1,PRUNED
44,44,-147.17258699960402,2023-08-17 13:55:34.963001,2023-08-17 15:21:55.925936,0 days 01:26:20.962935,False,False,False,True,False,True,True,True,False,False,True,True,False,False,/mmfs1/gscratch/cheme/usr/evankomp/repos/nomelt/data/enh/optimize_enh1/enh_vs_translate/-6960298819412337939,"[-147.17258699960402, 1.8629821460222973]",DKRPRTAFSSEQLARLKREFQENRYLTEQRRQELASELGLNEAQIKIWFQNKRAKLKKAAG,1,COMPLETE
45,45,-147.78806545836787,2023-08-17 13:55:37.896634,2023-08-17 15:32:06.147387,0 days 01:36:28.250753,False,False,False,True,False,True,True,True,False,False,True,True,False,False,/mmfs1/gscratch/cheme/usr/evankomp/repos/nomelt/data/enh/optimize_enh1/enh_vs_translate/7799013172024257690,"[-147.78806545836787, 2.5401688260636908]",DKRPRTAFSSEQLARLKREFQENRYLTEQRRQELASELGLNEAQIKIWFQNKRAKLKKAAG,1,COMPLETE
46,46,,2023-08-17 15:16:01.633343,2023-08-17 15:16:09.274779,0 days 00:00:07.641436,True,False,False,True,False,True,True,True,False,False,True,True,False,False,,,,1,PRUNED
47,47,,2023-08-17 15:16:09.302329,2023-08-17 15:16:17.161921,0 days 00:00:07.859592,True,False,False,True,False,True,True,False,False,False,True,True,True,False,,,,1,PRUNED
48,48,,2023-08-17 15:16:17.177493,2023-08-17 15:16:19.431276,0 days 00:00:02.253783,False,False,False,True,False,True,True,True,False,True,False,True,False,True,,,,1,PRUNED
49,49,,2023-08-17 15:16:19.443289,2023-08-17 15:16:24.408654,0 days 00:00:04.965365,False,False,False,True,False,True,True,True,True,False,True,True,False,False,,,,1,PRUNED
50,50,,2023-08-17 15:16:24.418142,2023-08-17 15:16:32.273267,0 days 00:00:07.855125,False,False,False,True,False,True,True,True,False,False,True,True,False,False,,,,1,PRUNED
51,51,,2023-08-17 15:16:32.289075,2023-08-17 15:16:35.795274,0 days 00:00:03.506199,False,True,False,True,False,True,False,True,True,False,True,True,True,False,,,,1,PRUNED
52,52,-146.6050670810009,2023-08-17 15:16:35.812577,2023-08-17 16:38:03.654494,0 days 01:21:27.841917,False,False,False,True,True,True,True,True,False,False,True,True,False,False,/mmfs1/gscratch/cheme/usr/evankomp/repos/nomelt/data/enh/optimize_enh1/enh_vs_translate/-2908797246061084220,"[-146.6050670810009, 9.22064499543675]",DKRPRTAFSSEQLARLKREFQANRYLTEQRRQELASELGLNEAQIKIWFQNKRAKLKKAAG,1,COMPLETE
53,53,,2023-08-17 15:16:38.025020,2023-08-17 15:16:38.550789,0 days 00:00:00.525769,False,False,False,True,False,True,True,True,False,True,False,True,False,True,,,,1,PRUNED
54,54,,2023-08-17 15:16:38.563487,2023-08-17 15:16:44.745115,0 days 00:00:06.181628,False,False,False,True,False,True,True,True,True,False,True,True,False,False,,,,1,PRUNED
55,55,,2023-08-17 15:16:44.759192,2023-08-17 15:16:54.289709,0 days 00:00:09.530517,False,False,False,True,False,True,True,True,False,False,True,True,False,False,,,,1,PRUNED
56,56,,2023-08-17 15:16:54.303192,2023-08-17 15:17:00.327690,0 days 00:00:06.024498,False,True,False,True,False,True,False,True,True,False,True,True,True,False,,,,1,PRUNED
57,57,,2023-08-17 15:17:00.340764,2023-08-17 15:17:03.820667,0 days 00:00:03.479903,False,False,False,True,True,True,True,True,False,False,True,True,False,False,,,,1,PRUNED
58,58,-146.70042365679734,2023-08-17 15:17:03.834093,2023-08-17 16:38:10.482337,0 days 01:21:06.648244,True,False,False,False,True,True,True,True,False,False,True,True,False,False,/mmfs1/gscratch/cheme/usr/evankomp/repos/nomelt/data/enh/optimize_enh1/enh_vs_translate/3745532240239389191,"[-146.70042365679734, 2.726656490500387]",GKRPRTAFSSEQLARLKREFNANRYLTEQRRQELASELGLNEAQIKIWFQNKRAKLKKAAG,1,COMPLETE
59,59,,2023-08-17 15:17:37.974316,2023-08-17 15:17:38.434124,0 days 00:00:00.459808,True,False,False,True,False,True,True,True,False,False,True,True,False,False,,,,1,PRUNED
60,60,,2023-08-17 15:17:38.474545,2023-08-17 15:17:40.420459,0 days 00:00:01.945914,True,False,False,True,False,True,True,False,False,False,True,True,True,False,,,,1,PRUNED
61,61,,2023-08-17 15:17:40.436992,2023-08-17 15:17:48.498130,0 days 00:00:08.061138,False,False,False,True,False,True,True,True,False,True,False,True,False,True,,,,1,PRUNED
62,62,,2023-08-17 15:17:48.514340,2023-08-17 15:17:51.781962,0 days 00:00:03.267622,False,False,False,True,False,True,True,True,True,False,True,True,False,False,,,,1,PRUNED
63,63,,2023-08-17 15:17:51.801249,2023-08-17 15:17:54.916886,0 days 00:00:03.115637,False,False,False,True,False,True,True,True,False,False,True,True,False,False,,,,1,PRUNED
64,64,,2023-08-17 15:17:54.928253,2023-08-17 15:18:02.520630,0 days 00:00:07.592377,False,True,False,True,False,True,False,True,True,False,True,True,True,False,,,,1,PRUNED
65,65,,2023-08-17 15:18:02.537939,2023-08-17 15:18:09.154150,0 days 00:00:06.616211,False,False,False,True,True,True,True,True,False,False,True,True,False,False,,,,1,PRUNED
66,66,,2023-08-17 15:18:09.175098,2023-08-17 15:18:11.052240,0 days 00:00:01.877142,True,False,False,False,True,True,True,True,False,False,True,True,False,False,,,,1,PRUNED
67,67,-144.58664502118305,2023-08-17 15:18:11.069675,2023-08-17 16:41:26.752119,0 days 01:23:15.682444,True,False,False,True,False,True,False,True,True,False,True,True,False,False,/mmfs1/gscratch/cheme/usr/evankomp/repos/nomelt/data/enh/optimize_enh1/enh_vs_translate/1748870031904764779,"[-144.58664502118305, 4.081543020687605]",GKRPRTAFSSEQLARLKREFQENRYLTEQRRQQLARELGLNEAQIKIWFQNKRAKLKKAAG,1,COMPLETE
68,68,,2023-08-17 15:21:56.013329,2023-08-17 15:22:03.873262,0 days 00:00:07.859933,False,True,False,True,False,True,False,True,True,False,True,True,True,False,,,,1,PRUNED
69,69,,2023-08-17 15:22:03.895344,2023-08-17 15:22:08.277448,0 days 00:00:04.382104,False,False,False,True,True,True,True,True,False,False,True,True,False,False,,,,1,PRUNED
70,70,,2023-08-17 15:22:08.295281,2023-08-17 15:22:11.245565,0 days 00:00:02.950284,True,False,False,False,True,True,True,True,False,False,True,True,False,False,,,,1,PRUNED
71,71,,2023-08-17 15:22:11.263111,2023-08-17 15:22:18.651712,0 days 00:00:07.388601,True,False,False,True,False,True,False,True,True,False,True,True,False,False,,,,1,PRUNED
72,72,-141.8533258234393,2023-08-17 15:22:18.673036,2023-08-17 16:43:00.231652,0 days 01:20:41.558616,True,False,False,False,True,True,True,True,False,True,False,False,False,True,/mmfs1/gscratch/cheme/usr/evankomp/repos/nomelt/data/enh/optimize_enh1/enh_vs_translate/1466299962552734792,"[-141.8533258234393, 2.8443124722186903]",GKRPRTAFSAEQLARLKREFNANRYLTEQRRQELASELGLNESQIKIWFQNKRAKIKK,1,COMPLETE
73,73,,2023-08-17 15:22:19.281542,2023-08-17 15:22:20.621889,0 days 00:00:01.340347,False,False,False,True,False,True,True,True,False,True,False,True,False,True,,,,1,PRUNED
74,74,,2023-08-17 15:22:19.393135,2023-08-17 15:22:25.668371,0 days 00:00:06.275236,False,False,False,True,False,True,True,True,False,False,True,True,False,False,,,,1,PRUNED
75,75,,2023-08-17 15:22:20.638288,2023-08-17 15:22:27.148614,0 days 00:00:06.510326,False,False,False,True,False,True,True,True,True,False,True,True,False,False,,,,1,PRUNED
76,76,,2023-08-17 15:22:25.759613,2023-08-17 15:22:29.732267,0 days 00:00:03.972654,False,True,False,True,False,True,False,True,True,False,True,True,True,False,,,,1,PRUNED
77,77,,2023-08-17 15:22:27.168376,2023-08-17 15:22:35.334292,0 days 00:00:08.165916,False,False,False,True,False,True,True,True,False,False,True,True,False,False,,,,1,PRUNED
78,78,,2023-08-17 15:22:29.751748,2023-08-17 15:22:29.986299,0 days 00:00:00.234551,False,False,False,True,True,True,True,True,False,False,True,True,False,False,,,,1,PRUNED
79,79,,2023-08-17 15:22:30.005420,2023-08-17 15:22:33.038393,0 days 00:00:03.032973,True,False,False,False,True,True,True,True,False,False,True,True,False,False,,,,1,PRUNED
80,80,,2023-08-17 15:22:33.058035,2023-08-17 15:22:38.161026,0 days 00:00:05.102991,True,False,False,True,False,True,False,True,True,False,True,True,False,False,,,,1,PRUNED
81,81,,2023-08-17 15:22:35.352079,2023-08-17 15:22:45.140433,0 days 00:00:09.788354,False,True,False,True,False,True,False,True,True,False,True,True,True,False,,,,1,PRUNED
82,82,,2023-08-17 15:22:38.181580,2023-08-17 15:22:42.563151,0 days 00:00:04.381571,True,False,False,False,True,True,True,True,False,True,False,False,False,True,,,,1,PRUNED
83,83,-147.60291982755984,2023-08-17 15:22:42.578387,2023-08-17 16:46:17.012148,0 days 01:23:34.433761,True,False,False,False,False,True,True,True,False,False,True,True,False,False,/mmfs1/gscratch/cheme/usr/evankomp/repos/nomelt/data/enh/optimize_enh1/enh_vs_translate/3253736318573562952,"[-147.60291982755984, 3.452584485624952]",GKRPRTAFSSEQLARLKREFNENRYLTEQRRQELASELGLNEAQIKIWFQNKRAKLKKAAG,1,COMPLETE
84,84,,2023-08-17 15:22:45.160015,2023-08-17 15:22:47.899223,0 days 00:00:02.739208,False,False,False,True,True,True,True,True,False,False,True,True,False,False,,,,1,PRUNED
85,85,,2023-08-17 15:22:47.918109,2023-08-17 15:22:54.681868,0 days 00:00:06.763759,True,False,False,False,True,True,True,True,False,False,True,True,False,False,,,,1,PRUNED
86,86,,2023-08-17 15:22:54.700954,2023-08-17 15:23:03.144926,0 days 00:00:08.443972,True,False,False,True,False,True,False,True,True,False,True,True,False,False,,,,1,PRUNED
87,87,,2023-08-17 15:23:03.164518,2023-08-17 15:23:07.621815,0 days 00:00:04.457297,True,False,False,False,True,True,True,True,False,True,False,False,False,True,,,,1,PRUNED
