,number,value,datetime_start,datetime_complete,duration,params_mut_0,params_mut_13,params_mut_17,params_mut_20,params_mut_21,params_mut_28,params_mut_32,params_mut_34,params_mut_35,params_mut_42,params_mut_55,params_mut_58,params_mut_8,params_mut_9,user_attrs_pdb_file,user_attrs_raw_result,user_attrs_variant_seq,system_attrs_nsga2:generation,state
506,506,,2023-08-18 02:54:08.095804,2023-08-18 02:54:17.890360,0 days 00:00:09.794556,True,False,True,False,False,True,True,True,False,False,False,True,False,False,,,,5,PRUNED
507,507,,2023-08-18 02:54:17.979767,2023-08-18 02:54:21.033691,0 days 00:00:03.053924,True,False,True,True,False,True,True,True,False,False,True,True,False,True,,,,5,PRUNED
508,508,-149.2404321987036,2023-08-18 02:54:21.123795,2023-08-18 04:19:10.573578,0 days 01:24:49.449783,True,False,False,True,False,True,True,False,False,False,False,True,True,True,/mmfs1/gscratch/cheme/usr/evankomp/repos/nomelt/data/enh/optimize_enh1/enh_vs_translate/2963378893388488173,"[-149.2404321987036, 1.9683076575125076]",GKRPRTAFTAEQLARLKREFQENRYLTEQRRQELSSELGLNEAQIKIWFQNKRAKIKKAAG,5,COMPLETE
509,509,-149.98988548605098,2023-08-18 03:38:09.315901,2023-08-18 05:01:17.880561,0 days 01:23:08.564660,True,False,False,True,False,True,True,False,True,False,True,True,False,True,/mmfs1/gscratch/cheme/usr/evankomp/repos/nomelt/data/enh/optimize_enh1/enh_vs_translate/1276490214096707397,"[-149.98988548605098, 2.3577954521076823]",GKRPRTAFSAEQLARLKREFQENRYLTEQRRQELSRELGLNEAQIKIWFQNKRAKLKKAAG,5,COMPLETE
510,510,,2023-08-18 03:40:38.933151,2023-08-18 03:40:47.987286,0 days 00:00:09.054135,False,False,False,True,False,True,True,True,False,False,False,True,False,False,,,,5,PRUNED
511,511,,2023-08-18 03:40:48.067269,2023-08-18 03:40:50.804483,0 days 00:00:02.737214,True,False,True,False,False,True,True,True,False,False,False,True,False,True,,,,5,PRUNED
512,512,,2023-08-18 03:40:51.437705,2023-08-18 03:40:52.851588,0 days 00:00:01.413883,True,False,False,True,True,True,True,True,False,False,True,True,True,True,,,,5,PRUNED
513,513,,2023-08-18 03:40:52.936422,2023-08-18 03:40:58.331921,0 days 00:00:05.395499,True,False,True,True,False,True,True,True,False,False,False,True,False,False,,,,5,PRUNED
514,514,,2023-08-18 03:40:58.413713,2023-08-18 03:41:04.246533,0 days 00:00:05.832820,True,False,True,False,False,True,True,True,True,False,False,True,False,True,,,,5,PRUNED
515,515,,2023-08-18 03:41:04.330670,2023-08-18 03:41:05.038191,0 days 00:00:00.707521,True,False,True,True,False,True,True,True,False,False,False,True,False,True,,,,5,PRUNED
516,516,,2023-08-18 03:41:05.121088,2023-08-18 03:41:09.810691,0 days 00:00:04.689603,True,False,True,True,False,True,True,True,False,False,False,True,True,True,,,,5,PRUNED
517,517,,2023-08-18 03:41:09.893329,2023-08-18 03:41:12.722301,0 days 00:00:02.828972,True,False,True,True,False,True,True,True,True,False,False,True,False,False,,,,5,PRUNED
518,518,,2023-08-18 03:41:12.806633,2023-08-18 03:41:21.585767,0 days 00:00:08.779134,True,False,True,False,False,True,True,True,True,False,False,True,False,True,,,,5,PRUNED
519,519,,2023-08-18 03:41:21.668844,2023-08-18 03:41:26.748230,0 days 00:00:05.079386,True,False,True,False,False,True,True,True,False,False,False,True,False,False,,,,5,PRUNED
520,520,,2023-08-18 03:41:26.833350,2023-08-18 03:41:28.993638,0 days 00:00:02.160288,True,False,True,True,False,True,True,True,False,False,True,True,False,True,,,,5,PRUNED
521,521,,2023-08-18 03:41:29.079447,2023-08-18 03:41:31.814499,0 days 00:00:02.735052,True,False,False,True,False,True,True,False,False,False,False,True,True,True,,,,5,PRUNED
522,522,,2023-08-18 03:41:31.902459,2023-08-18 03:41:38.896916,0 days 00:00:06.994457,True,False,False,True,False,True,True,True,False,False,True,True,False,True,,,,5,PRUNED
523,523,-146.10824405116452,2023-08-18 03:41:38.983289,2023-08-18 05:04:51.214630,0 days 01:23:12.231341,True,False,False,True,True,True,True,True,False,False,False,True,False,False,/mmfs1/gscratch/cheme/usr/evankomp/repos/nomelt/data/enh/optimize_enh1/enh_vs_translate/2486859686145759973,"[-146.10824405116452, 2.6096722494887277]",GKRPRTAFSSEQLARLKREFQANRYLTEQRRQELASELGLNEAQIKIWFQNKRAKIKKAAG,5,COMPLETE
524,524,,2023-08-18 03:45:22.814029,2023-08-18 03:45:29.857210,0 days 00:00:07.043181,True,False,True,False,False,True,True,True,False,False,False,True,False,True,,,,5,PRUNED
525,525,,2023-08-18 03:45:29.947998,2023-08-18 03:45:32.906562,0 days 00:00:02.958564,True,False,False,True,True,True,True,True,False,False,True,True,True,True,,,,5,PRUNED
526,526,,2023-08-18 03:45:33.556151,2023-08-18 03:45:34.778978,0 days 00:00:01.222827,True,False,True,True,False,True,True,True,False,False,False,True,False,False,,,,5,PRUNED
527,527,,2023-08-18 03:45:34.867567,2023-08-18 03:45:37.141263,0 days 00:00:02.273696,True,False,True,False,False,True,True,True,True,False,False,True,False,True,,,,5,PRUNED
528,528,,2023-08-18 03:45:37.238149,2023-08-18 03:45:44.067010,0 days 00:00:06.828861,True,False,True,True,False,True,True,True,False,False,False,True,False,True,,,,5,PRUNED
529,529,,2023-08-18 03:45:44.163920,2023-08-18 03:45:48.174483,0 days 00:00:04.010563,True,False,True,True,False,True,True,True,False,False,False,True,True,True,,,,5,PRUNED
530,530,,2023-08-18 03:45:48.267178,2023-08-18 03:45:55.193961,0 days 00:00:06.926783,True,False,True,True,False,True,True,True,True,False,False,True,False,False,,,,5,PRUNED
531,531,,2023-08-18 03:45:55.285027,2023-08-18 03:46:01.298342,0 days 00:00:06.013315,True,False,True,False,False,True,True,True,True,False,False,True,False,True,,,,5,PRUNED
532,532,,2023-08-18 03:46:01.391335,2023-08-18 03:46:01.700528,0 days 00:00:00.309193,True,False,True,False,False,True,True,True,False,False,False,True,False,False,,,,5,PRUNED
533,533,,2023-08-18 03:46:01.795672,2023-08-18 03:46:07.124701,0 days 00:00:05.329029,True,False,True,True,False,True,True,True,False,False,True,True,False,True,,,,5,PRUNED
534,534,,2023-08-18 03:46:07.219877,2023-08-18 03:46:17.208495,0 days 00:00:09.988618,True,False,False,True,False,True,True,False,False,False,False,True,True,True,,,,5,PRUNED
535,535,,2023-08-18 03:46:17.306998,2023-08-18 03:46:27.383014,0 days 00:00:10.076016,True,False,False,True,False,True,True,True,False,False,True,True,False,True,,,,5,PRUNED
536,536,,2023-08-18 03:46:27.477458,2023-08-18 03:46:31.204753,0 days 00:00:03.727295,True,False,False,True,True,True,True,True,False,False,False,True,False,False,,,,5,PRUNED
537,537,,2023-08-18 03:46:31.297734,2023-08-18 03:46:37.443012,0 days 00:00:06.145278,True,False,True,False,False,True,True,True,False,False,False,True,False,True,,,,5,PRUNED
538,538,,2023-08-18 03:46:37.537782,2023-08-18 03:46:40.708400,0 days 00:00:03.170618,True,False,True,False,False,True,True,True,True,False,False,True,False,True,,,,5,PRUNED
539,539,,2023-08-18 03:46:40.806120,2023-08-18 03:46:47.595863,0 days 00:00:06.789743,True,False,True,False,False,True,True,True,True,False,False,True,False,True,,,,5,PRUNED
540,540,,2023-08-18 03:46:47.693769,2023-08-18 03:46:55.435652,0 days 00:00:07.741883,True,False,True,False,False,True,True,True,False,False,False,True,False,True,,,,5,PRUNED
541,541,-149.6588923014425,2023-08-18 03:46:55.535172,2023-08-18 05:10:06.491104,0 days 01:23:10.955932,True,True,True,False,False,True,True,True,False,False,False,True,False,True,/mmfs1/gscratch/cheme/usr/evankomp/repos/nomelt/data/enh/optimize_enh1/enh_vs_translate/8807392030093679648,"[-149.6588923014425, 2.9692476706322877]",GKRPRTAFSAEQLQRLKAEFNENRYLTEQRRQELASELGLNEAQIKIWFQNKRAKIKKAAG,5,COMPLETE
542,542,,2023-08-18 04:03:43.057833,2023-08-18 04:03:45.254887,0 days 00:00:02.197054,True,False,False,True,True,True,True,True,False,False,True,True,True,True,,,,5,PRUNED
543,543,,2023-08-18 04:03:45.338191,2023-08-18 04:03:48.334202,0 days 00:00:02.996011,True,False,True,True,False,True,True,True,False,False,False,True,False,False,,,,5,PRUNED
544,544,,2023-08-18 04:03:48.995006,2023-08-18 04:03:55.954054,0 days 00:00:06.959048,True,False,True,False,False,True,True,True,True,False,False,True,False,True,,,,5,PRUNED
545,545,,2023-08-18 04:03:56.032005,2023-08-18 04:04:00.193764,0 days 00:00:04.161759,True,False,True,True,False,True,True,True,False,False,False,True,False,True,,,,5,PRUNED
546,546,,2023-08-18 04:04:00.281175,2023-08-18 04:04:06.952896,0 days 00:00:06.671721,True,False,True,True,False,True,True,True,False,False,False,True,True,True,,,,5,PRUNED
547,547,,2023-08-18 04:04:07.033546,2023-08-18 04:04:09.562322,0 days 00:00:02.528776,True,False,True,True,False,True,True,True,True,False,False,True,False,False,,,,5,PRUNED
548,548,,2023-08-18 04:04:09.644957,2023-08-18 04:04:17.835171,0 days 00:00:08.190214,True,False,True,False,False,True,True,True,True,False,False,True,False,True,,,,5,PRUNED
549,549,,2023-08-18 04:04:17.916624,2023-08-18 04:04:21.129509,0 days 00:00:03.212885,True,False,True,False,False,True,True,True,False,False,False,True,False,False,,,,5,PRUNED
550,550,,2023-08-18 04:04:21.209916,2023-08-18 04:04:29.701180,0 days 00:00:08.491264,True,False,True,True,False,True,True,True,False,False,True,True,False,True,,,,5,PRUNED
551,551,,2023-08-18 04:04:29.781267,2023-08-18 04:04:35.715891,0 days 00:00:05.934624,True,False,False,True,False,True,True,False,False,False,False,True,True,True,,,,5,PRUNED
552,552,,2023-08-18 04:04:35.796994,2023-08-18 04:04:43.780970,0 days 00:00:07.983976,True,False,False,True,False,True,True,True,False,False,True,True,False,True,,,,5,PRUNED
553,553,,2023-08-18 04:04:43.867331,2023-08-18 04:04:47.572214,0 days 00:00:03.704883,True,False,False,True,True,True,True,True,False,False,False,True,False,False,,,,5,PRUNED
554,554,,2023-08-18 04:04:47.653756,2023-08-18 04:04:54.552513,0 days 00:00:06.898757,True,False,True,False,False,True,True,True,False,False,False,True,False,True,,,,5,PRUNED
555,555,,2023-08-18 04:04:54.634207,2023-08-18 04:04:59.526493,0 days 00:00:04.892286,True,False,True,False,False,True,True,True,True,False,False,True,False,True,,,,5,PRUNED
556,556,,2023-08-18 04:04:59.609955,2023-08-18 04:05:03.493331,0 days 00:00:03.883376,True,False,True,False,False,True,True,True,True,False,False,True,False,True,,,,5,PRUNED
557,557,,2023-08-18 04:05:03.578940,2023-08-18 04:05:05.067371,0 days 00:00:01.488431,True,False,True,False,False,True,True,True,False,False,False,True,False,True,,,,5,PRUNED
558,558,,2023-08-18 04:05:05.156462,2023-08-18 04:05:06.179151,0 days 00:00:01.022689,True,True,True,False,False,True,True,True,False,False,False,True,False,True,,,,5,PRUNED
559,559,,2023-08-18 04:05:06.261271,2023-08-18 04:05:07.234445,0 days 00:00:00.973174,True,False,True,True,False,True,True,True,False,False,False,True,False,False,,,,5,PRUNED
560,560,,2023-08-18 04:05:07.317688,2023-08-18 04:05:15.378383,0 days 00:00:08.060695,True,False,False,True,False,True,True,True,False,False,False,True,False,True,,,,5,PRUNED
561,561,-149.25285912162107,2023-08-18 04:05:15.459054,2023-08-18 05:29:54.619200,0 days 01:24:39.160146,True,False,True,True,False,True,True,True,True,False,False,True,False,True,/mmfs1/gscratch/cheme/usr/evankomp/repos/nomelt/data/enh/optimize_enh1/enh_vs_translate/3099236346523181774,"[-149.25285912162107, 3.771537429818744]",GKRPRTAFSAEQLARLKAEFQENRYLTEQRRQELARELGLNEAQIKIWFQNKRAKIKKAAG,5,COMPLETE
562,562,,2023-08-18 04:08:44.788153,2023-08-18 04:08:53.996687,0 days 00:00:09.208534,True,False,True,False,False,True,True,True,True,False,False,True,False,True,,,,5,PRUNED
563,563,,2023-08-18 04:08:54.087910,2023-08-18 04:08:55.210535,0 days 00:00:01.122625,True,False,True,False,False,True,True,True,False,False,False,True,False,False,,,,5,PRUNED
564,564,,2023-08-18 04:08:55.303648,2023-08-18 04:08:58.898745,0 days 00:00:03.595097,True,False,True,True,False,True,True,True,False,False,True,True,False,True,,,,5,PRUNED
565,565,,2023-08-18 04:08:58.987194,2023-08-18 04:09:06.198797,0 days 00:00:07.211603,True,False,False,True,False,True,True,False,False,False,False,True,True,True,,,,5,PRUNED
566,566,,2023-08-18 04:09:06.288496,2023-08-18 04:09:10.774781,0 days 00:00:04.486285,True,False,False,True,False,True,True,True,False,False,True,True,False,True,,,,5,PRUNED
567,567,,2023-08-18 04:09:10.866225,2023-08-18 04:09:17.048771,0 days 00:00:06.182546,True,False,False,True,True,True,True,True,False,False,False,True,False,False,,,,5,PRUNED
568,568,,2023-08-18 04:09:17.139660,2023-08-18 04:09:27.088166,0 days 00:00:09.948506,True,False,True,False,False,True,True,True,False,False,False,True,False,True,,,,5,PRUNED
569,569,,2023-08-18 04:09:27.181652,2023-08-18 04:09:36.042147,0 days 00:00:08.860495,True,False,True,False,False,True,True,True,True,False,False,True,False,True,,,,5,PRUNED
570,570,,2023-08-18 04:09:36.138825,2023-08-18 04:09:45.924744,0 days 00:00:09.785919,True,False,True,False,False,True,True,True,True,False,False,True,False,True,,,,5,PRUNED
571,571,,2023-08-18 04:09:46.016388,2023-08-18 04:09:54.366702,0 days 00:00:08.350314,True,False,True,False,False,True,True,True,False,False,False,True,False,True,,,,5,PRUNED
572,572,,2023-08-18 04:09:54.462707,2023-08-18 04:10:04.310522,0 days 00:00:09.847815,True,True,True,False,False,True,True,True,False,False,False,True,False,True,,,,5,PRUNED
573,573,,2023-08-18 04:10:04.402499,2023-08-18 04:10:10.341378,0 days 00:00:05.938879,True,False,True,True,False,True,True,True,False,False,False,True,False,False,,,,5,PRUNED
574,574,,2023-08-18 04:10:10.438560,2023-08-18 04:10:16.822257,0 days 00:00:06.383697,True,False,False,True,False,True,True,True,False,False,False,True,False,True,,,,5,PRUNED
575,575,,2023-08-18 04:10:16.913019,2023-08-18 04:10:22.203857,0 days 00:00:05.290838,True,False,True,True,False,True,True,True,True,False,False,True,False,True,,,,5,PRUNED
576,576,,2023-08-18 04:10:22.303202,2023-08-18 04:10:31.886402,0 days 00:00:09.583200,True,False,True,True,False,True,True,True,False,False,False,True,False,True,,,,5,PRUNED
577,577,-149.82135487407047,2023-08-18 04:10:31.975715,2023-08-18 05:34:53.749655,0 days 01:24:21.773940,True,False,True,False,False,False,True,True,False,False,False,True,False,True,/mmfs1/gscratch/cheme/usr/evankomp/repos/nomelt/data/enh/optimize_enh1/enh_vs_translate/-8769351348062163151,"[-149.82135487407047, 3.189818951264809]",GKRPRTAFSAEQLARLKAEFNENRYLTERRRQELASELGLNEAQIKIWFQNKRAKIKKAAG,5,COMPLETE
578,578,,2023-08-18 04:11:09.428941,2023-08-18 04:11:11.480420,0 days 00:00:02.051479,True,False,True,True,False,True,True,True,False,False,True,True,False,True,,,,5,PRUNED
579,579,,2023-08-18 04:11:11.574863,2023-08-18 04:11:12.761376,0 days 00:00:01.186513,True,False,False,True,False,True,True,False,False,False,False,True,True,True,,,,5,PRUNED
580,580,,2023-08-18 04:11:12.856116,2023-08-18 04:11:20.489702,0 days 00:00:07.633586,True,False,False,True,False,True,True,True,False,False,True,True,False,True,,,,5,PRUNED
581,581,,2023-08-18 04:11:20.585927,2023-08-18 04:11:21.212200,0 days 00:00:00.626273,True,False,False,True,True,True,True,True,False,False,False,True,False,False,,,,5,PRUNED
582,582,,2023-08-18 04:11:21.311312,2023-08-18 04:11:28.513408,0 days 00:00:07.202096,True,False,True,False,False,True,True,True,False,False,False,True,False,True,,,,5,PRUNED
583,583,,2023-08-18 04:11:28.614104,2023-08-18 04:11:37.931768,0 days 00:00:09.317664,True,False,True,False,False,True,True,True,True,False,False,True,False,True,,,,5,PRUNED
584,584,,2023-08-18 04:11:38.032175,2023-08-18 04:11:45.895715,0 days 00:00:07.863540,True,False,True,False,False,True,True,True,True,False,False,True,False,True,,,,5,PRUNED
585,585,,2023-08-18 04:11:45.998066,2023-08-18 04:11:55.024466,0 days 00:00:09.026400,True,False,True,False,False,True,True,True,False,False,False,True,False,True,,,,5,PRUNED
586,586,,2023-08-18 04:11:55.128844,2023-08-18 04:11:58.387317,0 days 00:00:03.258473,True,True,True,False,False,True,True,True,False,False,False,True,False,True,,,,5,PRUNED
587,587,,2023-08-18 04:11:58.487166,2023-08-18 04:12:07.444349,0 days 00:00:08.957183,True,False,True,True,False,True,True,True,False,False,False,True,False,False,,,,5,PRUNED
588,588,,2023-08-18 04:12:07.547397,2023-08-18 04:12:14.022489,0 days 00:00:06.475092,True,False,False,True,False,True,True,True,False,False,False,True,False,True,,,,5,PRUNED
589,589,,2023-08-18 04:12:14.130599,2023-08-18 04:12:18.202131,0 days 00:00:04.071532,True,False,True,True,False,True,True,True,True,False,False,True,False,True,,,,5,PRUNED
590,590,,2023-08-18 04:12:18.303552,2023-08-18 04:12:27.223807,0 days 00:00:08.920255,True,False,True,True,False,True,True,True,False,False,False,True,False,True,,,,5,PRUNED
591,591,,2023-08-18 04:12:27.331026,2023-08-18 04:12:36.393894,0 days 00:00:09.062868,True,False,True,False,False,False,True,True,False,False,False,True,False,True,,,,5,PRUNED
592,592,-142.82356793385839,2023-08-18 04:12:36.496419,2023-08-18 05:36:39.036864,0 days 01:24:02.540445,True,False,True,True,False,True,True,True,False,False,True,False,False,False,/mmfs1/gscratch/cheme/usr/evankomp/repos/nomelt/data/enh/optimize_enh1/enh_vs_translate/-6102345083879660993,"[-142.82356793385839, 5.40371984461734]",GKRPRTAFSSEQLARLKAEFQENRYLTEQRRQELASELGLNEAQIKIWFQNKRAKLKK,5,COMPLETE
593,593,,2023-08-18 04:19:10.682432,2023-08-18 04:19:20.763021,0 days 00:00:10.080589,True,False,False,True,False,True,True,True,False,False,True,True,False,True,,,,5,PRUNED
594,594,,2023-08-18 04:19:20.865960,2023-08-18 04:19:24.595599,0 days 00:00:03.729639,True,False,False,True,True,True,True,True,False,False,False,True,False,False,,,,5,PRUNED
595,595,,2023-08-18 04:19:24.699064,2023-08-18 04:19:30.067333,0 days 00:00:05.368269,True,False,True,False,False,True,True,True,False,False,False,True,False,True,,,,5,PRUNED
596,596,,2023-08-18 04:19:30.171806,2023-08-18 04:19:38.580130,0 days 00:00:08.408324,True,False,True,False,False,True,True,True,True,False,False,True,False,True,,,,5,PRUNED
597,597,,2023-08-18 04:19:38.686101,2023-08-18 04:19:44.733502,0 days 00:00:06.047401,True,False,True,False,False,True,True,True,True,False,False,True,False,True,,,,5,PRUNED
598,598,,2023-08-18 04:19:44.839572,2023-08-18 04:19:45.532330,0 days 00:00:00.692758,True,False,True,False,False,True,True,True,False,False,False,True,False,True,,,,5,PRUNED
599,599,,2023-08-18 04:19:45.633880,2023-08-18 04:19:50.198089,0 days 00:00:04.564209,True,True,True,False,False,True,True,True,False,False,False,True,False,True,,,,5,PRUNED
600,600,,2023-08-18 04:19:50.304466,2023-08-18 04:19:59.903103,0 days 00:00:09.598637,True,False,True,True,False,True,True,True,False,False,False,True,False,False,,,,5,PRUNED
601,601,,2023-08-18 04:20:00.008837,2023-08-18 04:20:01.066296,0 days 00:00:01.057459,True,False,False,True,False,True,True,True,False,False,False,True,False,True,,,,5,PRUNED
602,602,,2023-08-18 04:20:01.176253,2023-08-18 04:20:03.844987,0 days 00:00:02.668734,True,False,True,True,False,True,True,True,True,False,False,True,False,True,,,,5,PRUNED
603,603,,2023-08-18 04:20:03.953805,2023-08-18 04:20:06.492488,0 days 00:00:02.538683,True,False,True,True,False,True,True,True,False,False,False,True,False,True,,,,5,PRUNED
604,604,,2023-08-18 04:20:06.599514,2023-08-18 04:20:10.964446,0 days 00:00:04.364932,True,False,True,False,False,False,True,True,False,False,False,True,False,True,,,,5,PRUNED
605,605,,2023-08-18 04:20:11.072837,2023-08-18 04:20:16.483832,0 days 00:00:05.410995,True,False,True,True,False,True,True,True,False,False,True,False,False,False,,,,5,PRUNED
606,606,-149.33990452369977,2023-08-18 04:20:16.592526,2023-08-18 05:44:32.891651,0 days 01:24:16.299125,True,False,True,True,True,False,True,True,False,False,False,True,False,True,/mmfs1/gscratch/cheme/usr/evankomp/repos/nomelt/data/enh/optimize_enh1/enh_vs_translate/3805419791798218942,"[-149.33990452369977, 2.6455075463548017]",GKRPRTAFSAEQLARLKAEFQANRYLTERRRQELASELGLNEAQIKIWFQNKRAKIKKAAG,5,COMPLETE
607,607,-145.27912981633935,2023-08-18 05:01:17.972268,2023-08-18 06:24:31.516241,0 days 01:23:13.543973,True,False,False,False,False,True,False,True,True,False,False,True,False,True,/mmfs1/gscratch/cheme/usr/evankomp/repos/nomelt/data/enh/optimize_enh1/enh_vs_translate/4961080511797560439,"[-145.27912981633935, 3.496061711376464]",GKRPRTAFSAEQLARLKREFNENRYLTEQRRQQLARELGLNEAQIKIWFQNKRAKIKKAAG,5,COMPLETE
608,608,,2023-08-18 05:04:51.316609,2023-08-18 05:04:56.929285,0 days 00:00:05.612676,True,False,True,False,False,True,True,True,False,False,False,True,False,True,,,,5,PRUNED
609,609,,2023-08-18 05:04:57.031528,2023-08-18 05:05:03.917391,0 days 00:00:06.885863,True,False,True,False,False,True,True,True,True,False,False,True,False,True,,,,5,PRUNED
610,610,,2023-08-18 05:05:04.019192,2023-08-18 05:05:10.888227,0 days 00:00:06.869035,True,False,True,False,False,True,True,True,True,False,False,True,False,True,,,,5,PRUNED
611,611,,2023-08-18 05:05:10.986965,2023-08-18 05:05:16.982754,0 days 00:00:05.995789,True,False,True,False,False,True,True,True,False,False,False,True,False,True,,,,5,PRUNED
612,612,,2023-08-18 05:05:17.083141,2023-08-18 05:05:22.044058,0 days 00:00:04.960917,True,True,True,False,False,True,True,True,False,False,False,True,False,True,,,,5,PRUNED
613,613,,2023-08-18 05:05:22.146901,2023-08-18 05:05:30.524343,0 days 00:00:08.377442,True,False,True,True,False,True,True,True,False,False,False,True,False,False,,,,5,PRUNED
614,614,,2023-08-18 05:05:30.624364,2023-08-18 05:05:30.966548,0 days 00:00:00.342184,True,False,False,True,False,True,True,True,False,False,False,True,False,True,,,,5,PRUNED
615,615,,2023-08-18 05:05:31.070311,2023-08-18 05:05:37.997520,0 days 00:00:06.927209,True,False,True,True,False,True,True,True,True,False,False,True,False,True,,,,5,PRUNED
616,616,,2023-08-18 05:05:38.094934,2023-08-18 05:05:42.344713,0 days 00:00:04.249779,True,False,True,True,False,True,True,True,False,False,False,True,False,True,,,,5,PRUNED
617,617,,2023-08-18 05:05:42.447893,2023-08-18 05:05:50.816197,0 days 00:00:08.368304,True,False,True,False,False,False,True,True,False,False,False,True,False,True,,,,5,PRUNED
