,number,value,datetime_start,datetime_complete,duration,params_mut_0,params_mut_13,params_mut_17,params_mut_20,params_mut_21,params_mut_28,params_mut_32,params_mut_34,params_mut_35,params_mut_42,params_mut_55,params_mut_58,params_mut_8,params_mut_9,user_attrs_pdb_file,user_attrs_raw_result,user_attrs_variant_seq,system_attrs_nsga2:generation,state
397,397,,2023-08-18 00:57:33.722091,2023-08-18 00:57:43.853457,0 days 00:00:10.131366,True,False,True,True,False,True,True,True,False,False,False,True,True,True,,,,4,PRUNED
398,398,,2023-08-18 00:57:43.922643,2023-08-18 00:57:44.519986,0 days 00:00:00.597343,True,False,False,True,False,True,True,True,False,False,True,True,False,True,,,,4,PRUNED
399,399,,2023-08-18 00:57:44.591247,2023-08-18 00:57:45.391001,0 days 00:00:00.799754,True,False,False,False,False,True,False,True,False,False,False,True,False,True,,,,4,PRUNED
400,400,,2023-08-18 00:57:45.465176,2023-08-18 00:57:49.131367,0 days 00:00:03.666191,True,False,False,True,False,True,True,True,False,False,False,True,False,True,,,,4,PRUNED
401,401,,2023-08-18 00:57:49.204559,2023-08-18 00:57:51.596069,0 days 00:00:02.391510,True,False,False,True,False,True,True,True,False,False,False,True,False,True,,,,4,PRUNED
402,402,,2023-08-18 00:57:51.666875,2023-08-18 00:57:59.385887,0 days 00:00:07.719012,True,False,True,True,False,True,True,True,False,False,False,True,True,True,,,,4,PRUNED
403,403,,2023-08-18 00:57:59.456834,2023-08-18 00:58:03.105432,0 days 00:00:03.648598,True,False,False,True,False,True,False,True,False,True,False,True,True,True,,,,4,PRUNED
404,404,,2023-08-18 00:58:03.179510,2023-08-18 00:58:09.092851,0 days 00:00:05.913341,True,False,False,False,False,True,True,True,True,False,False,True,False,True,,,,4,PRUNED
405,405,,2023-08-18 00:58:09.164530,2023-08-18 00:58:18.536471,0 days 00:00:09.371941,True,False,False,False,False,True,True,True,False,False,True,True,False,True,,,,4,PRUNED
406,406,,2023-08-18 00:58:18.614022,2023-08-18 00:58:23.984718,0 days 00:00:05.370696,True,False,False,True,False,True,True,True,False,False,True,True,False,True,,,,4,PRUNED
407,407,,2023-08-18 00:58:24.057715,2023-08-18 00:58:26.284341,0 days 00:00:02.226626,True,False,False,False,False,True,True,True,False,False,True,True,False,True,,,,4,PRUNED
408,408,,2023-08-18 00:58:26.359578,2023-08-18 00:58:27.276025,0 days 00:00:00.916447,True,False,False,False,False,True,True,True,False,False,True,True,False,True,,,,4,PRUNED
409,409,,2023-08-18 00:58:27.345985,2023-08-18 00:58:34.934606,0 days 00:00:07.588621,True,False,False,False,False,True,True,True,True,False,False,True,False,True,,,,4,PRUNED
410,410,,2023-08-18 00:58:35.009423,2023-08-18 00:58:38.340529,0 days 00:00:03.331106,True,False,False,True,True,True,True,True,False,False,True,True,True,True,,,,4,PRUNED
411,411,-147.77246001696207,2023-08-18 00:58:38.417750,2023-08-18 02:22:01.602477,0 days 01:23:23.184727,False,False,False,False,False,True,True,False,False,False,True,True,False,True,/mmfs1/gscratch/cheme/usr/evankomp/repos/nomelt/data/enh/optimize_enh1/enh_vs_translate/-8925170506628055378,"[-147.77246001696207, 1.9140650761644744]",DKRPRTAFSAEQLARLKREFNENRYLTEQRRQELSSELGLNEAQIKIWFQNKRAKLKKAAG,4,COMPLETE
412,412,,2023-08-18 01:11:19.436526,2023-08-18 01:11:29.526501,0 days 00:00:10.089975,True,False,False,False,False,True,True,True,False,True,False,True,False,True,,,,4,PRUNED
413,413,,2023-08-18 01:11:30.099847,2023-08-18 01:11:34.564551,0 days 00:00:04.464704,True,False,True,False,False,True,True,True,True,False,False,True,False,True,,,,4,PRUNED
414,414,,2023-08-18 01:11:34.632045,2023-08-18 01:11:35.493104,0 days 00:00:00.861059,True,False,True,True,False,True,True,True,False,False,False,True,True,True,,,,4,PRUNED
415,415,,2023-08-18 01:11:35.554714,2023-08-18 01:11:39.099126,0 days 00:00:03.544412,True,False,False,True,False,True,True,True,False,False,True,True,False,True,,,,4,PRUNED
416,416,,2023-08-18 01:11:39.160328,2023-08-18 01:11:43.890803,0 days 00:00:04.730475,True,False,False,False,False,True,False,True,False,False,False,True,False,True,,,,4,PRUNED
417,417,,2023-08-18 01:11:43.954994,2023-08-18 01:11:51.169403,0 days 00:00:07.214409,True,False,False,True,False,True,True,True,False,False,False,True,False,True,,,,4,PRUNED
418,418,,2023-08-18 01:11:51.236257,2023-08-18 01:11:59.143456,0 days 00:00:07.907199,True,False,False,True,False,True,True,True,False,False,False,True,False,True,,,,4,PRUNED
419,419,,2023-08-18 01:11:59.208679,2023-08-18 01:12:03.382331,0 days 00:00:04.173652,True,False,True,True,False,True,True,True,False,False,False,True,True,True,,,,4,PRUNED
420,420,,2023-08-18 01:12:03.449618,2023-08-18 01:12:08.694681,0 days 00:00:05.245063,True,False,False,True,False,True,False,True,False,True,False,True,True,True,,,,4,PRUNED
421,421,,2023-08-18 01:12:08.759391,2023-08-18 01:12:15.024198,0 days 00:00:06.264807,True,False,False,False,False,True,True,True,True,False,False,True,False,True,,,,4,PRUNED
422,422,,2023-08-18 01:12:15.092867,2023-08-18 01:12:25.198724,0 days 00:00:10.105857,True,False,False,False,False,True,True,True,False,False,True,True,False,True,,,,4,PRUNED
423,423,,2023-08-18 01:12:25.263672,2023-08-18 01:12:27.831352,0 days 00:00:02.567680,True,False,False,True,False,True,True,True,False,False,True,True,False,True,,,,4,PRUNED
424,424,,2023-08-18 01:12:27.898376,2023-08-18 01:12:36.740034,0 days 00:00:08.841658,True,False,False,False,False,True,True,True,False,False,True,True,False,True,,,,4,PRUNED
425,425,,2023-08-18 01:12:36.804816,2023-08-18 01:12:44.504675,0 days 00:00:07.699859,True,False,False,False,False,True,True,True,False,False,True,True,False,True,,,,4,PRUNED
426,426,,2023-08-18 01:12:44.570213,2023-08-18 01:12:49.456071,0 days 00:00:04.885858,True,False,False,False,False,True,True,True,True,False,False,True,False,True,,,,4,PRUNED
427,427,,2023-08-18 01:12:49.518759,2023-08-18 01:12:56.844283,0 days 00:00:07.325524,True,False,False,True,True,True,True,True,False,False,True,True,True,True,,,,4,PRUNED
428,428,,2023-08-18 01:12:56.911699,2023-08-18 01:12:58.203784,0 days 00:00:01.292085,False,False,False,False,False,True,True,False,False,False,True,True,False,True,,,,4,PRUNED
429,429,-147.5848506839461,2023-08-18 01:12:58.272704,2023-08-18 02:38:00.180376,0 days 01:25:01.907672,False,False,False,True,False,True,True,True,False,False,False,True,False,True,/mmfs1/gscratch/cheme/usr/evankomp/repos/nomelt/data/enh/optimize_enh1/enh_vs_translate/3402612316990788092,"[-147.5848506839461, 3.8010452753475885]",DKRPRTAFSAEQLARLKREFQENRYLTEQRRQELASELGLNEAQIKIWFQNKRAKIKKAAG,4,COMPLETE
430,430,,2023-08-18 01:16:15.992653,2023-08-18 01:16:18.703558,0 days 00:00:02.710905,True,False,True,True,False,True,True,True,False,False,False,True,True,True,,,,4,PRUNED
431,431,,2023-08-18 01:16:18.772569,2023-08-18 01:16:26.820253,0 days 00:00:08.047684,True,False,False,True,False,True,True,True,False,False,True,True,False,True,,,,4,PRUNED
432,432,,2023-08-18 01:16:27.425701,2023-08-18 01:16:27.930082,0 days 00:00:00.504381,True,False,False,False,False,True,False,True,False,False,False,True,False,True,,,,4,PRUNED
433,433,,2023-08-18 01:16:28.003190,2023-08-18 01:16:34.615994,0 days 00:00:06.612804,True,False,False,True,False,True,True,True,False,False,False,True,False,True,,,,4,PRUNED
434,434,,2023-08-18 01:16:34.691508,2023-08-18 01:16:35.416748,0 days 00:00:00.725240,True,False,False,True,False,True,True,True,False,False,False,True,False,True,,,,4,PRUNED
435,435,,2023-08-18 01:16:35.484887,2023-08-18 01:16:37.617808,0 days 00:00:02.132921,True,False,True,True,False,True,True,True,False,False,False,True,True,True,,,,4,PRUNED
436,436,,2023-08-18 01:16:37.694159,2023-08-18 01:16:46.984645,0 days 00:00:09.290486,True,False,False,True,False,True,False,True,False,True,False,True,True,True,,,,4,PRUNED
437,437,,2023-08-18 01:16:47.052697,2023-08-18 01:16:56.737474,0 days 00:00:09.684777,True,False,False,False,False,True,True,True,True,False,False,True,False,True,,,,4,PRUNED
438,438,,2023-08-18 01:16:56.806669,2023-08-18 01:17:05.859497,0 days 00:00:09.052828,True,False,False,False,False,True,True,True,False,False,True,True,False,True,,,,4,PRUNED
439,439,,2023-08-18 01:17:05.931777,2023-08-18 01:17:13.810296,0 days 00:00:07.878519,True,False,False,True,False,True,True,True,False,False,True,True,False,True,,,,4,PRUNED
440,440,,2023-08-18 01:17:13.882984,2023-08-18 01:17:19.856740,0 days 00:00:05.973756,True,False,False,False,False,True,True,True,False,False,True,True,False,True,,,,4,PRUNED
441,441,,2023-08-18 01:17:19.932124,2023-08-18 01:17:21.559733,0 days 00:00:01.627609,True,False,False,False,False,True,True,True,False,False,True,True,False,True,,,,4,PRUNED
442,442,,2023-08-18 01:17:21.643738,2023-08-18 01:17:21.803448,0 days 00:00:00.159710,True,False,False,False,False,True,True,True,True,False,False,True,False,True,,,,4,PRUNED
443,443,,2023-08-18 01:17:21.877396,2023-08-18 01:17:23.061052,0 days 00:00:01.183656,True,False,False,True,True,True,True,True,False,False,True,True,True,True,,,,4,PRUNED
444,444,,2023-08-18 01:17:23.135616,2023-08-18 01:17:29.205255,0 days 00:00:06.069639,False,False,False,False,False,True,True,False,False,False,True,True,False,True,,,,4,PRUNED
445,445,,2023-08-18 01:17:29.280207,2023-08-18 01:17:37.349401,0 days 00:00:08.069194,False,False,False,True,False,True,True,True,False,False,False,True,False,True,,,,4,PRUNED
446,446,,2023-08-18 01:17:37.428132,2023-08-18 01:17:42.111743,0 days 00:00:04.683611,True,False,False,False,False,True,True,True,False,False,True,True,False,True,,,,4,PRUNED
447,447,-148.85151257867648,2023-08-18 01:17:42.183836,2023-08-18 02:43:00.924479,0 days 01:25:18.740643,True,False,False,True,True,True,True,True,False,False,True,True,False,True,/mmfs1/gscratch/cheme/usr/evankomp/repos/nomelt/data/enh/optimize_enh1/enh_vs_translate/7677586006671730703,"[-148.85151257867648, 2.400113809090845]",GKRPRTAFSAEQLARLKREFQANRYLTEQRRQELASELGLNEAQIKIWFQNKRAKLKKAAG,4,COMPLETE
448,448,,2023-08-18 01:21:25.244246,2023-08-18 01:21:34.676628,0 days 00:00:09.432382,True,False,False,False,False,True,True,True,True,False,False,True,False,True,,,,4,PRUNED
449,449,,2023-08-18 01:21:35.342428,2023-08-18 01:21:42.654126,0 days 00:00:07.311698,True,False,False,False,False,True,True,True,False,False,True,True,False,True,,,,4,PRUNED
450,450,,2023-08-18 01:21:42.733904,2023-08-18 01:21:50.964205,0 days 00:00:08.230301,True,False,False,True,False,True,True,True,False,False,True,True,False,True,,,,4,PRUNED
451,451,,2023-08-18 01:21:51.046111,2023-08-18 01:21:55.156906,0 days 00:00:04.110795,True,False,False,False,False,True,True,True,False,False,True,True,False,True,,,,4,PRUNED
452,452,,2023-08-18 01:21:55.236980,2023-08-18 01:21:56.180529,0 days 00:00:00.943549,True,False,False,False,False,True,True,True,False,False,True,True,False,True,,,,4,PRUNED
453,453,,2023-08-18 01:21:56.262340,2023-08-18 01:22:05.705061,0 days 00:00:09.442721,True,False,False,False,False,True,True,True,True,False,False,True,False,True,,,,4,PRUNED
454,454,,2023-08-18 01:22:05.783472,2023-08-18 01:22:08.454116,0 days 00:00:02.670644,True,False,False,True,True,True,True,True,False,False,True,True,True,True,,,,4,PRUNED
455,455,,2023-08-18 01:22:08.532657,2023-08-18 01:22:11.697310,0 days 00:00:03.164653,False,False,False,False,False,True,True,False,False,False,True,True,False,True,,,,4,PRUNED
456,456,,2023-08-18 01:22:11.779025,2023-08-18 01:22:12.473369,0 days 00:00:00.694344,False,False,False,True,False,True,True,True,False,False,False,True,False,True,,,,4,PRUNED
457,457,,2023-08-18 01:22:12.554968,2023-08-18 01:22:12.800174,0 days 00:00:00.245206,True,False,False,False,False,True,True,True,False,False,True,True,False,True,,,,4,PRUNED
458,458,,2023-08-18 01:22:12.881809,2023-08-18 01:22:15.780806,0 days 00:00:02.898997,True,False,False,True,True,True,True,True,False,False,True,True,False,True,,,,4,PRUNED
459,459,-147.9612934792266,2023-08-18 01:22:15.862830,2023-08-18 02:46:26.428981,0 days 01:24:10.566151,True,False,False,True,False,False,True,True,False,False,False,True,False,True,/mmfs1/gscratch/cheme/usr/evankomp/repos/nomelt/data/enh/optimize_enh1/enh_vs_translate/3784810131994351424,"[-147.9612934792266, 3.7667985351620588]",GKRPRTAFSAEQLARLKREFQENRYLTERRRQELASELGLNEAQIKIWFQNKRAKIKKAAG,4,COMPLETE
460,460,,2023-08-18 01:26:34.313981,2023-08-18 01:26:42.841210,0 days 00:00:08.527229,True,False,False,False,False,True,True,True,True,False,False,True,False,True,,,,4,PRUNED
461,461,,2023-08-18 01:26:42.921988,2023-08-18 01:26:52.965131,0 days 00:00:10.043143,True,False,False,False,False,True,True,True,False,False,True,True,False,True,,,,4,PRUNED
462,462,,2023-08-18 01:26:53.046324,2023-08-18 01:26:57.617851,0 days 00:00:04.571527,True,False,False,False,False,True,True,True,False,False,False,True,True,True,,,,4,PRUNED
463,463,,2023-08-18 01:26:57.697011,2023-08-18 01:27:00.551287,0 days 00:00:02.854276,True,False,True,True,False,True,True,True,False,False,True,True,False,True,,,,4,PRUNED
464,464,,2023-08-18 01:27:00.633852,2023-08-18 01:27:00.751457,0 days 00:00:00.117605,True,False,False,False,False,True,True,True,False,True,False,True,False,True,,,,4,PRUNED
465,465,,2023-08-18 01:27:00.832644,2023-08-18 01:27:07.781008,0 days 00:00:06.948364,True,False,True,False,False,True,True,True,True,False,False,True,False,True,,,,4,PRUNED
466,466,,2023-08-18 01:27:07.866518,2023-08-18 01:27:14.194041,0 days 00:00:06.327523,True,False,True,True,False,True,True,True,False,False,False,True,True,True,,,,4,PRUNED
467,467,,2023-08-18 01:27:14.275283,2023-08-18 01:27:18.233566,0 days 00:00:03.958283,True,False,False,True,False,True,True,True,False,False,True,True,False,True,,,,4,PRUNED
468,468,,2023-08-18 01:27:18.317988,2023-08-18 01:27:26.474983,0 days 00:00:08.156995,True,False,False,False,False,True,False,True,False,False,False,True,False,True,,,,4,PRUNED
469,469,,2023-08-18 01:27:26.557677,2023-08-18 01:27:28.217995,0 days 00:00:01.660318,True,False,False,True,False,True,True,True,False,False,False,True,False,True,,,,4,PRUNED
470,470,,2023-08-18 01:27:28.298493,2023-08-18 01:27:34.046299,0 days 00:00:05.747806,True,False,False,True,False,True,True,True,False,False,False,True,False,True,,,,4,PRUNED
471,471,,2023-08-18 01:27:34.128214,2023-08-18 01:27:35.193838,0 days 00:00:01.065624,True,False,True,True,False,True,True,True,False,False,False,True,True,True,,,,4,PRUNED
472,472,,2023-08-18 01:27:35.278298,2023-08-18 01:27:37.216502,0 days 00:00:01.938204,True,False,False,True,False,True,False,True,False,True,False,True,True,True,,,,4,PRUNED
473,473,,2023-08-18 01:27:37.301067,2023-08-18 01:27:44.468723,0 days 00:00:07.167656,True,False,False,False,False,True,True,True,True,False,False,True,False,True,,,,4,PRUNED
474,474,,2023-08-18 01:27:44.555098,2023-08-18 01:27:44.986651,0 days 00:00:00.431553,True,False,False,False,False,True,True,True,False,False,True,True,False,True,,,,4,PRUNED
475,475,,2023-08-18 01:27:45.069373,2023-08-18 01:27:51.980999,0 days 00:00:06.911626,True,False,False,True,False,True,True,True,False,False,True,True,False,True,,,,4,PRUNED
476,476,,2023-08-18 01:27:52.065397,2023-08-18 01:28:00.094315,0 days 00:00:08.028918,True,False,False,False,False,True,True,True,False,False,True,True,False,True,,,,4,PRUNED
477,477,,2023-08-18 01:28:00.177276,2023-08-18 01:28:03.217433,0 days 00:00:03.040157,True,False,False,False,False,True,True,True,False,False,True,True,False,True,,,,4,PRUNED
478,478,,2023-08-18 01:28:03.304373,2023-08-18 01:28:10.871130,0 days 00:00:07.566757,True,False,False,False,False,True,True,True,True,False,False,True,False,True,,,,4,PRUNED
479,479,,2023-08-18 01:28:10.959399,2023-08-18 01:28:13.683024,0 days 00:00:02.723625,True,False,False,True,True,True,True,True,False,False,True,True,True,True,,,,4,PRUNED
480,480,,2023-08-18 01:28:13.766631,2023-08-18 01:28:22.741393,0 days 00:00:08.974762,False,False,False,False,False,True,True,False,False,False,True,True,False,True,,,,4,PRUNED
481,481,,2023-08-18 01:28:22.831079,2023-08-18 01:28:30.896011,0 days 00:00:08.064932,False,False,False,True,False,True,True,True,False,False,False,True,False,True,,,,4,PRUNED
482,482,,2023-08-18 01:28:30.982533,2023-08-18 01:28:34.504679,0 days 00:00:03.522146,True,False,False,False,False,True,True,True,False,False,True,True,False,True,,,,4,PRUNED
483,483,,2023-08-18 01:28:34.595524,2023-08-18 01:28:35.007459,0 days 00:00:00.411935,True,False,False,True,True,True,True,True,False,False,True,True,False,True,,,,4,PRUNED
484,484,,2023-08-18 01:28:35.093630,2023-08-18 01:28:38.368877,0 days 00:00:03.275247,True,False,False,True,False,False,True,True,False,False,False,True,False,True,,,,4,PRUNED
485,485,,2023-08-18 01:28:38.454303,2023-08-18 01:28:40.568189,0 days 00:00:02.113886,True,False,False,False,False,True,True,True,False,False,False,True,False,True,,,,4,PRUNED
486,486,-148.67090924002756,2023-08-18 01:28:40.658791,2023-08-18 02:53:54.510609,0 days 01:25:13.851818,True,False,True,False,False,True,True,True,False,False,True,True,True,True,/mmfs1/gscratch/cheme/usr/evankomp/repos/nomelt/data/enh/optimize_enh1/enh_vs_translate/2245957896256521779,"[-148.67090924002756, 2.2819165962339873]",GKRPRTAFTAEQLARLKAEFNENRYLTEQRRQELASELGLNEAQIKIWFQNKRAKLKKAAG,4,COMPLETE
487,487,,2023-08-18 02:14:51.887674,2023-08-18 02:14:53.680454,0 days 00:00:01.792780,True,False,True,False,False,True,True,True,True,False,False,True,False,True,,,,5,PRUNED
488,488,-151.08463426956024,2023-08-18 02:14:53.751634,2023-08-18 03:38:09.039975,0 days 01:23:15.288341,True,False,True,True,False,True,True,True,False,False,False,True,False,True,/mmfs1/gscratch/cheme/usr/evankomp/repos/nomelt/data/enh/optimize_enh1/enh_vs_translate/-8194396761820997717,"[-151.08463426956024, 2.5550090265086585]",GKRPRTAFSAEQLARLKAEFQENRYLTEQRRQELASELGLNEAQIKIWFQNKRAKIKKAAG,5,COMPLETE
489,489,-149.30255812747572,2023-08-18 02:17:03.092808,2023-08-18 03:40:38.646116,0 days 01:23:35.553308,True,False,False,True,False,True,True,False,False,False,True,True,False,True,/mmfs1/gscratch/cheme/usr/evankomp/repos/nomelt/data/enh/optimize_enh1/enh_vs_translate/-3573206239023260297,"[-149.30255812747572, 2.728399084724375]",GKRPRTAFSAEQLARLKREFQENRYLTEQRRQELSSELGLNEAQIKIWFQNKRAKLKKAAG,5,COMPLETE
490,490,-147.90717374910622,2023-08-18 02:22:01.696014,2023-08-18 03:45:22.558111,0 days 01:23:20.862097,False,False,False,True,False,True,True,True,False,False,False,True,False,False,/mmfs1/gscratch/cheme/usr/evankomp/repos/nomelt/data/enh/optimize_enh1/enh_vs_translate/-2292660447049640785,"[-147.90717374910622, 3.225127554281393]",DKRPRTAFSSEQLARLKREFQENRYLTEQRRQELASELGLNEAQIKIWFQNKRAKIKKAAG,5,COMPLETE
491,491,-149.0064096154075,2023-08-18 02:38:00.256707,2023-08-18 04:03:42.900405,0 days 01:25:42.643698,True,False,True,False,False,True,True,True,False,False,False,True,False,True,/mmfs1/gscratch/cheme/usr/evankomp/repos/nomelt/data/enh/optimize_enh1/enh_vs_translate/-1813534294969830494,"[-149.0064096154075, 5.198204534823545]",GKRPRTAFSAEQLARLKAEFNENRYLTEQRRQELASELGLNEAQIKIWFQNKRAKIKKAAG,5,COMPLETE
492,492,,2023-08-18 02:43:01.012077,2023-08-18 02:43:03.148463,0 days 00:00:02.136386,True,False,True,True,False,True,True,True,False,False,False,True,False,False,,,,5,PRUNED
493,493,,2023-08-18 02:43:03.231774,2023-08-18 02:43:03.962027,0 days 00:00:00.730253,True,False,True,False,False,True,True,True,True,False,False,True,False,True,,,,5,PRUNED
494,494,,2023-08-18 02:43:04.046691,2023-08-18 02:43:05.818625,0 days 00:00:01.771934,True,False,True,True,False,True,True,True,False,False,False,True,False,True,,,,5,PRUNED
495,495,,2023-08-18 02:43:05.899722,2023-08-18 02:43:15.312830,0 days 00:00:09.413108,True,False,True,True,False,True,True,True,False,False,False,True,True,True,,,,5,PRUNED
496,496,-150.7513655217485,2023-08-18 02:43:15.394827,2023-08-18 04:08:44.146595,0 days 01:25:28.751768,True,False,True,True,False,True,True,True,True,False,False,True,False,False,/mmfs1/gscratch/cheme/usr/evankomp/repos/nomelt/data/enh/optimize_enh1/enh_vs_translate/-6321798205858304660,"[-150.7513655217485, 3.4694026469092716]",GKRPRTAFSSEQLARLKAEFQENRYLTEQRRQELARELGLNEAQIKIWFQNKRAKIKKAAG,5,COMPLETE
497,497,,2023-08-18 02:46:27.342858,2023-08-18 02:46:32.977558,0 days 00:00:05.634700,True,False,True,False,False,True,True,True,True,False,False,True,False,True,,,,5,PRUNED
498,498,,2023-08-18 02:46:33.065315,2023-08-18 02:46:35.017971,0 days 00:00:01.952656,True,False,True,True,False,True,True,True,False,False,False,True,False,True,,,,5,PRUNED
499,499,,2023-08-18 02:46:35.102754,2023-08-18 02:46:37.917176,0 days 00:00:02.814422,True,False,True,True,False,True,True,True,False,False,False,True,True,True,,,,5,PRUNED
500,500,,2023-08-18 02:46:38.003043,2023-08-18 02:46:45.999492,0 days 00:00:07.996449,True,False,True,True,False,True,True,True,True,False,False,True,False,False,,,,5,PRUNED
501,501,,2023-08-18 02:46:46.091878,2023-08-18 02:46:46.448595,0 days 00:00:00.356717,True,False,True,False,False,True,True,True,True,False,False,True,False,True,,,,5,PRUNED
502,502,-150.50976775117667,2023-08-18 02:46:46.542062,2023-08-18 04:11:09.330916,0 days 01:24:22.788854,True,False,True,False,False,True,True,True,False,False,False,True,False,False,/mmfs1/gscratch/cheme/usr/evankomp/repos/nomelt/data/enh/optimize_enh1/enh_vs_translate/1314767103986190524,"[-150.50976775117667, 3.593363134057526]",GKRPRTAFSSEQLARLKAEFNENRYLTEQRRQELASELGLNEAQIKIWFQNKRAKIKKAAG,5,COMPLETE
503,503,,2023-08-18 02:53:54.678042,2023-08-18 02:53:55.605331,0 days 00:00:00.927289,True,False,True,True,False,True,True,True,False,False,False,True,True,True,,,,5,PRUNED
504,504,,2023-08-18 02:53:55.693331,2023-08-18 02:54:05.584410,0 days 00:00:09.891079,True,False,True,True,False,True,True,True,True,False,False,True,False,False,,,,5,PRUNED
505,505,,2023-08-18 02:54:05.670939,2023-08-18 02:54:08.007349,0 days 00:00:02.336410,True,False,True,False,False,True,True,True,True,False,False,True,False,True,,,,5,PRUNED
