,number,value,datetime_start,datetime_complete,duration,params_mut_0,params_mut_1,params_mut_13,params_mut_14,params_mut_16,params_mut_17,params_mut_19,params_mut_21,params_mut_22,params_mut_26,params_mut_27,params_mut_28,params_mut_29,params_mut_3,params_mut_30,params_mut_32,params_mut_33,params_mut_35,params_mut_36,params_mut_37,params_mut_41,params_mut_43,params_mut_45,params_mut_47,params_mut_52,params_mut_56,params_mut_6,params_mut_8,params_mut_9,user_attrs_pdb_file,user_attrs_raw_result,user_attrs_variant_seq,system_attrs_nsga2:generation,state
0,0,-2.526262918222819,2023-09-08 16:34:08.351411,2023-09-08 17:54:48.736191,0 days 01:20:40.384780,True,False,False,True,True,False,False,True,True,False,True,True,True,False,False,True,True,True,False,True,True,True,True,False,True,False,False,False,True,/mmfs1/gscratch/cheme/usr/evankomp/repos/nomelt/tmp/optimize_consensus/enh_vs_consensus/-8321955262146908477,"[-2.526262918222819, 0.04159046136211628]",KRPRTAFSKEQLAELEREFEKNRYLSAERREELASKLGLTERQVKIWFQNRRAKIKK,0,COMPLETE
1,1,-2.515766901716204,2023-09-08 16:34:08.351615,2023-09-08 17:54:48.028537,0 days 01:20:39.676922,True,False,False,True,True,False,False,True,True,False,True,True,True,False,False,True,True,True,False,True,True,True,True,False,True,False,False,False,True,/mmfs1/gscratch/cheme/usr/evankomp/repos/nomelt/tmp/optimize_consensus/enh_vs_consensus/-9097016410019545371,"[-2.515766901716204, 0.045855886607824324]",KRPRTAFSKEQLAELEREFEKNRYLSAERREELASKLGLTERQVKIWFQNRRAKIKK,0,COMPLETE
2,2,,2023-09-08 16:34:08.351805,2023-09-08 16:34:16.418258,0 days 00:00:08.066453,True,False,False,True,True,False,False,True,True,False,True,True,True,False,False,True,True,True,False,True,True,True,True,False,True,False,False,False,True,,,,0,PRUNED
3,3,,2023-09-08 16:34:08.351489,2023-09-08 16:34:17.272229,0 days 00:00:08.920740,True,False,False,True,True,False,False,True,True,False,True,True,True,False,False,True,True,True,False,True,True,True,True,False,True,False,False,False,True,,,,0,PRUNED
4,4,,2023-09-08 16:34:08.351475,2023-09-08 16:34:18.732333,0 days 00:00:10.380858,True,False,False,True,True,False,False,True,True,False,True,True,True,False,False,True,True,True,False,True,True,True,True,False,True,False,False,False,True,,,,0,PRUNED
5,5,,2023-09-08 16:34:08.352540,2023-09-08 16:34:11.841676,0 days 00:00:03.489136,True,False,False,True,True,False,False,True,True,False,True,True,True,False,False,True,True,True,False,True,True,True,True,False,True,False,False,False,True,,,,0,PRUNED
6,6,,2023-09-08 16:34:08.351478,2023-09-08 16:34:14.893541,0 days 00:00:06.542063,True,False,False,True,True,False,False,True,True,False,True,True,True,False,False,True,True,True,False,True,True,True,True,False,True,False,False,False,True,,,,0,PRUNED
7,7,-2.3990384545259062,2023-09-08 16:34:11.855593,2023-09-08 18:01:26.361201,0 days 01:27:14.505608,False,True,False,True,False,False,False,True,False,True,False,False,True,False,True,True,False,False,True,True,True,False,True,True,False,False,False,True,False,/mmfs1/gscratch/cheme/usr/evankomp/repos/nomelt/tmp/optimize_consensus/enh_vs_consensus/-2431961532907441536,"[-2.3990384545259062, 0.036424618259138855]",DRRPRTAFTSEQLAELKREFEENRYPTEEEREQLSKKLGLTEAQVKVWFQNKRAKIKK,0,COMPLETE
8,8,,2023-09-08 16:34:14.897167,2023-09-08 16:34:25.150762,0 days 00:00:10.253595,False,True,False,True,False,False,False,True,False,True,False,False,True,False,True,True,False,False,True,True,True,False,True,True,False,False,False,True,False,,,,0,PRUNED
9,9,,2023-09-08 16:34:16.425832,2023-09-08 16:34:18.934874,0 days 00:00:02.509042,False,True,False,True,False,False,False,True,False,True,False,False,True,False,True,True,False,False,True,True,True,False,True,True,False,False,False,True,False,,,,0,PRUNED
10,10,,2023-09-08 16:34:17.279730,2023-09-08 16:34:20.021006,0 days 00:00:02.741276,False,True,False,True,False,False,False,True,False,True,False,False,True,False,True,True,False,False,True,True,True,False,True,True,False,False,False,True,False,,,,0,PRUNED
11,11,,2023-09-08 16:34:18.739119,2023-09-08 16:34:24.504414,0 days 00:00:05.765295,False,True,False,True,False,False,False,True,False,True,False,False,True,False,True,True,False,False,True,True,True,False,True,True,False,False,False,True,False,,,,0,PRUNED
12,12,-2.4783806061414855,2023-09-08 16:34:18.941511,2023-09-08 17:59:46.692665,0 days 01:25:27.751154,True,False,False,False,False,False,False,False,False,True,False,False,True,True,False,True,False,True,True,True,True,True,True,False,False,True,False,True,False,/mmfs1/gscratch/cheme/usr/evankomp/repos/nomelt/tmp/optimize_consensus/enh_vs_consensus/-5394967599991211619,"[-2.4783806061414855, 0.04816231331305599]",KRKRTAFTSEQLARLKREFNENRYPTEERREQLAKKLGLTERQVKIWFQNKRAKEKK,0,COMPLETE
13,13,-2.4645592998412846,2023-09-08 16:34:20.029574,2023-09-08 17:59:06.214646,0 days 01:24:46.185072,True,False,False,False,False,False,False,False,False,True,False,False,True,True,False,True,False,True,True,True,True,True,True,False,False,True,False,True,False,/mmfs1/gscratch/cheme/usr/evankomp/repos/nomelt/tmp/optimize_consensus/enh_vs_consensus/-1576223977940272755,"[-2.4645592998412846, 0.06873581324016402]",KRKRTAFTSEQLARLKREFNENRYPTEERREQLAKKLGLTERQVKIWFQNKRAKEKK,0,COMPLETE
14,14,,2023-09-08 16:34:24.512264,2023-09-08 16:34:25.894510,0 days 00:00:01.382246,True,False,False,False,False,False,False,False,False,True,False,False,True,True,False,True,False,True,True,True,True,True,True,False,False,True,False,True,False,,,,0,PRUNED
15,15,,2023-09-08 16:34:25.160047,2023-09-08 16:34:29.334473,0 days 00:00:04.174426,True,False,False,False,False,False,False,False,False,True,False,False,True,True,False,True,False,True,True,True,True,True,True,False,False,True,False,True,False,,,,0,PRUNED
16,16,-2.1367982907979197,2023-09-08 16:34:25.901508,2023-09-08 17:57:47.327205,0 days 01:23:21.425697,True,True,False,True,False,True,False,True,True,False,True,False,True,False,False,True,True,False,False,False,True,False,False,False,True,False,True,True,False,/mmfs1/gscratch/cheme/usr/evankomp/repos/nomelt/tmp/optimize_consensus/enh_vs_consensus/-7363785750840805585,"[-2.1367982907979197, 0.11992682473415943]",RRPRTTFTSEQLAELKEFEKNRYLSEERREELSSELGLTEAQIKIWFQNRRAKIKK,0,COMPLETE
17,17,,2023-09-08 16:34:29.340265,2023-09-08 16:34:39.359335,0 days 00:00:10.019070,True,True,False,True,False,True,False,True,True,False,True,False,True,False,False,True,True,False,False,False,True,False,False,False,True,False,True,True,False,,,,0,PRUNED
18,18,-2.0583597521052086,2023-09-08 16:34:39.369357,2023-09-08 18:09:09.624800,0 days 01:34:30.255443,True,False,True,False,False,True,False,True,True,True,False,False,True,True,False,True,False,False,True,False,False,True,False,True,True,False,True,True,False,/mmfs1/gscratch/cheme/usr/evankomp/repos/nomelt/tmp/optimize_consensus/enh_vs_consensus/-1567971625115598441,"[-2.0583597521052086, 0.170663950855398]",KRKRTTFTSEQLERLKEFEKNRYPTEERREQLSKELGLNERQIKVWFQNRRAKIKK,0,COMPLETE
19,19,,2023-09-08 17:54:48.042031,2023-09-08 17:54:50.850772,0 days 00:00:02.808741,False,True,False,True,False,False,False,True,False,True,False,False,True,False,True,True,False,False,True,True,True,False,True,True,False,False,False,True,False,,,,0,PRUNED
20,20,,2023-09-08 17:54:48.746035,2023-09-08 17:54:57.862153,0 days 00:00:09.116118,False,True,False,True,False,False,False,True,False,True,False,False,True,False,True,True,False,False,True,True,True,False,True,True,False,False,False,True,False,,,,0,PRUNED
21,21,,2023-09-08 17:54:50.856123,2023-09-08 17:54:51.069049,0 days 00:00:00.212926,True,False,False,False,False,False,False,False,False,True,False,False,True,True,False,True,False,True,True,True,True,True,True,False,False,True,False,True,False,,,,0,PRUNED
22,22,,2023-09-08 17:54:51.076440,2023-09-08 17:54:56.536941,0 days 00:00:05.460501,True,True,False,True,False,True,False,True,True,False,True,False,True,False,False,True,True,False,False,False,True,False,False,False,True,False,True,True,False,,,,0,PRUNED
23,23,,2023-09-08 17:54:56.546025,2023-09-08 17:54:57.691652,0 days 00:00:01.145627,True,False,True,False,False,True,False,True,True,True,False,False,True,True,False,True,False,False,True,False,False,True,False,True,True,False,True,True,False,,,,0,PRUNED
24,24,-2.581465574662598,2023-09-08 17:54:57.701930,2023-09-08 19:14:02.351408,0 days 01:19:04.649478,True,False,True,True,True,True,True,True,False,True,True,True,False,True,False,False,False,True,True,True,True,False,True,False,False,False,True,False,False,/mmfs1/gscratch/cheme/usr/evankomp/repos/nomelt/tmp/optimize_consensus/enh_vs_consensus/-1485594509953677758,"[-2.581465574662598, 0.02462542638999078]",KRKRTTFSSEQLEELEELFEENRYPSARRRQQLAKKLGLTEAQVKIWFQNKRAKIKK,0,COMPLETE
25,25,,2023-09-08 17:54:57.865575,2023-09-08 17:55:06.749601,0 days 00:00:08.884026,True,False,False,False,False,False,False,False,False,True,False,False,True,True,False,True,False,True,True,True,True,True,True,False,False,True,False,True,False,,,,0,PRUNED
26,26,,2023-09-08 17:55:06.755801,2023-09-08 17:55:14.987555,0 days 00:00:08.231754,True,True,False,True,False,True,False,True,True,False,True,False,True,False,False,True,True,False,False,False,True,False,False,False,True,False,True,True,False,,,,0,PRUNED
27,27,,2023-09-08 17:55:14.990850,2023-09-08 17:55:18.835355,0 days 00:00:03.844505,True,False,True,False,False,True,False,True,True,True,False,False,True,True,False,True,False,False,True,False,False,True,False,True,True,False,True,True,False,,,,0,PRUNED
28,28,,2023-09-08 17:55:18.845880,2023-09-08 17:55:25.846244,0 days 00:00:07.000364,True,False,True,True,True,True,True,True,False,True,True,True,False,True,False,False,False,True,True,True,True,False,True,False,False,False,True,False,False,,,,0,PRUNED
29,29,-2.0901070879210564,2023-09-08 17:55:25.851332,2023-09-08 19:16:15.182309,0 days 01:20:49.330977,False,True,False,False,True,True,False,True,False,False,True,False,False,False,True,True,False,False,False,False,True,False,True,True,True,True,False,False,False,/mmfs1/gscratch/cheme/usr/evankomp/repos/nomelt/tmp/optimize_consensus/enh_vs_consensus/4080956993757428307,"[-2.0901070879210564, 0.06817715933776407]",DRRPRTAFSSEQLARLEEFEENRYLSEREREQLSSELGLTEAQVKVWFQNRRAKEKK,0,COMPLETE
30,30,,2023-09-08 17:57:47.340659,2023-09-08 17:57:54.022129,0 days 00:00:06.681470,True,False,True,False,False,True,False,True,True,True,False,False,True,True,False,True,False,False,True,False,False,True,False,True,True,False,True,True,False,,,,0,PRUNED
31,31,,2023-09-08 17:57:54.026298,2023-09-08 17:58:00.844771,0 days 00:00:06.818473,True,False,True,True,True,True,True,True,False,True,True,True,False,True,False,False,False,True,True,True,True,False,True,False,False,False,True,False,False,,,,0,PRUNED
32,32,,2023-09-08 17:58:00.850514,2023-09-08 17:58:01.128822,0 days 00:00:00.278308,False,True,False,False,True,True,False,True,False,False,True,False,False,False,True,True,False,False,False,False,True,False,True,True,True,True,False,False,False,,,,0,PRUNED
33,33,-2.428609020643154,2023-09-08 17:58:01.136084,2023-09-08 19:18:20.505896,0 days 01:20:19.369812,True,True,True,False,False,True,True,True,False,False,True,False,True,True,False,True,True,False,True,False,True,False,False,False,False,False,False,False,True,/mmfs1/gscratch/cheme/usr/evankomp/repos/nomelt/tmp/optimize_consensus/enh_vs_consensus/-5051810728432114309,"[-2.428609020643154, 0.021851740255213734]",RRKRTAFSKEQLERLKELFEENRYLSEERREELSKELGLTEAQIKIWFQNKRAKIKK,0,COMPLETE
34,34,,2023-09-08 17:59:06.224150,2023-09-08 17:59:07.981686,0 days 00:00:01.757536,True,True,False,True,False,True,False,True,True,False,True,False,True,False,False,True,True,False,False,False,True,False,False,False,True,False,True,True,False,,,,0,PRUNED
35,35,,2023-09-08 17:59:07.991338,2023-09-08 17:59:09.655779,0 days 00:00:01.664441,True,False,True,False,False,True,False,True,True,True,False,False,True,True,False,True,False,False,True,False,False,True,False,True,True,False,True,True,False,,,,0,PRUNED
36,36,,2023-09-08 17:59:09.666402,2023-09-08 17:59:12.524838,0 days 00:00:02.858436,True,False,True,True,True,True,True,True,False,True,True,True,False,True,False,False,False,True,True,True,True,False,True,False,False,False,True,False,False,,,,0,PRUNED
37,37,,2023-09-08 17:59:12.536844,2023-09-08 17:59:13.304108,0 days 00:00:00.767264,False,True,False,False,True,True,False,True,False,False,True,False,False,False,True,True,False,False,False,False,True,False,True,True,True,True,False,False,False,,,,0,PRUNED
38,38,,2023-09-08 17:59:13.310425,2023-09-08 17:59:16.461730,0 days 00:00:03.151305,True,True,True,False,False,True,True,True,False,False,True,False,True,True,False,True,True,False,True,False,True,False,False,False,False,False,False,False,True,,,,0,PRUNED
39,39,-2.3153935331514757,2023-09-08 17:59:16.471363,2023-09-08 19:19:43.961603,0 days 01:20:27.490240,False,True,True,True,False,False,False,False,False,False,False,False,False,False,True,True,True,True,True,False,True,False,False,False,False,False,True,True,True,/mmfs1/gscratch/cheme/usr/evankomp/repos/nomelt/tmp/optimize_consensus/enh_vs_consensus/5338900494462694490,"[-2.3153935331514757, 0.15038085639004123]",DRRPRTTFTKEQLEELKREFNENRYLTEREREELAKELGLTEAQIKIWFQNKRAKIKK,0,COMPLETE
40,40,,2023-09-08 17:59:46.702981,2023-09-08 17:59:53.877663,0 days 00:00:07.174682,True,True,False,True,False,True,False,True,True,False,True,False,True,False,False,True,True,False,False,False,True,False,False,False,True,False,True,True,False,,,,0,PRUNED
41,41,,2023-09-08 17:59:53.885637,2023-09-08 17:59:56.671907,0 days 00:00:02.786270,True,False,True,False,False,True,False,True,True,True,False,False,True,True,False,True,False,False,True,False,False,True,False,True,True,False,True,True,False,,,,0,PRUNED
42,42,,2023-09-08 17:59:56.681555,2023-09-08 18:00:06.787403,0 days 00:00:10.105848,True,False,True,True,True,True,True,True,False,True,True,True,False,True,False,False,False,True,True,True,True,False,True,False,False,False,True,False,False,,,,0,PRUNED
43,43,,2023-09-08 18:00:06.800498,2023-09-08 18:00:11.326658,0 days 00:00:04.526160,False,True,False,False,True,True,False,True,False,False,True,False,False,False,True,True,False,False,False,False,True,False,True,True,True,True,False,False,False,,,,0,PRUNED
44,44,,2023-09-08 18:00:11.336517,2023-09-08 18:00:21.334119,0 days 00:00:09.997602,True,True,True,False,False,True,True,True,False,False,True,False,True,True,False,True,True,False,True,False,True,False,False,False,False,False,False,False,True,,,,0,PRUNED
45,45,,2023-09-08 18:00:21.340677,2023-09-08 18:00:31.360740,0 days 00:00:10.020063,False,True,True,True,False,False,False,False,False,False,False,False,False,False,True,True,True,True,True,False,True,False,False,False,False,False,True,True,True,,,,0,PRUNED
46,46,-2.1961529603983516,2023-09-08 18:00:31.371394,2023-09-08 19:19:45.597180,0 days 01:19:14.225786,False,False,False,True,True,False,True,True,True,True,True,True,False,True,False,False,True,True,False,True,True,True,False,False,True,False,True,False,True,/mmfs1/gscratch/cheme/usr/evankomp/repos/nomelt/tmp/optimize_consensus/enh_vs_consensus/7084391651288658857,"[-2.1961529603983516, 0.10685168270278003]",DKRKRTTFSKEQLAELERELFEKNRYPSARRRQELASKLGLTERQIKIWFQNRRAKIKK,0,COMPLETE
47,47,,2023-09-08 18:01:26.365901,2023-09-08 18:01:31.824531,0 days 00:00:05.458630,True,False,False,False,False,False,False,False,False,True,False,False,True,True,False,True,False,True,True,True,True,True,True,False,False,True,False,True,False,,,,0,PRUNED
48,48,,2023-09-08 18:01:31.832588,2023-09-08 18:01:36.027227,0 days 00:00:04.194639,True,True,False,True,False,True,False,True,True,False,True,False,True,False,False,True,True,False,False,False,True,False,False,False,True,False,True,True,False,,,,0,PRUNED
49,49,,2023-09-08 18:01:36.031834,2023-09-08 18:01:40.589548,0 days 00:00:04.557714,True,False,True,False,False,True,False,True,True,True,False,False,True,True,False,True,False,False,True,False,False,True,False,True,True,False,True,True,False,,,,0,PRUNED
50,50,,2023-09-08 18:01:40.599411,2023-09-08 18:01:40.922744,0 days 00:00:00.323333,True,False,True,True,True,True,True,True,False,True,True,True,False,True,False,False,False,True,True,True,True,False,True,False,False,False,True,False,False,,,,0,PRUNED
51,51,,2023-09-08 18:01:40.931022,2023-09-08 18:01:46.219476,0 days 00:00:05.288454,False,True,False,False,True,True,False,True,False,False,True,False,False,False,True,True,False,False,False,False,True,False,True,True,True,True,False,False,False,,,,0,PRUNED
52,52,,2023-09-08 18:01:46.225915,2023-09-08 18:01:48.520851,0 days 00:00:02.294936,True,True,True,False,False,True,True,True,False,False,True,False,True,True,False,True,True,False,True,False,True,False,False,False,False,False,False,False,True,,,,0,PRUNED
53,53,,2023-09-08 18:01:48.524035,2023-09-08 18:01:51.593495,0 days 00:00:03.069460,False,True,True,True,False,False,False,False,False,False,False,False,False,False,True,True,True,True,True,False,True,False,False,False,False,False,True,True,True,,,,0,PRUNED
54,54,,2023-09-08 18:01:51.601174,2023-09-08 18:01:57.797258,0 days 00:00:06.196084,False,False,False,True,True,False,True,True,True,True,True,True,False,True,False,False,True,True,False,True,True,True,False,False,True,False,True,False,True,,,,0,PRUNED
55,55,-2.3136705265545947,2023-09-08 18:01:57.818861,2023-09-08 19:22:19.845546,0 days 01:20:22.026685,True,False,True,False,False,False,False,False,True,True,True,False,True,True,False,True,False,False,True,False,False,True,True,True,False,True,False,False,False,/mmfs1/gscratch/cheme/usr/evankomp/repos/nomelt/tmp/optimize_consensus/enh_vs_consensus/-7577226123248865904,"[-2.3136705265545947, 0.0765747900456437]",KRKRTAFSSEQLERLKREFNKNRYPSEERREQLSKELGLNERQVKVWFQNKRAKEKK,0,COMPLETE
56,56,,2023-09-08 18:09:09.634107,2023-09-08 18:09:10.158670,0 days 00:00:00.524563,True,False,True,True,True,True,True,True,False,True,True,True,False,True,False,False,False,True,True,True,True,False,True,False,False,False,True,False,False,,,,0,PRUNED
57,57,,2023-09-08 18:09:10.169148,2023-09-08 18:09:18.989702,0 days 00:00:08.820554,False,True,False,False,True,True,False,True,False,False,True,False,False,False,True,True,False,False,False,False,True,False,True,True,True,True,False,False,False,,,,0,PRUNED
58,58,,2023-09-08 18:09:18.997857,2023-09-08 18:09:20.240576,0 days 00:00:01.242719,True,True,True,False,False,True,True,True,False,False,True,False,True,True,False,True,True,False,True,False,True,False,False,False,False,False,False,False,True,,,,0,PRUNED
59,59,,2023-09-08 18:09:20.247651,2023-09-08 18:09:21.363709,0 days 00:00:01.116058,False,True,True,True,False,False,False,False,False,False,False,False,False,False,True,True,True,True,True,False,True,False,False,False,False,False,True,True,True,,,,0,PRUNED
60,60,,2023-09-08 18:09:21.374284,2023-09-08 18:09:23.630193,0 days 00:00:02.255909,False,False,False,True,True,False,True,True,True,True,True,True,False,True,False,False,True,True,False,True,True,True,False,False,True,False,True,False,True,,,,0,PRUNED
61,61,,2023-09-08 18:09:23.642657,2023-09-08 18:09:26.303308,0 days 00:00:02.660651,True,False,True,False,False,False,False,False,True,True,True,False,True,True,False,True,False,False,True,False,False,True,True,True,False,True,False,False,False,,,,0,PRUNED
62,62,-2.36237093794068,2023-09-08 18:09:26.311763,2023-09-08 19:29:50.802860,0 days 01:20:24.491097,False,True,True,True,False,True,True,False,False,False,False,True,False,False,True,False,True,False,True,False,False,False,True,True,False,False,False,False,True,/mmfs1/gscratch/cheme/usr/evankomp/repos/nomelt/tmp/optimize_consensus/enh_vs_consensus/-2606034838207667001,"[-2.36237093794068, 0.01679886982161905]",DRRPRTAFSKEQLEELKELFNENRYLTARERQELSKELGLNEAQVKVWFQNKRAKIKK,0,COMPLETE
63,63,,2023-09-08 19:14:02.362117,2023-09-08 19:14:11.088149,0 days 00:00:08.726032,False,True,False,False,True,True,False,True,False,False,True,False,False,False,True,True,False,False,False,False,True,False,True,True,True,True,False,False,False,,,,0,PRUNED
64,64,,2023-09-08 19:14:11.097553,2023-09-08 19:14:21.029462,0 days 00:00:09.931909,True,True,True,False,False,True,True,True,False,False,True,False,True,True,False,True,True,False,True,False,True,False,False,False,False,False,False,False,True,,,,0,PRUNED
65,65,,2023-09-08 19:14:21.039146,2023-09-08 19:14:22.424648,0 days 00:00:01.385502,False,True,True,True,False,False,False,False,False,False,False,False,False,False,True,True,True,True,True,False,True,False,False,False,False,False,True,True,True,,,,0,PRUNED
66,66,,2023-09-08 19:14:22.437099,2023-09-08 19:14:25.568583,0 days 00:00:03.131484,False,False,False,True,True,False,True,True,True,True,True,True,False,True,False,False,True,True,False,True,True,True,False,False,True,False,True,False,True,,,,0,PRUNED
67,67,,2023-09-08 19:14:25.576284,2023-09-08 19:14:35.680949,0 days 00:00:10.104665,True,False,True,False,False,False,False,False,True,True,True,False,True,True,False,True,False,False,True,False,False,True,True,True,False,True,False,False,False,,,,0,PRUNED
68,68,,2023-09-08 19:14:35.688963,2023-09-08 19:14:36.554561,0 days 00:00:00.865598,False,True,True,True,False,True,True,False,False,False,False,True,False,False,True,False,True,False,True,False,False,False,True,True,False,False,False,False,True,,,,0,PRUNED
