,number,value,datetime_start,datetime_complete,duration,params_mut_0,params_mut_10,params_mut_12,params_mut_28,params_mut_32,params_mut_33,params_mut_39,params_mut_4,params_mut_45,params_mut_46,params_mut_49,params_mut_54,params_mut_6,params_mut_9,user_attrs_pdb_file,user_attrs_raw_result,user_attrs_variant_seq,system_attrs_fixed_params,system_attrs_nsga2:generation,state
232,232,-2.419069682945624,2023-11-08 04:30:31.474055,2023-11-08 05:53:23.810573,0 days 01:22:52.336518,False,True,False,True,False,False,False,True,True,False,False,False,True,False,/mmfs1/gscratch/cheme/usr/evankomp/repos/nomelt/tmp/optimize_random/enh_vs_random/7514458052414054394,"[-2.419069682945624, 0.0614550718431811]",DKRPHTEFSSAQLARLKREFNENRYLTEVRRQQLSSELGLNEAQIEIWFQNKRAKIKK,,4.0,COMPLETE
233,233,,2023-11-08 04:35:10.669552,2023-11-08 04:35:15.402470,0 days 00:00:04.732918,False,True,False,False,False,False,False,True,False,True,False,False,True,True,,,,,4.0,PRUNED
234,234,,2023-11-08 04:35:15.410580,2023-11-08 04:35:16.744552,0 days 00:00:01.333972,False,True,False,True,False,False,False,True,True,True,True,False,True,False,,,,,4.0,PRUNED
235,235,,2023-11-08 04:35:16.750403,2023-11-08 04:35:18.323930,0 days 00:00:01.573527,False,True,False,True,False,False,False,True,True,False,False,False,True,False,,,,,4.0,PRUNED
236,236,-2.204674547734337,2023-11-08 04:35:18.333751,2023-11-08 05:58:23.968662,0 days 01:23:05.634911,False,False,False,False,False,False,False,True,False,True,False,True,True,True,/mmfs1/gscratch/cheme/usr/evankomp/repos/nomelt/tmp/optimize_random/enh_vs_random/1972274961853111250,"[-2.204674547734337, 0.12842422885648702]",DKRPHTEFSPEQLARLKREFNENRYLTERRRQQLSSELGLNEAQIKSWFQNKRAWIKK,,4.0,COMPLETE
237,237,,2023-11-08 04:45:35.227741,2023-11-08 04:45:37.696550,0 days 00:00:02.468809,False,True,False,True,False,False,False,True,True,True,True,False,True,False,,,,,4.0,PRUNED
238,238,,2023-11-08 04:45:37.707694,2023-11-08 04:45:46.008871,0 days 00:00:08.301177,False,True,False,True,False,False,False,True,True,False,False,False,True,False,,,,,4.0,PRUNED
239,239,-2.1797001906199283,2023-11-08 04:45:46.014395,2023-11-08 06:11:20.959791,0 days 01:25:34.945396,False,True,False,False,False,False,False,True,False,True,False,True,True,True,/mmfs1/gscratch/cheme/usr/evankomp/repos/nomelt/tmp/optimize_random/enh_vs_random/-2596511825232134794,"[-2.1797001906199283, 0.09966505612143096]",DKRPHTEFSPAQLARLKREFNENRYLTERRRQQLSSELGLNEAQIKSWFQNKRAWIKK,,4.0,COMPLETE
240,240,-2.24357373825528,2023-11-08 04:53:45.321036,2023-11-08 06:19:03.633632,0 days 01:25:18.312596,False,True,False,False,False,False,False,True,True,True,True,False,True,False,/mmfs1/gscratch/cheme/usr/evankomp/repos/nomelt/tmp/optimize_random/enh_vs_random/3065578992631184498,"[-2.24357373825528, 0.07027564933399555]",DKRPHTEFSSAQLARLKREFNENRYLTERRRQQLSSELGLNEAQIESWFANKRAKIKK,,4.0,COMPLETE
241,241,,2023-11-08 04:56:12.356517,2023-11-08 04:56:19.171946,0 days 00:00:06.815429,False,True,False,True,False,False,False,True,True,False,False,False,True,False,,,,,4.0,PRUNED
242,242,-2.2261523426572056,2023-11-08 04:56:19.179871,2023-11-08 06:21:35.862484,0 days 01:25:16.682613,False,False,False,False,False,False,False,True,True,True,False,True,True,True,/mmfs1/gscratch/cheme/usr/evankomp/repos/nomelt/tmp/optimize_random/enh_vs_random/5361440039606722016,"[-2.2261523426572056, 0.09969726278912558]",DKRPHTEFSPEQLARLKREFNENRYLTERRRQQLSSELGLNEAQIESWFQNKRAWIKK,,4.0,COMPLETE
243,243,,2023-11-08 05:03:29.944229,2023-11-08 05:03:32.061556,0 days 00:00:02.117327,False,True,False,True,False,False,False,True,False,False,False,False,True,False,,,,,4.0,PRUNED
244,244,,2023-11-08 05:03:32.070482,2023-11-08 05:03:36.964448,0 days 00:00:04.893966,False,True,False,True,False,False,False,True,True,True,False,True,True,False,,,,,4.0,PRUNED
245,245,,2023-11-08 05:03:36.972606,2023-11-08 05:03:45.038906,0 days 00:00:08.066300,False,True,False,True,False,False,False,True,True,True,False,True,True,False,,,,,4.0,PRUNED
246,246,,2023-11-08 05:03:45.048898,2023-11-08 05:03:52.918596,0 days 00:00:07.869698,False,True,False,True,False,False,False,True,True,False,True,False,True,True,,,,,4.0,PRUNED
247,247,,2023-11-08 05:03:52.922814,2023-11-08 05:03:56.197918,0 days 00:00:03.275104,False,True,False,False,False,False,False,True,True,False,False,False,True,True,,,,,4.0,PRUNED
248,248,,2023-11-08 05:03:56.203971,2023-11-08 05:04:02.762186,0 days 00:00:06.558215,False,True,False,False,False,False,False,True,False,True,True,False,True,False,,,,,4.0,PRUNED
249,249,,2023-11-08 05:04:02.769982,2023-11-08 05:04:09.735509,0 days 00:00:06.965527,False,True,False,False,False,False,False,False,True,True,True,True,True,False,,,,,4.0,PRUNED
250,250,-2.221666999201436,2023-11-08 05:04:09.739711,2023-11-08 06:29:15.942689,0 days 01:25:06.202978,False,True,False,False,True,False,False,True,False,True,True,False,True,False,/mmfs1/gscratch/cheme/usr/evankomp/repos/nomelt/tmp/optimize_random/enh_vs_random/-2061363818193515126,"[-2.221666999201436, 0.05617987452312407]",DKRPHTEFSSAQLARLKREFNENRYLTERRRQSLSSELGLNEAQIKSWFANKRAKIKK,,4.0,COMPLETE
251,251,,2023-11-08 05:41:26.080586,2023-11-08 05:41:28.400856,0 days 00:00:02.320270,False,True,False,False,False,False,False,True,True,False,False,True,True,True,,,,,4.0,PRUNED
252,252,-2.3025139367879164,2023-11-08 05:41:28.409449,2023-11-08 07:05:23.520678,0 days 01:23:55.111229,False,True,False,False,False,False,False,False,False,True,True,False,True,False,/mmfs1/gscratch/cheme/usr/evankomp/repos/nomelt/tmp/optimize_random/enh_vs_random/-1517289386061523931,"[-2.3025139367879164, 0.05087699514556244]",DKRPRTEFSSAQLARLKREFNENRYLTERRRQQLSSELGLNEAQIKSWFANKRAKIKK,,4.0,COMPLETE
253,253,,2023-11-08 05:53:23.816670,2023-11-08 05:53:32.667089,0 days 00:00:08.850419,False,False,False,False,False,False,False,True,False,True,False,True,True,True,,,,,4.0,PRUNED
254,254,,2023-11-08 05:53:32.672200,2023-11-08 05:53:42.728139,0 days 00:00:10.055939,False,True,False,True,False,False,False,True,False,False,False,False,True,False,,,,,4.0,PRUNED
255,255,-2.335726674594986,2023-11-08 05:53:42.737596,2023-11-08 07:18:14.749759,0 days 01:24:32.012163,False,True,False,True,False,False,False,True,False,True,False,False,True,False,/mmfs1/gscratch/cheme/usr/evankomp/repos/nomelt/tmp/optimize_random/enh_vs_random/591776241255014973,"[-2.335726674594986, 0.06365198529687802]",DKRPHTEFSSAQLARLKREFNENRYLTEVRRQQLSSELGLNEAQIKSWFQNKRAKIKK,,4.0,COMPLETE
256,256,,2023-11-08 05:58:23.979123,2023-11-08 05:58:30.169897,0 days 00:00:06.190774,False,True,False,True,False,False,False,True,False,False,False,False,True,False,,,,,4.0,PRUNED
257,257,,2023-11-08 05:58:30.179141,2023-11-08 05:58:32.553602,0 days 00:00:02.374461,False,True,False,True,False,False,False,True,False,False,False,False,True,False,,,,,4.0,PRUNED
258,258,,2023-11-08 05:58:32.561396,2023-11-08 05:58:32.839646,0 days 00:00:00.278250,False,True,False,True,False,False,False,True,False,False,False,False,True,False,,,,,4.0,PRUNED
259,259,-2.230786625896533,2023-11-08 05:58:32.844921,2023-11-08 07:23:11.974163,0 days 01:24:39.129242,False,True,False,False,False,False,False,False,True,True,False,False,True,True,/mmfs1/gscratch/cheme/usr/evankomp/repos/nomelt/tmp/optimize_random/enh_vs_random/8591050626859903080,"[-2.230786625896533, 0.06043519390385978]",DKRPRTEFSPAQLARLKREFNENRYLTERRRQQLSSELGLNEAQIESWFQNKRAKIKK,,4.0,COMPLETE
260,260,,2023-11-08 06:11:20.970284,2023-11-08 06:11:29.584976,0 days 00:00:08.614692,False,True,False,True,False,False,False,True,False,False,False,False,True,False,,,,,4.0,PRUNED
261,261,,2023-11-08 06:11:29.588368,2023-11-08 06:11:31.297887,0 days 00:00:01.709519,False,True,False,True,False,False,False,True,False,True,False,False,True,False,,,,,4.0,PRUNED
262,262,-1.810619353162689,2023-11-08 06:11:31.310334,2023-11-08 07:36:26.811643,0 days 01:24:55.501309,False,True,False,True,False,True,False,True,False,False,False,False,True,False,/mmfs1/gscratch/cheme/usr/evankomp/repos/nomelt/tmp/optimize_random/enh_vs_random/2592329194923702358,"[-1.810619353162689, 0.08052201512413958]",DKRPHTEFSSAQLARLKREFNENRYLTEVRRQQPSSELGLNEAQIKIWFQNKRAKIKK,,4.0,COMPLETE
263,263,,2023-11-08 06:19:03.637333,2023-11-08 06:19:07.914911,0 days 00:00:04.277578,False,True,False,False,False,False,False,True,False,True,False,False,True,True,,,,,4.0,PRUNED
264,264,,2023-11-08 06:19:07.920639,2023-11-08 06:19:16.447726,0 days 00:00:08.527087,False,True,False,True,False,False,False,True,True,True,True,False,True,False,,,,,4.0,PRUNED
265,265,,2023-11-08 06:19:16.457694,2023-11-08 06:19:24.019964,0 days 00:00:07.562270,False,True,False,True,False,False,False,True,True,False,False,False,True,False,,,,,4.0,PRUNED
266,266,,2023-11-08 06:19:24.025110,2023-11-08 06:19:31.708325,0 days 00:00:07.683215,False,True,False,False,False,False,False,True,True,True,False,True,True,True,,,,,4.0,PRUNED
267,267,,2023-11-08 06:19:31.716781,2023-11-08 06:19:39.942847,0 days 00:00:08.226066,False,True,False,True,False,False,False,True,False,False,False,False,True,False,,,,,4.0,PRUNED
268,268,,2023-11-08 06:19:39.948468,2023-11-08 06:19:41.718536,0 days 00:00:01.770068,False,True,False,True,False,False,False,True,False,True,False,False,True,False,,,,,4.0,PRUNED
269,269,,2023-11-08 06:19:41.727690,2023-11-08 06:19:51.656336,0 days 00:00:09.928646,False,True,False,True,False,False,False,True,False,False,False,False,True,False,,,,,4.0,PRUNED
270,270,,2023-11-08 06:19:51.661939,2023-11-08 06:19:55.834662,0 days 00:00:04.172723,False,True,False,False,False,False,False,False,True,True,False,False,True,True,,,,,4.0,PRUNED
271,271,-2.3770182862629357,2023-11-08 06:19:55.840670,2023-11-08 07:43:54.597737,0 days 01:23:58.757067,True,True,False,False,False,False,False,False,False,False,False,False,True,True,/mmfs1/gscratch/cheme/usr/evankomp/repos/nomelt/tmp/optimize_random/enh_vs_random/-6889718094089294055,"[-2.3770182862629357, 0.03173497509466323]",VKRPRTEFSPAQLARLKREFNENRYLTERRRQQLSSELGLNEAQIKIWFQNKRAKIKK,,4.0,COMPLETE
272,272,,2023-11-08 06:21:35.872136,2023-11-08 06:21:38.122553,0 days 00:00:02.250417,False,True,False,True,False,False,False,True,False,True,False,True,True,False,,,,,5.0,PRUNED
273,273,-2.340397848413215,2023-11-08 06:21:38.131275,2023-11-08 07:46:29.724570,0 days 01:24:51.593295,False,True,False,True,False,False,False,True,True,False,True,False,True,False,/mmfs1/gscratch/cheme/usr/evankomp/repos/nomelt/tmp/optimize_random/enh_vs_random/2932190990664350789,"[-2.340397848413215, 0.09044354059225762]",DKRPHTEFSSAQLARLKREFNENRYLTEVRRQQLSSELGLNEAQIEIWFANKRAKIKK,,5.0,COMPLETE
274,274,-2.392561190803303,2023-11-08 06:29:15.947237,2023-11-08 07:53:56.806001,0 days 01:24:40.858764,False,True,False,True,False,False,False,False,True,False,False,False,True,False,/mmfs1/gscratch/cheme/usr/evankomp/repos/nomelt/tmp/optimize_random/enh_vs_random/7125577723256596200,"[-2.392561190803303, 0.06199458428499113]",DKRPRTEFSSAQLARLKREFNENRYLTEVRRQQLSSELGLNEAQIEIWFQNKRAKIKK,,5.0,COMPLETE
275,275,-2.2444809349426484,2023-11-08 07:05:23.527106,2023-11-08 08:30:34.297920,0 days 01:25:10.770814,False,False,False,True,False,False,True,False,True,False,False,False,True,True,/mmfs1/gscratch/cheme/usr/evankomp/repos/nomelt/tmp/optimize_random/enh_vs_random/-894370884152970660,"[-2.2444809349426484, 0.06670376064670211]",DKRPRTEFSPEQLARLKREFNENRYLTEVRRQQLSSELGSNEAQIEIWFQNKRAKIKK,,5.0,COMPLETE
276,276,-1.9289414623148224,2023-11-08 07:18:14.756640,2023-11-08 08:42:27.740494,0 days 01:24:12.983854,False,True,False,True,False,True,False,False,False,False,True,False,True,False,/mmfs1/gscratch/cheme/usr/evankomp/repos/nomelt/tmp/optimize_random/enh_vs_random/-8481802180973323591,"[-1.9289414623148224, 0.046090488362116024]",DKRPRTEFSSAQLARLKREFNENRYLTEVRRQQPSSELGLNEAQIKIWFANKRAKIKK,,5.0,COMPLETE
277,277,,2023-11-08 07:23:11.979229,2023-11-08 07:23:19.249200,0 days 00:00:07.269971,False,True,False,True,False,False,False,True,True,False,False,False,True,False,,,,,5.0,PRUNED
278,278,,2023-11-08 07:23:19.252275,2023-11-08 07:23:24.829373,0 days 00:00:05.577098,False,True,False,True,False,False,False,True,True,False,False,False,True,False,,,,,5.0,PRUNED
279,279,-2.2638577092539447,2023-11-08 07:23:24.831834,2023-11-08 08:47:27.128967,0 days 01:24:02.297133,False,False,False,True,False,False,False,True,False,True,True,False,True,False,/mmfs1/gscratch/cheme/usr/evankomp/repos/nomelt/tmp/optimize_random/enh_vs_random/5642519440191981230,"[-2.2638577092539447, 0.0629003280292067]",DKRPHTEFSSEQLARLKREFNENRYLTEVRRQQLSSELGLNEAQIKSWFANKRAKIKK,,5.0,COMPLETE
280,280,,2023-11-08 07:36:26.817479,2023-11-08 07:36:31.148293,0 days 00:00:04.330814,False,True,False,True,False,False,False,True,False,True,False,False,True,False,,,,,5.0,PRUNED
281,281,,2023-11-08 07:36:31.153540,2023-11-08 07:36:33.025829,0 days 00:00:01.872289,False,True,False,True,False,False,False,True,True,False,False,False,True,False,,,,,5.0,PRUNED
282,282,,2023-11-08 07:36:33.030967,2023-11-08 07:36:37.582125,0 days 00:00:04.551158,False,True,False,True,False,False,False,True,False,False,False,False,True,False,,,,,5.0,PRUNED
283,283,,2023-11-08 07:36:37.591097,2023-11-08 07:36:45.111737,0 days 00:00:07.520640,False,False,False,True,False,False,False,True,False,True,True,False,True,False,,,,,5.0,PRUNED
284,284,,2023-11-08 07:36:45.119691,2023-11-08 07:36:50.560073,0 days 00:00:05.440382,False,True,False,True,False,False,False,True,False,False,False,False,True,False,,,,,5.0,PRUNED
285,285,,2023-11-08 07:36:50.564711,2023-11-08 07:36:54.849959,0 days 00:00:04.285248,False,True,False,False,False,False,False,True,True,True,False,False,True,False,,,,,5.0,PRUNED
286,286,-2.3273702960363267,2023-11-08 07:36:54.852793,2023-11-08 09:01:25.690033,0 days 01:24:30.837240,False,True,False,False,False,False,False,True,False,False,True,False,True,False,/mmfs1/gscratch/cheme/usr/evankomp/repos/nomelt/tmp/optimize_random/enh_vs_random/-6391361485063263320,"[-2.3273702960363267, 0.07283529251269577]",DKRPHTEFSSAQLARLKREFNENRYLTERRRQQLSSELGLNEAQIKIWFANKRAKIKK,,5.0,COMPLETE
287,287,,2023-11-08 07:43:54.609282,2023-11-08 07:44:04.583106,0 days 00:00:09.973824,False,True,False,True,False,False,False,True,False,True,False,False,True,False,,,,,5.0,PRUNED
288,288,-2.3266374017030023,2023-11-08 07:44:04.588999,2023-11-08 09:06:47.801577,0 days 01:22:43.212578,False,False,False,False,False,False,False,False,False,True,True,False,True,False,/mmfs1/gscratch/cheme/usr/evankomp/repos/nomelt/tmp/optimize_random/enh_vs_random/-7590212864385658763,"[-2.3266374017030023, 0.046000119494897074]",DKRPRTEFSSEQLARLKREFNENRYLTERRRQQLSSELGLNEAQIKSWFANKRAKIKK,,5.0,COMPLETE
289,289,-1.6615268461476087,2023-11-08 07:46:29.732365,2023-11-08 09:09:10.399971,0 days 01:22:40.667606,False,True,False,False,False,True,False,True,False,False,False,False,True,True,/mmfs1/gscratch/cheme/usr/evankomp/repos/nomelt/tmp/optimize_random/enh_vs_random/6499942326425592825,"[-1.6615268461476087, 0.0767809729176405]",DKRPHTEFSPAQLARLKREFNENRYLTERRRQQPSSELGLNEAQIKIWFQNKRAKIKK,,5.0,COMPLETE
290,290,-2.2991119048897057,2023-11-08 07:53:56.812175,2023-11-08 09:15:15.296400,0 days 01:21:18.484225,False,True,False,False,False,False,False,False,False,True,False,False,True,False,/mmfs1/gscratch/cheme/usr/evankomp/repos/nomelt/tmp/optimize_random/enh_vs_random/175801203885227263,"[-2.2991119048897057, 0.07239470632173227]",DKRPRTEFSSAQLARLKREFNENRYLTERRRQQLSSELGLNEAQIKSWFQNKRAKIKK,,5.0,COMPLETE
291,291,-2.279848666525876,2023-11-08 08:30:34.306321,2023-11-08 09:46:55.032842,0 days 01:16:20.726521,True,True,False,True,True,False,False,True,False,False,True,False,True,False,/mmfs1/gscratch/cheme/usr/evankomp/repos/nomelt/tmp/optimize_random/enh_vs_random/-4264755513367909496,"[-2.279848666525876, 0.07322725745872949]",VKRPHTEFSSAQLARLKREFNENRYLTEVRRQSLSSELGLNEAQIKIWFANKRAKIKK,,5.0,COMPLETE
