,number,value,datetime_start,datetime_complete,duration,params_mut_0,params_mut_1,params_mut_13,params_mut_14,params_mut_16,params_mut_17,params_mut_19,params_mut_21,params_mut_22,params_mut_26,params_mut_27,params_mut_28,params_mut_29,params_mut_3,params_mut_30,params_mut_32,params_mut_33,params_mut_35,params_mut_36,params_mut_37,params_mut_41,params_mut_43,params_mut_45,params_mut_47,params_mut_52,params_mut_56,params_mut_6,params_mut_8,params_mut_9,user_attrs_pdb_file,user_attrs_raw_result,user_attrs_variant_seq,system_attrs_nsga2:generation,state
242,242,-2.5034241326914013,2023-09-09 11:23:01.133943,2023-09-09 12:41:48.927841,0 days 01:18:47.793898,True,True,True,True,True,True,True,True,False,False,True,True,True,True,True,False,False,True,True,True,True,False,True,False,False,False,True,False,False,/mmfs1/gscratch/cheme/usr/evankomp/repos/nomelt/tmp/optimize_consensus/enh_vs_consensus/5976694977663638081,"[-2.5034241326914013, 0.021930430205765628]",RRKRTTFSSEQLEELEELFEENRYLSAEERQQLAKKLGLTEAQVKIWFQNKRAKIKK,6,COMPLETE
243,243,-2.6465632314770753,2023-09-09 11:37:15.365928,2023-09-09 12:57:27.540091,0 days 01:20:12.174163,False,True,True,True,True,True,True,True,False,True,True,True,True,True,True,False,False,True,True,True,True,False,True,False,False,False,True,False,False,/mmfs1/gscratch/cheme/usr/evankomp/repos/nomelt/tmp/optimize_consensus/enh_vs_consensus/6469649639659014206,"[-2.6465632314770753, 0.040906523084201785]",DRRKRTTFSSEQLEELEELFEENRYPSAEERQQLAKKLGLTEAQVKIWFQNKRAKIKK,6,COMPLETE
244,244,,2023-09-09 11:39:39.332903,2023-09-09 11:39:46.428859,0 days 00:00:07.095956,True,False,True,True,True,True,True,True,False,True,True,True,True,True,True,False,False,True,True,True,True,False,True,False,False,False,True,False,False,,,,6,PRUNED
245,245,,2023-09-09 11:39:46.436849,2023-09-09 11:39:49.214798,0 days 00:00:02.777949,True,True,True,True,True,True,True,True,False,True,True,True,True,True,True,False,False,True,True,True,True,True,True,False,False,False,True,False,False,,,,6,PRUNED
246,246,-2.6488750243882215,2023-09-09 11:39:49.220377,2023-09-09 12:59:34.177680,0 days 01:19:44.957303,True,False,True,True,True,True,True,True,False,True,True,True,False,False,True,False,False,True,True,True,True,False,True,False,False,False,True,False,False,/mmfs1/gscratch/cheme/usr/evankomp/repos/nomelt/tmp/optimize_consensus/enh_vs_consensus/-9190928912645169851,"[-2.6488750243882215, 0.03409327478482727]",KRPRTTFSSEQLEELEELFEENRYPSARERQQLAKKLGLTEAQVKIWFQNKRAKIKK,6,COMPLETE
247,247,,2023-09-09 11:40:43.393218,2023-09-09 11:40:47.098642,0 days 00:00:03.705424,True,False,True,True,True,True,True,True,False,True,True,True,True,True,True,False,False,True,True,True,True,False,True,False,False,False,True,False,False,,,,6,PRUNED
248,248,,2023-09-09 11:40:47.105555,2023-09-09 11:40:49.593120,0 days 00:00:02.487565,True,False,True,True,True,True,True,True,False,True,True,True,True,True,True,False,False,True,True,True,True,False,True,False,False,False,True,False,False,,,,6,PRUNED
249,249,,2023-09-09 11:40:49.601471,2023-09-09 11:40:51.311493,0 days 00:00:01.710022,True,False,True,True,True,True,True,True,False,True,True,True,True,True,True,False,False,True,True,True,True,False,True,False,False,False,True,False,False,,,,6,PRUNED
250,250,-2.622777365471938,2023-09-09 11:40:51.320392,2023-09-09 12:59:44.501777,0 days 01:18:53.181385,True,False,True,True,True,True,True,True,False,True,True,False,False,True,True,False,False,True,True,True,True,False,True,False,False,False,True,False,False,/mmfs1/gscratch/cheme/usr/evankomp/repos/nomelt/tmp/optimize_consensus/enh_vs_consensus/8513675738102050179,"[-2.622777365471938, 0.029240800838160226]",KRKRTTFSSEQLEELEELFEENRYPSERERQQLAKKLGLTEAQVKIWFQNKRAKIKK,6,COMPLETE
251,251,,2023-09-09 11:44:35.782462,2023-09-09 11:44:40.502705,0 days 00:00:04.720243,True,False,True,True,True,True,True,True,False,True,True,True,False,False,True,False,False,True,True,True,True,False,True,False,False,False,True,False,False,,,,6,PRUNED
252,252,-2.62162979722702,2023-09-09 11:44:40.508338,2023-09-09 13:03:44.106054,0 days 01:19:03.597716,False,False,True,True,True,True,True,True,False,True,True,True,False,True,True,False,False,True,True,True,False,False,True,False,False,False,True,False,False,/mmfs1/gscratch/cheme/usr/evankomp/repos/nomelt/tmp/optimize_consensus/enh_vs_consensus/8760576344899008782,"[-2.62162979722702, 0.05642086260751225]",DKRKRTTFSSEQLEELEELFEENRYPSARERQQLAKKLGLNEAQVKIWFQNKRAKIKK,6,COMPLETE
253,253,,2023-09-09 12:29:47.024327,2023-09-09 12:29:49.665344,0 days 00:00:02.641017,True,False,True,True,True,True,True,True,False,True,True,True,False,False,True,False,False,True,True,True,True,False,True,False,False,False,True,False,False,,,,6,PRUNED
254,254,,2023-09-09 12:29:49.671763,2023-09-09 12:29:55.503394,0 days 00:00:05.831631,False,False,True,True,True,True,True,True,False,True,True,True,False,True,True,False,False,True,True,True,True,False,True,False,False,False,True,False,False,,,,6,PRUNED
255,255,,2023-09-09 12:29:55.509916,2023-09-09 12:29:58.576120,0 days 00:00:03.066204,True,False,True,True,True,True,True,True,False,True,True,True,True,True,True,False,False,True,True,True,True,False,True,False,False,False,True,False,False,,,,6,PRUNED
256,256,-2.645892683258725,2023-09-09 12:29:58.587840,2023-09-09 13:42:00.606181,0 days 01:12:02.018341,True,True,True,True,True,True,True,True,False,True,True,True,True,True,True,False,False,True,True,False,True,False,True,False,False,False,True,False,False,/mmfs1/gscratch/cheme/usr/evankomp/repos/nomelt/tmp/optimize_consensus/enh_vs_consensus/8851561776765771286,"[-2.645892683258725, 0.026974335435634635]",RRKRTTFSSEQLEELEELFEENRYPSAEERQQLAKELGLTEAQVKIWFQNKRAKIKK,6,COMPLETE
