,number,value,datetime_start,datetime_complete,duration,params_mut_0,params_mut_1,params_mut_13,params_mut_14,params_mut_16,params_mut_17,params_mut_19,params_mut_21,params_mut_22,params_mut_26,params_mut_27,params_mut_28,params_mut_29,params_mut_3,params_mut_30,params_mut_32,params_mut_33,params_mut_35,params_mut_36,params_mut_37,params_mut_41,params_mut_43,params_mut_45,params_mut_47,params_mut_52,params_mut_56,params_mut_6,params_mut_8,params_mut_9,user_attrs_pdb_file,user_attrs_raw_result,user_attrs_variant_seq,system_attrs_nsga2:generation,state
69,69,-2.5226606326025505,2023-09-08 19:14:36.564875,2023-09-08 20:38:20.214280,0 days 01:23:43.649405,False,True,False,False,False,False,False,True,True,True,True,False,True,False,True,True,True,True,False,False,False,False,True,False,True,False,False,True,False,/mmfs1/gscratch/cheme/usr/evankomp/repos/nomelt/tmp/optimize_consensus/enh_vs_consensus/7736230030699708416,"[-2.5226606326025505, 0.049881472592432925]",DRRPRTAFTSEQLARLKREFEKNRYPSEEEREELASELGLNEAQVKIWFQNRRAKIKK,0,COMPLETE
70,70,,2023-09-08 19:16:15.189408,2023-09-08 19:16:20.354523,0 days 00:00:05.165115,True,True,True,False,False,True,True,True,False,False,True,False,True,True,False,True,True,False,True,False,True,False,False,False,False,False,False,False,True,,,,0,PRUNED
71,71,,2023-09-08 19:16:20.362668,2023-09-08 19:16:23.404969,0 days 00:00:03.042301,False,True,True,True,False,False,False,False,False,False,False,False,False,False,True,True,True,True,True,False,True,False,False,False,False,False,True,True,True,,,,0,PRUNED
72,72,,2023-09-08 19:16:23.409666,2023-09-08 19:16:28.993740,0 days 00:00:05.584074,False,False,False,True,True,False,True,True,True,True,True,True,False,True,False,False,True,True,False,True,True,True,False,False,True,False,True,False,True,,,,0,PRUNED
73,73,,2023-09-08 19:16:29.000394,2023-09-08 19:16:37.259515,0 days 00:00:08.259121,True,False,True,False,False,False,False,False,True,True,True,False,True,True,False,True,False,False,True,False,False,True,True,True,False,True,False,False,False,,,,0,PRUNED
74,74,,2023-09-08 19:16:37.268584,2023-09-08 19:16:37.546185,0 days 00:00:00.277601,False,True,True,True,False,True,True,False,False,False,False,True,False,False,True,False,True,False,True,False,False,False,True,True,False,False,False,False,True,,,,0,PRUNED
75,75,,2023-09-08 19:16:37.556259,2023-09-08 19:16:45.415552,0 days 00:00:07.859293,False,True,False,False,False,False,False,True,True,True,True,False,True,False,True,True,True,True,False,False,False,False,True,False,True,False,False,True,False,,,,0,PRUNED
76,76,-2.45399039508937,2023-09-08 19:16:45.465256,2023-09-08 20:37:59.916457,0 days 01:21:14.451201,True,True,True,False,False,False,False,True,True,True,True,False,False,False,True,True,True,False,False,False,True,False,False,True,True,True,True,False,True,/mmfs1/gscratch/cheme/usr/evankomp/repos/nomelt/tmp/optimize_consensus/enh_vs_consensus/-8393665218939940860,"[-2.45399039508937, 0.06766120054566317]",RRPRTTFSKEQLERLKREFEKNRYPSEREREELSSELGLTEAQIKVWFQNRRAKEKK,0,COMPLETE
77,77,-2.419326372834914,2023-09-08 19:18:20.512512,2023-09-08 20:40:12.717805,0 days 01:21:52.205293,True,False,False,False,False,False,False,False,False,True,False,False,True,True,False,True,False,True,True,True,True,True,True,False,True,True,False,True,False,/mmfs1/gscratch/cheme/usr/evankomp/repos/nomelt/tmp/optimize_consensus/enh_vs_consensus/-3240447509384057239,"[-2.419326372834914, 0.037092200893811524]",KRKRTAFTSEQLARLKREFNENRYPTEERREQLAKKLGLTERQVKIWFQNRRAKEKK,1,COMPLETE
78,78,,2023-09-08 19:19:43.973196,2023-09-08 19:19:51.291662,0 days 00:00:07.318466,True,False,False,False,False,False,False,False,False,True,False,False,True,True,False,True,False,True,True,True,True,True,True,False,False,True,False,True,False,,,,1,PRUNED
79,79,-2.1719050960197785,2023-09-08 19:19:45.607233,2023-09-08 20:43:06.077203,0 days 01:23:20.469970,True,False,False,False,False,True,False,False,False,True,False,False,True,True,False,True,False,True,True,True,True,True,True,False,False,True,False,True,False,/mmfs1/gscratch/cheme/usr/evankomp/repos/nomelt/tmp/optimize_consensus/enh_vs_consensus/-205989731518617372,"[-2.1719050960197785, 0.0521685169365889]",KRKRTAFTSEQLARLKEFNENRYPTEERREQLAKKLGLTERQVKIWFQNKRAKEKK,1,COMPLETE
80,80,-2.4845540928095664,2023-09-08 19:19:51.301132,2023-09-08 20:46:28.860927,0 days 01:26:37.559795,False,False,True,True,True,True,True,True,False,True,True,True,False,True,False,False,False,True,True,True,True,True,False,False,False,False,True,False,False,/mmfs1/gscratch/cheme/usr/evankomp/repos/nomelt/tmp/optimize_consensus/enh_vs_consensus/-7147160131692622467,"[-2.4845540928095664, 0.04752184278968192]",DKRKRTTFSSEQLEELEELFEENRYPSARRRQQLAKKLGLTERQIKIWFQNKRAKIKK,1,COMPLETE
81,81,,2023-09-08 19:22:19.852505,2023-09-08 19:22:23.622495,0 days 00:00:03.769990,True,False,False,False,False,False,False,False,False,True,False,False,True,True,False,True,False,True,True,True,True,True,True,False,True,True,False,True,False,,,,1,PRUNED
82,82,-2.450015583511524,2023-09-08 19:22:23.634216,2023-09-08 20:48:25.280403,0 days 01:26:01.646187,True,False,True,False,True,True,True,True,False,True,True,False,True,True,False,True,False,False,True,True,False,True,True,False,False,True,True,False,False,/mmfs1/gscratch/cheme/usr/evankomp/repos/nomelt/tmp/optimize_consensus/enh_vs_consensus/-6590212660581826527,"[-2.450015583511524, 0.05538406705374564]",KRKRTTFSSEQLERLEELFEENRYPSEERREQLSKKLGLNERQVKIWFQNKRAKEKK,1,COMPLETE
83,83,,2023-09-08 19:29:50.808921,2023-09-08 19:29:51.680068,0 days 00:00:00.871147,True,False,False,False,False,False,False,False,False,True,False,False,True,True,False,True,False,True,True,True,True,True,True,False,True,True,False,True,False,,,,1,PRUNED
84,84,-2.4918957790915393,2023-09-08 19:29:51.690623,2023-09-08 20:51:54.197250,0 days 01:22:02.506627,False,True,True,False,True,True,True,True,False,True,False,False,False,False,True,True,False,True,True,True,False,False,False,False,False,False,True,False,False,/mmfs1/gscratch/cheme/usr/evankomp/repos/nomelt/tmp/optimize_consensus/enh_vs_consensus/978222010233625934,"[-2.4918957790915393, 0.054609112878588696]",DRRPRTTFSSEQLERLEELFEENRYPTEREREQLAKKLGLNEAQIKIWFQNKRAKIKK,1,COMPLETE
85,85,-2.1487490770726265,2023-09-08 20:37:59.924834,2023-09-08 21:57:39.735979,0 days 01:19:39.811145,True,False,False,False,False,True,False,False,False,True,False,False,True,True,False,True,False,True,True,True,True,True,True,False,True,True,False,True,False,/mmfs1/gscratch/cheme/usr/evankomp/repos/nomelt/tmp/optimize_consensus/enh_vs_consensus/3185570335185560546,"[-2.1487490770726265, 0.12429318238302732]",KRKRTAFTSEQLARLKEFNENRYPTEERREQLAKKLGLTERQVKIWFQNRRAKEKK,1,COMPLETE
86,86,-2.212024662723178,2023-09-08 20:38:20.224066,2023-09-08 21:57:11.562080,0 days 01:18:51.338014,True,False,False,False,True,True,False,True,False,True,False,False,True,True,False,True,False,True,True,True,True,True,True,False,True,False,False,True,False,/mmfs1/gscratch/cheme/usr/evankomp/repos/nomelt/tmp/optimize_consensus/enh_vs_consensus/-2100959207897559013,"[-2.212024662723178, 0.07608956008035084]",KRKRTAFTSEQLARLEEFEENRYPTEERREQLAKKLGLTERQVKIWFQNRRAKIKK,1,COMPLETE
87,87,-2.423066333010712,2023-09-08 20:40:12.729153,2023-09-08 22:02:10.018279,0 days 01:21:57.289126,False,True,True,False,True,True,True,True,False,True,False,False,True,False,True,True,False,False,True,True,True,False,True,False,False,False,True,False,False,/mmfs1/gscratch/cheme/usr/evankomp/repos/nomelt/tmp/optimize_consensus/enh_vs_consensus/-3592419528961013510,"[-2.423066333010712, 0.03974306810447202]",DRRPRTTFSSEQLERLEELFEENRYPTEEEREQLSKKLGLTEAQVKIWFQNKRAKIKK,1,COMPLETE
88,88,-2.5097852736494226,2023-09-08 20:43:06.087403,2023-09-08 22:03:32.156542,0 days 01:20:26.069139,False,True,True,True,True,True,True,True,False,True,False,False,True,False,True,True,False,False,True,True,False,False,True,False,False,False,True,False,False,/mmfs1/gscratch/cheme/usr/evankomp/repos/nomelt/tmp/optimize_consensus/enh_vs_consensus/2987806623260954339,"[-2.5097852736494226, 0.027836488842316723]",DRRPRTTFSSEQLEELEELFEENRYPTEEEREQLSKKLGLNEAQVKIWFQNKRAKIKK,1,COMPLETE
89,89,-2.247905209162438,2023-09-08 20:46:28.868369,2023-09-08 22:06:01.734117,0 days 01:19:32.865748,True,False,False,True,False,False,True,True,False,True,False,False,True,True,False,False,False,True,True,True,True,True,True,False,False,False,False,False,False,/mmfs1/gscratch/cheme/usr/evankomp/repos/nomelt/tmp/optimize_consensus/enh_vs_consensus/-4749644843849552171,"[-2.247905209162438, 0.08049290742036981]",KRKRTAFSSEQLAELKRELFEENRYPTEERRQQLAKKLGLTERQVKIWFQNKRAKIKK,1,COMPLETE
90,90,,2023-09-08 20:48:25.287733,2023-09-08 20:48:35.475626,0 days 00:00:10.187893,True,False,False,True,False,False,True,True,False,True,False,False,True,True,False,False,False,True,True,True,True,True,True,False,False,False,False,False,False,,,,1,PRUNED
91,91,-2.3787800768622813,2023-09-08 20:48:35.482595,2023-09-08 22:09:27.789459,0 days 01:20:52.306864,True,False,False,False,False,False,False,False,True,False,True,False,True,True,False,True,True,True,True,True,True,True,True,False,False,True,False,True,True,/mmfs1/gscratch/cheme/usr/evankomp/repos/nomelt/tmp/optimize_consensus/enh_vs_consensus/-1774187338716277105,"[-2.3787800768622813, 0.056486418683490434]",KRKRTAFTKEQLARLKREFNKNRYLSEERREELAKKLGLTERQVKIWFQNKRAKEKK,1,COMPLETE
92,92,-2.2055033381078695,2023-09-08 20:51:54.209053,2023-09-08 22:12:09.347085,0 days 01:20:15.138032,True,False,False,True,False,False,True,True,False,True,False,False,True,True,False,False,True,True,True,True,True,True,True,False,False,False,False,False,False,/mmfs1/gscratch/cheme/usr/evankomp/repos/nomelt/tmp/optimize_consensus/enh_vs_consensus/-7196275247729936736,"[-2.2055033381078695, 0.16198357647972808]",KRKRTAFSSEQLAELKRELFEENRYPTEERRQELAKKLGLTERQVKIWFQNKRAKIKK,1,COMPLETE
93,93,,2023-09-08 21:57:11.571248,2023-09-08 21:57:16.048809,0 days 00:00:04.477561,False,True,True,False,True,True,True,True,False,True,False,False,True,False,True,True,False,False,True,True,True,False,True,False,False,False,True,False,False,,,,1,PRUNED
94,94,,2023-09-08 21:57:16.058261,2023-09-08 21:57:23.778903,0 days 00:00:07.720642,True,False,False,True,False,False,True,True,False,True,False,False,True,True,False,False,False,True,True,True,True,True,True,False,False,False,False,False,False,,,,1,PRUNED
95,95,,2023-09-08 21:57:23.783080,2023-09-08 21:57:33.800882,0 days 00:00:10.017802,True,False,False,False,False,False,False,False,True,False,True,False,True,True,False,True,True,True,True,True,True,True,True,False,False,True,False,True,True,,,,1,PRUNED
96,96,-2.3908784289120244,2023-09-08 21:57:33.813043,2023-09-08 23:15:53.266357,0 days 01:18:19.453314,True,False,False,False,False,False,False,False,False,True,False,False,True,True,False,True,False,False,True,True,True,True,True,False,False,True,False,True,False,/mmfs1/gscratch/cheme/usr/evankomp/repos/nomelt/tmp/optimize_consensus/enh_vs_consensus/-479138353636896111,"[-2.3908784289120244, 0.05292273524027648]",KRKRTAFTSEQLARLKREFNENRYPTEERREQLSKKLGLTERQVKIWFQNKRAKEKK,1,COMPLETE
97,97,-2.498845326977163,2023-09-08 21:57:39.742943,2023-09-08 23:22:37.751602,0 days 01:24:58.008659,False,True,True,True,True,True,True,True,False,True,False,False,True,False,True,True,False,False,True,True,True,False,True,False,False,False,True,False,False,/mmfs1/gscratch/cheme/usr/evankomp/repos/nomelt/tmp/optimize_consensus/enh_vs_consensus/-6214145768496900460,"[-2.498845326977163, 0.033348286572582986]",DRRPRTTFSSEQLEELEELFEENRYPTEEEREQLSKKLGLTEAQVKIWFQNKRAKIKK,1,COMPLETE
98,98,,2023-09-08 22:02:10.028013,2023-09-08 22:02:14.876778,0 days 00:00:04.848765,True,False,False,True,False,False,True,True,False,True,False,False,True,True,False,False,True,True,True,True,True,True,True,False,False,False,False,False,False,,,,1,PRUNED
99,99,,2023-09-08 22:02:14.886215,2023-09-08 22:02:22.108602,0 days 00:00:07.222387,True,False,False,False,False,False,False,False,True,False,True,False,True,True,False,True,True,True,True,True,True,True,True,False,False,True,False,True,True,,,,1,PRUNED
100,100,,2023-09-08 22:02:22.118989,2023-09-08 22:02:23.761906,0 days 00:00:01.642917,True,False,False,False,False,False,False,False,False,True,False,False,True,True,False,True,False,True,True,True,True,True,True,False,False,True,False,True,False,,,,1,PRUNED
101,101,-2.520886430445769,2023-09-08 22:02:23.773675,2023-09-08 23:22:35.520960,0 days 01:20:11.747285,True,True,False,False,False,False,False,True,True,False,True,False,False,False,True,False,True,True,False,False,True,False,False,False,True,True,False,False,True,/mmfs1/gscratch/cheme/usr/evankomp/repos/nomelt/tmp/optimize_consensus/enh_vs_consensus/5376154376537534097,"[-2.520886430445769, 0.057353117931999154]",RRPRTAFSKEQLARLKREFEKNRYLSERERQELASELGLTEAQIKIWFQNRRAKEKK,1,COMPLETE
102,102,,2023-09-08 22:03:32.166807,2023-09-08 22:03:32.806182,0 days 00:00:00.639375,True,False,False,True,False,False,True,True,False,True,False,False,True,True,False,False,False,True,True,True,True,True,True,False,False,False,False,False,False,,,,1,PRUNED
103,103,-2.362219086805201,2023-09-08 22:03:32.815833,2023-09-08 23:23:18.325570,0 days 01:19:45.509737,True,False,False,False,False,False,False,False,True,False,True,False,True,True,False,True,True,True,True,True,True,True,True,False,False,False,False,True,True,/mmfs1/gscratch/cheme/usr/evankomp/repos/nomelt/tmp/optimize_consensus/enh_vs_consensus/4424524988282753987,"[-2.362219086805201, 0.03773179526732084]",KRKRTAFTKEQLARLKREFNKNRYLSEERREELAKKLGLTERQVKIWFQNKRAKIKK,1,COMPLETE
104,104,-2.4371377346944803,2023-09-08 22:06:01.746904,2023-09-08 23:24:48.414237,0 days 01:18:46.667333,False,False,False,True,True,True,True,True,True,False,True,False,True,False,False,True,True,False,True,True,True,True,True,False,False,True,False,False,True,/mmfs1/gscratch/cheme/usr/evankomp/repos/nomelt/tmp/optimize_consensus/enh_vs_consensus/4655102436837319843,"[-2.4371377346944803, 0.0338305764883253]",DKRPRTAFSKEQLAELEELFEKNRYLSEERREELSKKLGLTERQVKIWFQNKRAKEKK,2,COMPLETE
105,105,-2.6036217818098444,2023-09-08 22:09:27.799006,2023-09-08 23:30:02.390407,0 days 01:20:34.591401,False,True,True,True,True,True,True,True,False,True,False,False,True,False,True,True,False,True,True,True,False,False,True,False,False,False,True,True,False,/mmfs1/gscratch/cheme/usr/evankomp/repos/nomelt/tmp/optimize_consensus/enh_vs_consensus/2165512914665414240,"[-2.6036217818098444, 0.021434171854137197]",DRRPRTTFTSEQLEELEELFEENRYPTEEEREQLAKKLGLNEAQVKIWFQNKRAKIKK,2,COMPLETE
106,106,-2.4235346281368364,2023-09-08 22:12:09.359445,2023-09-08 23:32:45.771905,0 days 01:20:36.412460,False,False,False,True,True,True,True,True,True,False,True,False,True,False,False,True,True,False,True,True,True,True,True,False,False,False,False,False,True,/mmfs1/gscratch/cheme/usr/evankomp/repos/nomelt/tmp/optimize_consensus/enh_vs_consensus/1046301472926938496,"[-2.4235346281368364, 0.028441284606823995]",DKRPRTAFSKEQLAELEELFEKNRYLSEERREELSKKLGLTERQVKIWFQNKRAKIKK,2,COMPLETE
107,107,-2.3900003304723425,2023-09-08 23:15:53.272173,2023-09-09 00:34:26.078109,0 days 01:18:32.805936,False,False,False,True,True,True,True,True,True,False,True,True,False,True,False,False,True,True,False,True,True,True,False,False,True,False,False,False,True,/mmfs1/gscratch/cheme/usr/evankomp/repos/nomelt/tmp/optimize_consensus/enh_vs_consensus/-845748700680197117,"[-2.3900003304723425, 0.04129541652689188]",DKRKRTAFSKEQLAELEELFEKNRYLSARRRQELASKLGLTERQIKIWFQNRRAKIKK,2,COMPLETE
108,108,-2.440804633858737,2023-09-08 23:22:35.530508,2023-09-09 00:43:54.935539,0 days 01:21:19.405031,False,True,True,False,True,True,True,True,False,True,False,False,False,False,True,True,False,True,True,True,False,False,False,False,False,False,False,False,False,/mmfs1/gscratch/cheme/usr/evankomp/repos/nomelt/tmp/optimize_consensus/enh_vs_consensus/3427534349195624902,"[-2.440804633858737, 0.150860955306265]",DRRPRTAFSSEQLERLEELFEENRYPTEREREQLAKKLGLNEAQIKIWFQNKRAKIKK,2,COMPLETE
109,109,-2.1303146889519806,2023-09-08 23:22:37.765413,2023-09-09 00:44:13.905018,0 days 01:21:36.139605,True,False,False,True,True,False,True,True,False,False,True,True,True,True,False,False,False,True,False,True,True,True,True,False,False,False,False,False,False,/mmfs1/gscratch/cheme/usr/evankomp/repos/nomelt/tmp/optimize_consensus/enh_vs_consensus/1345566569966168665,"[-2.1303146889519806, 0.17818942505613727]",KRKRTAFSSEQLAELERELFEENRYLSAERRQQLASKLGLTERQVKIWFQNKRAKIKK,2,COMPLETE
110,110,-2.4394760363381187,2023-09-08 23:23:18.335596,2023-09-09 00:43:56.157872,0 days 01:20:37.822276,True,False,False,True,True,False,False,True,True,False,True,True,True,False,False,True,True,False,False,True,True,True,True,False,False,False,False,True,True,/mmfs1/gscratch/cheme/usr/evankomp/repos/nomelt/tmp/optimize_consensus/enh_vs_consensus/9086049719861022024,"[-2.4394760363381187, 0.03727821021313399]",KRPRTAFTKEQLAELEREFEKNRYLSAERREELSSKLGLTERQVKIWFQNKRAKIKK,2,COMPLETE
111,111,,2023-09-08 23:24:48.424306,2023-09-08 23:24:58.186455,0 days 00:00:09.762149,True,False,False,True,True,False,False,True,True,False,True,True,True,False,False,True,True,True,False,True,True,True,True,False,True,False,False,False,True,,,,2,PRUNED
112,112,-2.5178054153490383,2023-09-08 23:24:58.192380,2023-09-09 00:49:21.959043,0 days 01:24:23.766663,False,True,False,True,True,True,True,True,True,False,True,False,True,False,True,False,True,True,False,True,True,False,True,False,True,False,False,False,True,/mmfs1/gscratch/cheme/usr/evankomp/repos/nomelt/tmp/optimize_consensus/enh_vs_consensus/8743604212038270509,"[-2.5178054153490383, 0.03083514130554754]",DRRPRTAFSKEQLAELEELFEKNRYLSEEERQELASKLGLTEAQVKIWFQNRRAKIKK,2,COMPLETE
113,113,-2.512100706241734,2023-09-08 23:30:02.399315,2023-09-09 00:52:26.272757,0 days 01:22:23.873442,False,True,False,True,True,True,True,True,True,False,True,False,True,False,True,True,True,True,False,True,True,False,True,False,True,False,False,False,True,/mmfs1/gscratch/cheme/usr/evankomp/repos/nomelt/tmp/optimize_consensus/enh_vs_consensus/-5004491645464563627,"[-2.512100706241734, 0.033637015847837744]",DRRPRTAFSKEQLAELEELFEKNRYLSEEEREELASKLGLTEAQVKIWFQNRRAKIKK,2,COMPLETE
114,114,-2.365580690953991,2023-09-08 23:32:45.784867,2023-09-09 00:55:29.014528,0 days 01:22:43.229661,True,False,False,True,True,False,False,True,True,False,True,True,True,False,False,True,True,False,False,True,True,True,True,False,False,False,False,False,True,/mmfs1/gscratch/cheme/usr/evankomp/repos/nomelt/tmp/optimize_consensus/enh_vs_consensus/-8051736837561606239,"[-2.365580690953991, 0.20988327735547554]",KRPRTAFSKEQLAELEREFEKNRYLSAERREELSSKLGLTERQVKIWFQNKRAKIKK,2,COMPLETE
115,115,-2.5102663768739277,2023-09-09 00:34:26.086843,2023-09-09 01:57:31.905264,0 days 01:23:05.818421,False,True,True,True,True,True,True,True,False,True,False,False,False,False,True,True,False,True,True,True,False,False,False,False,False,False,False,True,False,/mmfs1/gscratch/cheme/usr/evankomp/repos/nomelt/tmp/optimize_consensus/enh_vs_consensus/-7428523712587120045,"[-2.5102663768739277, 0.024563444854764006]",DRRPRTAFTSEQLEELEELFEENRYPTEREREQLAKKLGLNEAQIKIWFQNKRAKIKK,2,COMPLETE
116,116,-2.493679439098854,2023-09-09 00:43:54.949894,2023-09-09 02:06:12.758655,0 days 01:22:17.808761,True,True,False,False,True,False,False,True,True,False,True,False,True,False,True,False,True,True,False,True,True,False,True,False,True,False,False,False,True,/mmfs1/gscratch/cheme/usr/evankomp/repos/nomelt/tmp/optimize_consensus/enh_vs_consensus/-5865399797194218979,"[-2.493679439098854, 0.03529968770238313]",RRPRTAFSKEQLARLEREFEKNRYLSEEERQELASKLGLTEAQVKIWFQNRRAKIKK,2,COMPLETE
117,117,,2023-09-09 00:43:56.172161,2023-09-09 00:44:01.990200,0 days 00:00:05.818039,False,True,False,True,True,True,True,True,True,False,True,False,True,False,True,False,True,True,False,True,True,False,True,False,True,False,False,False,True,,,,2,PRUNED
118,118,-2.516410887775496,2023-09-09 00:44:01.999983,2023-09-09 02:07:29.867569,0 days 01:23:27.867586,False,True,True,True,True,True,True,True,False,True,False,False,False,False,True,True,False,True,True,True,False,False,False,False,False,False,False,False,False,/mmfs1/gscratch/cheme/usr/evankomp/repos/nomelt/tmp/optimize_consensus/enh_vs_consensus/-6735267079583749767,"[-2.516410887775496, 0.015979572815952678]",DRRPRTAFSSEQLEELEELFEENRYPTEREREQLAKKLGLNEAQIKIWFQNKRAKIKK,2,COMPLETE
119,119,-2.449344693707311,2023-09-09 00:44:13.919304,2023-09-09 02:10:48.686748,0 days 01:26:34.767444,True,True,False,True,True,False,False,True,True,False,True,True,True,False,True,False,True,True,False,True,True,False,False,False,True,True,False,False,True,/mmfs1/gscratch/cheme/usr/evankomp/repos/nomelt/tmp/optimize_consensus/enh_vs_consensus/6378016672838248654,"[-2.449344693707311, 0.03250324353984581]",RRPRTAFSKEQLAELEREFEKNRYLSAEERQELASKLGLTEAQIKIWFQNRRAKEKK,2,COMPLETE
120,120,-2.5467786968042962,2023-09-09 00:49:21.970035,2023-09-09 02:12:26.299784,0 days 01:23:04.329749,False,True,True,True,True,True,True,True,False,True,False,False,False,False,True,True,False,True,True,True,False,False,False,False,False,False,True,True,False,/mmfs1/gscratch/cheme/usr/evankomp/repos/nomelt/tmp/optimize_consensus/enh_vs_consensus/8619608499584646204,"[-2.5467786968042962, 0.016768127677902044]",DRRPRTTFTSEQLEELEELFEENRYPTEREREQLAKKLGLNEAQIKIWFQNKRAKIKK,2,COMPLETE
121,121,,2023-09-09 00:52:26.283139,2023-09-09 00:52:33.610701,0 days 00:00:07.327562,False,True,True,False,True,True,True,True,False,True,False,False,False,False,True,True,False,True,True,True,False,False,False,False,False,False,True,False,False,,,,2,PRUNED
122,122,,2023-09-09 00:52:33.619689,2023-09-09 00:52:42.222052,0 days 00:00:08.602363,True,True,False,False,True,False,False,True,True,False,True,False,True,False,True,False,True,True,False,True,True,False,True,False,True,False,False,False,True,,,,2,PRUNED
