,number,value,datetime_start,datetime_complete,duration,params_mut_0,params_mut_1,params_mut_13,params_mut_14,params_mut_16,params_mut_17,params_mut_19,params_mut_21,params_mut_22,params_mut_26,params_mut_27,params_mut_28,params_mut_29,params_mut_3,params_mut_30,params_mut_32,params_mut_33,params_mut_35,params_mut_36,params_mut_37,params_mut_41,params_mut_43,params_mut_45,params_mut_47,params_mut_52,params_mut_56,params_mut_6,params_mut_8,params_mut_9,user_attrs_pdb_file,user_attrs_raw_result,user_attrs_variant_seq,system_attrs_nsga2:generation,state
180,180,,2023-09-09 07:14:33.176851,2023-09-09 07:14:43.424102,0 days 00:00:10.247251,False,True,True,True,True,True,True,True,False,True,True,True,True,True,False,False,False,True,True,True,True,False,True,False,False,False,True,False,False,,,,4,PRUNED
181,181,-2.5561371431021267,2023-09-09 07:14:43.432603,2023-09-09 08:32:56.721396,0 days 01:18:13.288793,False,False,True,True,True,True,True,True,False,True,True,True,True,True,False,False,False,True,True,True,True,False,True,False,False,False,True,False,False,/mmfs1/gscratch/cheme/usr/evankomp/repos/nomelt/tmp/optimize_consensus/enh_vs_consensus/-3237054495704916304,"[-2.5561371431021267, 0.03775343956002833]",DKRKRTTFSSEQLEELEELFEENRYPSAERRQQLAKKLGLTEAQVKIWFQNKRAKIKK,4,COMPLETE
182,182,-2.5895134211841992,2023-09-09 07:21:27.675933,2023-09-09 08:39:33.707418,0 days 01:18:06.031485,True,True,False,True,True,True,True,True,False,True,True,True,False,True,True,False,False,True,True,True,True,False,True,False,False,False,True,False,False,/mmfs1/gscratch/cheme/usr/evankomp/repos/nomelt/tmp/optimize_consensus/enh_vs_consensus/2493676410898134178,"[-2.5895134211841992, 0.047762165418755775]",RRKRTTFSSEQLAELEELFEENRYPSARERQQLAKKLGLTEAQVKIWFQNKRAKIKK,4,COMPLETE
183,183,,2023-09-09 07:26:37.932091,2023-09-09 07:26:38.215965,0 days 00:00:00.283874,True,True,True,True,True,True,True,True,False,True,True,False,True,True,True,False,False,True,True,True,True,False,True,False,False,False,True,False,False,,,,4,PRUNED
184,184,,2023-09-09 07:26:38.222884,2023-09-09 07:26:45.444578,0 days 00:00:07.221694,False,True,True,True,True,True,True,True,False,True,True,True,True,True,False,False,False,True,True,True,True,False,True,False,False,False,True,False,False,,,,4,PRUNED
185,185,-2.6796598323221184,2023-09-09 07:26:45.448417,2023-09-09 08:45:46.680684,0 days 01:19:01.232267,True,False,True,True,True,True,True,True,False,True,True,True,True,True,True,False,False,True,True,True,False,False,True,False,False,False,True,False,False,/mmfs1/gscratch/cheme/usr/evankomp/repos/nomelt/tmp/optimize_consensus/enh_vs_consensus/5235791116638755849,"[-2.6796598323221184, 0.05444522751554815]",KRKRTTFSSEQLEELEELFEENRYPSAEERQQLAKKLGLNEAQVKIWFQNKRAKIKK,4,COMPLETE
186,186,-2.497233024161698,2023-09-09 07:33:54.031070,2023-09-09 08:55:39.821003,0 days 01:21:45.789933,False,False,True,True,True,True,True,True,False,True,False,True,True,False,False,True,False,False,True,True,False,False,True,False,False,False,True,False,False,/mmfs1/gscratch/cheme/usr/evankomp/repos/nomelt/tmp/optimize_consensus/enh_vs_consensus/8644035424813962689,"[-2.497233024161698, 0.0685723049730345]",DKRPRTTFSSEQLEELEELFEENRYPTAERREQLSKKLGLNEAQVKIWFQNKRAKIKK,5,COMPLETE
187,187,,2023-09-09 07:34:43.074942,2023-09-09 07:34:48.730843,0 days 00:00:05.655901,True,False,True,True,True,True,True,True,False,True,True,True,False,True,True,False,False,True,True,True,True,False,True,False,False,False,True,False,False,,,,5,PRUNED
188,188,-2.584009352234056,2023-09-09 07:34:48.739062,2023-09-09 08:55:40.824285,0 days 01:20:52.085223,False,False,True,True,True,True,True,True,False,True,True,False,False,True,True,False,False,True,True,True,True,False,True,False,False,False,True,False,False,/mmfs1/gscratch/cheme/usr/evankomp/repos/nomelt/tmp/optimize_consensus/enh_vs_consensus/5508627303114597938,"[-2.584009352234056, 0.007245389119525558]",DKRKRTTFSSEQLEELEELFEENRYPSERERQQLAKKLGLTEAQVKIWFQNKRAKIKK,5,COMPLETE
189,189,,2023-09-09 07:36:23.048905,2023-09-09 07:36:27.286668,0 days 00:00:04.237763,False,True,True,True,True,True,True,True,False,True,False,False,True,False,True,True,False,True,True,True,False,False,True,False,False,False,True,True,False,,,,5,PRUNED
190,190,-2.5041122516818057,2023-09-09 07:36:27.291430,2023-09-09 08:58:04.834844,0 days 01:21:37.543414,True,True,True,True,True,True,True,True,False,True,False,True,False,False,True,True,False,True,False,True,True,False,True,False,False,False,True,True,False,/mmfs1/gscratch/cheme/usr/evankomp/repos/nomelt/tmp/optimize_consensus/enh_vs_consensus/-487652582668573937,"[-2.5041122516818057, 0.03863913481307722]",RRPRTTFTSEQLEELEELFEENRYPTAREREQLASKLGLTEAQVKIWFQNKRAKIKK,5,COMPLETE
191,191,,2023-09-09 07:41:25.157146,2023-09-09 07:41:25.347812,0 days 00:00:00.190666,False,True,True,True,True,True,True,True,False,True,False,False,True,False,True,True,False,True,True,True,False,False,True,False,False,False,True,True,False,,,,5,PRUNED
192,192,,2023-09-09 07:41:25.354335,2023-09-09 07:41:31.945878,0 days 00:00:06.591543,True,True,True,True,True,True,True,True,False,True,False,True,False,False,True,True,False,True,False,True,True,False,True,False,False,False,True,True,False,,,,5,PRUNED
193,193,-2.471187321384471,2023-09-09 07:41:31.949688,2023-09-09 09:03:05.769618,0 days 01:21:33.819930,True,False,False,True,True,False,False,True,False,True,True,True,False,True,False,False,False,True,True,True,True,True,True,False,False,False,True,False,False,/mmfs1/gscratch/cheme/usr/evankomp/repos/nomelt/tmp/optimize_consensus/enh_vs_consensus/-1718059359318039943,"[-2.471187321384471, 0.12108956207918592]",KRKRTTFSSEQLAELEREFEENRYPSARRRQQLAKKLGLTERQVKIWFQNKRAKIKK,5,COMPLETE
194,194,,2023-09-09 08:32:56.727367,2023-09-09 08:33:02.897277,0 days 00:00:06.169910,False,True,True,True,True,True,True,True,False,True,False,False,True,False,True,True,False,True,True,True,False,False,True,False,False,False,True,True,False,,,,5,PRUNED
195,195,,2023-09-09 08:33:02.903767,2023-09-09 08:33:08.933576,0 days 00:00:06.029809,True,True,True,True,True,True,True,True,False,True,False,True,False,False,True,True,False,True,False,True,True,False,True,False,False,False,True,True,False,,,,5,PRUNED
196,196,-2.5464854225621,2023-09-09 08:33:08.936780,2023-09-09 09:51:41.898713,0 days 01:18:32.961933,True,False,True,True,True,False,False,True,False,True,True,True,False,True,False,False,False,True,True,True,True,True,True,False,False,False,True,False,False,/mmfs1/gscratch/cheme/usr/evankomp/repos/nomelt/tmp/optimize_consensus/enh_vs_consensus/-2763996192571412149,"[-2.5464854225621, 0.02798945780814546]",KRKRTTFSSEQLEELEREFEENRYPSARRRQQLAKKLGLTERQVKIWFQNKRAKIKK,5,COMPLETE
197,197,,2023-09-09 08:39:33.715425,2023-09-09 08:39:41.568042,0 days 00:00:07.852617,True,False,True,True,True,True,True,True,False,True,True,True,True,True,True,False,False,True,True,True,True,False,True,False,False,False,True,False,False,,,,5,PRUNED
198,198,-2.5546348679517097,2023-09-09 08:39:41.578265,2023-09-09 09:58:16.766936,0 days 01:18:35.188671,False,True,True,True,True,True,True,True,False,True,False,False,True,True,True,True,False,True,True,True,False,False,True,False,False,False,True,True,False,/mmfs1/gscratch/cheme/usr/evankomp/repos/nomelt/tmp/optimize_consensus/enh_vs_consensus/-7901572088448391468,"[-2.5546348679517097, 0.026623002819703843]",DRRKRTTFTSEQLEELEELFEENRYPTEEEREQLAKKLGLNEAQVKIWFQNKRAKIKK,5,COMPLETE
199,199,,2023-09-09 08:45:46.688001,2023-09-09 08:45:47.874123,0 days 00:00:01.186122,False,False,True,True,True,True,True,True,False,True,True,True,True,True,True,False,False,True,True,True,True,False,True,False,False,False,True,False,False,,,,5,PRUNED
200,200,,2023-09-09 08:45:47.880400,2023-09-09 08:45:52.391719,0 days 00:00:04.511319,True,False,True,True,True,True,True,True,False,True,True,True,False,True,True,False,False,True,True,True,True,False,True,False,False,False,True,False,False,,,,5,PRUNED
201,201,-2.6819372871880924,2023-09-09 08:45:52.398662,2023-09-09 10:03:44.036603,0 days 01:17:51.637941,True,True,True,True,True,True,True,True,False,True,True,True,True,True,True,False,False,True,True,True,True,False,True,False,False,False,True,False,False,/mmfs1/gscratch/cheme/usr/evankomp/repos/nomelt/tmp/optimize_consensus/enh_vs_consensus/119255011766671252,"[-2.6819372871880924, 0.03377889004118398]",RRKRTTFSSEQLEELEELFEENRYPSAEERQQLAKKLGLTEAQVKIWFQNKRAKIKK,5,COMPLETE
202,202,,2023-09-09 08:55:39.896856,2023-09-09 08:55:47.893409,0 days 00:00:07.996553,False,False,True,True,True,True,True,True,False,True,True,True,True,True,True,False,False,True,True,True,True,False,True,False,False,False,True,False,False,,,,5,PRUNED
203,203,-2.5688641841266215,2023-09-09 08:55:40.836482,2023-09-09 10:16:50.346581,0 days 01:21:09.510099,False,False,False,True,True,True,True,True,False,True,True,True,False,True,True,False,False,True,False,True,True,False,True,False,False,False,True,False,False,/mmfs1/gscratch/cheme/usr/evankomp/repos/nomelt/tmp/optimize_consensus/enh_vs_consensus/-4568235552918103113,"[-2.5688641841266215, 0.04421003247346147]",DKRKRTTFSSEQLAELEELFEENRYPSARERQQLASKLGLTEAQVKIWFQNKRAKIKK,5,COMPLETE
204,204,,2023-09-09 08:55:47.899759,2023-09-09 08:55:52.069183,0 days 00:00:04.169424,True,False,True,True,True,True,True,True,False,True,True,True,False,True,True,False,False,True,True,True,True,False,True,False,False,False,True,False,False,,,,5,PRUNED
205,205,-2.6451330413332292,2023-09-09 08:55:52.072809,2023-09-09 10:16:49.461389,0 days 01:20:57.388580,True,True,False,True,True,True,True,True,False,True,True,True,True,True,True,False,False,True,True,True,True,False,True,False,False,False,True,False,False,/mmfs1/gscratch/cheme/usr/evankomp/repos/nomelt/tmp/optimize_consensus/enh_vs_consensus/-3730421052498595803,"[-2.6451330413332292, 0.04200575068759249]",RRKRTTFSSEQLAELEELFEENRYPSAEERQQLAKKLGLTEAQVKIWFQNKRAKIKK,5,COMPLETE
206,206,,2023-09-09 08:58:04.842483,2023-09-09 08:58:05.496067,0 days 00:00:00.653584,True,True,False,True,True,True,True,True,False,True,True,True,True,True,True,False,False,True,True,True,True,False,True,False,False,False,True,False,False,,,,5,PRUNED
207,207,,2023-09-09 08:58:05.503673,2023-09-09 08:58:07.926259,0 days 00:00:02.422586,True,False,True,True,True,True,True,True,False,True,True,True,True,True,True,False,False,True,True,True,False,False,True,False,False,False,True,False,False,,,,5,PRUNED
208,208,-2.6461605992926946,2023-09-09 08:58:07.934656,2023-09-09 10:19:13.139477,0 days 01:21:05.204821,True,False,False,True,True,True,True,True,False,True,True,False,True,True,True,False,False,True,True,True,True,False,True,False,False,False,True,False,False,/mmfs1/gscratch/cheme/usr/evankomp/repos/nomelt/tmp/optimize_consensus/enh_vs_consensus/-4625202954566173232,"[-2.6461605992926946, 0.04833657030391863]",KRKRTTFSSEQLAELEELFEENRYPSEEERQQLAKKLGLTEAQVKIWFQNKRAKIKK,5,COMPLETE
209,209,,2023-09-09 09:03:05.847309,2023-09-09 09:03:14.737163,0 days 00:00:08.889854,True,False,True,True,True,True,True,True,False,True,True,True,True,True,True,False,False,True,True,True,False,False,True,False,False,False,True,False,False,,,,5,PRUNED
210,210,-2.608553493031387,2023-09-09 09:03:14.812152,2023-09-09 10:24:13.430409,0 days 01:20:58.618257,True,False,True,True,True,True,True,True,False,True,True,False,True,True,True,False,False,True,True,True,True,False,True,False,False,False,True,False,False,/mmfs1/gscratch/cheme/usr/evankomp/repos/nomelt/tmp/optimize_consensus/enh_vs_consensus/2635664023850944632,"[-2.608553493031387, 0.03903219537233012]",KRKRTTFSSEQLEELEELFEENRYPSEEERQQLAKKLGLTEAQVKIWFQNKRAKIKK,5,COMPLETE
211,211,,2023-09-09 09:51:41.907540,2023-09-09 09:51:52.236417,0 days 00:00:10.328877,True,False,True,True,True,True,True,True,False,True,True,True,True,True,True,False,False,True,True,True,False,False,True,False,False,False,True,False,False,,,,5,PRUNED
212,212,,2023-09-09 09:51:52.249344,2023-09-09 09:51:56.774780,0 days 00:00:04.525436,True,False,True,True,True,True,True,True,False,True,True,False,True,True,True,False,False,True,True,True,True,False,True,False,False,False,True,False,False,,,,5,PRUNED
213,213,-2.6189940933680655,2023-09-09 09:51:56.782856,2023-09-09 11:10:19.587928,0 days 01:18:22.805072,False,False,True,True,True,True,True,True,False,True,True,True,False,True,True,False,False,True,True,True,True,False,True,False,False,False,True,False,False,/mmfs1/gscratch/cheme/usr/evankomp/repos/nomelt/tmp/optimize_consensus/enh_vs_consensus/-2653302007329088282,"[-2.6189940933680655, 0.03964970590498725]",DKRKRTTFSSEQLEELEELFEENRYPSARERQQLAKKLGLTEAQVKIWFQNKRAKIKK,5,COMPLETE
214,214,,2023-09-09 09:58:16.774837,2023-09-09 09:58:25.621080,0 days 00:00:08.846243,True,False,True,True,True,True,True,True,False,True,True,True,True,True,True,False,False,True,True,True,False,False,True,False,False,False,True,False,False,,,,5,PRUNED
215,215,-2.6806352247442864,2023-09-09 09:58:25.630693,2023-09-09 11:17:02.819610,0 days 01:18:37.188917,True,False,True,True,True,True,True,True,False,True,True,True,True,True,True,False,False,True,False,True,True,False,True,False,False,False,True,False,False,/mmfs1/gscratch/cheme/usr/evankomp/repos/nomelt/tmp/optimize_consensus/enh_vs_consensus/-6708016684250669664,"[-2.6806352247442864, 0.033656433961740666]",KRKRTTFSSEQLEELEELFEENRYPSAEERQQLASKLGLTEAQVKIWFQNKRAKIKK,5,COMPLETE
216,216,,2023-09-09 10:03:44.043372,2023-09-09 10:03:49.177567,0 days 00:00:05.134195,True,False,True,True,True,True,True,True,False,True,True,True,True,True,True,False,False,True,True,True,False,False,True,False,False,False,True,False,False,,,,5,PRUNED
217,217,,2023-09-09 10:03:49.181460,2023-09-09 10:03:55.512195,0 days 00:00:06.330735,True,False,False,True,True,True,True,True,False,True,True,False,True,True,True,False,False,True,True,True,True,False,True,False,False,False,True,False,False,,,,5,PRUNED
218,218,,2023-09-09 10:03:55.518372,2023-09-09 10:04:03.777719,0 days 00:00:08.259347,False,False,True,True,True,True,True,True,False,True,True,True,False,True,True,False,False,True,True,True,True,False,True,False,False,False,True,False,False,,,,5,PRUNED
219,219,,2023-09-09 10:04:03.788980,2023-09-09 10:04:11.749785,0 days 00:00:07.960805,True,False,True,True,True,True,True,True,False,True,True,True,False,True,True,False,False,True,False,True,True,False,True,False,False,False,True,False,False,,,,5,PRUNED
220,220,,2023-09-09 10:04:11.758282,2023-09-09 10:04:20.997946,0 days 00:00:09.239664,True,False,True,True,True,True,True,True,False,True,True,True,False,True,True,False,False,True,False,True,True,False,True,False,False,False,True,False,False,,,,5,PRUNED
221,221,,2023-09-09 10:04:21.005886,2023-09-09 10:04:21.969722,0 days 00:00:00.963836,True,False,True,True,True,True,True,True,False,True,True,True,False,True,True,False,False,True,True,True,True,False,True,False,False,False,True,False,False,,,,5,PRUNED
222,222,-2.564843607278897,2023-09-09 10:04:21.973195,2023-09-09 11:22:48.829406,0 days 01:18:26.856211,False,False,True,True,True,True,True,True,False,True,True,True,True,False,True,False,False,True,True,True,True,False,True,False,False,False,True,False,False,/mmfs1/gscratch/cheme/usr/evankomp/repos/nomelt/tmp/optimize_consensus/enh_vs_consensus/-3713604611071128158,"[-2.564843607278897, 0.037185669421288974]",DKRPRTTFSSEQLEELEELFEENRYPSAEERQQLAKKLGLTEAQVKIWFQNKRAKIKK,5,COMPLETE
223,223,,2023-09-09 10:16:49.466610,2023-09-09 10:16:51.465885,0 days 00:00:01.999275,True,False,True,True,True,True,True,True,False,True,True,True,True,True,True,False,False,True,True,True,False,False,True,False,False,False,True,False,False,,,,5,PRUNED
224,224,,2023-09-09 10:16:50.353175,2023-09-09 10:16:54.512357,0 days 00:00:04.159182,True,True,True,True,True,True,True,True,False,True,True,True,True,True,True,False,False,True,True,True,True,False,True,False,False,False,True,False,False,,,,5,PRUNED
225,225,,2023-09-09 10:16:51.474486,2023-09-09 10:16:53.207379,0 days 00:00:01.732893,True,False,False,True,True,True,True,True,False,True,True,False,True,True,True,False,False,True,True,True,True,False,True,False,False,False,True,False,False,,,,5,PRUNED
226,226,,2023-09-09 10:16:53.213421,2023-09-09 10:16:54.909327,0 days 00:00:01.695906,False,False,True,True,True,True,True,True,False,True,True,True,False,True,True,False,False,True,True,True,True,False,True,False,False,False,True,False,False,,,,5,PRUNED
227,227,,2023-09-09 10:16:54.520983,2023-09-09 10:16:59.960626,0 days 00:00:05.439643,True,False,True,True,True,True,True,True,False,True,True,True,False,True,True,False,False,True,False,True,True,False,True,False,False,False,True,False,False,,,,5,PRUNED
228,228,-2.517699968681687,2023-09-09 10:16:54.915372,2023-09-09 11:39:39.324926,0 days 01:22:44.409554,True,False,True,True,True,True,True,True,False,True,True,True,False,True,True,False,False,False,False,True,True,False,True,False,False,False,True,False,False,/mmfs1/gscratch/cheme/usr/evankomp/repos/nomelt/tmp/optimize_consensus/enh_vs_consensus/586170620711277898,"[-2.517699968681687, 0.030361250302259786]",KRKRTTFSSEQLEELEELFEENRYPSARERQQLSSKLGLTEAQVKIWFQNKRAKIKK,5,COMPLETE
229,229,-2.6337575340731156,2023-09-09 10:16:59.969157,2023-09-09 11:37:15.359837,0 days 01:20:15.390680,False,False,True,True,True,True,True,True,False,True,True,True,True,False,True,False,False,True,True,True,False,False,True,False,False,False,True,False,False,/mmfs1/gscratch/cheme/usr/evankomp/repos/nomelt/tmp/optimize_consensus/enh_vs_consensus/-2416686421564854258,"[-2.6337575340731156, 0.014949493002224363]",DKRPRTTFSSEQLEELEELFEENRYPSAEERQQLAKKLGLNEAQVKIWFQNKRAKIKK,5,COMPLETE
230,230,-2.624391016720337,2023-09-09 10:19:13.148826,2023-09-09 11:40:43.385980,0 days 01:21:30.237154,True,False,False,True,True,True,True,True,False,True,True,True,False,True,True,False,False,True,True,True,True,False,True,False,False,False,True,False,False,/mmfs1/gscratch/cheme/usr/evankomp/repos/nomelt/tmp/optimize_consensus/enh_vs_consensus/4912958751006008943,"[-2.624391016720337, 0.04206502081948844]",KRKRTTFSSEQLAELEELFEENRYPSARERQQLAKKLGLTEAQVKIWFQNKRAKIKK,6,COMPLETE
231,231,,2023-09-09 10:24:13.436859,2023-09-09 10:24:22.058292,0 days 00:00:08.621433,True,False,False,True,True,True,True,True,False,True,True,True,False,True,True,False,False,True,True,True,True,False,True,False,False,False,True,False,False,,,,6,PRUNED
232,232,,2023-09-09 10:24:22.065516,2023-09-09 10:24:26.110340,0 days 00:00:04.044824,True,False,True,True,True,True,True,True,False,True,True,True,False,True,True,False,False,True,True,True,True,False,True,False,False,False,True,False,False,,,,6,PRUNED
233,233,,2023-09-09 10:24:26.117824,2023-09-09 10:24:35.785926,0 days 00:00:09.668102,True,False,True,True,True,True,True,True,False,True,True,True,False,True,True,False,False,True,True,True,True,False,True,False,False,False,True,False,False,,,,6,PRUNED
234,234,-2.579751819481506,2023-09-09 10:24:35.791575,2023-09-09 11:44:35.776297,0 days 01:19:59.984722,True,False,True,True,True,True,True,True,False,True,True,True,True,True,True,False,False,True,True,True,True,True,True,False,False,False,True,False,False,/mmfs1/gscratch/cheme/usr/evankomp/repos/nomelt/tmp/optimize_consensus/enh_vs_consensus/-3593251929638966330,"[-2.579751819481506, 0.04557449410593981]",KRKRTTFSSEQLEELEELFEENRYPSAEERQQLAKKLGLTERQVKIWFQNKRAKIKK,6,COMPLETE
235,235,,2023-09-09 11:10:19.600425,2023-09-09 11:10:26.083143,0 days 00:00:06.482718,True,False,True,True,True,True,True,True,False,True,True,True,False,True,True,False,False,True,True,True,True,False,True,False,False,False,True,False,False,,,,6,PRUNED
236,236,,2023-09-09 11:10:26.089190,2023-09-09 11:10:32.625199,0 days 00:00:06.536009,True,False,True,True,True,True,True,True,False,True,True,True,False,True,True,False,False,True,True,True,True,False,True,False,False,False,True,False,False,,,,6,PRUNED
237,237,-2.5641059918758513,2023-09-09 11:10:32.629613,2023-09-09 12:29:47.014585,0 days 01:19:14.384972,True,True,True,True,True,True,True,True,False,True,True,True,True,True,True,False,False,True,True,True,True,True,True,False,False,False,True,False,False,/mmfs1/gscratch/cheme/usr/evankomp/repos/nomelt/tmp/optimize_consensus/enh_vs_consensus/-8919242888250252834,"[-2.5641059918758513, 0.07021389977790932]",RRKRTTFSSEQLEELEELFEENRYPSAEERQQLAKKLGLTERQVKIWFQNKRAKIKK,6,COMPLETE
238,238,,2023-09-09 11:17:02.829479,2023-09-09 11:17:09.225209,0 days 00:00:06.395730,True,False,True,True,True,True,True,True,False,True,True,True,True,True,True,False,False,True,True,True,True,False,True,False,False,False,True,False,False,,,,6,PRUNED
239,239,-2.5363157163272927,2023-09-09 11:17:09.232217,2023-09-09 12:36:36.380146,0 days 01:19:27.147929,True,True,True,True,True,True,True,True,False,True,True,True,True,True,False,False,False,False,True,True,True,False,True,False,False,False,True,False,False,/mmfs1/gscratch/cheme/usr/evankomp/repos/nomelt/tmp/optimize_consensus/enh_vs_consensus/-1053007863310748230,"[-2.5363157163272927, 0.03536619588245176]",RRKRTTFSSEQLEELEELFEENRYPSAERRQQLSKKLGLTEAQVKIWFQNKRAKIKK,6,COMPLETE
240,240,,2023-09-09 11:22:48.836634,2023-09-09 11:22:57.531861,0 days 00:00:08.695227,False,False,True,True,True,True,True,True,False,True,True,True,True,True,True,False,False,True,True,True,True,False,True,False,False,False,True,False,False,,,,6,PRUNED
241,241,,2023-09-09 11:22:57.539864,2023-09-09 11:23:01.130380,0 days 00:00:03.590516,False,False,True,True,True,True,True,True,False,True,True,True,True,True,True,False,False,True,True,True,True,False,True,False,False,False,True,False,False,,,,6,PRUNED
