,number,value,datetime_start,datetime_complete,duration,params_mut_0,params_mut_10,params_mut_12,params_mut_28,params_mut_32,params_mut_33,params_mut_39,params_mut_4,params_mut_45,params_mut_46,params_mut_49,params_mut_54,params_mut_6,params_mut_9,user_attrs_pdb_file,user_attrs_raw_result,user_attrs_variant_seq,system_attrs_fixed_params,system_attrs_nsga2:generation,state
66,66,,2023-11-07 16:23:27.246905,2023-11-07 16:23:33.809521,0 days 00:00:06.562616,False,False,True,False,False,False,False,False,True,True,True,True,True,True,,,,,0.0,PRUNED
67,67,,2023-11-07 16:23:33.821228,2023-11-07 16:23:36.250655,0 days 00:00:02.429427,False,False,True,True,False,False,True,False,False,True,False,True,True,False,,,,,0.0,PRUNED
68,68,,2023-11-07 16:23:36.260744,2023-11-07 16:23:39.475426,0 days 00:00:03.214682,False,True,False,False,True,True,False,True,False,False,False,False,True,False,,,,,0.0,PRUNED
69,69,,2023-11-07 16:23:39.485385,2023-11-07 16:23:47.424118,0 days 00:00:07.938733,True,False,True,True,False,True,True,False,False,False,True,False,True,True,,,,,0.0,PRUNED
70,70,,2023-11-07 16:23:47.433346,2023-11-07 16:23:54.711428,0 days 00:00:07.278082,True,False,False,True,False,False,True,True,False,False,False,False,True,False,,,,,0.0,PRUNED
71,71,-1.4257383017942116,2023-11-07 16:23:54.721218,2023-11-07 17:45:51.909723,0 days 01:21:57.188505,False,False,True,True,False,True,True,True,False,True,True,False,True,True,/mmfs1/gscratch/cheme/usr/evankomp/repos/nomelt/tmp/optimize_random/enh_vs_random/130658057040149102,"[-1.4257383017942116, 0.09902055162053727]",DKRPHTEFSPEQHARLKREFNENRYLTEVRRQQPSSELGSNEAQIKSWFANKRAKIKK,,0.0,COMPLETE
72,72,,2023-11-07 16:30:54.851425,2023-11-07 16:31:00.286053,0 days 00:00:05.434628,False,False,True,False,False,False,False,False,True,True,True,True,True,True,,,,,0.0,PRUNED
73,73,,2023-11-07 16:31:00.295670,2023-11-07 16:31:08.072186,0 days 00:00:07.776516,False,False,True,True,False,False,True,False,False,True,False,True,True,False,,,,,0.0,PRUNED
74,74,,2023-11-07 16:31:08.084577,2023-11-07 16:31:10.599621,0 days 00:00:02.515044,False,True,False,False,True,True,False,True,False,False,False,False,True,False,,,,,0.0,PRUNED
75,75,,2023-11-07 16:31:10.609384,2023-11-07 16:31:14.438612,0 days 00:00:03.829228,True,False,True,True,False,True,True,False,False,False,True,False,True,True,,,,,0.0,PRUNED
76,76,,2023-11-07 16:31:14.448182,2023-11-07 16:31:15.972881,0 days 00:00:01.524699,True,False,False,True,False,False,True,True,False,False,False,False,True,False,,,,,0.0,PRUNED
77,77,,2023-11-07 16:31:15.983079,2023-11-07 16:31:19.032239,0 days 00:00:03.049160,False,False,True,True,False,True,True,True,False,True,True,False,True,True,,,,,0.0,PRUNED
78,78,-2.212093317503305,2023-11-07 16:31:19.036787,2023-11-07 17:53:16.791393,0 days 01:21:57.754606,False,True,False,True,False,False,False,True,True,True,False,False,True,True,/mmfs1/gscratch/cheme/usr/evankomp/repos/nomelt/tmp/optimize_random/enh_vs_random/1286188635550667701,"[-2.212093317503305, 0.088241986125366]",DKRPHTEFSPAQLARLKREFNENRYLTEVRRQQLSSELGLNEAQIESWFQNKRAKIKK,,0.0,COMPLETE
79,79,,2023-11-07 17:19:29.956266,2023-11-07 17:19:32.005975,0 days 00:00:02.049709,False,False,True,True,False,False,True,False,False,True,False,True,True,False,,,,,0.0,PRUNED
80,80,,2023-11-07 17:19:32.013823,2023-11-07 17:19:40.119847,0 days 00:00:08.106024,False,True,False,False,True,True,False,True,False,False,False,False,True,False,,,,,0.0,PRUNED
81,81,,2023-11-07 17:19:40.128863,2023-11-07 17:19:42.215273,0 days 00:00:02.086410,True,False,True,True,False,True,True,False,False,False,True,False,True,True,,,,,0.0,PRUNED
82,82,,2023-11-07 17:19:42.225946,2023-11-07 17:19:48.674873,0 days 00:00:06.448927,True,False,False,True,False,False,True,True,False,False,False,False,True,False,,,,,0.0,PRUNED
83,83,,2023-11-07 17:19:48.684237,2023-11-07 17:19:58.639523,0 days 00:00:09.955286,False,False,True,True,False,True,True,True,False,True,True,False,True,True,,,,,0.0,PRUNED
84,84,,2023-11-07 17:19:58.649379,2023-11-07 17:20:08.095682,0 days 00:00:09.446303,False,True,False,True,False,False,False,True,True,True,False,False,True,True,,,,,0.0,PRUNED
85,85,-1.4235031233446456,2023-11-07 17:20:08.105104,2023-11-07 18:40:57.162942,0 days 01:20:49.057838,False,False,True,False,True,True,True,True,False,True,True,False,False,True,/mmfs1/gscratch/cheme/usr/evankomp/repos/nomelt/tmp/optimize_random/enh_vs_random/5293831568748989375,"[-1.4235031233446456, 0.09248735005981888]",DKRPHTAFSPEQHARLKREFNENRYLTERRRQSPSSELGSNEAQIKSWFANKRAKIKK,,0.0,COMPLETE
86,86,,2023-11-07 17:28:23.301674,2023-11-07 17:28:33.410069,0 days 00:00:10.108395,False,True,False,False,True,True,False,True,False,False,False,False,True,False,,,,,0.0,PRUNED
87,87,,2023-11-07 17:28:33.419665,2023-11-07 17:28:33.988672,0 days 00:00:00.569007,True,False,True,True,False,True,True,False,False,False,True,False,True,True,,,,,0.0,PRUNED
88,88,,2023-11-07 17:28:33.997654,2023-11-07 17:28:40.153560,0 days 00:00:06.155906,True,False,False,True,False,False,True,True,False,False,False,False,True,False,,,,,0.0,PRUNED
89,89,,2023-11-07 17:28:40.162774,2023-11-07 17:28:47.617847,0 days 00:00:07.455073,False,False,True,True,False,True,True,True,False,True,True,False,True,True,,,,,0.0,PRUNED
90,90,,2023-11-07 17:28:47.625533,2023-11-07 17:28:56.709850,0 days 00:00:09.084317,False,True,False,True,False,False,False,True,True,True,False,False,True,True,,,,,0.0,PRUNED
91,91,,2023-11-07 17:28:56.717953,2023-11-07 17:28:58.701569,0 days 00:00:01.983616,False,False,True,False,True,True,True,True,False,True,True,False,False,True,,,,,0.0,PRUNED
92,92,-1.5740833212579934,2023-11-07 17:28:58.714675,2023-11-07 18:50:45.418119,0 days 01:21:46.703444,True,False,False,False,True,True,True,False,True,False,False,True,False,False,/mmfs1/gscratch/cheme/usr/evankomp/repos/nomelt/tmp/optimize_random/enh_vs_random/-3410736147219840317,"[-1.5740833212579934, 0.06876060135545002]",VKRPRTAFSSEQLARLKREFNENRYLTERRRQSPSSELGSNEAQIEIWFQNKRAWIKK,,0.0,COMPLETE
93,93,,2023-11-07 17:35:38.397823,2023-11-07 17:35:38.920548,0 days 00:00:00.522725,True,False,True,True,False,True,True,False,False,False,True,False,True,True,,,,,0.0,PRUNED
94,94,,2023-11-07 17:35:38.931627,2023-11-07 17:35:46.247859,0 days 00:00:07.316232,True,False,False,True,False,False,True,True,False,False,False,False,True,False,,,,,0.0,PRUNED
95,95,,2023-11-07 17:35:46.254133,2023-11-07 17:35:49.224501,0 days 00:00:02.970368,False,False,True,True,False,True,True,True,False,True,True,False,True,True,,,,,0.0,PRUNED
96,96,,2023-11-07 17:35:49.236916,2023-11-07 17:35:56.027678,0 days 00:00:06.790762,False,True,False,True,False,False,False,True,True,True,False,False,True,True,,,,,0.0,PRUNED
97,97,,2023-11-07 17:35:56.040049,2023-11-07 17:35:56.380803,0 days 00:00:00.340754,False,False,True,False,True,True,True,True,False,True,True,False,False,True,,,,,0.0,PRUNED
98,98,,2023-11-07 17:35:56.385713,2023-11-07 17:36:02.021384,0 days 00:00:05.635671,True,False,False,False,True,True,True,False,True,False,False,True,False,False,,,,,0.0,PRUNED
99,99,-2.0843834703508857,2023-11-07 17:36:02.034051,2023-11-07 18:57:12.420814,0 days 01:21:10.386763,True,False,True,False,False,False,True,False,False,True,True,True,False,True,/mmfs1/gscratch/cheme/usr/evankomp/repos/nomelt/tmp/optimize_random/enh_vs_random/-3935935168362425800,"[-2.0843834703508857, 0.04122670057112244]",VKRPRTAFSPEQHARLKREFNENRYLTERRRQQLSSELGSNEAQIKSWFANKRAWIKK,,0.0,COMPLETE
100,100,,2023-11-07 17:37:57.541727,2023-11-07 17:37:57.638605,0 days 00:00:00.096878,True,False,False,True,False,False,True,True,False,False,False,False,True,False,,,,,0.0,PRUNED
101,101,,2023-11-07 17:37:57.644033,2023-11-07 17:38:01.822843,0 days 00:00:04.178810,False,False,True,True,False,True,True,True,False,True,True,False,True,True,,,,,0.0,PRUNED
102,102,,2023-11-07 17:38:01.834950,2023-11-07 17:38:02.702261,0 days 00:00:00.867311,False,True,False,True,False,False,False,True,True,True,False,False,True,True,,,,,0.0,PRUNED
103,103,,2023-11-07 17:38:02.711339,2023-11-07 17:38:05.964842,0 days 00:00:03.253503,False,False,True,False,True,True,True,True,False,True,True,False,False,True,,,,,0.0,PRUNED
104,104,,2023-11-07 17:38:05.975693,2023-11-07 17:38:07.954294,0 days 00:00:01.978601,True,False,False,False,True,True,True,False,True,False,False,True,False,False,,,,,0.0,PRUNED
105,105,,2023-11-07 17:38:07.968228,2023-11-07 17:38:17.474641,0 days 00:00:09.506413,True,False,True,False,False,False,True,False,False,True,True,True,False,True,,,,,0.0,PRUNED
106,106,-2.2085803520449097,2023-11-07 17:38:17.479133,2023-11-07 18:59:36.360161,0 days 01:21:18.881028,True,True,True,False,False,False,False,True,True,True,False,False,True,False,/mmfs1/gscratch/cheme/usr/evankomp/repos/nomelt/tmp/optimize_random/enh_vs_random/3270236447368902319,"[-2.2085803520449097, 0.08836501998374387]",VKRPHTEFSSAQHARLKREFNENRYLTERRRQQLSSELGLNEAQIESWFQNKRAKIKK,,0.0,COMPLETE
107,107,-1.5194333253305303,2023-11-07 17:43:13.616828,2023-11-07 19:05:46.451888,0 days 01:22:32.835060,False,True,True,True,False,True,True,True,False,False,False,False,True,False,/mmfs1/gscratch/cheme/usr/evankomp/repos/nomelt/tmp/optimize_random/enh_vs_random/5567067080483153751,"[-1.5194333253305303, 0.09862523596152926]",DKRPHTEFSSAQHARLKREFNENRYLTEVRRQQPSSELGSNEAQIKIWFQNKRAKIKK,,1.0,COMPLETE
108,108,-1.5940356479600182,2023-11-07 17:45:51.912284,2023-11-07 19:08:51.826321,0 days 01:22:59.914037,False,True,True,True,False,True,True,True,False,True,True,False,True,False,/mmfs1/gscratch/cheme/usr/evankomp/repos/nomelt/tmp/optimize_random/enh_vs_random/8797150507543579511,"[-1.5940356479600182, 0.07721406279514866]",DKRPHTEFSSAQHARLKREFNENRYLTEVRRQQPSSELGSNEAQIKSWFANKRAKIKK,,1.0,COMPLETE
109,109,-1.6275853703064866,2023-11-07 17:53:16.801652,2023-11-07 19:16:36.622047,0 days 01:23:19.820395,False,False,False,False,True,True,False,True,False,False,False,False,True,False,/mmfs1/gscratch/cheme/usr/evankomp/repos/nomelt/tmp/optimize_random/enh_vs_random/-7280757692114445001,"[-1.6275853703064866, 0.08541602748578889]",DKRPHTEFSSEQLARLKREFNENRYLTERRRQSPSSELGLNEAQIKIWFQNKRAKIKK,,1.0,COMPLETE
110,110,-1.6063459004679732,2023-11-07 18:40:57.169169,2023-11-07 20:04:33.900111,0 days 01:23:36.730942,False,False,False,False,True,True,False,True,False,False,False,False,True,True,/mmfs1/gscratch/cheme/usr/evankomp/repos/nomelt/tmp/optimize_random/enh_vs_random/-8066663432945807625,"[-1.6063459004679732, 0.13439483993054702]",DKRPHTEFSPEQLARLKREFNENRYLTERRRQSPSSELGLNEAQIKIWFQNKRAKIKK,,1.0,COMPLETE
111,111,,2023-11-07 18:50:45.426481,2023-11-07 18:50:50.216417,0 days 00:00:04.789936,False,False,False,False,True,True,False,True,False,False,False,False,True,True,,,,,1.0,PRUNED
112,112,-2.2668598084201914,2023-11-07 18:50:50.224932,2023-11-07 20:14:13.061051,0 days 01:23:22.836119,False,False,False,True,False,False,True,False,False,False,False,False,True,False,/mmfs1/gscratch/cheme/usr/evankomp/repos/nomelt/tmp/optimize_random/enh_vs_random/3468870402328253498,"[-2.2668598084201914, 0.06832392907670883]",DKRPRTEFSSEQLARLKREFNENRYLTEVRRQQLSSELGSNEAQIKIWFQNKRAKIKK,,1.0,COMPLETE
113,113,-1.664820745904414,2023-11-07 18:57:12.427734,2023-11-07 20:19:29.972676,0 days 01:22:17.544942,True,True,True,True,False,True,True,False,False,False,True,False,False,True,/mmfs1/gscratch/cheme/usr/evankomp/repos/nomelt/tmp/optimize_random/enh_vs_random/-504009351948454538,"[-1.664820745904414, 0.0560076402898603]",VKRPRTAFSPAQHARLKREFNENRYLTEVRRQQPSSELGSNEAQIKIWFANKRAKIKK,,1.0,COMPLETE
114,114,-2.179192337772987,2023-11-07 18:59:36.370251,2023-11-07 20:22:04.267190,0 days 01:22:27.896939,True,False,True,False,False,False,False,True,True,True,True,True,False,False,/mmfs1/gscratch/cheme/usr/evankomp/repos/nomelt/tmp/optimize_random/enh_vs_random/2186560991123021075,"[-2.179192337772987, 0.06202356469052583]",VKRPHTAFSSEQHARLKREFNENRYLTERRRQQLSSELGLNEAQIESWFANKRAWIKK,,1.0,COMPLETE
115,115,,2023-11-07 19:05:46.460672,2023-11-07 19:05:51.498833,0 days 00:00:05.038161,True,True,True,False,False,False,False,True,True,True,False,False,True,False,,,,,1.0,PRUNED
116,116,-2.1528943611161004,2023-11-07 19:05:51.505979,2023-11-07 20:30:31.719367,0 days 01:24:40.213388,True,False,False,False,False,False,True,True,False,True,True,True,True,False,/mmfs1/gscratch/cheme/usr/evankomp/repos/nomelt/tmp/optimize_random/enh_vs_random/6807998887785976139,"[-2.1528943611161004, 0.07903093031914456]",VKRPHTEFSSEQLARLKREFNENRYLTERRRQQLSSELGSNEAQIKSWFANKRAWIKK,,1.0,COMPLETE
117,117,,2023-11-07 19:08:51.835600,2023-11-07 19:08:52.115536,0 days 00:00:00.279936,True,True,True,False,False,False,False,True,True,True,False,False,True,False,,,,,1.0,PRUNED
118,118,,2023-11-07 19:08:52.126854,2023-11-07 19:08:54.123252,0 days 00:00:01.996398,True,False,False,False,False,False,True,True,False,True,True,True,True,False,,,,,1.0,PRUNED
119,119,-2.1908558933054008,2023-11-07 19:08:54.131989,2023-11-07 20:33:04.614989,0 days 01:24:10.483000,True,False,False,False,False,False,True,False,False,True,False,False,False,True,/mmfs1/gscratch/cheme/usr/evankomp/repos/nomelt/tmp/optimize_random/enh_vs_random/3243671827813195412,"[-2.1908558933054008, 0.09244868087618252]",VKRPRTAFSPEQLARLKREFNENRYLTERRRQQLSSELGSNEAQIKSWFQNKRAKIKK,,1.0,COMPLETE
120,120,-2.2587999125220124,2023-11-07 19:16:36.625331,2023-11-07 20:41:03.826765,0 days 01:24:27.201434,True,True,True,False,False,False,False,False,True,True,False,False,True,False,/mmfs1/gscratch/cheme/usr/evankomp/repos/nomelt/tmp/optimize_random/enh_vs_random/-6080662135556590903,"[-2.2587999125220124, 0.07072136439009555]",VKRPRTEFSSAQHARLKREFNENRYLTERRRQQLSSELGLNEAQIESWFQNKRAKIKK,,1.0,COMPLETE
121,121,-2.197524039377294,2023-11-07 20:04:33.912745,2023-11-07 21:27:42.578758,0 days 01:23:08.666013,False,True,True,False,False,False,False,False,True,True,False,False,True,False,/mmfs1/gscratch/cheme/usr/evankomp/repos/nomelt/tmp/optimize_random/enh_vs_random/6429887472224487583,"[-2.197524039377294, 0.07516747055258885]",DKRPRTEFSSAQHARLKREFNENRYLTERRRQQLSSELGLNEAQIESWFQNKRAKIKK,,1.0,COMPLETE
122,122,,2023-11-07 20:14:13.070415,2023-11-07 20:14:20.759951,0 days 00:00:07.689536,True,False,False,False,False,False,True,True,False,True,True,True,True,False,,,,,1.0,PRUNED
123,123,,2023-11-07 20:14:20.767171,2023-11-07 20:14:27.374850,0 days 00:00:06.607679,True,False,False,False,False,False,True,False,False,True,False,False,False,True,,,,,1.0,PRUNED
124,124,,2023-11-07 20:14:27.384740,2023-11-07 20:14:35.951284,0 days 00:00:08.566544,False,True,False,True,False,False,False,True,True,True,False,False,True,True,,,,,1.0,PRUNED
125,125,,2023-11-07 20:14:35.962430,2023-11-07 20:14:41.962321,0 days 00:00:05.999891,False,False,True,False,False,False,False,False,True,True,True,True,True,True,,,,,1.0,PRUNED
126,126,-2.2168863868341018,2023-11-07 20:14:41.971043,2023-11-07 21:39:56.342759,0 days 01:25:14.371716,False,True,False,False,False,False,False,True,False,True,True,False,True,True,/mmfs1/gscratch/cheme/usr/evankomp/repos/nomelt/tmp/optimize_random/enh_vs_random/353193268281255043,"[-2.2168863868341018, 0.10185954287656676]",DKRPHTEFSPAQLARLKREFNENRYLTERRRQQLSSELGLNEAQIKSWFANKRAKIKK,,1.0,COMPLETE
127,127,,2023-11-07 20:19:29.981446,2023-11-07 20:19:35.915759,0 days 00:00:05.934313,True,True,True,False,False,False,False,True,True,True,False,False,True,False,,,,,1.0,PRUNED
128,128,,2023-11-07 20:19:35.924600,2023-11-07 20:19:36.823922,0 days 00:00:00.899322,True,False,False,False,False,False,True,True,False,True,True,True,True,False,,,,,1.0,PRUNED
129,129,-2.1430265096606957,2023-11-07 20:19:36.831624,2023-11-07 21:40:16.004223,0 days 01:20:39.172599,True,False,False,False,False,False,True,False,False,True,False,False,False,False,/mmfs1/gscratch/cheme/usr/evankomp/repos/nomelt/tmp/optimize_random/enh_vs_random/2368834452488583634,"[-2.1430265096606957, 0.09504139047553768]",VKRPRTAFSSEQLARLKREFNENRYLTERRRQQLSSELGSNEAQIKSWFQNKRAKIKK,,1.0,COMPLETE
130,130,,2023-11-07 20:22:04.276114,2023-11-07 20:22:09.660229,0 days 00:00:05.384115,True,True,True,False,False,False,False,False,True,True,False,False,True,False,,,,,1.0,PRUNED
131,131,,2023-11-07 20:22:09.672155,2023-11-07 20:22:18.759007,0 days 00:00:09.086852,True,False,False,False,False,False,True,True,False,True,True,True,True,False,,,,,1.0,PRUNED
132,132,,2023-11-07 20:22:18.764253,2023-11-07 20:22:24.082219,0 days 00:00:05.317966,True,False,False,False,False,False,True,False,False,True,False,False,False,False,,,,,1.0,PRUNED
133,133,,2023-11-07 20:22:24.089168,2023-11-07 20:22:33.476825,0 days 00:00:09.387657,False,True,False,True,False,False,False,True,True,True,False,False,True,True,,,,,1.0,PRUNED
134,134,,2023-11-07 20:22:33.483101,2023-11-07 20:22:37.580302,0 days 00:00:04.097201,False,False,True,False,False,False,False,False,True,True,True,True,True,True,,,,,1.0,PRUNED
135,135,-2.194744218859276,2023-11-07 20:22:37.586329,2023-11-07 21:44:06.507617,0 days 01:21:28.921288,False,True,False,False,False,False,False,True,True,True,True,False,True,True,/mmfs1/gscratch/cheme/usr/evankomp/repos/nomelt/tmp/optimize_random/enh_vs_random/7948058307925840326,"[-2.194744218859276, 0.06658431615516613]",DKRPHTEFSPAQLARLKREFNENRYLTERRRQQLSSELGLNEAQIESWFANKRAKIKK,,1.0,COMPLETE
136,136,,2023-11-07 20:30:31.730644,2023-11-07 20:30:32.311571,0 days 00:00:00.580927,True,False,False,False,False,False,True,False,False,True,False,False,False,True,,,,,1.0,PRUNED
137,137,,2023-11-07 20:30:32.322910,2023-11-07 20:30:39.421796,0 days 00:00:07.098886,False,True,False,True,False,False,False,True,True,True,False,False,True,True,,,,,1.0,PRUNED
138,138,,2023-11-07 20:30:39.428400,2023-11-07 20:30:40.001479,0 days 00:00:00.573079,False,False,True,False,False,False,False,False,True,True,True,True,True,True,,,,,1.0,PRUNED
139,139,,2023-11-07 20:30:40.010042,2023-11-07 20:30:40.623418,0 days 00:00:00.613376,False,True,False,False,False,False,False,True,False,True,True,False,True,True,,,,,1.0,PRUNED
140,140,-2.223762887604411,2023-11-07 20:30:40.632783,2023-11-07 21:55:36.112290,0 days 01:24:55.479507,True,False,False,True,False,False,True,True,False,True,False,False,True,True,/mmfs1/gscratch/cheme/usr/evankomp/repos/nomelt/tmp/optimize_random/enh_vs_random/-5475135823960649670,"[-2.223762887604411, 0.08141784726721812]",VKRPHTEFSPEQLARLKREFNENRYLTEVRRQQLSSELGSNEAQIKSWFQNKRAKIKK,,1.0,COMPLETE
141,141,,2023-11-07 20:33:04.624713,2023-11-07 20:33:05.298940,0 days 00:00:00.674227,False,True,False,True,False,False,False,True,True,True,False,False,True,True,,,,,1.0,PRUNED
142,142,,2023-11-07 20:33:05.308494,2023-11-07 20:33:07.194593,0 days 00:00:01.886099,False,False,True,False,False,False,False,False,True,True,True,True,True,True,,,,,1.0,PRUNED
143,143,-2.262330437198574,2023-11-07 20:33:07.201757,2023-11-07 21:58:07.683218,0 days 01:25:00.481461,False,True,False,False,False,False,False,True,True,True,False,False,True,True,/mmfs1/gscratch/cheme/usr/evankomp/repos/nomelt/tmp/optimize_random/enh_vs_random/5324662887494185475,"[-2.262330437198574, 0.08535042197798988]",DKRPHTEFSPAQLARLKREFNENRYLTERRRQQLSSELGLNEAQIESWFQNKRAKIKK,,1.0,COMPLETE
144,144,-1.9656577405077724,2023-11-07 20:41:03.836446,2023-11-07 22:06:07.502046,0 days 01:25:03.665600,False,False,True,False,False,False,True,True,True,True,True,False,True,False,/mmfs1/gscratch/cheme/usr/evankomp/repos/nomelt/tmp/optimize_random/enh_vs_random/2508585574303419546,"[-1.9656577405077724, 0.11555981942832128]",DKRPHTEFSSEQHARLKREFNENRYLTERRRQQLSSELGSNEAQIESWFANKRAKIKK,,2.0,COMPLETE
145,145,-2.2418412019216554,2023-11-07 21:27:42.584028,2023-11-07 22:49:32.421849,0 days 01:21:49.837821,False,False,False,True,False,False,True,True,False,False,False,False,True,False,/mmfs1/gscratch/cheme/usr/evankomp/repos/nomelt/tmp/optimize_random/enh_vs_random/-8421353157751332345,"[-2.2418412019216554, 0.07590897419441159]",DKRPHTEFSSEQLARLKREFNENRYLTEVRRQQLSSELGSNEAQIKIWFQNKRAKIKK,,2.0,COMPLETE
146,146,-2.2747497678786663,2023-11-07 21:39:56.352616,2023-11-07 23:03:04.922702,0 days 01:23:08.570086,False,True,False,False,False,False,False,True,False,True,True,False,True,False,/mmfs1/gscratch/cheme/usr/evankomp/repos/nomelt/tmp/optimize_random/enh_vs_random/3218183468764747306,"[-2.2747497678786663, 0.06476168058072788]",DKRPHTEFSSAQLARLKREFNENRYLTERRRQQLSSELGLNEAQIKSWFANKRAKIKK,,2.0,COMPLETE
147,147,,2023-11-07 21:40:16.013895,2023-11-07 21:40:16.540844,0 days 00:00:00.526949,True,True,True,False,False,False,False,False,True,True,False,False,True,False,,,,,2.0,PRUNED
148,148,,2023-11-07 21:40:16.549813,2023-11-07 21:40:20.115027,0 days 00:00:03.565214,False,True,False,True,False,False,False,True,True,True,False,False,True,True,,,,,2.0,PRUNED
149,149,-2.171154661664652,2023-11-07 21:40:20.127648,2023-11-07 23:02:20.600089,0 days 01:22:00.472441,True,False,True,True,False,False,True,False,True,True,True,False,True,False,/mmfs1/gscratch/cheme/usr/evankomp/repos/nomelt/tmp/optimize_random/enh_vs_random/2136032658564536980,"[-2.171154661664652, 0.05628564804017131]",VKRPRTEFSSEQHARLKREFNENRYLTEVRRQQLSSELGSNEAQIESWFANKRAKIKK,,2.0,COMPLETE
150,150,,2023-11-07 21:44:06.516274,2023-11-07 21:44:08.660170,0 days 00:00:02.143896,False,True,False,False,False,False,False,True,False,True,True,False,True,False,,,,,2.0,PRUNED
151,151,,2023-11-07 21:44:08.670205,2023-11-07 21:44:09.005546,0 days 00:00:00.335341,True,True,True,False,False,False,False,False,True,True,False,False,True,False,,,,,2.0,PRUNED
152,152,-2.163343924623145,2023-11-07 21:44:09.012553,2023-11-07 23:05:29.161193,0 days 01:21:20.148640,False,False,True,False,False,False,True,False,True,False,False,True,True,False,/mmfs1/gscratch/cheme/usr/evankomp/repos/nomelt/tmp/optimize_random/enh_vs_random/3259406107053087088,"[-2.163343924623145, 0.04353634582521027]",DKRPRTEFSSEQHARLKREFNENRYLTERRRQQLSSELGSNEAQIEIWFQNKRAWIKK,,2.0,COMPLETE
