,number,value,datetime_start,datetime_complete,duration,params_mut_0,params_mut_1,params_mut_13,params_mut_14,params_mut_16,params_mut_17,params_mut_19,params_mut_21,params_mut_22,params_mut_26,params_mut_27,params_mut_28,params_mut_29,params_mut_3,params_mut_30,params_mut_32,params_mut_33,params_mut_35,params_mut_36,params_mut_37,params_mut_41,params_mut_43,params_mut_45,params_mut_47,params_mut_52,params_mut_56,params_mut_6,params_mut_8,params_mut_9,user_attrs_pdb_file,user_attrs_raw_result,user_attrs_variant_seq,system_attrs_nsga2:generation,state
123,123,-2.1832234744647403,2023-09-09 00:52:42.232105,2023-09-09 02:14:01.321370,0 days 01:21:19.089265,True,False,True,True,True,True,False,True,True,True,True,True,True,False,False,True,False,True,False,True,True,False,True,False,False,False,True,False,True,/mmfs1/gscratch/cheme/usr/evankomp/repos/nomelt/tmp/optimize_consensus/enh_vs_consensus/-1649871567202951444,"[-2.1832234744647403, 0.11431139815357315]",KRPRTTFSKEQLEELEEFEKNRYPSAERREQLASKLGLTEAQVKIWFQNKRAKIKK,2,COMPLETE
124,124,-2.5783007124906483,2023-09-09 00:55:29.026361,2023-09-09 02:18:02.618227,0 days 01:22:33.591866,True,False,True,True,True,False,False,True,False,True,True,True,True,False,False,False,False,True,True,True,True,True,True,False,False,False,True,False,False,/mmfs1/gscratch/cheme/usr/evankomp/repos/nomelt/tmp/optimize_consensus/enh_vs_consensus/-2235063306186593963,"[-2.5783007124906483, 0.049853319855919315]",KRPRTTFSSEQLEELEREFEENRYPSAERRQQLAKKLGLTERQVKIWFQNKRAKIKK,3,COMPLETE
125,125,-2.270325083668807,2023-09-09 01:57:31.918572,2023-09-09 03:20:51.549346,0 days 01:23:19.630774,False,True,False,False,True,True,False,True,False,True,True,False,False,True,True,True,False,True,False,True,True,False,True,False,False,False,True,False,False,/mmfs1/gscratch/cheme/usr/evankomp/repos/nomelt/tmp/optimize_consensus/enh_vs_consensus/-8141533290022727048,"[-2.270325083668807, 0.03679963061490457]",DRRKRTTFSSEQLARLEEFEENRYPSEREREQLASKLGLTEAQVKIWFQNKRAKIKK,3,COMPLETE
126,126,-2.6575155881396424,2023-09-09 02:06:12.772922,2023-09-09 03:32:09.170110,0 days 01:25:56.397188,True,False,True,True,True,True,True,True,False,True,True,True,False,True,True,False,False,True,True,True,True,False,True,False,False,False,True,False,False,/mmfs1/gscratch/cheme/usr/evankomp/repos/nomelt/tmp/optimize_consensus/enh_vs_consensus/-7973234463219237964,"[-2.6575155881396424, 0.0286079446909219]",KRKRTTFSSEQLEELEELFEENRYPSARERQQLAKKLGLTEAQVKIWFQNKRAKIKK,3,COMPLETE
127,127,,2023-09-09 02:07:29.878858,2023-09-09 02:07:31.219098,0 days 00:00:01.340240,False,True,False,False,True,True,False,True,False,True,True,False,False,True,True,True,False,True,False,True,True,False,True,False,False,False,True,False,False,,,,3,PRUNED
128,128,,2023-09-09 02:07:31.227106,2023-09-09 02:07:36.143288,0 days 00:00:04.916182,True,False,True,True,True,True,True,True,False,True,True,True,False,True,True,False,False,True,True,True,True,False,True,False,False,False,True,False,False,,,,3,PRUNED
129,129,-2.4540104166673906,2023-09-09 02:07:36.153846,2023-09-09 03:29:47.388652,0 days 01:22:11.234806,False,False,True,True,True,True,True,True,True,True,True,False,False,True,False,True,False,True,True,True,True,False,False,False,False,False,False,True,False,/mmfs1/gscratch/cheme/usr/evankomp/repos/nomelt/tmp/optimize_consensus/enh_vs_consensus/6865403555191605987,"[-2.4540104166673906, 0.029600140114661506]",DKRKRTAFTSEQLEELEELFEKNRYPSERRREQLAKKLGLTEAQIKIWFQNKRAKIKK,3,COMPLETE
130,130,-2.5272366918483415,2023-09-09 02:10:48.697026,2023-09-09 03:34:37.556517,0 days 01:23:48.859491,True,True,False,False,False,False,False,True,True,False,True,False,False,False,True,False,True,True,False,False,True,False,False,False,True,True,False,True,True,/mmfs1/gscratch/cheme/usr/evankomp/repos/nomelt/tmp/optimize_consensus/enh_vs_consensus/7174019021683983138,"[-2.5272366918483415, 0.04270224660180495]",RRPRTAFTKEQLARLKREFEKNRYLSERERQELASELGLTEAQIKIWFQNRRAKEKK,3,COMPLETE
131,131,-2.1304653453818427,2023-09-09 02:12:26.309855,2023-09-09 03:29:36.631472,0 days 01:17:10.321617,True,False,False,True,True,True,False,True,False,False,True,True,False,True,False,True,False,True,False,True,True,True,True,False,False,False,True,False,False,/mmfs1/gscratch/cheme/usr/evankomp/repos/nomelt/tmp/optimize_consensus/enh_vs_consensus/2659940639994355759,"[-2.1304653453818427, 0.0652040699530945]",KRKRTTFSSEQLAELEEFEENRYLSARRREQLASKLGLTERQVKIWFQNKRAKIKK,3,COMPLETE
132,132,-2.3734819616288845,2023-09-09 02:14:01.334004,2023-09-09 03:37:08.832046,0 days 01:23:07.498042,False,False,True,True,True,True,True,True,False,False,True,False,False,True,False,True,True,True,False,True,True,False,True,False,True,False,False,False,False,/mmfs1/gscratch/cheme/usr/evankomp/repos/nomelt/tmp/optimize_consensus/enh_vs_consensus/2050455975624877150,"[-2.3734819616288845, 0.042343209413624225]",DKRKRTAFSSEQLEELEELFEENRYLSERRREELASKLGLTEAQVKIWFQNRRAKIKK,3,COMPLETE
133,133,,2023-09-09 02:18:02.623988,2023-09-09 02:18:06.834817,0 days 00:00:04.210829,False,True,True,True,True,True,True,True,False,True,False,False,False,False,True,True,False,True,True,True,False,False,False,False,False,False,False,True,False,,,,3,PRUNED
134,134,,2023-09-09 02:18:06.841558,2023-09-09 02:18:09.728751,0 days 00:00:02.887193,True,False,False,True,True,True,False,True,False,False,True,True,False,True,False,True,False,True,False,True,True,True,True,False,False,False,True,False,False,,,,3,PRUNED
135,135,,2023-09-09 02:18:09.736007,2023-09-09 02:18:09.972372,0 days 00:00:00.236365,True,False,True,True,True,True,True,True,False,True,True,True,False,True,True,False,False,True,True,True,True,False,True,False,False,False,True,False,False,,,,3,PRUNED
136,136,-2.4017973617388706,2023-09-09 02:18:09.978982,2023-09-09 03:42:22.276959,0 days 01:24:12.297977,False,False,True,True,True,True,True,True,True,False,True,False,False,True,False,True,True,True,False,True,True,False,True,False,True,False,False,False,False,/mmfs1/gscratch/cheme/usr/evankomp/repos/nomelt/tmp/optimize_consensus/enh_vs_consensus/275453157614528286,"[-2.4017973617388706, 0.052579045125779725]",DKRKRTAFSSEQLEELEELFEKNRYLSERRREELASKLGLTEAQVKIWFQNRRAKIKK,3,COMPLETE
137,137,,2023-09-09 03:20:51.555465,2023-09-09 03:20:52.690630,0 days 00:00:01.135165,True,False,True,True,True,True,True,True,False,True,True,True,False,True,True,False,False,True,True,True,True,False,True,False,False,False,True,False,False,,,,3,PRUNED
138,138,,2023-09-09 03:20:52.696531,2023-09-09 03:20:54.498722,0 days 00:00:01.802191,False,False,True,True,True,True,True,True,False,False,True,False,False,True,False,True,True,True,False,True,True,False,True,False,True,False,False,False,False,,,,3,PRUNED
139,139,-2.198023002152451,2023-09-09 03:20:54.507958,2023-09-09 04:37:38.177403,0 days 01:16:43.669445,True,False,True,True,True,True,False,True,False,True,True,True,True,True,False,False,True,True,False,True,True,True,True,False,True,False,True,False,True,/mmfs1/gscratch/cheme/usr/evankomp/repos/nomelt/tmp/optimize_consensus/enh_vs_consensus/-9187730912757298515,"[-2.198023002152451, 0.1419958602364437]",KRKRTTFSKEQLEELEEFEENRYPSAERRQELASKLGLTERQVKIWFQNRRAKIKK,3,COMPLETE
140,140,-2.666116886705784,2023-09-09 03:29:36.640202,2023-09-09 04:47:38.055061,0 days 01:18:01.414859,True,False,True,True,True,True,True,True,False,True,True,True,True,True,True,False,False,True,True,True,True,False,True,False,False,False,True,False,False,/mmfs1/gscratch/cheme/usr/evankomp/repos/nomelt/tmp/optimize_consensus/enh_vs_consensus/4788962402985804928,"[-2.666116886705784, 0.04183140493174941]",KRKRTTFSSEQLEELEELFEENRYPSAEERQQLAKKLGLTEAQVKIWFQNKRAKIKK,3,COMPLETE
141,141,-2.152096497912434,2023-09-09 03:29:47.395304,2023-09-09 04:47:45.105544,0 days 01:17:57.710240,False,False,True,True,True,True,False,True,False,True,True,True,False,True,False,False,True,True,False,True,True,True,True,False,True,False,True,False,True,/mmfs1/gscratch/cheme/usr/evankomp/repos/nomelt/tmp/optimize_consensus/enh_vs_consensus/4417484891086357513,"[-2.152096497912434, 0.10804187638020164]",DKRKRTTFSKEQLEELEEFEENRYPSARRRQELASKLGLTERQVKIWFQNRRAKIKK,3,COMPLETE
142,142,,2023-09-09 03:32:09.180892,2023-09-09 03:32:11.437885,0 days 00:00:02.256993,False,False,True,True,True,True,True,True,False,False,True,False,False,True,False,True,True,True,False,True,True,False,True,False,True,False,False,False,False,,,,3,PRUNED
143,143,,2023-09-09 03:32:11.443301,2023-09-09 03:32:12.046173,0 days 00:00:00.602872,True,False,True,True,True,True,False,True,False,True,True,True,True,True,False,False,True,True,False,True,True,True,True,False,True,False,True,False,True,,,,3,PRUNED
144,144,-2.231201917483793,2023-09-09 03:32:12.051697,2023-09-09 04:52:26.569343,0 days 01:20:14.517646,False,True,True,False,False,True,False,True,True,True,False,False,True,False,True,True,True,True,False,True,False,False,True,False,False,False,True,True,False,/mmfs1/gscratch/cheme/usr/evankomp/repos/nomelt/tmp/optimize_consensus/enh_vs_consensus/-8900330671666643682,"[-2.231201917483793, 0.059375220446006065]",DRRPRTTFTSEQLERLKEFEKNRYPTEEEREELASKLGLNEAQVKIWFQNKRAKIKK,3,COMPLETE
145,145,-2.5978943923791697,2023-09-09 03:34:37.565167,2023-09-09 04:54:49.376898,0 days 01:20:11.811731,False,True,True,True,True,True,True,True,False,True,True,False,True,False,True,False,False,True,True,True,True,False,True,False,False,False,True,False,False,/mmfs1/gscratch/cheme/usr/evankomp/repos/nomelt/tmp/optimize_consensus/enh_vs_consensus/9193033591473084406,"[-2.5978943923791697, 0.042262149200585394]",DRRPRTTFSSEQLEELEELFEENRYPSEEERQQLAKKLGLTEAQVKIWFQNKRAKIKK,3,COMPLETE
146,146,-2.1060539847205795,2023-09-09 03:37:08.842005,2023-09-09 04:55:35.380955,0 days 01:18:26.538950,True,False,False,True,True,True,False,True,False,True,True,True,True,True,False,False,True,True,False,True,True,True,True,False,True,False,True,False,True,/mmfs1/gscratch/cheme/usr/evankomp/repos/nomelt/tmp/optimize_consensus/enh_vs_consensus/-5977457241416086925,"[-2.1060539847205795, 0.1510606145495379]",KRKRTTFSKEQLAELEEFEENRYPSAERRQELASKLGLTERQVKIWFQNRRAKIKK,3,COMPLETE
147,147,,2023-09-09 03:42:22.283611,2023-09-09 03:42:23.198350,0 days 00:00:00.914739,True,False,True,True,True,True,False,True,False,True,True,True,True,True,False,False,True,True,False,True,True,True,True,False,True,False,True,False,True,,,,3,PRUNED
148,148,-2.3750851139860245,2023-09-09 03:42:23.203896,2023-09-09 05:02:32.334789,0 days 01:20:09.130893,False,True,False,False,False,True,False,True,True,True,False,False,True,False,True,True,True,True,False,True,False,False,True,False,False,False,True,True,False,/mmfs1/gscratch/cheme/usr/evankomp/repos/nomelt/tmp/optimize_consensus/enh_vs_consensus/-2433703987690916680,"[-2.3750851139860245, 0.03688453121903701]",DRRPRTTFTSEQLARLKEFEKNRYPTEEEREELASKLGLNEAQVKIWFQNKRAKIKK,3,COMPLETE
149,149,-2.359514406554418,2023-09-09 04:37:38.184748,2023-09-09 05:56:03.336761,0 days 01:18:25.152013,False,False,False,False,False,True,False,True,True,True,False,False,True,False,True,True,True,True,False,True,False,False,True,False,False,False,True,True,False,/mmfs1/gscratch/cheme/usr/evankomp/repos/nomelt/tmp/optimize_consensus/enh_vs_consensus/3796535663622701881,"[-2.359514406554418, 0.12387542290798328]",DKRPRTTFTSEQLARLKEFEKNRYPTEEEREELASKLGLNEAQVKIWFQNKRAKIKK,3,COMPLETE
150,150,-2.247331561067958,2023-09-09 04:47:38.064409,2023-09-09 06:03:13.379331,0 days 01:15:35.314922,True,False,True,False,True,True,False,True,False,False,True,False,False,True,True,False,True,True,False,True,True,False,False,False,True,False,False,False,False,/mmfs1/gscratch/cheme/usr/evankomp/repos/nomelt/tmp/optimize_consensus/enh_vs_consensus/-6218836285395832416,"[-2.247331561067958, 0.022600650248527143]",KRKRTAFSSEQLERLEEFEENRYLSERERQELASKLGLTEAQIKIWFQNRRAKIKK,4,COMPLETE
151,151,-2.3264938558330557,2023-09-09 04:47:45.111621,2023-09-09 06:08:44.381677,0 days 01:20:59.270056,True,False,True,True,True,True,False,True,False,True,True,True,True,True,True,False,False,True,False,True,True,True,True,False,False,False,True,False,False,/mmfs1/gscratch/cheme/usr/evankomp/repos/nomelt/tmp/optimize_consensus/enh_vs_consensus/6899682034337778952,"[-2.3264938558330557, 0.04744417047802984]",KRKRTTFSSEQLEELEEFEENRYPSAEERQQLASKLGLTERQVKIWFQNKRAKIKK,4,COMPLETE
152,152,,2023-09-09 04:52:26.577347,2023-09-09 04:52:34.667985,0 days 00:00:08.090638,True,False,True,True,True,True,True,True,False,True,True,True,False,True,True,False,False,True,True,True,True,False,True,False,False,False,True,False,False,,,,4,PRUNED
153,153,-2.3529266193696636,2023-09-09 04:52:34.677400,2023-09-09 06:13:31.274041,0 days 01:20:56.596641,True,False,True,True,True,False,True,True,False,True,True,True,False,False,False,False,False,True,True,True,False,True,True,False,False,False,True,False,False,/mmfs1/gscratch/cheme/usr/evankomp/repos/nomelt/tmp/optimize_consensus/enh_vs_consensus/-201381388261336462,"[-2.3529266193696636, 0.0469657791571114]",KRPRTTFSSEQLEELERELFEENRYPSARRRQQLAKKLGLNERQVKIWFQNKRAKIKK,4,COMPLETE
154,154,-2.491291550240562,2023-09-09 04:54:49.385994,2023-09-09 06:14:53.772884,0 days 01:20:04.386890,True,True,False,False,False,False,False,True,True,False,True,False,False,False,True,False,True,True,False,False,True,False,False,False,True,True,True,True,True,/mmfs1/gscratch/cheme/usr/evankomp/repos/nomelt/tmp/optimize_consensus/enh_vs_consensus/1866400699328144447,"[-2.491291550240562, 0.04730651679778894]",RRPRTTFTKEQLARLKREFEKNRYLSERERQELASELGLTEAQIKIWFQNRRAKEKK,4,COMPLETE
155,155,-2.632175093624015,2023-09-09 04:55:35.383919,2023-09-09 06:15:39.253544,0 days 01:20:03.869625,True,False,True,True,True,True,True,True,False,True,True,True,False,True,True,False,False,True,False,True,True,False,True,False,False,False,True,False,False,/mmfs1/gscratch/cheme/usr/evankomp/repos/nomelt/tmp/optimize_consensus/enh_vs_consensus/5170482331118857717,"[-2.632175093624015, 0.028939987905901996]",KRKRTTFSSEQLEELEELFEENRYPSARERQQLASKLGLTEAQVKIWFQNKRAKIKK,4,COMPLETE
156,156,,2023-09-09 05:02:32.339704,2023-09-09 05:02:32.594117,0 days 00:00:00.254413,True,False,True,True,True,True,True,True,False,True,True,True,True,True,True,False,False,True,True,True,True,False,True,False,False,False,True,False,False,,,,4,PRUNED
157,157,-2.126121979792869,2023-09-09 05:02:32.600132,2023-09-09 06:20:31.046574,0 days 01:17:58.446442,True,False,True,True,True,True,False,True,False,True,True,True,True,False,False,False,False,True,True,True,True,False,True,False,False,False,True,False,False,/mmfs1/gscratch/cheme/usr/evankomp/repos/nomelt/tmp/optimize_consensus/enh_vs_consensus/-6508580995380035209,"[-2.126121979792869, 0.12854677100241577]",KRPRTTFSSEQLEELEEFEENRYPSAERRQQLAKKLGLTEAQVKIWFQNKRAKIKK,4,COMPLETE
158,158,,2023-09-09 05:56:03.340904,2023-09-09 05:56:06.616099,0 days 00:00:03.275195,True,False,True,True,True,True,True,True,False,True,True,True,True,True,True,False,False,True,True,True,True,False,True,False,False,False,True,False,False,,,,4,PRUNED
159,159,,2023-09-09 05:56:06.622229,2023-09-09 05:56:09.821712,0 days 00:00:03.199483,True,False,True,True,True,True,False,True,False,True,True,True,True,False,False,False,False,True,True,True,True,False,True,False,False,False,True,False,False,,,,4,PRUNED
160,160,,2023-09-09 05:56:09.833216,2023-09-09 05:56:10.302099,0 days 00:00:00.468883,True,False,True,True,True,True,True,True,False,True,True,True,True,True,True,False,False,True,True,True,True,False,True,False,False,False,True,False,False,,,,4,PRUNED
161,161,-2.5949259522011174,2023-09-09 05:56:10.308235,2023-09-09 07:14:33.167248,0 days 01:18:22.859013,True,True,True,True,True,True,True,True,False,True,True,False,True,True,True,False,False,True,True,True,True,False,True,False,False,False,True,False,False,/mmfs1/gscratch/cheme/usr/evankomp/repos/nomelt/tmp/optimize_consensus/enh_vs_consensus/3421283559226806620,"[-2.5949259522011174, 0.031789433937083916]",RRKRTTFSSEQLEELEELFEENRYPSEEERQQLAKKLGLTEAQVKIWFQNKRAKIKK,4,COMPLETE
162,162,-2.5781926275010374,2023-09-09 06:03:13.384710,2023-09-09 07:21:27.670319,0 days 01:18:14.285609,False,True,False,True,True,True,True,True,False,True,True,False,True,True,True,False,False,True,True,True,True,False,True,False,False,False,True,False,False,/mmfs1/gscratch/cheme/usr/evankomp/repos/nomelt/tmp/optimize_consensus/enh_vs_consensus/-336020040810168872,"[-2.5781926275010374, 0.04548498275932602]",DRRKRTTFSSEQLAELEELFEENRYPSEEERQQLAKKLGLTEAQVKIWFQNKRAKIKK,4,COMPLETE
163,163,,2023-09-09 06:08:44.392966,2023-09-09 06:08:50.971916,0 days 00:00:06.578950,True,False,True,True,True,True,True,True,False,True,True,True,True,True,True,False,False,True,True,True,True,False,True,False,False,False,True,False,False,,,,4,PRUNED
164,164,,2023-09-09 06:08:50.977807,2023-09-09 06:08:55.183397,0 days 00:00:04.205590,True,False,True,True,True,True,False,True,False,True,True,True,True,False,False,False,False,True,True,True,True,False,True,False,False,False,True,False,False,,,,4,PRUNED
165,165,-2.6140432725085643,2023-09-09 06:08:55.189086,2023-09-09 07:26:37.922080,0 days 01:17:42.732994,False,False,True,True,True,True,True,True,False,True,True,True,True,True,True,False,False,True,True,True,True,False,True,False,False,False,True,False,False,/mmfs1/gscratch/cheme/usr/evankomp/repos/nomelt/tmp/optimize_consensus/enh_vs_consensus/968379683881015084,"[-2.6140432725085643, 0.06139876424837367]",DKRKRTTFSSEQLEELEELFEENRYPSAEERQQLAKKLGLTEAQVKIWFQNKRAKIKK,4,COMPLETE
166,166,,2023-09-09 06:13:31.287074,2023-09-09 06:13:39.113317,0 days 00:00:07.826243,True,False,True,True,True,True,True,True,False,True,True,True,True,True,True,False,False,True,True,True,True,False,True,False,False,False,True,False,False,,,,4,PRUNED
167,167,,2023-09-09 06:13:39.123559,2023-09-09 06:13:48.409820,0 days 00:00:09.286261,True,True,True,True,True,True,True,True,False,True,True,False,True,True,True,False,False,True,True,True,True,False,True,False,False,False,True,False,False,,,,4,PRUNED
168,168,-2.54195907984392,2023-09-09 06:13:48.423236,2023-09-09 07:33:54.019166,0 days 01:20:05.595930,False,True,True,True,True,True,True,True,False,True,True,True,True,True,False,False,False,True,True,True,True,False,True,False,False,False,True,False,False,/mmfs1/gscratch/cheme/usr/evankomp/repos/nomelt/tmp/optimize_consensus/enh_vs_consensus/-2845475498014788509,"[-2.54195907984392, 0.01927789149091699]",DRRKRTTFSSEQLEELEELFEENRYPSAERRQQLAKKLGLTEAQVKIWFQNKRAKIKK,4,COMPLETE
169,169,-2.5398562284712987,2023-09-09 06:14:53.779544,2023-09-09 07:34:43.065623,0 days 01:19:49.286079,False,True,True,True,True,True,True,True,False,True,True,False,False,True,True,True,False,True,True,True,True,False,True,False,False,False,True,False,False,/mmfs1/gscratch/cheme/usr/evankomp/repos/nomelt/tmp/optimize_consensus/enh_vs_consensus/161551401169815852,"[-2.5398562284712987, 0.02702009758028088]",DRRKRTTFSSEQLEELEELFEENRYPSEREREQLAKKLGLTEAQVKIWFQNKRAKIKK,4,COMPLETE
170,170,,2023-09-09 06:15:39.262744,2023-09-09 06:15:44.546807,0 days 00:00:05.284063,True,False,True,True,True,True,True,True,False,True,True,True,True,True,True,False,False,True,True,True,True,False,True,False,False,False,True,False,False,,,,4,PRUNED
171,171,,2023-09-09 06:15:44.558262,2023-09-09 06:15:54.236406,0 days 00:00:09.678144,True,False,True,True,True,True,False,True,False,True,True,True,True,False,False,False,False,True,True,True,True,False,True,False,False,False,True,False,False,,,,4,PRUNED
172,172,,2023-09-09 06:15:54.239702,2023-09-09 06:15:54.648662,0 days 00:00:00.408960,False,False,True,True,True,True,True,True,False,True,True,True,True,True,True,False,False,True,True,True,True,False,True,False,False,False,True,False,False,,,,4,PRUNED
173,173,,2023-09-09 06:15:54.653663,2023-09-09 06:16:02.648009,0 days 00:00:07.994346,True,True,True,True,True,True,True,True,False,True,True,False,True,True,True,False,False,True,True,True,True,False,True,False,False,False,True,False,False,,,,4,PRUNED
174,174,,2023-09-09 06:16:02.654209,2023-09-09 06:16:08.617689,0 days 00:00:05.963480,False,True,True,True,True,True,True,True,False,True,True,True,True,True,False,False,False,True,True,True,True,False,True,False,False,False,True,False,False,,,,4,PRUNED
175,175,-2.603613071543896,2023-09-09 06:16:08.623643,2023-09-09 07:36:23.041885,0 days 01:20:14.418242,False,False,True,True,True,True,True,True,False,True,True,True,True,True,True,False,False,True,True,True,False,False,True,False,False,False,True,False,False,/mmfs1/gscratch/cheme/usr/evankomp/repos/nomelt/tmp/optimize_consensus/enh_vs_consensus/-290540346080677947,"[-2.603613071543896, 0.019334654663853524]",DKRKRTTFSSEQLEELEELFEENRYPSAEERQQLAKKLGLNEAQVKIWFQNKRAKIKK,4,COMPLETE
176,176,,2023-09-09 06:20:31.057894,2023-09-09 06:20:37.557542,0 days 00:00:06.499648,False,False,True,True,True,True,True,True,False,True,True,True,True,True,True,False,False,True,True,True,True,False,True,False,False,False,True,False,False,,,,4,PRUNED
177,177,,2023-09-09 06:20:37.566168,2023-09-09 06:20:43.632372,0 days 00:00:06.066204,True,True,True,True,True,True,True,True,False,True,True,False,True,True,True,False,False,True,True,True,True,False,True,False,False,False,True,False,False,,,,4,PRUNED
178,178,,2023-09-09 06:20:43.639172,2023-09-09 06:20:45.875434,0 days 00:00:02.236262,False,True,True,True,True,True,True,True,False,True,True,True,True,True,False,False,False,True,True,True,True,False,True,False,False,False,True,False,False,,,,4,PRUNED
179,179,-2.4596677046533593,2023-09-09 06:20:45.882540,2023-09-09 07:41:25.151073,0 days 01:20:39.268533,False,False,True,True,True,True,True,True,False,True,True,True,True,True,True,False,False,False,True,True,True,False,True,False,False,False,True,False,False,/mmfs1/gscratch/cheme/usr/evankomp/repos/nomelt/tmp/optimize_consensus/enh_vs_consensus/2514989467072249774,"[-2.4596677046533593, 0.07449239236023984]",DKRKRTTFSSEQLEELEELFEENRYPSAEERQQLSKKLGLTEAQVKIWFQNKRAKIKK,4,COMPLETE
