,number,value,datetime_start,datetime_complete,duration,params_mut_0,params_mut_10,params_mut_12,params_mut_28,params_mut_32,params_mut_33,params_mut_39,params_mut_4,params_mut_45,params_mut_46,params_mut_49,params_mut_54,params_mut_6,params_mut_9,user_attrs_pdb_file,user_attrs_raw_result,user_attrs_variant_seq,system_attrs_fixed_params,system_attrs_nsga2:generation,state
153,153,-2.2314921571804764,2023-11-07 21:55:36.121647,2023-11-07 23:18:46.872290,0 days 01:23:10.750643,False,True,True,True,False,False,False,True,True,True,False,False,True,False,/mmfs1/gscratch/cheme/usr/evankomp/repos/nomelt/tmp/optimize_random/enh_vs_random/7332096189608513510,"[-2.2314921571804764, 0.10004058152579048]",DKRPHTEFSSAQHARLKREFNENRYLTEVRRQQLSSELGLNEAQIESWFQNKRAKIKK,,2.0,COMPLETE
154,154,-2.205830141877318,2023-11-07 21:58:07.692953,2023-11-07 23:21:27.256385,0 days 01:23:19.563432,True,False,False,False,False,False,True,False,True,True,False,True,True,True,/mmfs1/gscratch/cheme/usr/evankomp/repos/nomelt/tmp/optimize_random/enh_vs_random/-6290601963293799945,"[-2.205830141877318, 0.10215337755682222]",VKRPRTEFSPEQLARLKREFNENRYLTERRRQQLSSELGSNEAQIESWFQNKRAWIKK,,2.0,COMPLETE
155,155,-2.223493228661855,2023-11-07 22:06:07.507629,2023-11-07 23:29:25.564162,0 days 01:23:18.056533,False,True,False,True,False,False,False,True,True,True,False,True,True,True,/mmfs1/gscratch/cheme/usr/evankomp/repos/nomelt/tmp/optimize_random/enh_vs_random/2586513024864098244,"[-2.223493228661855, 0.10763501714043755]",DKRPHTEFSPAQLARLKREFNENRYLTEVRRQQLSSELGLNEAQIESWFQNKRAWIKK,,2.0,COMPLETE
156,156,-2.267036068704794,2023-11-07 22:49:32.430453,2023-11-08 00:13:00.871837,0 days 01:23:28.441384,False,True,False,True,False,False,False,True,True,True,False,True,True,False,/mmfs1/gscratch/cheme/usr/evankomp/repos/nomelt/tmp/optimize_random/enh_vs_random/-73246896638118778,"[-2.267036068704794, 0.05405751238585775]",DKRPHTEFSSAQLARLKREFNENRYLTEVRRQQLSSELGLNEAQIESWFQNKRAWIKK,,2.0,COMPLETE
157,157,,2023-11-07 23:02:20.605896,2023-11-07 23:02:28.303428,0 days 00:00:07.697532,True,False,False,False,False,False,True,False,True,True,False,True,True,True,,,,,2.0,PRUNED
158,158,-2.0923842241948933,2023-11-07 23:02:28.313456,2023-11-08 00:24:57.491227,0 days 01:22:29.177771,False,True,False,False,False,False,False,True,True,True,False,False,False,True,/mmfs1/gscratch/cheme/usr/evankomp/repos/nomelt/tmp/optimize_random/enh_vs_random/6803271796136720722,"[-2.0923842241948933, 0.07825525573243562]",DKRPHTAFSPAQLARLKREFNENRYLTERRRQQLSSELGLNEAQIESWFQNKRAKIKK,,2.0,COMPLETE
159,159,,2023-11-07 23:03:04.977093,2023-11-07 23:03:05.834903,0 days 00:00:00.857810,False,True,False,False,False,False,False,True,True,True,False,False,False,True,,,,,2.0,PRUNED
160,160,-2.1728993056121593,2023-11-07 23:03:05.844530,2023-11-08 00:27:30.606877,0 days 01:24:24.762347,False,True,False,True,False,False,False,True,True,True,False,False,True,False,/mmfs1/gscratch/cheme/usr/evankomp/repos/nomelt/tmp/optimize_random/enh_vs_random/3547820711285518459,"[-2.1728993056121593, 0.06985548532021872]",DKRPHTEFSSAQLARLKREFNENRYLTEVRRQQLSSELGLNEAQIESWFQNKRAKIKK,,2.0,COMPLETE
161,161,-2.212174214228485,2023-11-07 23:05:29.168363,2023-11-08 00:27:18.681468,0 days 01:21:49.513105,False,False,False,False,False,False,True,True,False,True,False,True,True,False,/mmfs1/gscratch/cheme/usr/evankomp/repos/nomelt/tmp/optimize_random/enh_vs_random/-2062009805152202014,"[-2.212174214228485, 0.07729894214205633]",DKRPHTEFSSEQLARLKREFNENRYLTERRRQQLSSELGSNEAQIKSWFQNKRAWIKK,,2.0,COMPLETE
162,162,,2023-11-07 23:18:46.882577,2023-11-07 23:18:50.114798,0 days 00:00:03.232221,False,True,False,True,False,False,False,True,True,True,False,False,True,False,,,,,2.0,PRUNED
163,163,,2023-11-07 23:18:50.127103,2023-11-07 23:18:53.621960,0 days 00:00:03.494857,False,False,False,False,False,False,True,True,False,True,False,True,True,False,,,,,2.0,PRUNED
164,164,-2.3184092400949465,2023-11-07 23:18:53.631031,2023-11-08 00:42:19.287463,0 days 01:23:25.656432,False,True,False,True,False,False,False,True,False,False,False,False,True,False,/mmfs1/gscratch/cheme/usr/evankomp/repos/nomelt/tmp/optimize_random/enh_vs_random/8565081830847583618,"[-2.3184092400949465, 0.11301783677695423]",DKRPHTEFSSAQLARLKREFNENRYLTEVRRQQLSSELGLNEAQIKIWFQNKRAKIKK,,2.0,COMPLETE
165,165,,2023-11-07 23:21:27.263354,2023-11-07 23:21:32.104417,0 days 00:00:04.841063,False,True,False,False,False,False,False,True,True,True,False,False,True,True,,,,,2.0,PRUNED
166,166,,2023-11-07 23:21:32.115889,2023-11-07 23:21:36.837427,0 days 00:00:04.721538,False,True,False,True,False,False,False,True,True,True,False,False,True,False,,,,,2.0,PRUNED
167,167,-2.1829163522937884,2023-11-07 23:21:36.848821,2023-11-08 00:44:51.180338,0 days 01:23:14.331517,False,False,False,False,False,False,True,True,False,True,False,False,True,False,/mmfs1/gscratch/cheme/usr/evankomp/repos/nomelt/tmp/optimize_random/enh_vs_random/4163427738348405256,"[-2.1829163522937884, 0.06824872022407803]",DKRPHTEFSSEQLARLKREFNENRYLTERRRQQLSSELGSNEAQIKSWFQNKRAKIKK,,2.0,COMPLETE
168,168,,2023-11-07 23:29:25.574089,2023-11-07 23:29:26.030907,0 days 00:00:00.456818,False,True,False,False,False,False,False,True,True,True,False,False,True,True,,,,,2.0,PRUNED
169,169,,2023-11-07 23:29:26.035888,2023-11-07 23:29:33.945498,0 days 00:00:07.909610,True,False,False,True,False,False,True,True,False,True,False,False,True,True,,,,,2.0,PRUNED
170,170,-2.253370361129898,2023-11-07 23:29:33.954316,2023-11-08 00:52:04.416950,0 days 01:22:30.462634,False,True,False,False,False,False,False,False,False,True,True,False,True,True,/mmfs1/gscratch/cheme/usr/evankomp/repos/nomelt/tmp/optimize_random/enh_vs_random/-5658316994181660855,"[-2.253370361129898, 0.05056442883022422]",DKRPRTEFSPAQLARLKREFNENRYLTERRRQQLSSELGLNEAQIKSWFANKRAKIKK,,2.0,COMPLETE
171,171,,2023-11-08 00:13:00.877604,2023-11-08 00:13:07.695523,0 days 00:00:06.817919,False,True,False,False,False,False,False,True,True,True,False,False,True,True,,,,,2.0,PRUNED
172,172,,2023-11-08 00:13:07.703632,2023-11-08 00:13:10.473469,0 days 00:00:02.769837,True,False,False,True,False,False,True,True,False,True,False,False,True,True,,,,,2.0,PRUNED
173,173,-2.2601842012748805,2023-11-08 00:13:10.486240,2023-11-08 01:33:16.146188,0 days 01:20:05.659948,False,True,False,False,False,False,False,False,False,True,False,False,True,True,/mmfs1/gscratch/cheme/usr/evankomp/repos/nomelt/tmp/optimize_random/enh_vs_random/503196946518542878,"[-2.2601842012748805, 0.03680436005772522]",DKRPRTEFSPAQLARLKREFNENRYLTERRRQQLSSELGLNEAQIKSWFQNKRAKIKK,,2.0,COMPLETE
174,174,,2023-11-08 00:24:57.501439,2023-11-08 00:24:59.278002,0 days 00:00:01.776563,False,False,False,True,False,False,True,True,False,False,False,False,True,False,,,,,3.0,PRUNED
175,175,,2023-11-08 00:24:59.285201,2023-11-08 00:25:01.618427,0 days 00:00:02.333226,False,True,False,True,False,False,False,True,True,True,False,False,True,False,,,,,3.0,PRUNED
176,176,-2.272872247444844,2023-11-08 00:25:01.629494,2023-11-08 01:44:32.261387,0 days 01:19:30.631893,False,True,False,False,False,False,False,True,False,True,False,False,True,False,/mmfs1/gscratch/cheme/usr/evankomp/repos/nomelt/tmp/optimize_random/enh_vs_random/-5598027411567820952,"[-2.272872247444844, 0.06544630208944818]",DKRPHTEFSSAQLARLKREFNENRYLTERRRQQLSSELGLNEAQIKSWFQNKRAKIKK,,3.0,COMPLETE
177,177,,2023-11-08 00:27:18.690716,2023-11-08 00:27:24.435911,0 days 00:00:05.745195,False,True,False,False,False,False,False,True,False,True,False,False,True,False,,,,,3.0,PRUNED
178,178,,2023-11-08 00:27:24.447330,2023-11-08 00:27:33.050072,0 days 00:00:08.602742,True,False,False,True,False,False,True,False,True,False,False,True,True,False,,,,,3.0,PRUNED
179,179,,2023-11-08 00:27:30.617090,2023-11-08 00:27:33.494402,0 days 00:00:02.877312,False,True,False,True,False,False,False,True,True,True,False,False,True,False,,,,,3.0,PRUNED
180,180,,2023-11-08 00:27:33.056056,2023-11-08 00:27:42.762560,0 days 00:00:09.706504,True,False,False,True,False,False,True,False,True,False,False,True,True,False,,,,,3.0,PRUNED
181,181,,2023-11-08 00:27:33.504709,2023-11-08 00:27:36.290669,0 days 00:00:02.785960,False,True,False,False,False,False,False,True,False,True,False,False,True,False,,,,,3.0,PRUNED
182,182,,2023-11-08 00:27:36.297377,2023-11-08 00:27:39.693708,0 days 00:00:03.396331,True,False,False,True,False,False,True,False,True,False,False,True,True,False,,,,,3.0,PRUNED
183,183,,2023-11-08 00:27:39.703939,2023-11-08 00:27:49.252224,0 days 00:00:09.548285,True,False,False,True,False,False,True,False,True,False,False,True,True,False,,,,,3.0,PRUNED
184,184,,2023-11-08 00:27:42.769841,2023-11-08 00:27:42.952275,0 days 00:00:00.182434,False,True,False,False,False,False,False,True,True,True,True,False,True,True,,,,,3.0,PRUNED
185,185,-2.25895901764369,2023-11-08 00:27:42.960348,2023-11-08 01:48:26.618927,0 days 01:20:43.658579,False,True,False,False,False,False,False,True,True,False,False,True,True,True,/mmfs1/gscratch/cheme/usr/evankomp/repos/nomelt/tmp/optimize_random/enh_vs_random/7707870393985329089,"[-2.25895901764369, 0.07033034597562941]",DKRPHTEFSPAQLARLKREFNENRYLTERRRQQLSSELGLNEAQIEIWFQNKRAWIKK,,3.0,COMPLETE
186,186,,2023-11-08 00:27:49.258488,2023-11-08 00:27:54.836841,0 days 00:00:05.578353,False,True,False,False,False,False,False,True,True,True,True,False,True,True,,,,,3.0,PRUNED
187,187,-2.2729430411356684,2023-11-08 00:27:54.846570,2023-11-08 01:56:49.908888,0 days 01:28:55.062318,False,True,False,False,False,False,False,True,True,False,False,False,True,True,/mmfs1/gscratch/cheme/usr/evankomp/repos/nomelt/tmp/optimize_random/enh_vs_random/7607662017799994948,"[-2.2729430411356684, 0.17118305523468144]",DKRPHTEFSPAQLARLKREFNENRYLTERRRQQLSSELGLNEAQIEIWFQNKRAKIKK,,3.0,COMPLETE
188,188,,2023-11-08 00:42:19.295233,2023-11-08 00:42:21.231083,0 days 00:00:01.935850,True,True,True,False,False,False,False,False,True,True,False,False,True,False,,,,,3.0,PRUNED
189,189,-2.233043203592076,2023-11-08 00:42:21.243176,2023-11-08 02:04:21.675699,0 days 01:22:00.432523,True,True,True,True,False,False,False,False,True,True,False,False,True,False,/mmfs1/gscratch/cheme/usr/evankomp/repos/nomelt/tmp/optimize_random/enh_vs_random/472143740990276313,"[-2.233043203592076, 0.13075024976214686]",VKRPRTEFSSAQHARLKREFNENRYLTEVRRQQLSSELGLNEAQIESWFQNKRAKIKK,,3.0,COMPLETE
190,190,-2.3686163852081874,2023-11-08 00:44:51.187255,2023-11-08 02:06:54.978997,0 days 01:22:03.791742,False,True,False,True,False,False,False,True,False,False,True,False,True,False,/mmfs1/gscratch/cheme/usr/evankomp/repos/nomelt/tmp/optimize_random/enh_vs_random/-5498497353564170263,"[-2.3686163852081874, 0.08562239671197697]",DKRPHTEFSSAQLARLKREFNENRYLTEVRRQQLSSELGLNEAQIKIWFANKRAKIKK,,3.0,COMPLETE
191,191,-2.2172045756345145,2023-11-08 00:52:04.426947,2023-11-08 02:14:30.815455,0 days 01:22:26.388508,False,False,False,False,False,False,True,False,False,True,False,False,True,False,/mmfs1/gscratch/cheme/usr/evankomp/repos/nomelt/tmp/optimize_random/enh_vs_random/-7733534432989955508,"[-2.2172045756345145, 0.10155183936504007]",DKRPRTEFSSEQLARLKREFNENRYLTERRRQQLSSELGSNEAQIKSWFQNKRAKIKK,,3.0,COMPLETE
192,192,,2023-11-08 01:33:16.155475,2023-11-08 01:33:18.509171,0 days 00:00:02.353696,False,False,False,False,False,False,True,False,False,True,False,False,True,False,,,,,3.0,PRUNED
193,193,-2.189249003863212,2023-11-08 01:33:18.515530,2023-11-08 02:53:53.625725,0 days 01:20:35.110195,False,True,True,False,False,False,False,False,True,True,False,False,False,False,/mmfs1/gscratch/cheme/usr/evankomp/repos/nomelt/tmp/optimize_random/enh_vs_random/2966867375848690503,"[-2.189249003863212, 0.049713723474254415]",DKRPRTAFSSAQHARLKREFNENRYLTERRRQQLSSELGLNEAQIESWFQNKRAKIKK,,3.0,COMPLETE
194,194,,2023-11-08 01:44:32.265194,2023-11-08 01:44:39.025337,0 days 00:00:06.760143,False,True,False,False,False,False,False,False,False,True,False,False,True,True,,,,,3.0,PRUNED
195,195,,2023-11-08 01:44:39.031616,2023-11-08 01:44:39.785621,0 days 00:00:00.754005,False,True,False,False,False,False,False,False,False,True,False,False,True,True,,,,,3.0,PRUNED
196,196,-2.22385400057606,2023-11-08 01:44:39.792417,2023-11-08 03:06:07.426271,0 days 01:21:27.633854,False,True,False,True,False,False,True,True,False,False,False,False,True,False,/mmfs1/gscratch/cheme/usr/evankomp/repos/nomelt/tmp/optimize_random/enh_vs_random/8676407747993236109,"[-2.22385400057606, 0.10036060664559122]",DKRPHTEFSSAQLARLKREFNENRYLTEVRRQQLSSELGSNEAQIKIWFQNKRAKIKK,,3.0,COMPLETE
197,197,-2.2248297031454327,2023-11-08 01:48:26.627602,2023-11-08 03:10:58.386913,0 days 01:22:31.759311,False,True,False,True,False,False,False,True,False,True,False,True,True,False,/mmfs1/gscratch/cheme/usr/evankomp/repos/nomelt/tmp/optimize_random/enh_vs_random/6217176719823091942,"[-2.2248297031454327, 0.0767507239733306]",DKRPHTEFSSAQLARLKREFNENRYLTEVRRQQLSSELGLNEAQIKSWFQNKRAWIKK,,3.0,COMPLETE
198,198,,2023-11-08 01:56:49.919870,2023-11-08 01:56:56.568418,0 days 00:00:06.648548,False,True,False,True,False,False,False,True,False,True,False,True,True,False,,,,,3.0,PRUNED
199,199,,2023-11-08 01:56:56.578760,2023-11-08 01:57:02.462288,0 days 00:00:05.883528,False,True,False,False,False,False,False,False,False,True,True,False,True,True,,,,,3.0,PRUNED
200,200,-2.10627571392896,2023-11-08 01:57:02.471994,2023-11-08 03:21:22.282268,0 days 01:24:19.810274,False,True,False,True,True,False,False,True,True,True,False,False,True,False,/mmfs1/gscratch/cheme/usr/evankomp/repos/nomelt/tmp/optimize_random/enh_vs_random/2427002483427609994,"[-2.10627571392896, 0.05102902664750936]",DKRPHTEFSSAQLARLKREFNENRYLTEVRRQSLSSELGLNEAQIESWFQNKRAKIKK,,3.0,COMPLETE
201,201,,2023-11-08 02:04:21.685520,2023-11-08 02:04:28.034767,0 days 00:00:06.349247,False,True,False,True,False,False,True,True,False,False,False,False,True,False,,,,,3.0,PRUNED
202,202,-2.1842355398546442,2023-11-08 02:04:28.044485,2023-11-08 03:28:53.129109,0 days 01:24:25.084624,False,False,True,True,False,False,True,False,False,True,False,False,True,False,/mmfs1/gscratch/cheme/usr/evankomp/repos/nomelt/tmp/optimize_random/enh_vs_random/6602959373780354133,"[-2.1842355398546442, 0.061983537617809045]",DKRPRTEFSSEQHARLKREFNENRYLTEVRRQQLSSELGSNEAQIKSWFQNKRAKIKK,,3.0,COMPLETE
203,203,,2023-11-08 02:06:54.991103,2023-11-08 02:07:00.391995,0 days 00:00:05.400892,False,True,False,False,False,False,False,False,False,True,False,False,True,True,,,,,3.0,PRUNED
204,204,,2023-11-08 02:07:00.396437,2023-11-08 02:07:05.115692,0 days 00:00:04.719255,False,True,False,False,False,False,False,False,False,True,False,False,True,True,,,,,3.0,PRUNED
205,205,,2023-11-08 02:07:05.121982,2023-11-08 02:07:12.959531,0 days 00:00:07.837549,False,True,False,True,False,False,True,True,False,False,False,False,True,False,,,,,3.0,PRUNED
206,206,,2023-11-08 02:07:12.964164,2023-11-08 02:07:19.394323,0 days 00:00:06.430159,False,False,True,True,False,False,True,False,False,True,False,True,True,False,,,,,3.0,PRUNED
207,207,,2023-11-08 02:07:19.416028,2023-11-08 02:07:26.804446,0 days 00:00:07.388418,False,True,False,True,False,False,False,True,False,True,False,True,True,False,,,,,3.0,PRUNED
208,208,,2023-11-08 02:07:26.814793,2023-11-08 02:07:28.655446,0 days 00:00:01.840653,False,True,False,False,False,False,False,False,False,True,False,False,True,True,,,,,3.0,PRUNED
209,209,-2.2077064435187364,2023-11-08 02:07:28.666007,2023-11-08 03:31:24.984388,0 days 01:23:56.318381,False,True,False,False,False,False,False,True,True,True,False,False,True,False,/mmfs1/gscratch/cheme/usr/evankomp/repos/nomelt/tmp/optimize_random/enh_vs_random/421393806190436374,"[-2.2077064435187364, 0.08138440635073403]",DKRPHTEFSSAQLARLKREFNENRYLTERRRQQLSSELGLNEAQIESWFQNKRAKIKK,,3.0,COMPLETE
210,210,,2023-11-08 02:14:30.822061,2023-11-08 02:14:32.522278,0 days 00:00:01.700217,False,True,True,False,False,False,False,False,True,True,False,False,False,False,,,,,3.0,PRUNED
211,211,-2.245050194029155,2023-11-08 02:14:32.534962,2023-11-08 03:38:42.990422,0 days 01:24:10.455460,True,True,True,False,False,False,False,False,True,True,False,True,True,False,/mmfs1/gscratch/cheme/usr/evankomp/repos/nomelt/tmp/optimize_random/enh_vs_random/-1920722843738533793,"[-2.245050194029155, 0.057590608410905235]",VKRPRTEFSSAQHARLKREFNENRYLTERRRQQLSSELGLNEAQIESWFQNKRAWIKK,,3.0,COMPLETE
212,212,,2023-11-08 02:53:53.633568,2023-11-08 02:53:55.811170,0 days 00:00:02.177602,True,True,True,False,False,False,False,False,True,True,False,True,True,False,,,,,3.0,PRUNED
213,213,-2.25439797045768,2023-11-08 02:53:55.820406,2023-11-08 04:18:43.722486,0 days 01:24:47.902080,False,True,False,False,False,False,False,True,True,True,False,True,True,True,/mmfs1/gscratch/cheme/usr/evankomp/repos/nomelt/tmp/optimize_random/enh_vs_random/-8012861186131683237,"[-2.25439797045768, 0.04659250465767773]",DKRPHTEFSPAQLARLKREFNENRYLTERRRQQLSSELGLNEAQIESWFQNKRAWIKK,,3.0,COMPLETE
214,214,,2023-11-08 03:06:07.430486,2023-11-08 03:06:14.213765,0 days 00:00:06.783279,False,False,True,True,False,False,True,False,False,True,False,True,True,False,,,,,3.0,PRUNED
215,215,,2023-11-08 03:06:14.219148,2023-11-08 03:06:22.913301,0 days 00:00:08.694153,False,True,False,True,False,False,False,True,False,True,False,True,True,False,,,,,3.0,PRUNED
216,216,,2023-11-08 03:06:22.922520,2023-11-08 03:06:32.123521,0 days 00:00:09.201001,False,True,False,False,False,False,False,False,False,True,False,False,True,True,,,,,3.0,PRUNED
217,217,,2023-11-08 03:06:32.129226,2023-11-08 03:06:37.430170,0 days 00:00:05.300944,False,True,False,False,False,False,False,True,True,True,False,False,True,False,,,,,3.0,PRUNED
218,218,-2.1937938346895187,2023-11-08 03:06:37.438388,2023-11-08 04:30:25.480141,0 days 01:23:48.041753,False,True,False,True,False,False,False,False,True,True,False,False,True,False,/mmfs1/gscratch/cheme/usr/evankomp/repos/nomelt/tmp/optimize_random/enh_vs_random/-6475597566060605399,"[-2.1937938346895187, 0.04640303084483002]",DKRPRTEFSSAQLARLKREFNENRYLTEVRRQQLSSELGLNEAQIESWFQNKRAKIKK,,3.0,COMPLETE
219,219,,2023-11-08 03:10:58.393216,2023-11-08 03:10:59.416852,0 days 00:00:01.023636,False,True,False,False,False,False,False,False,False,True,False,False,True,True,,,,,3.0,PRUNED
220,220,-2.191359955023469,2023-11-08 03:10:59.423330,2023-11-08 04:35:10.661168,0 days 01:24:11.237838,False,True,False,False,True,False,False,True,False,True,False,False,True,False,/mmfs1/gscratch/cheme/usr/evankomp/repos/nomelt/tmp/optimize_random/enh_vs_random/6749530466504351173,"[-2.191359955023469, 0.056667788613409806]",DKRPHTEFSSAQLARLKREFNENRYLTERRRQSLSSELGLNEAQIKSWFQNKRAKIKK,,3.0,COMPLETE
221,221,-2.2265781005297693,2023-11-08 03:21:22.286347,2023-11-08 04:45:35.216202,0 days 01:24:12.929855,False,True,False,False,False,False,False,True,False,True,False,False,True,True,/mmfs1/gscratch/cheme/usr/evankomp/repos/nomelt/tmp/optimize_random/enh_vs_random/-8949621669824915364,"[-2.2265781005297693, 0.08421133240020214]",DKRPHTEFSPAQLARLKREFNENRYLTERRRQQLSSELGLNEAQIKSWFQNKRAKIKK,,4.0,COMPLETE
222,222,,2023-11-08 03:28:53.138018,2023-11-08 03:28:56.355988,0 days 00:00:03.217970,False,True,False,False,False,False,False,True,False,True,True,False,True,False,,,,,4.0,PRUNED
223,223,-2.1815900989206005,2023-11-08 03:28:56.360800,2023-11-08 04:53:45.311345,0 days 01:24:48.950545,False,True,False,False,False,False,False,False,True,True,True,True,True,False,/mmfs1/gscratch/cheme/usr/evankomp/repos/nomelt/tmp/optimize_random/enh_vs_random/-8224552853205756803,"[-2.1815900989206005, 0.07208885839014556]",DKRPRTEFSSAQLARLKREFNENRYLTERRRQQLSSELGLNEAQIESWFANKRAWIKK,,4.0,COMPLETE
224,224,,2023-11-08 03:31:24.990212,2023-11-08 03:31:34.592756,0 days 00:00:09.602544,False,True,False,False,False,False,False,True,False,True,False,False,True,True,,,,,4.0,PRUNED
225,225,-2.2485477687504565,2023-11-08 03:31:34.605208,2023-11-08 04:56:12.349667,0 days 01:24:37.744459,False,True,False,True,False,False,False,True,True,True,True,False,True,False,/mmfs1/gscratch/cheme/usr/evankomp/repos/nomelt/tmp/optimize_random/enh_vs_random/6754356537720609079,"[-2.2485477687504565, 0.09095443446840089]",DKRPHTEFSSAQLARLKREFNENRYLTEVRRQQLSSELGLNEAQIESWFANKRAKIKK,,4.0,COMPLETE
226,226,-2.152185653452554,2023-11-08 03:38:43.001687,2023-11-08 05:03:29.936940,0 days 01:24:46.935253,False,True,False,True,False,False,False,True,False,True,False,True,True,True,/mmfs1/gscratch/cheme/usr/evankomp/repos/nomelt/tmp/optimize_random/enh_vs_random/-1415985124791690549,"[-2.152185653452554, 0.09354412665005171]",DKRPHTEFSPAQLARLKREFNENRYLTEVRRQQLSSELGLNEAQIKSWFQNKRAWIKK,,4.0,COMPLETE
227,227,,2023-11-08 04:18:43.730504,2023-11-08 04:18:50.916290,0 days 00:00:07.185786,False,True,False,True,False,False,False,True,False,False,False,False,True,False,,,,,4.0,PRUNED
228,228,,2023-11-08 04:18:50.924891,2023-11-08 04:18:58.147255,0 days 00:00:07.222364,False,True,False,True,False,False,False,True,True,True,False,True,True,False,,,,,4.0,PRUNED
229,229,,2023-11-08 04:18:58.156744,2023-11-08 04:18:59.998446,0 days 00:00:01.841702,False,True,False,True,False,False,False,True,True,True,False,True,True,False,,,,,4.0,PRUNED
230,230,-2.1955856566470775,2023-11-08 04:19:00.006776,2023-11-08 05:41:26.072168,0 days 01:22:26.065392,False,True,False,True,False,False,False,True,True,False,True,False,True,True,/mmfs1/gscratch/cheme/usr/evankomp/repos/nomelt/tmp/optimize_random/enh_vs_random/4719255862444411015,"[-2.1955856566470775, 0.11687390403165389]",DKRPHTEFSPAQLARLKREFNENRYLTEVRRQQLSSELGLNEAQIEIWFANKRAKIKK,,4.0,COMPLETE
231,231,,2023-11-08 04:30:25.488949,2023-11-08 04:30:31.467718,0 days 00:00:05.978769,False,True,False,True,False,False,False,True,True,True,True,False,True,False,,,,,4.0,PRUNED
