,number,value,datetime_start,datetime_complete,duration,params_mut_0,params_mut_10,params_mut_12,params_mut_28,params_mut_32,params_mut_33,params_mut_39,params_mut_4,params_mut_45,params_mut_46,params_mut_49,params_mut_54,params_mut_6,params_mut_9,user_attrs_pdb_file,user_attrs_raw_result,user_attrs_variant_seq,system_attrs_fixed_params,system_attrs_nsga2:generation,state
0,0,-2.351577546625367,2023-11-07 11:50:29.191847,2023-11-07 13:29:37.783296,0 days 01:39:08.591449,False,False,False,False,False,False,False,False,False,False,False,False,False,False,/mmfs1/gscratch/cheme/usr/evankomp/repos/nomelt/tmp/optimize_random/enh_vs_random/0,"[-2.351577546625367, 0.04217332016754325]",DKRPRTAFSSEQLARLKREFNENRYLTERRRQQLSSELGLNEAQIKIWFQNKRAKIKK,"{'mut_0': False, 'mut_4': False, 'mut_6': False, 'mut_9': False, 'mut_10': False, 'mut_12': False, 'mut_28': False, 'mut_32': False, 'mut_33': False, 'mut_39': False, 'mut_45': False, 'mut_46': False, 'mut_49': False, 'mut_54': False}",,COMPLETE
1,1,-1.324088224639958,2023-11-07 11:50:29.199595,2023-11-07 13:17:54.034750,0 days 01:27:24.835155,True,True,True,True,True,True,True,True,True,True,True,True,True,True,/mmfs1/gscratch/cheme/usr/evankomp/repos/nomelt/tmp/optimize_random/enh_vs_random/151688420900776217,"[-1.324088224639958, 0.0831920889020738]",VKRPHTEFSPAQHARLKREFNENRYLTEVRRQSPSSELGSNEAQIESWFANKRAWIKK,"{'mut_0': True, 'mut_4': True, 'mut_6': True, 'mut_9': True, 'mut_10': True, 'mut_12': True, 'mut_28': True, 'mut_32': True, 'mut_33': True, 'mut_39': True, 'mut_45': True, 'mut_46': True, 'mut_49': True, 'mut_54': True}",,COMPLETE
2,2,-2.3578988809131722,2023-11-07 11:50:29.205067,2023-11-07 13:27:02.342491,0 days 01:36:33.137424,True,False,False,False,False,False,False,False,False,False,False,False,False,False,/mmfs1/gscratch/cheme/usr/evankomp/repos/nomelt/tmp/optimize_random/enh_vs_random/-8935817422067164231,"[-2.3578988809131722, 0.04068943824491914]",VKRPRTAFSSEQLARLKREFNENRYLTERRRQQLSSELGLNEAQIKIWFQNKRAKIKK,"{'mut_0': True, 'mut_4': False, 'mut_6': False, 'mut_9': False, 'mut_10': False, 'mut_12': False, 'mut_28': False, 'mut_32': False, 'mut_33': False, 'mut_39': False, 'mut_45': False, 'mut_46': False, 'mut_49': False, 'mut_54': False}",,COMPLETE
3,3,-2.2336999357159244,2023-11-07 11:50:29.208282,2023-11-07 13:29:40.045278,0 days 01:39:10.836996,False,False,False,False,False,False,False,True,False,False,False,False,False,False,/mmfs1/gscratch/cheme/usr/evankomp/repos/nomelt/tmp/optimize_random/enh_vs_random/-8537815904541245222,"[-2.2336999357159244, 0.06073607379914235]",DKRPHTAFSSEQLARLKREFNENRYLTERRRQQLSSELGLNEAQIKIWFQNKRAKIKK,"{'mut_0': False, 'mut_4': True, 'mut_6': False, 'mut_9': False, 'mut_10': False, 'mut_12': False, 'mut_28': False, 'mut_32': False, 'mut_33': False, 'mut_39': False, 'mut_45': False, 'mut_46': False, 'mut_49': False, 'mut_54': False}",,COMPLETE
4,4,-2.3701131056156735,2023-11-07 11:50:29.223311,2023-11-07 13:27:06.985025,0 days 01:36:37.761714,False,False,False,False,False,False,False,False,False,False,False,False,True,False,/mmfs1/gscratch/cheme/usr/evankomp/repos/nomelt/tmp/optimize_random/enh_vs_random/-2494315767815170305,"[-2.3701131056156735, 0.031043026614884933]",DKRPRTEFSSEQLARLKREFNENRYLTERRRQQLSSELGLNEAQIKIWFQNKRAKIKK,"{'mut_0': False, 'mut_4': False, 'mut_6': True, 'mut_9': False, 'mut_10': False, 'mut_12': False, 'mut_28': False, 'mut_32': False, 'mut_33': False, 'mut_39': False, 'mut_45': False, 'mut_46': False, 'mut_49': False, 'mut_54': False}",,COMPLETE
5,5,-2.337450982512791,2023-11-07 11:50:29.250513,2023-11-07 13:09:54.153755,0 days 01:19:24.903242,False,False,False,False,False,False,False,False,False,False,False,False,False,True,/mmfs1/gscratch/cheme/usr/evankomp/repos/nomelt/tmp/optimize_random/enh_vs_random/2586935295465780412,"[-2.337450982512791, 0.06591887517275999]",DKRPRTAFSPEQLARLKREFNENRYLTERRRQQLSSELGLNEAQIKIWFQNKRAKIKK,"{'mut_0': False, 'mut_4': False, 'mut_6': False, 'mut_9': True, 'mut_10': False, 'mut_12': False, 'mut_28': False, 'mut_32': False, 'mut_33': False, 'mut_39': False, 'mut_45': False, 'mut_46': False, 'mut_49': False, 'mut_54': False}",,COMPLETE
6,6,-2.3454109623440282,2023-11-07 11:50:29.285884,2023-11-07 13:29:35.145024,0 days 01:39:05.859140,False,True,False,False,False,False,False,False,False,False,False,False,False,False,/mmfs1/gscratch/cheme/usr/evankomp/repos/nomelt/tmp/optimize_random/enh_vs_random/-39709699079535148,"[-2.3454109623440282, 0.048797538162244254]",DKRPRTAFSSAQLARLKREFNENRYLTERRRQQLSSELGLNEAQIKIWFQNKRAKIKK,"{'mut_0': False, 'mut_4': False, 'mut_6': False, 'mut_9': False, 'mut_10': True, 'mut_12': False, 'mut_28': False, 'mut_32': False, 'mut_33': False, 'mut_39': False, 'mut_45': False, 'mut_46': False, 'mut_49': False, 'mut_54': False}",,COMPLETE
7,7,-2.319319596759534,2023-11-07 13:09:54.161042,2023-11-07 14:34:01.255674,0 days 01:24:07.094632,False,False,True,False,False,False,False,False,False,False,False,False,False,False,/mmfs1/gscratch/cheme/usr/evankomp/repos/nomelt/tmp/optimize_random/enh_vs_random/-2932850986158877487,"[-2.319319596759534, 0.04449424025742701]",DKRPRTAFSSEQHARLKREFNENRYLTERRRQQLSSELGLNEAQIKIWFQNKRAKIKK,"{'mut_0': False, 'mut_4': False, 'mut_6': False, 'mut_9': False, 'mut_10': False, 'mut_12': True, 'mut_28': False, 'mut_32': False, 'mut_33': False, 'mut_39': False, 'mut_45': False, 'mut_46': False, 'mut_49': False, 'mut_54': False}",,COMPLETE
8,8,-2.4063496963768447,2023-11-07 13:17:54.039104,2023-11-07 14:41:43.840654,0 days 01:23:49.801550,False,False,False,True,False,False,False,False,False,False,False,False,False,False,/mmfs1/gscratch/cheme/usr/evankomp/repos/nomelt/tmp/optimize_random/enh_vs_random/5049827689135804693,"[-2.4063496963768447, 0.05898475977934986]",DKRPRTAFSSEQLARLKREFNENRYLTEVRRQQLSSELGLNEAQIKIWFQNKRAKIKK,"{'mut_0': False, 'mut_4': False, 'mut_6': False, 'mut_9': False, 'mut_10': False, 'mut_12': False, 'mut_28': True, 'mut_32': False, 'mut_33': False, 'mut_39': False, 'mut_45': False, 'mut_46': False, 'mut_49': False, 'mut_54': False}",,COMPLETE
9,9,-2.2682259295911344,2023-11-07 13:27:02.349421,2023-11-07 14:51:39.465893,0 days 01:24:37.116472,False,False,False,False,True,False,False,False,False,False,False,False,False,False,/mmfs1/gscratch/cheme/usr/evankomp/repos/nomelt/tmp/optimize_random/enh_vs_random/8824107739026102649,"[-2.2682259295911344, 0.045604161059508416]",DKRPRTAFSSEQLARLKREFNENRYLTERRRQSLSSELGLNEAQIKIWFQNKRAKIKK,"{'mut_0': False, 'mut_4': False, 'mut_6': False, 'mut_9': False, 'mut_10': False, 'mut_12': False, 'mut_28': False, 'mut_32': True, 'mut_33': False, 'mut_39': False, 'mut_45': False, 'mut_46': False, 'mut_49': False, 'mut_54': False}",,COMPLETE
10,10,-1.9845620278259235,2023-11-07 13:27:06.996190,2023-11-07 14:54:11.189370,0 days 01:27:04.193180,False,False,False,False,False,True,False,False,False,False,False,False,False,False,/mmfs1/gscratch/cheme/usr/evankomp/repos/nomelt/tmp/optimize_random/enh_vs_random/-6963561277422971883,"[-1.9845620278259235, 0.03576569187389272]",DKRPRTAFSSEQLARLKREFNENRYLTERRRQQPSSELGLNEAQIKIWFQNKRAKIKK,"{'mut_0': False, 'mut_4': False, 'mut_6': False, 'mut_9': False, 'mut_10': False, 'mut_12': False, 'mut_28': False, 'mut_32': False, 'mut_33': True, 'mut_39': False, 'mut_45': False, 'mut_46': False, 'mut_49': False, 'mut_54': False}",,COMPLETE
11,11,-2.2081243764895406,2023-11-07 13:29:35.155277,2023-11-07 14:56:56.013164,0 days 01:27:20.857887,False,False,False,False,False,False,True,False,False,False,False,False,False,False,/mmfs1/gscratch/cheme/usr/evankomp/repos/nomelt/tmp/optimize_random/enh_vs_random/9040177134032997047,"[-2.2081243764895406, 0.0482384389372072]",DKRPRTAFSSEQLARLKREFNENRYLTERRRQQLSSELGSNEAQIKIWFQNKRAKIKK,"{'mut_0': False, 'mut_4': False, 'mut_6': False, 'mut_9': False, 'mut_10': False, 'mut_12': False, 'mut_28': False, 'mut_32': False, 'mut_33': False, 'mut_39': True, 'mut_45': False, 'mut_46': False, 'mut_49': False, 'mut_54': False}",,COMPLETE
12,12,-2.338872709615017,2023-11-07 13:29:37.796119,2023-11-07 14:59:25.969228,0 days 01:29:48.173109,False,False,False,False,False,False,False,False,True,False,False,False,False,False,/mmfs1/gscratch/cheme/usr/evankomp/repos/nomelt/tmp/optimize_random/enh_vs_random/-5943411398832555740,"[-2.338872709615017, 0.06147282531745526]",DKRPRTAFSSEQLARLKREFNENRYLTERRRQQLSSELGLNEAQIEIWFQNKRAKIKK,"{'mut_0': False, 'mut_4': False, 'mut_6': False, 'mut_9': False, 'mut_10': False, 'mut_12': False, 'mut_28': False, 'mut_32': False, 'mut_33': False, 'mut_39': False, 'mut_45': True, 'mut_46': False, 'mut_49': False, 'mut_54': False}",,COMPLETE
13,13,-2.292865488123315,2023-11-07 13:29:40.050838,2023-11-07 15:07:13.624737,0 days 01:37:33.573899,False,False,False,False,False,False,False,False,False,True,False,False,False,False,/mmfs1/gscratch/cheme/usr/evankomp/repos/nomelt/tmp/optimize_random/enh_vs_random/3752490033817434581,"[-2.292865488123315, 0.05350529519429877]",DKRPRTAFSSEQLARLKREFNENRYLTERRRQQLSSELGLNEAQIKSWFQNKRAKIKK,"{'mut_0': False, 'mut_4': False, 'mut_6': False, 'mut_9': False, 'mut_10': False, 'mut_12': False, 'mut_28': False, 'mut_32': False, 'mut_33': False, 'mut_39': False, 'mut_45': False, 'mut_46': True, 'mut_49': False, 'mut_54': False}",,COMPLETE
14,14,-2.315950259673552,2023-11-07 14:34:01.266449,2023-11-07 15:57:52.202605,0 days 01:23:50.936156,False,False,False,False,False,False,False,False,False,False,True,False,False,False,/mmfs1/gscratch/cheme/usr/evankomp/repos/nomelt/tmp/optimize_random/enh_vs_random/-1201465446524049060,"[-2.315950259673552, 0.05748572186691408]",DKRPRTAFSSEQLARLKREFNENRYLTERRRQQLSSELGLNEAQIKIWFANKRAKIKK,"{'mut_0': False, 'mut_4': False, 'mut_6': False, 'mut_9': False, 'mut_10': False, 'mut_12': False, 'mut_28': False, 'mut_32': False, 'mut_33': False, 'mut_39': False, 'mut_45': False, 'mut_46': False, 'mut_49': True, 'mut_54': False}",,COMPLETE
15,15,-2.291080379723763,2023-11-07 14:41:43.852672,2023-11-07 16:05:14.095602,0 days 01:23:30.242930,False,False,False,False,False,False,False,False,False,False,False,True,False,False,/mmfs1/gscratch/cheme/usr/evankomp/repos/nomelt/tmp/optimize_random/enh_vs_random/455430441733280912,"[-2.291080379723763, 0.043660346503267236]",DKRPRTAFSSEQLARLKREFNENRYLTERRRQQLSSELGLNEAQIKIWFQNKRAWIKK,"{'mut_0': False, 'mut_4': False, 'mut_6': False, 'mut_9': False, 'mut_10': False, 'mut_12': False, 'mut_28': False, 'mut_32': False, 'mut_33': False, 'mut_39': False, 'mut_45': False, 'mut_46': False, 'mut_49': False, 'mut_54': True}",,COMPLETE
16,16,-1.8849069698872367,2023-11-07 14:51:39.471660,2023-11-07 16:14:57.877456,0 days 01:23:18.405796,True,False,False,False,True,False,True,True,False,True,True,True,False,False,/mmfs1/gscratch/cheme/usr/evankomp/repos/nomelt/tmp/optimize_random/enh_vs_random/5542740558153844311,"[-1.8849069698872367, 0.23867729121063502]",VKRPHTAFSSEQLARLKREFNENRYLTERRRQSLSSELGSNEAQIKSWFANKRAWIKK,,0.0,COMPLETE
17,17,,2023-11-07 14:54:11.196095,2023-11-07 14:54:20.913112,0 days 00:00:09.717017,True,False,False,False,True,False,True,True,False,True,True,True,False,False,,,,,0.0,PRUNED
18,18,-1.6978658451970337,2023-11-07 14:54:20.925382,2023-11-07 16:17:26.170155,0 days 01:23:05.244773,True,True,True,False,False,True,False,True,True,True,True,False,False,True,/mmfs1/gscratch/cheme/usr/evankomp/repos/nomelt/tmp/optimize_random/enh_vs_random/941326228433230658,"[-1.6978658451970337, 0.08620441682736321]",VKRPHTAFSPAQHARLKREFNENRYLTERRRQQPSSELGLNEAQIESWFANKRAKIKK,,0.0,COMPLETE
19,19,,2023-11-07 14:56:56.022447,2023-11-07 14:56:56.643522,0 days 00:00:00.621075,True,False,False,False,True,False,True,True,False,True,True,True,False,False,,,,,0.0,PRUNED
20,20,,2023-11-07 14:56:56.657366,2023-11-07 14:57:01.075329,0 days 00:00:04.417963,True,True,True,False,False,True,False,True,True,True,True,False,False,True,,,,,0.0,PRUNED
21,21,-2.2580468732182535,2023-11-07 14:57:01.086471,2023-11-07 16:20:37.384175,0 days 01:23:36.297704,True,False,False,True,False,False,True,False,True,False,False,True,True,False,/mmfs1/gscratch/cheme/usr/evankomp/repos/nomelt/tmp/optimize_random/enh_vs_random/6129162414533925623,"[-2.2580468732182535, 0.12018784960978283]",VKRPRTEFSSEQLARLKREFNENRYLTEVRRQQLSSELGSNEAQIEIWFQNKRAWIKK,,0.0,COMPLETE
22,22,,2023-11-07 14:59:25.979315,2023-11-07 14:59:26.892506,0 days 00:00:00.913191,True,False,False,False,True,False,True,True,False,True,True,True,False,False,,,,,0.0,PRUNED
23,23,,2023-11-07 14:59:26.900950,2023-11-07 14:59:34.243843,0 days 00:00:07.342893,True,True,True,False,False,True,False,True,True,True,True,False,False,True,,,,,0.0,PRUNED
24,24,,2023-11-07 14:59:34.252391,2023-11-07 14:59:44.275822,0 days 00:00:10.023431,True,False,False,True,False,False,True,False,True,False,False,True,True,False,,,,,0.0,PRUNED
25,25,-1.348996741293899,2023-11-07 14:59:44.285393,2023-11-07 16:23:21.515369,0 days 01:23:37.229976,True,True,True,True,True,True,True,True,True,True,False,False,True,True,/mmfs1/gscratch/cheme/usr/evankomp/repos/nomelt/tmp/optimize_random/enh_vs_random/3368501334066970586,"[-1.348996741293899, 0.12455895538831034]",VKRPHTEFSPAQHARLKREFNENRYLTEVRRQSPSSELGSNEAQIESWFQNKRAKIKK,,0.0,COMPLETE
26,26,,2023-11-07 15:07:13.636129,2023-11-07 15:07:21.247352,0 days 00:00:07.611223,True,False,False,False,True,False,True,True,False,True,True,True,False,False,,,,,0.0,PRUNED
27,27,,2023-11-07 15:07:21.256639,2023-11-07 15:07:24.116122,0 days 00:00:02.859483,True,True,True,False,False,True,False,True,True,True,True,False,False,True,,,,,0.0,PRUNED
28,28,,2023-11-07 15:07:24.124835,2023-11-07 15:07:29.257259,0 days 00:00:05.132424,True,False,False,True,False,False,True,False,True,False,False,True,True,False,,,,,0.0,PRUNED
29,29,,2023-11-07 15:07:29.268120,2023-11-07 15:07:31.053895,0 days 00:00:01.785775,True,True,True,True,True,True,True,True,True,True,False,False,True,True,,,,,0.0,PRUNED
30,30,-1.3580296370722986,2023-11-07 15:07:31.063205,2023-11-07 16:30:54.839210,0 days 01:23:23.776005,False,False,True,True,False,True,True,True,False,False,False,True,False,False,/mmfs1/gscratch/cheme/usr/evankomp/repos/nomelt/tmp/optimize_random/enh_vs_random/-2448118795310552134,"[-1.3580296370722986, 0.12243296695788312]",DKRPHTAFSSEQHARLKREFNENRYLTEVRRQQPSSELGSNEAQIKIWFQNKRAWIKK,,0.0,COMPLETE
31,31,,2023-11-07 15:57:52.213406,2023-11-07 15:57:53.254849,0 days 00:00:01.041443,True,False,False,False,True,False,True,True,False,True,True,True,False,False,,,,,0.0,PRUNED
32,32,,2023-11-07 15:57:53.264194,2023-11-07 15:58:01.811859,0 days 00:00:08.547665,True,True,True,False,False,True,False,True,True,True,True,False,False,True,,,,,0.0,PRUNED
33,33,,2023-11-07 15:58:01.822259,2023-11-07 15:58:11.097494,0 days 00:00:09.275235,True,False,False,True,False,False,True,False,True,False,False,True,True,False,,,,,0.0,PRUNED
34,34,,2023-11-07 15:58:11.110021,2023-11-07 15:58:14.644140,0 days 00:00:03.534119,True,True,True,True,True,True,True,True,True,True,False,False,True,True,,,,,0.0,PRUNED
35,35,,2023-11-07 15:58:14.652186,2023-11-07 15:58:14.835523,0 days 00:00:00.183337,False,False,True,True,False,True,True,True,False,False,False,True,False,False,,,,,0.0,PRUNED
36,36,-2.09796610877683,2023-11-07 15:58:14.840474,2023-11-07 17:19:29.944013,0 days 01:21:15.103539,False,False,True,False,False,False,False,False,True,True,True,True,True,True,/mmfs1/gscratch/cheme/usr/evankomp/repos/nomelt/tmp/optimize_random/enh_vs_random/-4897004594874297411,"[-2.09796610877683, 0.15412869759808076]",DKRPRTEFSPEQHARLKREFNENRYLTERRRQQLSSELGLNEAQIESWFANKRAWIKK,,0.0,COMPLETE
37,37,,2023-11-07 16:05:14.105640,2023-11-07 16:05:16.050263,0 days 00:00:01.944623,True,False,False,False,True,False,True,True,False,True,True,True,False,False,,,,,0.0,PRUNED
38,38,,2023-11-07 16:05:16.058901,2023-11-07 16:05:20.821644,0 days 00:00:04.762743,True,True,True,False,False,True,False,True,True,True,True,False,False,True,,,,,0.0,PRUNED
39,39,,2023-11-07 16:05:20.828434,2023-11-07 16:05:27.195518,0 days 00:00:06.367084,True,False,False,True,False,False,True,False,True,False,False,True,True,False,,,,,0.0,PRUNED
40,40,,2023-11-07 16:05:27.208098,2023-11-07 16:05:31.705032,0 days 00:00:04.496934,True,True,True,True,True,True,True,True,True,True,False,False,True,True,,,,,0.0,PRUNED
41,41,,2023-11-07 16:05:31.711719,2023-11-07 16:05:32.585326,0 days 00:00:00.873607,False,False,True,True,False,True,True,True,False,False,False,True,False,False,,,,,0.0,PRUNED
42,42,,2023-11-07 16:05:32.595191,2023-11-07 16:05:42.481419,0 days 00:00:09.886228,False,False,True,False,False,False,False,False,True,True,True,True,True,True,,,,,0.0,PRUNED
43,43,-2.0877010495975616,2023-11-07 16:05:42.489792,2023-11-07 17:28:23.294518,0 days 01:22:40.804726,False,False,True,True,False,False,True,False,False,True,False,True,True,False,/mmfs1/gscratch/cheme/usr/evankomp/repos/nomelt/tmp/optimize_random/enh_vs_random/1968367010138481977,"[-2.0877010495975616, 0.1107077776523549]",DKRPRTEFSSEQHARLKREFNENRYLTEVRRQQLSSELGSNEAQIKSWFQNKRAWIKK,,0.0,COMPLETE
44,44,,2023-11-07 16:14:57.882608,2023-11-07 16:14:59.416303,0 days 00:00:01.533695,True,True,True,False,False,True,False,True,True,True,True,False,False,True,,,,,0.0,PRUNED
45,45,,2023-11-07 16:14:59.422825,2023-11-07 16:15:04.163336,0 days 00:00:04.740511,True,False,False,True,False,False,True,False,True,False,False,True,True,False,,,,,0.0,PRUNED
46,46,,2023-11-07 16:15:04.169198,2023-11-07 16:15:10.895531,0 days 00:00:06.726333,True,True,True,True,True,True,True,True,True,True,False,False,True,True,,,,,0.0,PRUNED
47,47,,2023-11-07 16:15:10.900941,2023-11-07 16:15:13.617214,0 days 00:00:02.716273,False,False,True,True,False,True,True,True,False,False,False,True,False,False,,,,,0.0,PRUNED
48,48,,2023-11-07 16:15:13.640618,2023-11-07 16:15:14.567494,0 days 00:00:00.926876,False,False,True,False,False,False,False,False,True,True,True,True,True,True,,,,,0.0,PRUNED
49,49,,2023-11-07 16:15:14.575964,2023-11-07 16:15:15.912395,0 days 00:00:01.336431,False,False,True,True,False,False,True,False,False,True,False,True,True,False,,,,,0.0,PRUNED
50,50,-1.617314280414578,2023-11-07 16:15:15.918027,2023-11-07 17:35:38.390088,0 days 01:20:22.472061,False,True,False,False,True,True,False,True,False,False,False,False,True,False,/mmfs1/gscratch/cheme/usr/evankomp/repos/nomelt/tmp/optimize_random/enh_vs_random/-4001628066650290930,"[-1.617314280414578, 0.06562946617450059]",DKRPHTEFSSAQLARLKREFNENRYLTERRRQSPSSELGLNEAQIKIWFQNKRAKIKK,,0.0,COMPLETE
51,51,,2023-11-07 16:17:26.177625,2023-11-07 16:17:33.889970,0 days 00:00:07.712345,True,False,False,True,False,False,True,False,True,False,False,True,True,False,,,,,0.0,PRUNED
52,52,,2023-11-07 16:17:33.899853,2023-11-07 16:17:39.637775,0 days 00:00:05.737922,True,True,True,True,True,True,True,True,True,True,False,False,True,True,,,,,0.0,PRUNED
53,53,,2023-11-07 16:17:39.647985,2023-11-07 16:17:47.954385,0 days 00:00:08.306400,False,False,True,True,False,True,True,True,False,False,False,True,False,False,,,,,0.0,PRUNED
54,54,,2023-11-07 16:17:47.960058,2023-11-07 16:17:56.221278,0 days 00:00:08.261220,False,False,True,False,False,False,False,False,True,True,True,True,True,True,,,,,0.0,PRUNED
55,55,,2023-11-07 16:17:56.225447,2023-11-07 16:18:00.353025,0 days 00:00:04.127578,False,False,True,True,False,False,True,False,False,True,False,True,True,False,,,,,0.0,PRUNED
56,56,,2023-11-07 16:18:00.360006,2023-11-07 16:18:01.695716,0 days 00:00:01.335710,False,True,False,False,True,True,False,True,False,False,False,False,True,False,,,,,0.0,PRUNED
57,57,-1.6268568548593103,2023-11-07 16:18:01.704895,2023-11-07 17:37:57.537127,0 days 01:19:55.832232,True,False,True,True,False,True,True,False,False,False,True,False,True,True,/mmfs1/gscratch/cheme/usr/evankomp/repos/nomelt/tmp/optimize_random/enh_vs_random/-1363680326754660671,"[-1.6268568548593103, 0.06905157592798593]",VKRPRTEFSPEQHARLKREFNENRYLTEVRRQQPSSELGSNEAQIKIWFANKRAKIKK,,0.0,COMPLETE
58,58,,2023-11-07 16:20:37.393766,2023-11-07 16:20:40.362100,0 days 00:00:02.968334,True,True,True,True,True,True,True,True,True,True,False,False,True,True,,,,,0.0,PRUNED
59,59,,2023-11-07 16:20:40.365988,2023-11-07 16:20:46.612165,0 days 00:00:06.246177,False,False,True,True,False,True,True,True,False,False,False,True,False,False,,,,,0.0,PRUNED
60,60,,2023-11-07 16:20:46.617814,2023-11-07 16:20:52.152547,0 days 00:00:05.534733,False,False,True,False,False,False,False,False,True,True,True,True,True,True,,,,,0.0,PRUNED
61,61,,2023-11-07 16:20:52.163804,2023-11-07 16:20:56.168103,0 days 00:00:04.004299,False,False,True,True,False,False,True,False,False,True,False,True,True,False,,,,,0.0,PRUNED
62,62,,2023-11-07 16:20:56.177420,2023-11-07 16:20:57.296999,0 days 00:00:01.119579,False,True,False,False,True,True,False,True,False,False,False,False,True,False,,,,,0.0,PRUNED
63,63,,2023-11-07 16:20:57.303696,2023-11-07 16:20:58.610168,0 days 00:00:01.306472,True,False,True,True,False,True,True,False,False,False,True,False,True,True,,,,,0.0,PRUNED
64,64,-2.1837767636626246,2023-11-07 16:20:58.619951,2023-11-07 17:43:13.606302,0 days 01:22:14.986351,True,False,False,True,False,False,True,True,False,False,False,False,True,False,/mmfs1/gscratch/cheme/usr/evankomp/repos/nomelt/tmp/optimize_random/enh_vs_random/9068605922735659662,"[-2.1837767636626246, 0.06088120360400512]",VKRPHTEFSSEQLARLKREFNENRYLTEVRRQQLSSELGSNEAQIKIWFQNKRAKIKK,,0.0,COMPLETE
65,65,,2023-11-07 16:23:21.522574,2023-11-07 16:23:27.239150,0 days 00:00:05.716576,False,False,True,True,False,True,True,True,False,False,False,True,False,False,,,,,0.0,PRUNED
